ARM GAS  C:\Users\HENRYH~1\AppData\Local\Temp\ccN2Xu9U.s 			page 1


   1              		.syntax unified
   2              		.cpu cortex-m3
   3              		.fpu softvfp
   4              		.eabi_attribute 20, 1
   5              		.eabi_attribute 21, 1
   6              		.eabi_attribute 23, 3
   7              		.eabi_attribute 24, 1
   8              		.eabi_attribute 25, 1
   9              		.eabi_attribute 26, 1
  10              		.eabi_attribute 30, 1
  11              		.eabi_attribute 34, 1
  12              		.eabi_attribute 18, 4
  13              		.thumb
  14              		.syntax unified
  15              		.file	"cymetadata.c"
  16              		.text
  17              	.Ltext0:
  18              		.cfi_sections	.debug_frame
  19              		.global	cy_metadata
  20              		.global	cy_meta_flashprotect
  21              		.global	cy_meta_wonvl
  22              		.global	cy_meta_custnvl
  23              		.global	cy_meta_configecc
  24              		.section	.cyconfigecc,"a",%progbits
  25              		.align	2
  26              		.type	cy_meta_configecc, %object
  27              		.size	cy_meta_configecc, 748
  28              	cy_meta_configecc:
  29 0000 02       		.byte	2
  30 0001 52       		.byte	82
  31 0002 00       		.byte	0
  32 0003 40       		.byte	64
  33 0004 03       		.byte	3
  34 0005 64       		.byte	100
  35 0006 00       		.byte	0
  36 0007 40       		.byte	64
  37 0008 5F       		.byte	95
  38 0009 00       		.byte	0
  39 000a 01       		.byte	1
  40 000b 40       		.byte	64
  41 000c 39       		.byte	57
  42 000d 01       		.byte	1
  43 000e 01       		.byte	1
  44 000f 40       		.byte	64
  45 0010 6B       		.byte	107
  46 0011 02       		.byte	2
  47 0012 01       		.byte	1
  48 0013 40       		.byte	64
  49 0014 40       		.byte	64
  50 0015 03       		.byte	3
  51 0016 01       		.byte	1
  52 0017 40       		.byte	64
  53 0018 06       		.byte	6
  54 0019 05       		.byte	5
  55 001a 01       		.byte	1
  56 001b 40       		.byte	64
  57 001c 04       		.byte	4
ARM GAS  C:\Users\HENRYH~1\AppData\Local\Temp\ccN2Xu9U.s 			page 2


  58 001d 41       		.byte	65
  59 001e 01       		.byte	1
  60 001f 40       		.byte	64
  61 0020 04       		.byte	4
  62 0021 42       		.byte	66
  63 0022 01       		.byte	1
  64 0023 40       		.byte	64
  65 0024 02       		.byte	2
  66 0025 50       		.byte	80
  67 0026 01       		.byte	1
  68 0027 40       		.byte	64
  69 0028 00       		.byte	0
  70 0029 02       		.byte	2
  71 002a 04       		.byte	4
  72 002b 01       		.byte	1
  73 002c 80       		.byte	-128
  74 002d 38       		.byte	56
  75 002e 81       		.byte	-127
  76 002f 72       		.byte	114
  77 0030 82       		.byte	-126
  78 0031 0F       		.byte	15
  79 0032 02       		.byte	2
  80 0033 02       		.byte	2
  81 0034 04       		.byte	4
  82 0035 08       		.byte	8
  83 0036 06       		.byte	6
  84 0037 04       		.byte	4
  85 0038 0A       		.byte	10
  86 0039 02       		.byte	2
  87 003a 0C       		.byte	12
  88 003b 08       		.byte	8
  89 003c 0E       		.byte	14
  90 003d 04       		.byte	4
  91 003e 10       		.byte	16
  92 003f 01       		.byte	1
  93 0040 14       		.byte	20
  94 0041 0C       		.byte	12
  95 0042 17       		.byte	23
  96 0043 01       		.byte	1
  97 0044 18       		.byte	24
  98 0045 0C       		.byte	12
  99 0046 23       		.byte	35
 100 0047 01       		.byte	1
 101 0048 24       		.byte	36
 102 0049 01       		.byte	1
 103 004a 28       		.byte	40
 104 004b 01       		.byte	1
 105 004c 30       		.byte	48
 106 004d 04       		.byte	4
 107 004e 32       		.byte	50
 108 004f 02       		.byte	2
 109 0050 34       		.byte	52
 110 0051 08       		.byte	8
 111 0052 35       		.byte	53
 112 0053 01       		.byte	1
 113 0054 36       		.byte	54
 114 0055 01       		.byte	1
ARM GAS  C:\Users\HENRYH~1\AppData\Local\Temp\ccN2Xu9U.s 			page 3


 115 0056 38       		.byte	56
 116 0057 02       		.byte	2
 117 0058 3E       		.byte	62
 118 0059 14       		.byte	20
 119 005a 3F       		.byte	63
 120 005b 10       		.byte	16
 121 005c 40       		.byte	64
 122 005d 21       		.byte	33
 123 005e 41       		.byte	65
 124 005f 03       		.byte	3
 125 0060 42       		.byte	66
 126 0061 05       		.byte	5
 127 0062 44       		.byte	68
 128 0063 04       		.byte	4
 129 0064 45       		.byte	69
 130 0065 0C       		.byte	12
 131 0066 47       		.byte	71
 132 0067 0E       		.byte	14
 133 0068 48       		.byte	72
 134 0069 11       		.byte	17
 135 006a 49       		.byte	73
 136 006b FF       		.byte	-1
 137 006c 4A       		.byte	74
 138 006d FF       		.byte	-1
 139 006e 4B       		.byte	75
 140 006f FF       		.byte	-1
 141 0070 4C       		.byte	76
 142 0071 62       		.byte	98
 143 0072 4D       		.byte	77
 144 0073 A0       		.byte	-96
 145 0074 4E       		.byte	78
 146 0075 F0       		.byte	-16
 147 0076 4F       		.byte	79
 148 0077 41       		.byte	65
 149 0078 50       		.byte	80
 150 0079 0C       		.byte	12
 151 007a 54       		.byte	84
 152 007b 18       		.byte	24
 153 007c 58       		.byte	88
 154 007d 04       		.byte	4
 155 007e 59       		.byte	89
 156 007f 04       		.byte	4
 157 0080 5A       		.byte	90
 158 0081 04       		.byte	4
 159 0082 5B       		.byte	91
 160 0083 04       		.byte	4
 161 0084 5F       		.byte	95
 162 0085 01       		.byte	1
 163 0086 66       		.byte	102
 164 0087 40       		.byte	64
 165 0088 67       		.byte	103
 166 0089 02       		.byte	2
 167 008a 69       		.byte	105
 168 008b 10       		.byte	16
 169 008c 6A       		.byte	106
 170 008d 30       		.byte	48
 171 008e 6B       		.byte	107
ARM GAS  C:\Users\HENRYH~1\AppData\Local\Temp\ccN2Xu9U.s 			page 4


 172 008f 10       		.byte	16
 173 0090 6D       		.byte	109
 174 0091 10       		.byte	16
 175 0092 6E       		.byte	110
 176 0093 10       		.byte	16
 177 0094 6F       		.byte	111
 178 0095 12       		.byte	18
 179 0096 80       		.byte	-128
 180 0097 11       		.byte	17
 181 0098 81       		.byte	-127
 182 0099 10       		.byte	16
 183 009a 84       		.byte	-124
 184 009b 0C       		.byte	12
 185 009c 85       		.byte	-123
 186 009d 27       		.byte	39
 187 009e 86       		.byte	-122
 188 009f 73       		.byte	115
 189 00a0 87       		.byte	-121
 190 00a1 18       		.byte	24
 191 00a2 88       		.byte	-120
 192 00a3 33       		.byte	51
 193 00a4 89       		.byte	-119
 194 00a5 3C       		.byte	60
 195 00a6 8B       		.byte	-117
 196 00a7 02       		.byte	2
 197 00a8 8D       		.byte	-115
 198 00a9 1C       		.byte	28
 199 00aa 8E       		.byte	-114
 200 00ab 73       		.byte	115
 201 00ac 8F       		.byte	-113
 202 00ad 21       		.byte	33
 203 00ae 93       		.byte	-109
 204 00af 80       		.byte	-128
 205 00b0 94       		.byte	-108
 206 00b1 7F       		.byte	127
 207 00b2 95       		.byte	-107
 208 00b3 08       		.byte	8
 209 00b4 98       		.byte	-104
 210 00b5 73       		.byte	115
 211 00b6 99       		.byte	-103
 212 00b7 18       		.byte	24
 213 00b8 9A       		.byte	-102
 214 00b9 0C       		.byte	12
 215 00ba 9C       		.byte	-100
 216 00bb 22       		.byte	34
 217 00bc 9F       		.byte	-97
 218 00bd 04       		.byte	4
 219 00be A0       		.byte	-96
 220 00bf 08       		.byte	8
 221 00c0 A1       		.byte	-95
 222 00c1 3F       		.byte	63
 223 00c2 A4       		.byte	-92
 224 00c3 04       		.byte	4
 225 00c4 A5       		.byte	-91
 226 00c5 04       		.byte	4
 227 00c6 A7       		.byte	-89
 228 00c7 80       		.byte	-128
ARM GAS  C:\Users\HENRYH~1\AppData\Local\Temp\ccN2Xu9U.s 			page 5


 229 00c8 A8       		.byte	-88
 230 00c9 0C       		.byte	12
 231 00ca AB       		.byte	-85
 232 00cb 40       		.byte	64
 233 00cc AC       		.byte	-84
 234 00cd 0F       		.byte	15
 235 00ce AE       		.byte	-82
 236 00cf 70       		.byte	112
 237 00d0 AF       		.byte	-81
 238 00d1 23       		.byte	35
 239 00d2 B0       		.byte	-80
 240 00d3 4C       		.byte	76
 241 00d4 B1       		.byte	-79
 242 00d5 C0       		.byte	-64
 243 00d6 B4       		.byte	-76
 244 00d7 0F       		.byte	15
 245 00d8 B5       		.byte	-75
 246 00d9 1F       		.byte	31
 247 00da B6       		.byte	-74
 248 00db 30       		.byte	48
 249 00dc B7       		.byte	-73
 250 00dd 38       		.byte	56
 251 00de BA       		.byte	-70
 252 00df 2A       		.byte	42
 253 00e0 BB       		.byte	-69
 254 00e1 20       		.byte	32
 255 00e2 BF       		.byte	-65
 256 00e3 01       		.byte	1
 257 00e4 D6       		.byte	-42
 258 00e5 02       		.byte	2
 259 00e6 D7       		.byte	-41
 260 00e7 12       		.byte	18
 261 00e8 D8       		.byte	-40
 262 00e9 04       		.byte	4
 263 00ea D9       		.byte	-39
 264 00eb 04       		.byte	4
 265 00ec DB       		.byte	-37
 266 00ed 04       		.byte	4
 267 00ee DF       		.byte	-33
 268 00ef 01       		.byte	1
 269 00f0 00       		.byte	0
 270 00f1 A2       		.byte	-94
 271 00f2 02       		.byte	2
 272 00f3 A1       		.byte	-95
 273 00f4 04       		.byte	4
 274 00f5 08       		.byte	8
 275 00f6 05       		.byte	5
 276 00f7 A2       		.byte	-94
 277 00f8 09       		.byte	9
 278 00f9 28       		.byte	40
 279 00fa 0A       		.byte	10
 280 00fb 40       		.byte	64
 281 00fc 0D       		.byte	13
 282 00fd 28       		.byte	40
 283 00fe 0E       		.byte	14
 284 00ff 02       		.byte	2
 285 0100 10       		.byte	16
ARM GAS  C:\Users\HENRYH~1\AppData\Local\Temp\ccN2Xu9U.s 			page 6


 286 0101 08       		.byte	8
 287 0102 11       		.byte	17
 288 0103 04       		.byte	4
 289 0104 16       		.byte	22
 290 0105 01       		.byte	1
 291 0106 17       		.byte	23
 292 0107 1A       		.byte	26
 293 0108 18       		.byte	24
 294 0109 01       		.byte	1
 295 010a 19       		.byte	25
 296 010b 89       		.byte	-119
 297 010c 1A       		.byte	26
 298 010d 04       		.byte	4
 299 010e 1C       		.byte	28
 300 010f 88       		.byte	-120
 301 0110 1D       		.byte	29
 302 0111 28       		.byte	40
 303 0112 1E       		.byte	30
 304 0113 01       		.byte	1
 305 0114 23       		.byte	35
 306 0115 04       		.byte	4
 307 0116 24       		.byte	36
 308 0117 48       		.byte	72
 309 0118 26       		.byte	38
 310 0119 A0       		.byte	-96
 311 011a 29       		.byte	41
 312 011b 01       		.byte	1
 313 011c 2D       		.byte	45
 314 011d A0       		.byte	-96
 315 011e 2F       		.byte	47
 316 011f 68       		.byte	104
 317 0120 32       		.byte	50
 318 0121 08       		.byte	8
 319 0122 36       		.byte	54
 320 0123 01       		.byte	1
 321 0124 37       		.byte	55
 322 0125 59       		.byte	89
 323 0126 3C       		.byte	60
 324 0127 88       		.byte	-120
 325 0128 3E       		.byte	62
 326 0129 02       		.byte	2
 327 012a 3F       		.byte	63
 328 012b 20       		.byte	32
 329 012c 40       		.byte	64
 330 012d 41       		.byte	65
 331 012e 41       		.byte	65
 332 012f 28       		.byte	40
 333 0130 42       		.byte	66
 334 0131 20       		.byte	32
 335 0132 48       		.byte	72
 336 0133 11       		.byte	17
 337 0134 52       		.byte	82
 338 0135 08       		.byte	8
 339 0136 5A       		.byte	90
 340 0137 01       		.byte	1
 341 0138 5E       		.byte	94
 342 0139 04       		.byte	4
ARM GAS  C:\Users\HENRYH~1\AppData\Local\Temp\ccN2Xu9U.s 			page 7


 343 013a 61       		.byte	97
 344 013b 40       		.byte	64
 345 013c 63       		.byte	99
 346 013d 04       		.byte	4
 347 013e 6C       		.byte	108
 348 013f 08       		.byte	8
 349 0140 6D       		.byte	109
 350 0141 24       		.byte	36
 351 0142 6E       		.byte	110
 352 0143 40       		.byte	64
 353 0144 6F       		.byte	111
 354 0145 04       		.byte	4
 355 0146 76       		.byte	118
 356 0147 02       		.byte	2
 357 0148 77       		.byte	119
 358 0149 1A       		.byte	26
 359 014a 7A       		.byte	122
 360 014b 20       		.byte	32
 361 014c 7B       		.byte	123
 362 014d 10       		.byte	16
 363 014e C0       		.byte	-64
 364 014f FF       		.byte	-1
 365 0150 C2       		.byte	-62
 366 0151 EE       		.byte	-18
 367 0152 C4       		.byte	-60
 368 0153 F6       		.byte	-10
 369 0154 CA       		.byte	-54
 370 0155 F1       		.byte	-15
 371 0156 CC       		.byte	-52
 372 0157 F2       		.byte	-14
 373 0158 CE       		.byte	-50
 374 0159 F0       		.byte	-16
 375 015a D0       		.byte	-48
 376 015b 0F       		.byte	15
 377 015c D2       		.byte	-46
 378 015d 08       		.byte	8
 379 015e D6       		.byte	-42
 380 015f 41       		.byte	65
 381 0160 D8       		.byte	-40
 382 0161 0C       		.byte	12
 383 0162 00       		.byte	0
 384 0163 40       		.byte	64
 385 0164 01       		.byte	1
 386 0165 10       		.byte	16
 387 0166 02       		.byte	2
 388 0167 20       		.byte	32
 389 0168 05       		.byte	5
 390 0169 0C       		.byte	12
 391 016a 06       		.byte	6
 392 016b 15       		.byte	21
 393 016c 08       		.byte	8
 394 016d 13       		.byte	19
 395 016e 09       		.byte	9
 396 016f 0C       		.byte	12
 397 0170 0A       		.byte	10
 398 0171 0C       		.byte	12
 399 0172 0C       		.byte	12
ARM GAS  C:\Users\HENRYH~1\AppData\Local\Temp\ccN2Xu9U.s 			page 8


 400 0173 80       		.byte	-128
 401 0174 0E       		.byte	14
 402 0175 20       		.byte	32
 403 0176 11       		.byte	17
 404 0177 08       		.byte	8
 405 0178 13       		.byte	19
 406 0179 04       		.byte	4
 407 017a 14       		.byte	20
 408 017b 20       		.byte	32
 409 017c 16       		.byte	22
 410 017d C0       		.byte	-64
 411 017e 18       		.byte	24
 412 017f 03       		.byte	3
 413 0180 1A       		.byte	26
 414 0181 14       		.byte	20
 415 0182 1C       		.byte	28
 416 0183 13       		.byte	19
 417 0184 1E       		.byte	30
 418 0185 04       		.byte	4
 419 0186 22       		.byte	34
 420 0187 08       		.byte	8
 421 0188 24       		.byte	36
 422 0189 E0       		.byte	-32
 423 018a 25       		.byte	37
 424 018b 04       		.byte	4
 425 018c 27       		.byte	39
 426 018d 09       		.byte	9
 427 018e 28       		.byte	40
 428 018f E0       		.byte	-32
 429 0190 29       		.byte	41
 430 0191 02       		.byte	2
 431 0192 2C       		.byte	44
 432 0193 0A       		.byte	10
 433 0194 2E       		.byte	46
 434 0195 14       		.byte	20
 435 0196 30       		.byte	48
 436 0197 10       		.byte	16
 437 0198 31       		.byte	49
 438 0199 01       		.byte	1
 439 019a 32       		.byte	50
 440 019b E0       		.byte	-32
 441 019c 33       		.byte	51
 442 019d 02       		.byte	2
 443 019e 34       		.byte	52
 444 019f 0F       		.byte	15
 445 01a0 35       		.byte	53
 446 01a1 10       		.byte	16
 447 01a2 37       		.byte	55
 448 01a3 0C       		.byte	12
 449 01a4 3A       		.byte	58
 450 01a5 20       		.byte	32
 451 01a6 3E       		.byte	62
 452 01a7 01       		.byte	1
 453 01a8 3F       		.byte	63
 454 01a9 14       		.byte	20
 455 01aa 40       		.byte	64
 456 01ab 32       		.byte	50
ARM GAS  C:\Users\HENRYH~1\AppData\Local\Temp\ccN2Xu9U.s 			page 9


 457 01ac 41       		.byte	65
 458 01ad 01       		.byte	1
 459 01ae 45       		.byte	69
 460 01af 0C       		.byte	12
 461 01b0 46       		.byte	70
 462 01b1 B0       		.byte	-80
 463 01b2 47       		.byte	71
 464 01b3 E0       		.byte	-32
 465 01b4 48       		.byte	72
 466 01b5 29       		.byte	41
 467 01b6 49       		.byte	73
 468 01b7 FF       		.byte	-1
 469 01b8 4A       		.byte	74
 470 01b9 FF       		.byte	-1
 471 01ba 4B       		.byte	75
 472 01bb FF       		.byte	-1
 473 01bc 4E       		.byte	78
 474 01bd F0       		.byte	-16
 475 01be 4F       		.byte	79
 476 01bf 44       		.byte	68
 477 01c0 50       		.byte	80
 478 01c1 0C       		.byte	12
 479 01c2 54       		.byte	84
 480 01c3 01       		.byte	1
 481 01c4 58       		.byte	88
 482 01c5 04       		.byte	4
 483 01c6 59       		.byte	89
 484 01c7 04       		.byte	4
 485 01c8 5A       		.byte	90
 486 01c9 04       		.byte	4
 487 01ca 5B       		.byte	91
 488 01cb 04       		.byte	4
 489 01cc 5F       		.byte	95
 490 01cd 01       		.byte	1
 491 01ce 66       		.byte	102
 492 01cf C0       		.byte	-64
 493 01d0 6A       		.byte	106
 494 01d1 40       		.byte	64
 495 01d2 6B       		.byte	107
 496 01d3 02       		.byte	2
 497 01d4 84       		.byte	-124
 498 01d5 10       		.byte	16
 499 01d6 85       		.byte	-123
 500 01d7 80       		.byte	-128
 501 01d8 86       		.byte	-122
 502 01d9 AC       		.byte	-84
 503 01da 87       		.byte	-121
 504 01db 13       		.byte	19
 505 01dc 8C       		.byte	-116
 506 01dd 0C       		.byte	12
 507 01de 8E       		.byte	-114
 508 01df 71       		.byte	113
 509 01e0 93       		.byte	-109
 510 01e1 0C       		.byte	12
 511 01e2 94       		.byte	-108
 512 01e3 DC       		.byte	-36
 513 01e4 95       		.byte	-107
ARM GAS  C:\Users\HENRYH~1\AppData\Local\Temp\ccN2Xu9U.s 			page 10


 514 01e5 2C       		.byte	44
 515 01e6 96       		.byte	-106
 516 01e7 22       		.byte	34
 517 01e8 97       		.byte	-105
 518 01e9 43       		.byte	67
 519 01ea 9A       		.byte	-102
 520 01eb 03       		.byte	3
 521 01ec 9C       		.byte	-100
 522 01ed 09       		.byte	9
 523 01ee 9E       		.byte	-98
 524 01ef D0       		.byte	-48
 525 01f0 9F       		.byte	-97
 526 01f1 08       		.byte	8
 527 01f2 A0       		.byte	-96
 528 01f3 10       		.byte	16
 529 01f4 A1       		.byte	-95
 530 01f5 71       		.byte	113
 531 01f6 A2       		.byte	-94
 532 01f7 40       		.byte	64
 533 01f8 A3       		.byte	-93
 534 01f9 0E       		.byte	14
 535 01fa A4       		.byte	-92
 536 01fb 14       		.byte	20
 537 01fc A9       		.byte	-87
 538 01fd 71       		.byte	113
 539 01fe AA       		.byte	-86
 540 01ff 20       		.byte	32
 541 0200 AB       		.byte	-85
 542 0201 06       		.byte	6
 543 0202 B0       		.byte	-80
 544 0203 E0       		.byte	-32
 545 0204 B1       		.byte	-79
 546 0205 C0       		.byte	-64
 547 0206 B3       		.byte	-77
 548 0207 0F       		.byte	15
 549 0208 B4       		.byte	-76
 550 0209 1F       		.byte	31
 551 020a B5       		.byte	-75
 552 020b 30       		.byte	48
 553 020c B9       		.byte	-71
 554 020d 22       		.byte	34
 555 020e BA       		.byte	-70
 556 020f 02       		.byte	2
 557 0210 BB       		.byte	-69
 558 0211 08       		.byte	8
 559 0212 BF       		.byte	-65
 560 0213 10       		.byte	16
 561 0214 C0       		.byte	-64
 562 0215 02       		.byte	2
 563 0216 C6       		.byte	-58
 564 0217 04       		.byte	4
 565 0218 C9       		.byte	-55
 566 0219 FF       		.byte	-1
 567 021a CA       		.byte	-54
 568 021b 07       		.byte	7
 569 021c CB       		.byte	-53
 570 021d FF       		.byte	-1
ARM GAS  C:\Users\HENRYH~1\AppData\Local\Temp\ccN2Xu9U.s 			page 11


 571 021e CC       		.byte	-52
 572 021f 40       		.byte	64
 573 0220 CD       		.byte	-51
 574 0221 20       		.byte	32
 575 0222 CE       		.byte	-50
 576 0223 F0       		.byte	-16
 577 0224 CF       		.byte	-49
 578 0225 05       		.byte	5
 579 0226 D0       		.byte	-48
 580 0227 08       		.byte	8
 581 0228 D8       		.byte	-40
 582 0229 04       		.byte	4
 583 022a D9       		.byte	-39
 584 022b 04       		.byte	4
 585 022c DA       		.byte	-38
 586 022d 04       		.byte	4
 587 022e DF       		.byte	-33
 588 022f 01       		.byte	1
 589 0230 E0       		.byte	-32
 590 0231 40       		.byte	64
 591 0232 E1       		.byte	-31
 592 0233 A8       		.byte	-88
 593 0234 E2       		.byte	-30
 594 0235 40       		.byte	64
 595 0236 E3       		.byte	-29
 596 0237 20       		.byte	32
 597 0238 00       		.byte	0
 598 0239 04       		.byte	4
 599 023a 02       		.byte	2
 600 023b 01       		.byte	1
 601 023c 04       		.byte	4
 602 023d 08       		.byte	8
 603 023e 05       		.byte	5
 604 023f 12       		.byte	18
 605 0240 07       		.byte	7
 606 0241 01       		.byte	1
 607 0242 09       		.byte	9
 608 0243 08       		.byte	8
 609 0244 0A       		.byte	10
 610 0245 06       		.byte	6
 611 0246 0E       		.byte	14
 612 0247 20       		.byte	32
 613 0248 0F       		.byte	15
 614 0249 0A       		.byte	10
 615 024a 10       		.byte	16
 616 024b A0       		.byte	-96
 617 024c 12       		.byte	18
 618 024d 04       		.byte	4
 619 024e 14       		.byte	20
 620 024f 01       		.byte	1
 621 0250 15       		.byte	21
 622 0251 02       		.byte	2
 623 0252 16       		.byte	22
 624 0253 08       		.byte	8
 625 0254 17       		.byte	23
 626 0255 04       		.byte	4
 627 0256 19       		.byte	25
ARM GAS  C:\Users\HENRYH~1\AppData\Local\Temp\ccN2Xu9U.s 			page 12


 628 0257 21       		.byte	33
 629 0258 1A       		.byte	26
 630 0259 04       		.byte	4
 631 025a 1B       		.byte	27
 632 025b 01       		.byte	1
 633 025c 1C       		.byte	28
 634 025d 04       		.byte	4
 635 025e 1D       		.byte	29
 636 025f 10       		.byte	16
 637 0260 1E       		.byte	30
 638 0261 60       		.byte	96
 639 0262 1F       		.byte	31
 640 0263 08       		.byte	8
 641 0264 21       		.byte	33
 642 0265 19       		.byte	25
 643 0266 22       		.byte	34
 644 0267 01       		.byte	1
 645 0268 27       		.byte	39
 646 0269 59       		.byte	89
 647 026a 29       		.byte	41
 648 026b 11       		.byte	17
 649 026c 2A       		.byte	42
 650 026d 21       		.byte	33
 651 026e 2D       		.byte	45
 652 026f 20       		.byte	32
 653 0270 2F       		.byte	47
 654 0271 20       		.byte	32
 655 0272 30       		.byte	48
 656 0273 80       		.byte	-128
 657 0274 31       		.byte	49
 658 0275 08       		.byte	8
 659 0276 32       		.byte	50
 660 0277 01       		.byte	1
 661 0278 37       		.byte	55
 662 0279 01       		.byte	1
 663 027a 38       		.byte	56
 664 027b 08       		.byte	8
 665 027c 3C       		.byte	60
 666 027d 01       		.byte	1
 667 027e 3D       		.byte	61
 668 027f 24       		.byte	36
 669 0280 3E       		.byte	62
 670 0281 0A       		.byte	10
 671 0282 41       		.byte	65
 672 0283 10       		.byte	16
 673 0284 46       		.byte	70
 674 0285 25       		.byte	37
 675 0286 4F       		.byte	79
 676 0287 08       		.byte	8
 677 0288 50       		.byte	80
 678 0289 84       		.byte	-124
 679 028a 52       		.byte	82
 680 028b 04       		.byte	4
 681 028c 54       		.byte	84
 682 028d 20       		.byte	32
 683 028e 56       		.byte	86
 684 028f 02       		.byte	2
ARM GAS  C:\Users\HENRYH~1\AppData\Local\Temp\ccN2Xu9U.s 			page 13


 685 0290 5C       		.byte	92
 686 0291 21       		.byte	33
 687 0292 5E       		.byte	94
 688 0293 40       		.byte	64
 689 0294 5F       		.byte	95
 690 0295 08       		.byte	8
 691 0296 91       		.byte	-111
 692 0297 04       		.byte	4
 693 0298 9B       		.byte	-101
 694 0299 04       		.byte	4
 695 029a 9D       		.byte	-99
 696 029b 02       		.byte	2
 697 029c 9F       		.byte	-97
 698 029d 41       		.byte	65
 699 029e A1       		.byte	-95
 700 029f 10       		.byte	16
 701 02a0 A7       		.byte	-89
 702 02a1 28       		.byte	40
 703 02a2 AD       		.byte	-83
 704 02a3 48       		.byte	72
 705 02a4 AE       		.byte	-82
 706 02a5 20       		.byte	32
 707 02a6 AF       		.byte	-81
 708 02a7 40       		.byte	64
 709 02a8 C0       		.byte	-64
 710 02a9 F5       		.byte	-11
 711 02aa C2       		.byte	-62
 712 02ab E7       		.byte	-25
 713 02ac C4       		.byte	-60
 714 02ad FE       		.byte	-2
 715 02ae CA       		.byte	-54
 716 02af 65       		.byte	101
 717 02b0 CC       		.byte	-52
 718 02b1 8B       		.byte	-117
 719 02b2 CE       		.byte	-50
 720 02b3 E2       		.byte	-30
 721 02b4 D0       		.byte	-48
 722 02b5 74       		.byte	116
 723 02b6 D6       		.byte	-42
 724 02b7 F0       		.byte	-16
 725 02b8 AB       		.byte	-85
 726 02b9 10       		.byte	16
 727 02ba AC       		.byte	-84
 728 02bb 01       		.byte	1
 729 02bc AD       		.byte	-83
 730 02bd 0A       		.byte	10
 731 02be AF       		.byte	-81
 732 02bf 20       		.byte	32
 733 02c0 B4       		.byte	-76
 734 02c1 20       		.byte	32
 735 02c2 B7       		.byte	-73
 736 02c3 04       		.byte	4
 737 02c4 03       		.byte	3
 738 02c5 80       		.byte	-128
 739 02c6 56       		.byte	86
 740 02c7 20       		.byte	32
 741 02c8 C0       		.byte	-64
ARM GAS  C:\Users\HENRYH~1\AppData\Local\Temp\ccN2Xu9U.s 			page 14


 742 02c9 10       		.byte	16
 743 02ca D4       		.byte	-44
 744 02cb 40       		.byte	64
 745 02cc AA       		.byte	-86
 746 02cd 20       		.byte	32
 747 02ce AF       		.byte	-81
 748 02cf 80       		.byte	-128
 749 02d0 EA       		.byte	-22
 750 02d1 20       		.byte	32
 751 02d2 EC       		.byte	-20
 752 02d3 10       		.byte	16
 753 02d4 00       		.byte	0
 754 02d5 01       		.byte	1
 755 02d6 08       		.byte	8
 756 02d7 01       		.byte	1
 757 02d8 02       		.byte	2
 758 02d9 00       		.byte	0
 759 02da 01       		.byte	1
 760 02db 02       		.byte	2
 761 02dc 02       		.byte	2
 762 02dd 00       		.byte	0
 763 02de 02       		.byte	2
 764 02df 00       		.byte	0
 765 02e0 00       		.byte	0
 766 02e1 00       		.byte	0
 767 02e2 00       		.byte	0
 768 02e3 00       		.byte	0
 769 02e4 00       		.byte	0
 770 02e5 0B       		.byte	11
 771 02e6 0B       		.byte	11
 772 02e7 00       		.byte	0
 773 02e8 00       		.byte	0
 774 02e9 00       		.byte	0
 775 02ea 00       		.byte	0
 776 02eb 00       		.byte	0
 777              		.section	.cywolatch,"a",%progbits
 778              		.align	2
 779              		.type	cy_meta_wonvl, %object
 780              		.size	cy_meta_wonvl, 4
 781              	cy_meta_wonvl:
 782 0000 BC       		.byte	-68
 783 0001 90       		.byte	-112
 784 0002 AC       		.byte	-84
 785 0003 AF       		.byte	-81
 786              		.section	.cycustnvl,"a",%progbits
 787              		.align	2
 788              		.type	cy_meta_custnvl, %object
 789              		.size	cy_meta_custnvl, 4
 790              	cy_meta_custnvl:
 791 0000 00       		.byte	0
 792 0001 00       		.byte	0
 793 0002 40       		.byte	64
 794 0003 05       		.byte	5
 795              		.section	.cymeta,"a",%progbits
 796              		.align	2
 797              		.type	cy_metadata, %object
 798              		.size	cy_metadata, 12
ARM GAS  C:\Users\HENRYH~1\AppData\Local\Temp\ccN2Xu9U.s 			page 15


 799              	cy_metadata:
 800 0000 00       		.byte	0
 801 0001 01       		.byte	1
 802 0002 2E       		.byte	46
 803 0003 12       		.byte	18
 804 0004 30       		.byte	48
 805 0005 69       		.byte	105
 806 0006 00       		.byte	0
 807 0007 01       		.byte	1
 808 0008 00       		.byte	0
 809 0009 00       		.byte	0
 810 000a 00       		.byte	0
 811 000b 00       		.byte	0
 812              		.section	.cyflashprotect,"a",%progbits
 813              		.align	2
 814              		.type	cy_meta_flashprotect, %object
 815              		.size	cy_meta_flashprotect, 256
 816              	cy_meta_flashprotect:
 817 0000 00000000 		.space	256
 817      00000000 
 817      00000000 
 817      00000000 
 817      00000000 
 818              		.text
 819              	.Letext0:
 820              		.file 1 "c:\\program files (x86)\\cypress\\psoc creator\\4.4\\psoc creator\\import\\gnu\\arm\\5.4.
 821              		.file 2 "c:\\program files (x86)\\cypress\\psoc creator\\4.4\\psoc creator\\import\\gnu\\arm\\5.4.
 822              		.file 3 "Generated_Source\\PSoC5\\cymetadata.c"
 823              		.section	.debug_info,"",%progbits
 824              	.Ldebug_info0:
 825 0000 31010000 		.4byte	0x131
 826 0004 0400     		.2byte	0x4
 827 0006 00000000 		.4byte	.Ldebug_abbrev0
 828 000a 04       		.byte	0x4
 829 000b 01       		.uleb128 0x1
 830 000c 24000000 		.4byte	.LASF17
 831 0010 0C       		.byte	0xc
 832 0011 BD010000 		.4byte	.LASF18
 833 0015 25010000 		.4byte	.LASF19
 834 0019 00000000 		.4byte	.Ldebug_line0
 835 001d 02       		.uleb128 0x2
 836 001e 01       		.byte	0x1
 837 001f 06       		.byte	0x6
 838 0020 B1010000 		.4byte	.LASF0
 839 0024 03       		.uleb128 0x3
 840 0025 00000000 		.4byte	.LASF9
 841 0029 01       		.byte	0x1
 842 002a 1D       		.byte	0x1d
 843 002b 2F000000 		.4byte	0x2f
 844 002f 02       		.uleb128 0x2
 845 0030 01       		.byte	0x1
 846 0031 08       		.byte	0x8
 847 0032 16000000 		.4byte	.LASF1
 848 0036 02       		.uleb128 0x2
 849 0037 02       		.byte	0x2
 850 0038 05       		.byte	0x5
 851 0039 9E010000 		.4byte	.LASF2
ARM GAS  C:\Users\HENRYH~1\AppData\Local\Temp\ccN2Xu9U.s 			page 16


 852 003d 02       		.uleb128 0x2
 853 003e 02       		.byte	0x2
 854 003f 07       		.byte	0x7
 855 0040 C4000000 		.4byte	.LASF3
 856 0044 02       		.uleb128 0x2
 857 0045 04       		.byte	0x4
 858 0046 05       		.byte	0x5
 859 0047 A8010000 		.4byte	.LASF4
 860 004b 02       		.uleb128 0x2
 861 004c 04       		.byte	0x4
 862 004d 07       		.byte	0x7
 863 004e B2000000 		.4byte	.LASF5
 864 0052 02       		.uleb128 0x2
 865 0053 08       		.byte	0x8
 866 0054 05       		.byte	0x5
 867 0055 90010000 		.4byte	.LASF6
 868 0059 02       		.uleb128 0x2
 869 005a 08       		.byte	0x8
 870 005b 07       		.byte	0x7
 871 005c 06010000 		.4byte	.LASF7
 872 0060 04       		.uleb128 0x4
 873 0061 04       		.byte	0x4
 874 0062 05       		.byte	0x5
 875 0063 696E7400 		.ascii	"int\000"
 876 0067 02       		.uleb128 0x2
 877 0068 04       		.byte	0x4
 878 0069 07       		.byte	0x7
 879 006a F9000000 		.4byte	.LASF8
 880 006e 03       		.uleb128 0x3
 881 006f 1D010000 		.4byte	.LASF10
 882 0073 02       		.byte	0x2
 883 0074 18       		.byte	0x18
 884 0075 24000000 		.4byte	0x24
 885 0079 05       		.uleb128 0x5
 886 007a 91000000 		.4byte	0x91
 887 007e 8A000000 		.4byte	0x8a
 888 0082 06       		.uleb128 0x6
 889 0083 8A000000 		.4byte	0x8a
 890 0087 EB02     		.2byte	0x2eb
 891 0089 00       		.byte	0
 892 008a 02       		.uleb128 0x2
 893 008b 04       		.byte	0x4
 894 008c 07       		.byte	0x7
 895 008d 87010000 		.4byte	.LASF11
 896 0091 07       		.uleb128 0x7
 897 0092 6E000000 		.4byte	0x6e
 898 0096 08       		.uleb128 0x8
 899 0097 E7000000 		.4byte	.LASF12
 900 009b 03       		.byte	0x3
 901 009c 1F       		.byte	0x1f
 902 009d A7000000 		.4byte	0xa7
 903 00a1 05       		.uleb128 0x5
 904 00a2 03       		.byte	0x3
 905 00a3 00000000 		.4byte	cy_meta_configecc
 906 00a7 07       		.uleb128 0x7
 907 00a8 79000000 		.4byte	0x79
 908 00ac 05       		.uleb128 0x5
ARM GAS  C:\Users\HENRYH~1\AppData\Local\Temp\ccN2Xu9U.s 			page 17


 909 00ad 91000000 		.4byte	0x91
 910 00b1 BC000000 		.4byte	0xbc
 911 00b5 09       		.uleb128 0x9
 912 00b6 8A000000 		.4byte	0x8a
 913 00ba 03       		.byte	0x3
 914 00bb 00       		.byte	0
 915 00bc 08       		.uleb128 0x8
 916 00bd D7000000 		.4byte	.LASF13
 917 00c1 03       		.byte	0x3
 918 00c2 8A       		.byte	0x8a
 919 00c3 CD000000 		.4byte	0xcd
 920 00c7 05       		.uleb128 0x5
 921 00c8 03       		.byte	0x3
 922 00c9 00000000 		.4byte	cy_meta_custnvl
 923 00cd 07       		.uleb128 0x7
 924 00ce AC000000 		.4byte	0xac
 925 00d2 08       		.uleb128 0x8
 926 00d3 79010000 		.4byte	.LASF14
 927 00d7 03       		.byte	0x3
 928 00d8 98       		.byte	0x98
 929 00d9 E3000000 		.4byte	0xe3
 930 00dd 05       		.uleb128 0x5
 931 00de 03       		.byte	0x3
 932 00df 00000000 		.4byte	cy_meta_wonvl
 933 00e3 07       		.uleb128 0x7
 934 00e4 AC000000 		.4byte	0xac
 935 00e8 05       		.uleb128 0x5
 936 00e9 91000000 		.4byte	0x91
 937 00ed F8000000 		.4byte	0xf8
 938 00f1 09       		.uleb128 0x9
 939 00f2 8A000000 		.4byte	0x8a
 940 00f6 FF       		.byte	0xff
 941 00f7 00       		.byte	0
 942 00f8 08       		.uleb128 0x8
 943 00f9 64010000 		.4byte	.LASF15
 944 00fd 03       		.byte	0x3
 945 00fe A6       		.byte	0xa6
 946 00ff 09010000 		.4byte	0x109
 947 0103 05       		.uleb128 0x5
 948 0104 03       		.byte	0x3
 949 0105 00000000 		.4byte	cy_meta_flashprotect
 950 0109 07       		.uleb128 0x7
 951 010a E8000000 		.4byte	0xe8
 952 010e 05       		.uleb128 0x5
 953 010f 91000000 		.4byte	0x91
 954 0113 1E010000 		.4byte	0x11e
 955 0117 09       		.uleb128 0x9
 956 0118 8A000000 		.4byte	0x8a
 957 011c 0B       		.byte	0xb
 958 011d 00       		.byte	0
 959 011e 08       		.uleb128 0x8
 960 011f 0A000000 		.4byte	.LASF16
 961 0123 03       		.byte	0x3
 962 0124 D3       		.byte	0xd3
 963 0125 2F010000 		.4byte	0x12f
 964 0129 05       		.uleb128 0x5
 965 012a 03       		.byte	0x3
ARM GAS  C:\Users\HENRYH~1\AppData\Local\Temp\ccN2Xu9U.s 			page 18


 966 012b 00000000 		.4byte	cy_metadata
 967 012f 07       		.uleb128 0x7
 968 0130 0E010000 		.4byte	0x10e
 969 0134 00       		.byte	0
 970              		.section	.debug_abbrev,"",%progbits
 971              	.Ldebug_abbrev0:
 972 0000 01       		.uleb128 0x1
 973 0001 11       		.uleb128 0x11
 974 0002 01       		.byte	0x1
 975 0003 25       		.uleb128 0x25
 976 0004 0E       		.uleb128 0xe
 977 0005 13       		.uleb128 0x13
 978 0006 0B       		.uleb128 0xb
 979 0007 03       		.uleb128 0x3
 980 0008 0E       		.uleb128 0xe
 981 0009 1B       		.uleb128 0x1b
 982 000a 0E       		.uleb128 0xe
 983 000b 10       		.uleb128 0x10
 984 000c 17       		.uleb128 0x17
 985 000d 00       		.byte	0
 986 000e 00       		.byte	0
 987 000f 02       		.uleb128 0x2
 988 0010 24       		.uleb128 0x24
 989 0011 00       		.byte	0
 990 0012 0B       		.uleb128 0xb
 991 0013 0B       		.uleb128 0xb
 992 0014 3E       		.uleb128 0x3e
 993 0015 0B       		.uleb128 0xb
 994 0016 03       		.uleb128 0x3
 995 0017 0E       		.uleb128 0xe
 996 0018 00       		.byte	0
 997 0019 00       		.byte	0
 998 001a 03       		.uleb128 0x3
 999 001b 16       		.uleb128 0x16
 1000 001c 00       		.byte	0
 1001 001d 03       		.uleb128 0x3
 1002 001e 0E       		.uleb128 0xe
 1003 001f 3A       		.uleb128 0x3a
 1004 0020 0B       		.uleb128 0xb
 1005 0021 3B       		.uleb128 0x3b
 1006 0022 0B       		.uleb128 0xb
 1007 0023 49       		.uleb128 0x49
 1008 0024 13       		.uleb128 0x13
 1009 0025 00       		.byte	0
 1010 0026 00       		.byte	0
 1011 0027 04       		.uleb128 0x4
 1012 0028 24       		.uleb128 0x24
 1013 0029 00       		.byte	0
 1014 002a 0B       		.uleb128 0xb
 1015 002b 0B       		.uleb128 0xb
 1016 002c 3E       		.uleb128 0x3e
 1017 002d 0B       		.uleb128 0xb
 1018 002e 03       		.uleb128 0x3
 1019 002f 08       		.uleb128 0x8
 1020 0030 00       		.byte	0
 1021 0031 00       		.byte	0
 1022 0032 05       		.uleb128 0x5
ARM GAS  C:\Users\HENRYH~1\AppData\Local\Temp\ccN2Xu9U.s 			page 19


 1023 0033 01       		.uleb128 0x1
 1024 0034 01       		.byte	0x1
 1025 0035 49       		.uleb128 0x49
 1026 0036 13       		.uleb128 0x13
 1027 0037 01       		.uleb128 0x1
 1028 0038 13       		.uleb128 0x13
 1029 0039 00       		.byte	0
 1030 003a 00       		.byte	0
 1031 003b 06       		.uleb128 0x6
 1032 003c 21       		.uleb128 0x21
 1033 003d 00       		.byte	0
 1034 003e 49       		.uleb128 0x49
 1035 003f 13       		.uleb128 0x13
 1036 0040 2F       		.uleb128 0x2f
 1037 0041 05       		.uleb128 0x5
 1038 0042 00       		.byte	0
 1039 0043 00       		.byte	0
 1040 0044 07       		.uleb128 0x7
 1041 0045 26       		.uleb128 0x26
 1042 0046 00       		.byte	0
 1043 0047 49       		.uleb128 0x49
 1044 0048 13       		.uleb128 0x13
 1045 0049 00       		.byte	0
 1046 004a 00       		.byte	0
 1047 004b 08       		.uleb128 0x8
 1048 004c 34       		.uleb128 0x34
 1049 004d 00       		.byte	0
 1050 004e 03       		.uleb128 0x3
 1051 004f 0E       		.uleb128 0xe
 1052 0050 3A       		.uleb128 0x3a
 1053 0051 0B       		.uleb128 0xb
 1054 0052 3B       		.uleb128 0x3b
 1055 0053 0B       		.uleb128 0xb
 1056 0054 49       		.uleb128 0x49
 1057 0055 13       		.uleb128 0x13
 1058 0056 3F       		.uleb128 0x3f
 1059 0057 19       		.uleb128 0x19
 1060 0058 02       		.uleb128 0x2
 1061 0059 18       		.uleb128 0x18
 1062 005a 00       		.byte	0
 1063 005b 00       		.byte	0
 1064 005c 09       		.uleb128 0x9
 1065 005d 21       		.uleb128 0x21
 1066 005e 00       		.byte	0
 1067 005f 49       		.uleb128 0x49
 1068 0060 13       		.uleb128 0x13
 1069 0061 2F       		.uleb128 0x2f
 1070 0062 0B       		.uleb128 0xb
 1071 0063 00       		.byte	0
 1072 0064 00       		.byte	0
 1073 0065 00       		.byte	0
 1074              		.section	.debug_aranges,"",%progbits
 1075 0000 14000000 		.4byte	0x14
 1076 0004 0200     		.2byte	0x2
 1077 0006 00000000 		.4byte	.Ldebug_info0
 1078 000a 04       		.byte	0x4
 1079 000b 00       		.byte	0
ARM GAS  C:\Users\HENRYH~1\AppData\Local\Temp\ccN2Xu9U.s 			page 20


 1080 000c 0000     		.2byte	0
 1081 000e 0000     		.2byte	0
 1082 0010 00000000 		.4byte	0
 1083 0014 00000000 		.4byte	0
 1084              		.section	.debug_line,"",%progbits
 1085              	.Ldebug_line0:
 1086 0000 3D010000 		.section	.debug_str,"MS",%progbits,1
 1086      02003701 
 1086      00000201 
 1086      FB0E0D00 
 1086      01010101 
 1087              	.LASF9:
 1088 0000 5F5F7569 		.ascii	"__uint8_t\000"
 1088      6E74385F 
 1088      7400
 1089              	.LASF16:
 1090 000a 63795F6D 		.ascii	"cy_metadata\000"
 1090      65746164 
 1090      61746100 
 1091              	.LASF1:
 1092 0016 756E7369 		.ascii	"unsigned char\000"
 1092      676E6564 
 1092      20636861 
 1092      7200
 1093              	.LASF17:
 1094 0024 474E5520 		.ascii	"GNU C11 5.4.1 20160609 (release) [ARM/embedded-5-br"
 1094      43313120 
 1094      352E342E 
 1094      31203230 
 1094      31363036 
 1095 0057 616E6368 		.ascii	"anch revision 237715] -mcpu=cortex-m3 -mthumb -g -O"
 1095      20726576 
 1095      6973696F 
 1095      6E203233 
 1095      37373135 
 1096 008a 67202D66 		.ascii	"g -ffunction-sections -ffat-lto-objects\000"
 1096      66756E63 
 1096      74696F6E 
 1096      2D736563 
 1096      74696F6E 
 1097              	.LASF5:
 1098 00b2 6C6F6E67 		.ascii	"long unsigned int\000"
 1098      20756E73 
 1098      69676E65 
 1098      6420696E 
 1098      7400
 1099              	.LASF3:
 1100 00c4 73686F72 		.ascii	"short unsigned int\000"
 1100      7420756E 
 1100      7369676E 
 1100      65642069 
 1100      6E7400
 1101              	.LASF13:
 1102 00d7 63795F6D 		.ascii	"cy_meta_custnvl\000"
 1102      6574615F 
 1102      63757374 
 1102      6E766C00 
ARM GAS  C:\Users\HENRYH~1\AppData\Local\Temp\ccN2Xu9U.s 			page 21


 1103              	.LASF12:
 1104 00e7 63795F6D 		.ascii	"cy_meta_configecc\000"
 1104      6574615F 
 1104      636F6E66 
 1104      69676563 
 1104      6300
 1105              	.LASF8:
 1106 00f9 756E7369 		.ascii	"unsigned int\000"
 1106      676E6564 
 1106      20696E74 
 1106      00
 1107              	.LASF7:
 1108 0106 6C6F6E67 		.ascii	"long long unsigned int\000"
 1108      206C6F6E 
 1108      6720756E 
 1108      7369676E 
 1108      65642069 
 1109              	.LASF10:
 1110 011d 75696E74 		.ascii	"uint8_t\000"
 1110      385F7400 
 1111              	.LASF19:
 1112 0125 443A5C47 		.ascii	"D:\\GitHub\\Alumnos\\Sensores-actuadores\\Clase_5\\"
 1112      69744875 
 1112      625C416C 
 1112      756D6E6F 
 1112      735C5365 
 1113 0153 436F6D5F 		.ascii	"Com_serial.cydsn\000"
 1113      73657269 
 1113      616C2E63 
 1113      7964736E 
 1113      00
 1114              	.LASF15:
 1115 0164 63795F6D 		.ascii	"cy_meta_flashprotect\000"
 1115      6574615F 
 1115      666C6173 
 1115      6870726F 
 1115      74656374 
 1116              	.LASF14:
 1117 0179 63795F6D 		.ascii	"cy_meta_wonvl\000"
 1117      6574615F 
 1117      776F6E76 
 1117      6C00
 1118              	.LASF11:
 1119 0187 73697A65 		.ascii	"sizetype\000"
 1119      74797065 
 1119      00
 1120              	.LASF6:
 1121 0190 6C6F6E67 		.ascii	"long long int\000"
 1121      206C6F6E 
 1121      6720696E 
 1121      7400
 1122              	.LASF2:
 1123 019e 73686F72 		.ascii	"short int\000"
 1123      7420696E 
 1123      7400
 1124              	.LASF4:
 1125 01a8 6C6F6E67 		.ascii	"long int\000"
ARM GAS  C:\Users\HENRYH~1\AppData\Local\Temp\ccN2Xu9U.s 			page 22


 1125      20696E74 
 1125      00
 1126              	.LASF0:
 1127 01b1 7369676E 		.ascii	"signed char\000"
 1127      65642063 
 1127      68617200 
 1128              	.LASF18:
 1129 01bd 47656E65 		.ascii	"Generated_Source\\PSoC5\\cymetadata.c\000"
 1129      72617465 
 1129      645F536F 
 1129      75726365 
 1129      5C50536F 
 1130              		.ident	"GCC: (GNU Tools for ARM Embedded Processors) 5.4.1 20160609 (release) [ARM/embedded-5-bran
