ARM GAS  C:\Users\HENRYH~1\AppData\Local\Temp\ccEDWzWS.s 			page 1


   1              		.syntax unified
   2              		.cpu cortex-m3
   3              		.fpu softvfp
   4              		.eabi_attribute 20, 1
   5              		.eabi_attribute 21, 1
   6              		.eabi_attribute 23, 3
   7              		.eabi_attribute 24, 1
   8              		.eabi_attribute 25, 1
   9              		.eabi_attribute 26, 1
  10              		.eabi_attribute 30, 1
  11              		.eabi_attribute 34, 1
  12              		.eabi_attribute 18, 4
  13              		.thumb
  14              		.syntax unified
  15              		.file	"main.c"
  16              		.text
  17              	.Ltext0:
  18              		.cfi_sections	.debug_frame
  19              		.section	.text.main,"ax",%progbits
  20              		.align	2
  21              		.global	main
  22              		.thumb
  23              		.thumb_func
  24              		.type	main, %function
  25              	main:
  26              	.LFB64:
  27              		.file 1 "main.c"
   1:main.c        **** /* ========================================
   2:main.c        ****  *
   3:main.c        ****  * Copyright YOUR COMPANY, THE YEAR
   4:main.c        ****  * All Rights Reserved
   5:main.c        ****  * UNPUBLISHED, LICENSED SOFTWARE.
   6:main.c        ****  *
   7:main.c        ****  * CONFIDENTIAL AND PROPRIETARY INFORMATION
   8:main.c        ****  * WHICH IS THE PROPERTY OF your company.
   9:main.c        ****  *
  10:main.c        ****  * ========================================
  11:main.c        **** */
  12:main.c        **** #include "project.h"
  13:main.c        **** #include "stdio.h"
  14:main.c        **** 
  15:main.c        **** #define BUFFER_SIZE 64
  16:main.c        **** 
  17:main.c        **** int main(void)
  18:main.c        **** {
  28              		.loc 1 18 0
  29              		.cfi_startproc
  30              		@ args = 0, pretend = 0, frame = 128
  31              		@ frame_needed = 0, uses_anonymous_args = 0
  32 0000 30B5     		push	{r4, r5, lr}
  33              		.cfi_def_cfa_offset 12
  34              		.cfi_offset 4, -12
  35              		.cfi_offset 5, -8
  36              		.cfi_offset 14, -4
  37 0002 A1B0     		sub	sp, sp, #132
  38              		.cfi_def_cfa_offset 144
  19:main.c        ****     CyGlobalIntEnable; /* Enable global interrupts. */
ARM GAS  C:\Users\HENRYH~1\AppData\Local\Temp\ccEDWzWS.s 			page 2


  39              		.loc 1 19 0
  40              		.syntax unified
  41              	@ 19 "main.c" 1
  42 0004 62B6     		CPSIE   i
  43              	@ 0 "" 2
  20:main.c        ****     UART_1_Start();
  44              		.loc 1 20 0
  45              		.thumb
  46              		.syntax unified
  47 0006 FFF7FEFF 		bl	UART_1_Start
  48              	.LVL0:
  49              	.L2:
  21:main.c        ****     /*Variables globales*/
  22:main.c        ****     char txData[BUFFER_SIZE];   // Buffer para enviar datos
  23:main.c        ****     char rxData;                // Variable para recibir un carácter
  24:main.c        ****     char buffer[BUFFER_SIZE];   // Buffer para almacenar y enviar los datos recibidos
  25:main.c        ****     for(;;)
  26:main.c        ****     {
  27:main.c        ****         /* Place your application code here. */
  28:main.c        ****         /*Ejemplo 1
  29:main.c        ****         UART_1_PutChar('0');
  30:main.c        ****         UART_1_PutChar('\n');
  31:main.c        ****         CyDelay(1000);
  32:main.c        ****         UART_1_PutChar('5');
  33:main.c        ****         UART_1_PutChar('\n');
  34:main.c        ****         CyDelay(1000);
  35:main.c        ****         */
  36:main.c        ****         /* Ejemplo 2 */
  37:main.c        ****         if (UART_1_GetRxBufferSize() > 0)
  50              		.loc 1 37 0
  51 000a FFF7FEFF 		bl	UART_1_GetRxBufferSize
  52              	.LVL1:
  53 000e 0028     		cmp	r0, #0
  54 0010 FBD0     		beq	.L2
  38:main.c        ****         {
  39:main.c        ****             //Enviar y recibir
  40:main.c        ****             // Leer el dato recibido
  41:main.c        ****             rxData = UART_1_GetChar();
  55              		.loc 1 41 0
  56 0012 FFF7FEFF 		bl	UART_1_GetChar
  57              	.LVL2:
  58 0016 0446     		mov	r4, r0
  59              	.LVL3:
  42:main.c        ****             // Enviar el dato recibido a la terminal
  43:main.c        ****             UART_1_PutChar(rxData);
  60              		.loc 1 43 0
  61 0018 FFF7FEFF 		bl	UART_1_PutChar
  62              	.LVL4:
  44:main.c        ****             //Guardar en el buffer
  45:main.c        ****             sprintf(buffer, "Recibido: %c\r\n", rxData);
  63              		.loc 1 45 0
  64 001c 2246     		mov	r2, r4
  65 001e 0B49     		ldr	r1, .L6
  66 0020 6846     		mov	r0, sp
  67 0022 FFF7FEFF 		bl	sprintf
  68              	.LVL5:
  46:main.c        ****             UART_1_PutString(buffer);
ARM GAS  C:\Users\HENRYH~1\AppData\Local\Temp\ccEDWzWS.s 			page 3


  69              		.loc 1 46 0
  70 0026 6846     		mov	r0, sp
  71 0028 FFF7FEFF 		bl	UART_1_PutString
  72              	.LVL6:
  47:main.c        ****             
  48:main.c        ****             // Enviar repuesta si recibo 'a'
  49:main.c        ****             if(rxData == 'a')  
  73              		.loc 1 49 0
  74 002c 612C     		cmp	r4, #97
  75 002e ECD1     		bne	.L2
  50:main.c        ****             {
  51:main.c        ****                 sprintf(txData, "Hola desde alumnos\r\n");
  76              		.loc 1 51 0
  77 0030 10AC     		add	r4, sp, #64
  78              	.LVL7:
  79 0032 074D     		ldr	r5, .L6+4
  80 0034 0FCD     		ldmia	r5!, {r0, r1, r2, r3}
  81 0036 0FC4     		stmia	r4!, {r0, r1, r2, r3}
  82 0038 95E80300 		ldmia	r5, {r0, r1}
  83 003c 44F8040B 		str	r0, [r4], #4
  84 0040 2170     		strb	r1, [r4]
  52:main.c        ****                 UART_1_PutString(txData);
  85              		.loc 1 52 0
  86 0042 10A8     		add	r0, sp, #64
  87 0044 FFF7FEFF 		bl	UART_1_PutString
  88              	.LVL8:
  89 0048 DFE7     		b	.L2
  90              	.L7:
  91 004a 00BF     		.align	2
  92              	.L6:
  93 004c 00000000 		.word	.LC0
  94 0050 10000000 		.word	.LC1
  95              		.cfi_endproc
  96              	.LFE64:
  97              		.size	main, .-main
  98              		.section	.rodata.str1.4,"aMS",%progbits,1
  99              		.align	2
 100              	.LC0:
 101 0000 52656369 		.ascii	"Recibido: %c\015\012\000"
 101      6269646F 
 101      3A202563 
 101      0D0A00
 102 000f 00       		.space	1
 103              	.LC1:
 104 0010 486F6C61 		.ascii	"Hola desde alumnos\015\012\000"
 104      20646573 
 104      64652061 
 104      6C756D6E 
 104      6F730D0A 
 105              		.text
 106              	.Letext0:
 107              		.file 2 "c:\\program files (x86)\\cypress\\psoc creator\\4.4\\psoc creator\\import\\gnu\\arm\\5.4.
 108              		.file 3 "c:\\program files (x86)\\cypress\\psoc creator\\4.4\\psoc creator\\import\\gnu\\arm\\5.4.
 109              		.file 4 "Generated_Source\\PSoC5/UART_1.h"
 110              		.file 5 "c:\\program files (x86)\\cypress\\psoc creator\\4.4\\psoc creator\\import\\gnu\\arm\\5.4.
 111              		.file 6 "Generated_Source\\PSoC5/core_cm3.h"
 112              		.section	.debug_info,"",%progbits
ARM GAS  C:\Users\HENRYH~1\AppData\Local\Temp\ccEDWzWS.s 			page 4


 113              	.Ldebug_info0:
 114 0000 C1010000 		.4byte	0x1c1
 115 0004 0400     		.2byte	0x4
 116 0006 00000000 		.4byte	.Ldebug_abbrev0
 117 000a 04       		.byte	0x4
 118 000b 01       		.uleb128 0x1
 119 000c 32000000 		.4byte	.LASF25
 120 0010 0C       		.byte	0xc
 121 0011 BC010000 		.4byte	.LASF26
 122 0015 4F010000 		.4byte	.LASF27
 123 0019 00000000 		.4byte	.Ldebug_ranges0+0
 124 001d 00000000 		.4byte	0
 125 0021 00000000 		.4byte	.Ldebug_line0
 126 0025 02       		.uleb128 0x2
 127 0026 01       		.byte	0x1
 128 0027 06       		.byte	0x6
 129 0028 EE010000 		.4byte	.LASF0
 130 002c 02       		.uleb128 0x2
 131 002d 01       		.byte	0x1
 132 002e 08       		.byte	0x8
 133 002f 24000000 		.4byte	.LASF1
 134 0033 02       		.uleb128 0x2
 135 0034 02       		.byte	0x2
 136 0035 05       		.byte	0x5
 137 0036 C8010000 		.4byte	.LASF2
 138 003a 02       		.uleb128 0x2
 139 003b 02       		.byte	0x2
 140 003c 07       		.byte	0x7
 141 003d D2000000 		.4byte	.LASF3
 142 0041 03       		.uleb128 0x3
 143 0042 0D000000 		.4byte	.LASF9
 144 0046 02       		.byte	0x2
 145 0047 3F       		.byte	0x3f
 146 0048 4C000000 		.4byte	0x4c
 147 004c 02       		.uleb128 0x2
 148 004d 04       		.byte	0x4
 149 004e 05       		.byte	0x5
 150 004f D9010000 		.4byte	.LASF4
 151 0053 02       		.uleb128 0x2
 152 0054 04       		.byte	0x4
 153 0055 07       		.byte	0x7
 154 0056 C0000000 		.4byte	.LASF5
 155 005a 02       		.uleb128 0x2
 156 005b 08       		.byte	0x8
 157 005c 05       		.byte	0x5
 158 005d AE010000 		.4byte	.LASF6
 159 0061 02       		.uleb128 0x2
 160 0062 08       		.byte	0x8
 161 0063 07       		.byte	0x7
 162 0064 21010000 		.4byte	.LASF7
 163 0068 04       		.uleb128 0x4
 164 0069 04       		.byte	0x4
 165 006a 05       		.byte	0x5
 166 006b 696E7400 		.ascii	"int\000"
 167 006f 02       		.uleb128 0x2
 168 0070 04       		.byte	0x4
 169 0071 07       		.byte	0x7
ARM GAS  C:\Users\HENRYH~1\AppData\Local\Temp\ccEDWzWS.s 			page 5


 170 0072 14010000 		.4byte	.LASF8
 171 0076 03       		.uleb128 0x3
 172 0077 9D010000 		.4byte	.LASF10
 173 007b 03       		.byte	0x3
 174 007c 2C       		.byte	0x2c
 175 007d 41000000 		.4byte	0x41
 176 0081 02       		.uleb128 0x2
 177 0082 04       		.byte	0x4
 178 0083 04       		.byte	0x4
 179 0084 1E000000 		.4byte	.LASF11
 180 0088 02       		.uleb128 0x2
 181 0089 08       		.byte	0x8
 182 008a 04       		.byte	0x4
 183 008b EC000000 		.4byte	.LASF12
 184 008f 02       		.uleb128 0x2
 185 0090 01       		.byte	0x1
 186 0091 08       		.byte	0x8
 187 0092 C3010000 		.4byte	.LASF13
 188 0096 02       		.uleb128 0x2
 189 0097 08       		.byte	0x8
 190 0098 04       		.byte	0x4
 191 0099 E2010000 		.4byte	.LASF14
 192 009d 02       		.uleb128 0x2
 193 009e 04       		.byte	0x4
 194 009f 07       		.byte	0x7
 195 00a0 A5010000 		.4byte	.LASF15
 196 00a4 05       		.uleb128 0x5
 197 00a5 F3000000 		.4byte	.LASF28
 198 00a9 01       		.byte	0x1
 199 00aa 11       		.byte	0x11
 200 00ab 68000000 		.4byte	0x68
 201 00af 00000000 		.4byte	.LFB64
 202 00b3 54000000 		.4byte	.LFE64-.LFB64
 203 00b7 01       		.uleb128 0x1
 204 00b8 9C       		.byte	0x9c
 205 00b9 61010000 		.4byte	0x161
 206 00bd 06       		.uleb128 0x6
 207 00be 17000000 		.4byte	.LASF16
 208 00c2 01       		.byte	0x1
 209 00c3 16       		.byte	0x16
 210 00c4 61010000 		.4byte	0x161
 211 00c8 03       		.uleb128 0x3
 212 00c9 91       		.byte	0x91
 213 00ca B07F     		.sleb128 -80
 214 00cc 07       		.uleb128 0x7
 215 00cd E5000000 		.4byte	.LASF17
 216 00d1 01       		.byte	0x1
 217 00d2 17       		.byte	0x17
 218 00d3 8F000000 		.4byte	0x8f
 219 00d7 00000000 		.4byte	.LLST0
 220 00db 06       		.uleb128 0x6
 221 00dc D2010000 		.4byte	.LASF18
 222 00e0 01       		.byte	0x1
 223 00e1 18       		.byte	0x18
 224 00e2 61010000 		.4byte	0x161
 225 00e6 03       		.uleb128 0x3
 226 00e7 91       		.byte	0x91
ARM GAS  C:\Users\HENRYH~1\AppData\Local\Temp\ccEDWzWS.s 			page 6


 227 00e8 F07E     		.sleb128 -144
 228 00ea 08       		.uleb128 0x8
 229 00eb 0A000000 		.4byte	.LVL0
 230 00ef 82010000 		.4byte	0x182
 231 00f3 08       		.uleb128 0x8
 232 00f4 0E000000 		.4byte	.LVL1
 233 00f8 8D010000 		.4byte	0x18d
 234 00fc 08       		.uleb128 0x8
 235 00fd 16000000 		.4byte	.LVL2
 236 0101 98010000 		.4byte	0x198
 237 0105 09       		.uleb128 0x9
 238 0106 1C000000 		.4byte	.LVL4
 239 010a A3010000 		.4byte	0x1a3
 240 010e 19010000 		.4byte	0x119
 241 0112 0A       		.uleb128 0xa
 242 0113 01       		.uleb128 0x1
 243 0114 50       		.byte	0x50
 244 0115 02       		.uleb128 0x2
 245 0116 74       		.byte	0x74
 246 0117 00       		.sleb128 0
 247 0118 00       		.byte	0
 248 0119 09       		.uleb128 0x9
 249 011a 26000000 		.4byte	.LVL5
 250 011e AE010000 		.4byte	0x1ae
 251 0122 3C010000 		.4byte	0x13c
 252 0126 0A       		.uleb128 0xa
 253 0127 01       		.uleb128 0x1
 254 0128 50       		.byte	0x50
 255 0129 02       		.uleb128 0x2
 256 012a 7D       		.byte	0x7d
 257 012b 00       		.sleb128 0
 258 012c 0A       		.uleb128 0xa
 259 012d 01       		.uleb128 0x1
 260 012e 51       		.byte	0x51
 261 012f 05       		.uleb128 0x5
 262 0130 03       		.byte	0x3
 263 0131 00000000 		.4byte	.LC0
 264 0135 0A       		.uleb128 0xa
 265 0136 01       		.uleb128 0x1
 266 0137 52       		.byte	0x52
 267 0138 02       		.uleb128 0x2
 268 0139 74       		.byte	0x74
 269 013a 00       		.sleb128 0
 270 013b 00       		.byte	0
 271 013c 09       		.uleb128 0x9
 272 013d 2C000000 		.4byte	.LVL6
 273 0141 B9010000 		.4byte	0x1b9
 274 0145 50010000 		.4byte	0x150
 275 0149 0A       		.uleb128 0xa
 276 014a 01       		.uleb128 0x1
 277 014b 50       		.byte	0x50
 278 014c 02       		.uleb128 0x2
 279 014d 7D       		.byte	0x7d
 280 014e 00       		.sleb128 0
 281 014f 00       		.byte	0
 282 0150 0B       		.uleb128 0xb
 283 0151 48000000 		.4byte	.LVL8
ARM GAS  C:\Users\HENRYH~1\AppData\Local\Temp\ccEDWzWS.s 			page 7


 284 0155 B9010000 		.4byte	0x1b9
 285 0159 0A       		.uleb128 0xa
 286 015a 01       		.uleb128 0x1
 287 015b 50       		.byte	0x50
 288 015c 02       		.uleb128 0x2
 289 015d 74       		.byte	0x74
 290 015e 6C       		.sleb128 -20
 291 015f 00       		.byte	0
 292 0160 00       		.byte	0
 293 0161 0C       		.uleb128 0xc
 294 0162 8F000000 		.4byte	0x8f
 295 0166 71010000 		.4byte	0x171
 296 016a 0D       		.uleb128 0xd
 297 016b 9D000000 		.4byte	0x9d
 298 016f 3F       		.byte	0x3f
 299 0170 00       		.byte	0
 300 0171 0E       		.uleb128 0xe
 301 0172 F8000000 		.4byte	.LASF29
 302 0176 06       		.byte	0x6
 303 0177 1207     		.2byte	0x712
 304 0179 7D010000 		.4byte	0x17d
 305 017d 0F       		.uleb128 0xf
 306 017e 76000000 		.4byte	0x76
 307 0182 10       		.uleb128 0x10
 308 0183 00000000 		.4byte	.LASF19
 309 0187 00000000 		.4byte	.LASF19
 310 018b 04       		.byte	0x4
 311 018c 54       		.byte	0x54
 312 018d 10       		.uleb128 0x10
 313 018e 38010000 		.4byte	.LASF20
 314 0192 38010000 		.4byte	.LASF20
 315 0196 04       		.byte	0x4
 316 0197 73       		.byte	0x73
 317 0198 10       		.uleb128 0x10
 318 0199 8E010000 		.4byte	.LASF21
 319 019d 8E010000 		.4byte	.LASF21
 320 01a1 04       		.byte	0x4
 321 01a2 71       		.byte	0x71
 322 01a3 10       		.uleb128 0x10
 323 01a4 05010000 		.4byte	.LASF22
 324 01a8 05010000 		.4byte	.LASF22
 325 01ac 04       		.byte	0x4
 326 01ad 8A       		.byte	0x8a
 327 01ae 10       		.uleb128 0x10
 328 01af 0B020000 		.4byte	.LASF23
 329 01b3 0B020000 		.4byte	.LASF23
 330 01b7 05       		.byte	0x5
 331 01b8 E7       		.byte	0xe7
 332 01b9 10       		.uleb128 0x10
 333 01ba FA010000 		.4byte	.LASF24
 334 01be FA010000 		.4byte	.LASF24
 335 01c2 04       		.byte	0x4
 336 01c3 8B       		.byte	0x8b
 337 01c4 00       		.byte	0
 338              		.section	.debug_abbrev,"",%progbits
 339              	.Ldebug_abbrev0:
 340 0000 01       		.uleb128 0x1
ARM GAS  C:\Users\HENRYH~1\AppData\Local\Temp\ccEDWzWS.s 			page 8


 341 0001 11       		.uleb128 0x11
 342 0002 01       		.byte	0x1
 343 0003 25       		.uleb128 0x25
 344 0004 0E       		.uleb128 0xe
 345 0005 13       		.uleb128 0x13
 346 0006 0B       		.uleb128 0xb
 347 0007 03       		.uleb128 0x3
 348 0008 0E       		.uleb128 0xe
 349 0009 1B       		.uleb128 0x1b
 350 000a 0E       		.uleb128 0xe
 351 000b 55       		.uleb128 0x55
 352 000c 17       		.uleb128 0x17
 353 000d 11       		.uleb128 0x11
 354 000e 01       		.uleb128 0x1
 355 000f 10       		.uleb128 0x10
 356 0010 17       		.uleb128 0x17
 357 0011 00       		.byte	0
 358 0012 00       		.byte	0
 359 0013 02       		.uleb128 0x2
 360 0014 24       		.uleb128 0x24
 361 0015 00       		.byte	0
 362 0016 0B       		.uleb128 0xb
 363 0017 0B       		.uleb128 0xb
 364 0018 3E       		.uleb128 0x3e
 365 0019 0B       		.uleb128 0xb
 366 001a 03       		.uleb128 0x3
 367 001b 0E       		.uleb128 0xe
 368 001c 00       		.byte	0
 369 001d 00       		.byte	0
 370 001e 03       		.uleb128 0x3
 371 001f 16       		.uleb128 0x16
 372 0020 00       		.byte	0
 373 0021 03       		.uleb128 0x3
 374 0022 0E       		.uleb128 0xe
 375 0023 3A       		.uleb128 0x3a
 376 0024 0B       		.uleb128 0xb
 377 0025 3B       		.uleb128 0x3b
 378 0026 0B       		.uleb128 0xb
 379 0027 49       		.uleb128 0x49
 380 0028 13       		.uleb128 0x13
 381 0029 00       		.byte	0
 382 002a 00       		.byte	0
 383 002b 04       		.uleb128 0x4
 384 002c 24       		.uleb128 0x24
 385 002d 00       		.byte	0
 386 002e 0B       		.uleb128 0xb
 387 002f 0B       		.uleb128 0xb
 388 0030 3E       		.uleb128 0x3e
 389 0031 0B       		.uleb128 0xb
 390 0032 03       		.uleb128 0x3
 391 0033 08       		.uleb128 0x8
 392 0034 00       		.byte	0
 393 0035 00       		.byte	0
 394 0036 05       		.uleb128 0x5
 395 0037 2E       		.uleb128 0x2e
 396 0038 01       		.byte	0x1
 397 0039 3F       		.uleb128 0x3f
ARM GAS  C:\Users\HENRYH~1\AppData\Local\Temp\ccEDWzWS.s 			page 9


 398 003a 19       		.uleb128 0x19
 399 003b 03       		.uleb128 0x3
 400 003c 0E       		.uleb128 0xe
 401 003d 3A       		.uleb128 0x3a
 402 003e 0B       		.uleb128 0xb
 403 003f 3B       		.uleb128 0x3b
 404 0040 0B       		.uleb128 0xb
 405 0041 27       		.uleb128 0x27
 406 0042 19       		.uleb128 0x19
 407 0043 49       		.uleb128 0x49
 408 0044 13       		.uleb128 0x13
 409 0045 8701     		.uleb128 0x87
 410 0047 19       		.uleb128 0x19
 411 0048 11       		.uleb128 0x11
 412 0049 01       		.uleb128 0x1
 413 004a 12       		.uleb128 0x12
 414 004b 06       		.uleb128 0x6
 415 004c 40       		.uleb128 0x40
 416 004d 18       		.uleb128 0x18
 417 004e 9742     		.uleb128 0x2117
 418 0050 19       		.uleb128 0x19
 419 0051 01       		.uleb128 0x1
 420 0052 13       		.uleb128 0x13
 421 0053 00       		.byte	0
 422 0054 00       		.byte	0
 423 0055 06       		.uleb128 0x6
 424 0056 34       		.uleb128 0x34
 425 0057 00       		.byte	0
 426 0058 03       		.uleb128 0x3
 427 0059 0E       		.uleb128 0xe
 428 005a 3A       		.uleb128 0x3a
 429 005b 0B       		.uleb128 0xb
 430 005c 3B       		.uleb128 0x3b
 431 005d 0B       		.uleb128 0xb
 432 005e 49       		.uleb128 0x49
 433 005f 13       		.uleb128 0x13
 434 0060 02       		.uleb128 0x2
 435 0061 18       		.uleb128 0x18
 436 0062 00       		.byte	0
 437 0063 00       		.byte	0
 438 0064 07       		.uleb128 0x7
 439 0065 34       		.uleb128 0x34
 440 0066 00       		.byte	0
 441 0067 03       		.uleb128 0x3
 442 0068 0E       		.uleb128 0xe
 443 0069 3A       		.uleb128 0x3a
 444 006a 0B       		.uleb128 0xb
 445 006b 3B       		.uleb128 0x3b
 446 006c 0B       		.uleb128 0xb
 447 006d 49       		.uleb128 0x49
 448 006e 13       		.uleb128 0x13
 449 006f 02       		.uleb128 0x2
 450 0070 17       		.uleb128 0x17
 451 0071 00       		.byte	0
 452 0072 00       		.byte	0
 453 0073 08       		.uleb128 0x8
 454 0074 898201   		.uleb128 0x4109
ARM GAS  C:\Users\HENRYH~1\AppData\Local\Temp\ccEDWzWS.s 			page 10


 455 0077 00       		.byte	0
 456 0078 11       		.uleb128 0x11
 457 0079 01       		.uleb128 0x1
 458 007a 31       		.uleb128 0x31
 459 007b 13       		.uleb128 0x13
 460 007c 00       		.byte	0
 461 007d 00       		.byte	0
 462 007e 09       		.uleb128 0x9
 463 007f 898201   		.uleb128 0x4109
 464 0082 01       		.byte	0x1
 465 0083 11       		.uleb128 0x11
 466 0084 01       		.uleb128 0x1
 467 0085 31       		.uleb128 0x31
 468 0086 13       		.uleb128 0x13
 469 0087 01       		.uleb128 0x1
 470 0088 13       		.uleb128 0x13
 471 0089 00       		.byte	0
 472 008a 00       		.byte	0
 473 008b 0A       		.uleb128 0xa
 474 008c 8A8201   		.uleb128 0x410a
 475 008f 00       		.byte	0
 476 0090 02       		.uleb128 0x2
 477 0091 18       		.uleb128 0x18
 478 0092 9142     		.uleb128 0x2111
 479 0094 18       		.uleb128 0x18
 480 0095 00       		.byte	0
 481 0096 00       		.byte	0
 482 0097 0B       		.uleb128 0xb
 483 0098 898201   		.uleb128 0x4109
 484 009b 01       		.byte	0x1
 485 009c 11       		.uleb128 0x11
 486 009d 01       		.uleb128 0x1
 487 009e 31       		.uleb128 0x31
 488 009f 13       		.uleb128 0x13
 489 00a0 00       		.byte	0
 490 00a1 00       		.byte	0
 491 00a2 0C       		.uleb128 0xc
 492 00a3 01       		.uleb128 0x1
 493 00a4 01       		.byte	0x1
 494 00a5 49       		.uleb128 0x49
 495 00a6 13       		.uleb128 0x13
 496 00a7 01       		.uleb128 0x1
 497 00a8 13       		.uleb128 0x13
 498 00a9 00       		.byte	0
 499 00aa 00       		.byte	0
 500 00ab 0D       		.uleb128 0xd
 501 00ac 21       		.uleb128 0x21
 502 00ad 00       		.byte	0
 503 00ae 49       		.uleb128 0x49
 504 00af 13       		.uleb128 0x13
 505 00b0 2F       		.uleb128 0x2f
 506 00b1 0B       		.uleb128 0xb
 507 00b2 00       		.byte	0
 508 00b3 00       		.byte	0
 509 00b4 0E       		.uleb128 0xe
 510 00b5 34       		.uleb128 0x34
 511 00b6 00       		.byte	0
ARM GAS  C:\Users\HENRYH~1\AppData\Local\Temp\ccEDWzWS.s 			page 11


 512 00b7 03       		.uleb128 0x3
 513 00b8 0E       		.uleb128 0xe
 514 00b9 3A       		.uleb128 0x3a
 515 00ba 0B       		.uleb128 0xb
 516 00bb 3B       		.uleb128 0x3b
 517 00bc 05       		.uleb128 0x5
 518 00bd 49       		.uleb128 0x49
 519 00be 13       		.uleb128 0x13
 520 00bf 3F       		.uleb128 0x3f
 521 00c0 19       		.uleb128 0x19
 522 00c1 3C       		.uleb128 0x3c
 523 00c2 19       		.uleb128 0x19
 524 00c3 00       		.byte	0
 525 00c4 00       		.byte	0
 526 00c5 0F       		.uleb128 0xf
 527 00c6 35       		.uleb128 0x35
 528 00c7 00       		.byte	0
 529 00c8 49       		.uleb128 0x49
 530 00c9 13       		.uleb128 0x13
 531 00ca 00       		.byte	0
 532 00cb 00       		.byte	0
 533 00cc 10       		.uleb128 0x10
 534 00cd 2E       		.uleb128 0x2e
 535 00ce 00       		.byte	0
 536 00cf 3F       		.uleb128 0x3f
 537 00d0 19       		.uleb128 0x19
 538 00d1 3C       		.uleb128 0x3c
 539 00d2 19       		.uleb128 0x19
 540 00d3 6E       		.uleb128 0x6e
 541 00d4 0E       		.uleb128 0xe
 542 00d5 03       		.uleb128 0x3
 543 00d6 0E       		.uleb128 0xe
 544 00d7 3A       		.uleb128 0x3a
 545 00d8 0B       		.uleb128 0xb
 546 00d9 3B       		.uleb128 0x3b
 547 00da 0B       		.uleb128 0xb
 548 00db 00       		.byte	0
 549 00dc 00       		.byte	0
 550 00dd 00       		.byte	0
 551              		.section	.debug_loc,"",%progbits
 552              	.Ldebug_loc0:
 553              	.LLST0:
 554 0000 18000000 		.4byte	.LVL3
 555 0004 32000000 		.4byte	.LVL7
 556 0008 0100     		.2byte	0x1
 557 000a 54       		.byte	0x54
 558 000b 00000000 		.4byte	0
 559 000f 00000000 		.4byte	0
 560              		.section	.debug_aranges,"",%progbits
 561 0000 1C000000 		.4byte	0x1c
 562 0004 0200     		.2byte	0x2
 563 0006 00000000 		.4byte	.Ldebug_info0
 564 000a 04       		.byte	0x4
 565 000b 00       		.byte	0
 566 000c 0000     		.2byte	0
 567 000e 0000     		.2byte	0
 568 0010 00000000 		.4byte	.LFB64
ARM GAS  C:\Users\HENRYH~1\AppData\Local\Temp\ccEDWzWS.s 			page 12


 569 0014 54000000 		.4byte	.LFE64-.LFB64
 570 0018 00000000 		.4byte	0
 571 001c 00000000 		.4byte	0
 572              		.section	.debug_ranges,"",%progbits
 573              	.Ldebug_ranges0:
 574 0000 00000000 		.4byte	.LFB64
 575 0004 54000000 		.4byte	.LFE64
 576 0008 00000000 		.4byte	0
 577 000c 00000000 		.4byte	0
 578              		.section	.debug_line,"",%progbits
 579              	.Ldebug_line0:
 580 0000 DF010000 		.section	.debug_str,"MS",%progbits,1
 580      0200BE01 
 580      00000201 
 580      FB0E0D00 
 580      01010101 
 581              	.LASF19:
 582 0000 55415254 		.ascii	"UART_1_Start\000"
 582      5F315F53 
 582      74617274 
 582      00
 583              	.LASF9:
 584 000d 5F5F696E 		.ascii	"__int32_t\000"
 584      7433325F 
 584      7400
 585              	.LASF16:
 586 0017 74784461 		.ascii	"txData\000"
 586      746100
 587              	.LASF11:
 588 001e 666C6F61 		.ascii	"float\000"
 588      7400
 589              	.LASF1:
 590 0024 756E7369 		.ascii	"unsigned char\000"
 590      676E6564 
 590      20636861 
 590      7200
 591              	.LASF25:
 592 0032 474E5520 		.ascii	"GNU C11 5.4.1 20160609 (release) [ARM/embedded-5-br"
 592      43313120 
 592      352E342E 
 592      31203230 
 592      31363036 
 593 0065 616E6368 		.ascii	"anch revision 237715] -mcpu=cortex-m3 -mthumb -g -O"
 593      20726576 
 593      6973696F 
 593      6E203233 
 593      37373135 
 594 0098 67202D66 		.ascii	"g -ffunction-sections -ffat-lto-objects\000"
 594      66756E63 
 594      74696F6E 
 594      2D736563 
 594      74696F6E 
 595              	.LASF5:
 596 00c0 6C6F6E67 		.ascii	"long unsigned int\000"
 596      20756E73 
 596      69676E65 
 596      6420696E 
ARM GAS  C:\Users\HENRYH~1\AppData\Local\Temp\ccEDWzWS.s 			page 13


 596      7400
 597              	.LASF3:
 598 00d2 73686F72 		.ascii	"short unsigned int\000"
 598      7420756E 
 598      7369676E 
 598      65642069 
 598      6E7400
 599              	.LASF17:
 600 00e5 72784461 		.ascii	"rxData\000"
 600      746100
 601              	.LASF12:
 602 00ec 646F7562 		.ascii	"double\000"
 602      6C6500
 603              	.LASF28:
 604 00f3 6D61696E 		.ascii	"main\000"
 604      00
 605              	.LASF29:
 606 00f8 49544D5F 		.ascii	"ITM_RxBuffer\000"
 606      52784275 
 606      66666572 
 606      00
 607              	.LASF22:
 608 0105 55415254 		.ascii	"UART_1_PutChar\000"
 608      5F315F50 
 608      75744368 
 608      617200
 609              	.LASF8:
 610 0114 756E7369 		.ascii	"unsigned int\000"
 610      676E6564 
 610      20696E74 
 610      00
 611              	.LASF7:
 612 0121 6C6F6E67 		.ascii	"long long unsigned int\000"
 612      206C6F6E 
 612      6720756E 
 612      7369676E 
 612      65642069 
 613              	.LASF20:
 614 0138 55415254 		.ascii	"UART_1_GetRxBufferSize\000"
 614      5F315F47 
 614      65745278 
 614      42756666 
 614      65725369 
 615              	.LASF27:
 616 014f 443A5C47 		.ascii	"D:\\GitHub\\Alumnos\\Sensores-actuadores\\Clase_5\\"
 616      69744875 
 616      625C416C 
 616      756D6E6F 
 616      735C5365 
 617 017d 436F6D5F 		.ascii	"Com_serial.cydsn\000"
 617      73657269 
 617      616C2E63 
 617      7964736E 
 617      00
 618              	.LASF21:
 619 018e 55415254 		.ascii	"UART_1_GetChar\000"
 619      5F315F47 
ARM GAS  C:\Users\HENRYH~1\AppData\Local\Temp\ccEDWzWS.s 			page 14


 619      65744368 
 619      617200
 620              	.LASF10:
 621 019d 696E7433 		.ascii	"int32_t\000"
 621      325F7400 
 622              	.LASF15:
 623 01a5 73697A65 		.ascii	"sizetype\000"
 623      74797065 
 623      00
 624              	.LASF6:
 625 01ae 6C6F6E67 		.ascii	"long long int\000"
 625      206C6F6E 
 625      6720696E 
 625      7400
 626              	.LASF26:
 627 01bc 6D61696E 		.ascii	"main.c\000"
 627      2E6300
 628              	.LASF13:
 629 01c3 63686172 		.ascii	"char\000"
 629      00
 630              	.LASF2:
 631 01c8 73686F72 		.ascii	"short int\000"
 631      7420696E 
 631      7400
 632              	.LASF18:
 633 01d2 62756666 		.ascii	"buffer\000"
 633      657200
 634              	.LASF4:
 635 01d9 6C6F6E67 		.ascii	"long int\000"
 635      20696E74 
 635      00
 636              	.LASF14:
 637 01e2 6C6F6E67 		.ascii	"long double\000"
 637      20646F75 
 637      626C6500 
 638              	.LASF0:
 639 01ee 7369676E 		.ascii	"signed char\000"
 639      65642063 
 639      68617200 
 640              	.LASF24:
 641 01fa 55415254 		.ascii	"UART_1_PutString\000"
 641      5F315F50 
 641      75745374 
 641      72696E67 
 641      00
 642              	.LASF23:
 643 020b 73707269 		.ascii	"sprintf\000"
 643      6E746600 
 644              		.ident	"GCC: (GNU Tools for ARM Embedded Processors) 5.4.1 20160609 (release) [ARM/embedded-5-bran
