ARM GAS  C:\Users\HENRYH~1\AppData\Local\Temp\ccgkLV0P.s 			page 1


   1              		.syntax unified
   2              		.cpu cortex-m3
   3              		.fpu softvfp
   4              		.eabi_attribute 20, 1
   5              		.eabi_attribute 21, 1
   6              		.eabi_attribute 23, 3
   7              		.eabi_attribute 24, 1
   8              		.eabi_attribute 25, 1
   9              		.eabi_attribute 26, 1
  10              		.eabi_attribute 30, 1
  11              		.eabi_attribute 34, 1
  12              		.eabi_attribute 18, 4
  13              		.thumb
  14              		.syntax unified
  15              		.file	"RTD.c"
  16              		.text
  17              	.Ltext0:
  18              		.cfi_sections	.debug_frame
  19              		.section	.text.RTD_MultShift24,"ax",%progbits
  20              		.align	2
  21              		.global	RTD_MultShift24
  22              		.thumb
  23              		.thumb_func
  24              		.type	RTD_MultShift24, %function
  25              	RTD_MultShift24:
  26              	.LFB0:
  27              		.file 1 "Generated_Source\\PSoC5\\RTD.c"
   1:Generated_Source\PSoC5/RTD.c **** /*******************************************************************************
   2:Generated_Source\PSoC5/RTD.c **** * File Name: RTD.c
   3:Generated_Source\PSoC5/RTD.c **** * Version 1.20
   4:Generated_Source\PSoC5/RTD.c **** *
   5:Generated_Source\PSoC5/RTD.c **** * Description:
   6:Generated_Source\PSoC5/RTD.c **** *  This file provides the source code to the API for the RTDCalc Component.
   7:Generated_Source\PSoC5/RTD.c **** *
   8:Generated_Source\PSoC5/RTD.c **** * Note:
   9:Generated_Source\PSoC5/RTD.c **** *  None.
  10:Generated_Source\PSoC5/RTD.c **** *
  11:Generated_Source\PSoC5/RTD.c **** ********************************************************************************
  12:Generated_Source\PSoC5/RTD.c **** * Copyright 2012-2013, Cypress Semiconductor Corporation.  All rights reserved.
  13:Generated_Source\PSoC5/RTD.c **** * You may use this file only in accordance with the license, terms, conditions,
  14:Generated_Source\PSoC5/RTD.c **** * disclaimers, and limitations in the end user license agreement accompanying
  15:Generated_Source\PSoC5/RTD.c **** * the software package with which this file was provided.
  16:Generated_Source\PSoC5/RTD.c **** *******************************************************************************/
  17:Generated_Source\PSoC5/RTD.c **** 
  18:Generated_Source\PSoC5/RTD.c **** #include "RTD.h"
  19:Generated_Source\PSoC5/RTD.c **** 
  20:Generated_Source\PSoC5/RTD.c **** #if(!CY_PSOC3)
  21:Generated_Source\PSoC5/RTD.c **** 
  22:Generated_Source\PSoC5/RTD.c **** 
  23:Generated_Source\PSoC5/RTD.c ****     /*******************************************************************************
  24:Generated_Source\PSoC5/RTD.c ****     * Function Name: RTD_MultShift24
  25:Generated_Source\PSoC5/RTD.c ****     ********************************************************************************
  26:Generated_Source\PSoC5/RTD.c ****     *
  27:Generated_Source\PSoC5/RTD.c ****     * Summary:
  28:Generated_Source\PSoC5/RTD.c ****     *  Performs the math function (op1 * op2) >> 24 using 64 bit arithmetic without
  29:Generated_Source\PSoC5/RTD.c ****     *  any loss of precision and without overflow.
  30:Generated_Source\PSoC5/RTD.c ****     *
ARM GAS  C:\Users\HENRYH~1\AppData\Local\Temp\ccgkLV0P.s 			page 2


  31:Generated_Source\PSoC5/RTD.c ****     * Parameters:
  32:Generated_Source\PSoC5/RTD.c ****     *  op1: Signed 32-bit operand
  33:Generated_Source\PSoC5/RTD.c ****     *  op2: Unsigned 24-bit operand
  34:Generated_Source\PSoC5/RTD.c ****     *
  35:Generated_Source\PSoC5/RTD.c ****     * Return:
  36:Generated_Source\PSoC5/RTD.c ****     *  Signed 32-bit result of the math calculation
  37:Generated_Source\PSoC5/RTD.c ****     *
  38:Generated_Source\PSoC5/RTD.c ****     *******************************************************************************/
  39:Generated_Source\PSoC5/RTD.c ****     int32 RTD_MultShift24(int32 op1, uint32 op2) 
  40:Generated_Source\PSoC5/RTD.c ****     {
  28              		.loc 1 40 0
  29              		.cfi_startproc
  30              		@ args = 0, pretend = 0, frame = 0
  31              		@ frame_needed = 0, uses_anonymous_args = 0
  32              		@ link register save eliminated.
  33              	.LVL0:
  34 0000 30B4     		push	{r4, r5}
  35              		.cfi_def_cfa_offset 8
  36              		.cfi_offset 4, -8
  37              		.cfi_offset 5, -4
  38 0002 0B46     		mov	r3, r1
  39              	.LVL1:
  41:Generated_Source\PSoC5/RTD.c ****         int64 result=0;
  42:Generated_Source\PSoC5/RTD.c **** 
  43:Generated_Source\PSoC5/RTD.c ****         result = (int64)op1 * (int64)op2;
  40              		.loc 1 43 0
  41 0004 C517     		asrs	r5, r0, #31
  42 0006 A0FB0101 		umull	r0, r1, r0, r1
  43              	.LVL2:
  44 000a 03FB0511 		mla	r1, r3, r5, r1
  45              	.LVL3:
  44:Generated_Source\PSoC5/RTD.c ****         
  45:Generated_Source\PSoC5/RTD.c ****         if (result < 0)
  46              		.loc 1 45 0
  47 000e 0028     		cmp	r0, #0
  48 0010 71F10003 		sbcs	r3, r1, #0
  49              	.LVL4:
  50 0014 07DA     		bge	.L2
  46:Generated_Source\PSoC5/RTD.c ****         {
  47:Generated_Source\PSoC5/RTD.c ****             result = -result;
  51              		.loc 1 47 0
  52 0016 4042     		rsbs	r0, r0, #0
  53              	.LVL5:
  54 0018 61EB4101 		sbc	r1, r1, r1, lsl #1
  55              	.LVL6:
  48:Generated_Source\PSoC5/RTD.c ****             result = (int32)((uint32)((uint64)result >> RTD_24BIT_SHIFTING));
  56              		.loc 1 48 0
  57 001c 000E     		lsrs	r0, r0, #24
  58              	.LVL7:
  59 001e 40EA0120 		orr	r0, r0, r1, lsl #8
  60              	.LVL8:
  49:Generated_Source\PSoC5/RTD.c ****             result = -result;
  61              		.loc 1 49 0
  62 0022 4042     		rsbs	r0, r0, #0
  63              	.LVL9:
  64 0024 02E0     		b	.L3
  65              	.LVL10:
ARM GAS  C:\Users\HENRYH~1\AppData\Local\Temp\ccgkLV0P.s 			page 3


  66              	.L2:
  50:Generated_Source\PSoC5/RTD.c ****         }
  51:Generated_Source\PSoC5/RTD.c ****         else
  52:Generated_Source\PSoC5/RTD.c ****         {
  53:Generated_Source\PSoC5/RTD.c ****             result = (int32)((uint32)((uint64)result >> RTD_24BIT_SHIFTING));
  67              		.loc 1 53 0
  68 0026 000E     		lsrs	r0, r0, #24
  69              	.LVL11:
  70 0028 40EA0120 		orr	r0, r0, r1, lsl #8
  71              	.LVL12:
  72              	.L3:
  54:Generated_Source\PSoC5/RTD.c ****         }
  55:Generated_Source\PSoC5/RTD.c ****         return (result);
  56:Generated_Source\PSoC5/RTD.c ****     }
  73              		.loc 1 56 0
  74 002c 30BC     		pop	{r4, r5}
  75              		.cfi_restore 5
  76              		.cfi_restore 4
  77              		.cfi_def_cfa_offset 0
  78 002e 7047     		bx	lr
  79              		.cfi_endproc
  80              	.LFE0:
  81              		.size	RTD_MultShift24, .-RTD_MultShift24
  82              		.section	.text.RTD_GetTemperature,"ax",%progbits
  83              		.align	2
  84              		.global	RTD_GetTemperature
  85              		.thumb
  86              		.thumb_func
  87              		.type	RTD_GetTemperature, %function
  88              	RTD_GetTemperature:
  89              	.LFB1:
  57:Generated_Source\PSoC5/RTD.c **** #endif /* End (!CY_PSOC3) */
  58:Generated_Source\PSoC5/RTD.c **** 
  59:Generated_Source\PSoC5/RTD.c **** 
  60:Generated_Source\PSoC5/RTD.c **** /*******************************************************************************
  61:Generated_Source\PSoC5/RTD.c **** * Function Name: RTD_GetTemperature
  62:Generated_Source\PSoC5/RTD.c **** ********************************************************************************
  63:Generated_Source\PSoC5/RTD.c **** *
  64:Generated_Source\PSoC5/RTD.c **** * Summary:
  65:Generated_Source\PSoC5/RTD.c **** *  Calculates the temperature from RTD resistance.
  66:Generated_Source\PSoC5/RTD.c **** *
  67:Generated_Source\PSoC5/RTD.c **** * Parameters:
  68:Generated_Source\PSoC5/RTD.c **** *  res: Resistance in milliohms.
  69:Generated_Source\PSoC5/RTD.c **** *
  70:Generated_Source\PSoC5/RTD.c **** * Return:
  71:Generated_Source\PSoC5/RTD.c **** *  Temperature in 1/100ths degrees C.
  72:Generated_Source\PSoC5/RTD.c **** *
  73:Generated_Source\PSoC5/RTD.c **** *******************************************************************************/
  74:Generated_Source\PSoC5/RTD.c **** int32 RTD_GetTemperature(uint32 res) 
  75:Generated_Source\PSoC5/RTD.c **** 
  76:Generated_Source\PSoC5/RTD.c **** #if (CY_PSOC3)
  77:Generated_Source\PSoC5/RTD.c **** {
  78:Generated_Source\PSoC5/RTD.c **** 
  79:Generated_Source\PSoC5/RTD.c ****     /***************************************
  80:Generated_Source\PSoC5/RTD.c ****     *  Customizer Generated Coefficients
  81:Generated_Source\PSoC5/RTD.c ****     ***************************************/
  82:Generated_Source\PSoC5/RTD.c ****     const int32 CYCODE RTD_coeffPos[] = { -50250219, 252360369, 58213731 };
ARM GAS  C:\Users\HENRYH~1\AppData\Local\Temp\ccgkLV0P.s 			page 4


  83:Generated_Source\PSoC5/RTD.c ****     const int32 CYCODE RTD_coeffNeg[] = { -50308256, 252728554, 57843218 };
  84:Generated_Source\PSoC5/RTD.c **** 
  85:Generated_Source\PSoC5/RTD.c ****     uint8 i=0u;
  86:Generated_Source\PSoC5/RTD.c ****     float32 resNorm=0.0f;
  87:Generated_Source\PSoC5/RTD.c ****     float32 temp=0.0f;
  88:Generated_Source\PSoC5/RTD.c **** 
  89:Generated_Source\PSoC5/RTD.c ****     resNorm = (float32)res;
  90:Generated_Source\PSoC5/RTD.c **** 
  91:Generated_Source\PSoC5/RTD.c ****     if (((RTD_RTD_TYPE == (uint32)RTD__PT100) && (res > RTD_ZERO_VAL_PT100)) ||
  92:Generated_Source\PSoC5/RTD.c ****         ((RTD_RTD_TYPE == (uint32)RTD__PT500) && (res > RTD_ZERO_VAL_PT500)) ||
  93:Generated_Source\PSoC5/RTD.c ****         ((RTD_RTD_TYPE == (uint32)RTD__PT1000) && (res > RTD_ZERO_VAL_PT1000)))
  94:Generated_Source\PSoC5/RTD.c ****     {
  95:Generated_Source\PSoC5/RTD.c ****          /* Temperature above 0 degrees C */
  96:Generated_Source\PSoC5/RTD.c ****         for (i = RTD_ORDER_POS - 1u; i > 0u; i--)
  97:Generated_Source\PSoC5/RTD.c ****         {
  98:Generated_Source\PSoC5/RTD.c ****             temp = (RTD_coeffPos[i] + temp) * resNorm;
  99:Generated_Source\PSoC5/RTD.c ****         }
 100:Generated_Source\PSoC5/RTD.c ****         temp = temp + RTD_coeffPos[RTD_FIRST_EL_MAS];
 101:Generated_Source\PSoC5/RTD.c ****     }
 102:Generated_Source\PSoC5/RTD.c ****     else
 103:Generated_Source\PSoC5/RTD.c ****     {
 104:Generated_Source\PSoC5/RTD.c ****         /* Temperature below 0 degrees C */
 105:Generated_Source\PSoC5/RTD.c ****         for (i = RTD_ORDER_NEG - 1u; i > 0u; i--)
 106:Generated_Source\PSoC5/RTD.c ****         {
 107:Generated_Source\PSoC5/RTD.c ****             temp = (RTD_coeffNeg[i] + temp) * resNorm;
 108:Generated_Source\PSoC5/RTD.c ****         }
 109:Generated_Source\PSoC5/RTD.c ****         temp = temp + RTD_coeffNeg[RTD_FIRST_EL_MAS];
 110:Generated_Source\PSoC5/RTD.c ****     }
 111:Generated_Source\PSoC5/RTD.c ****     return ((int32)(temp));
 112:Generated_Source\PSoC5/RTD.c **** }
 113:Generated_Source\PSoC5/RTD.c **** #else
 114:Generated_Source\PSoC5/RTD.c **** {
  90              		.loc 1 114 0
  91              		.cfi_startproc
  92              		@ args = 0, pretend = 0, frame = 24
  93              		@ frame_needed = 0, uses_anonymous_args = 0
  94              	.LVL13:
  95 0000 30B5     		push	{r4, r5, lr}
  96              		.cfi_def_cfa_offset 12
  97              		.cfi_offset 4, -12
  98              		.cfi_offset 5, -8
  99              		.cfi_offset 14, -4
 100 0002 87B0     		sub	sp, sp, #28
 101              		.cfi_def_cfa_offset 40
 102 0004 0446     		mov	r4, r0
 115:Generated_Source\PSoC5/RTD.c ****     /***************************************
 116:Generated_Source\PSoC5/RTD.c ****     *  Customizer Generated Coefficients
 117:Generated_Source\PSoC5/RTD.c ****     ***************************************/
 118:Generated_Source\PSoC5/RTD.c ****     const int32 CYCODE RTD_coeffPos[] = { -50250219, 252360369, 58213731 };
 103              		.loc 1 118 0
 104 0006 1F4B     		ldr	r3, .L13
 105 0008 93E80700 		ldmia	r3, {r0, r1, r2}
 106              	.LVL14:
 107 000c 06AD     		add	r5, sp, #24
 108 000e 05E90700 		stmdb	r5, {r0, r1, r2}
 119:Generated_Source\PSoC5/RTD.c ****     const int32 CYCODE RTD_coeffNeg[] = { -50308256, 252728554, 57843218 };
 109              		.loc 1 119 0
ARM GAS  C:\Users\HENRYH~1\AppData\Local\Temp\ccgkLV0P.s 			page 5


 110 0012 0C33     		adds	r3, r3, #12
 111 0014 93E80700 		ldmia	r3, {r0, r1, r2}
 112 0018 8DE80700 		stmia	sp, {r0, r1, r2}
 113              	.LVL15:
 120:Generated_Source\PSoC5/RTD.c **** 
 121:Generated_Source\PSoC5/RTD.c ****     uint8 i;
 122:Generated_Source\PSoC5/RTD.c ****     int32 temp=0;
 123:Generated_Source\PSoC5/RTD.c **** 
 124:Generated_Source\PSoC5/RTD.c ****     if (((RTD_RTD_TYPE == (uint32)RTD__PT100) && (res > RTD_ZERO_VAL_PT100)) ||
 114              		.loc 1 124 0
 115 001c 1A4B     		ldr	r3, .L13+4
 116 001e 9C42     		cmp	r4, r3
 117 0020 17D9     		bls	.L6
 125:Generated_Source\PSoC5/RTD.c ****         ((RTD_RTD_TYPE == (uint32)RTD__PT500) && (res > RTD_ZERO_VAL_PT500)) ||
 126:Generated_Source\PSoC5/RTD.c ****         ((RTD_RTD_TYPE == (uint32)RTD__PT1000) && (res > RTD_ZERO_VAL_PT1000)))
 127:Generated_Source\PSoC5/RTD.c ****     {
 128:Generated_Source\PSoC5/RTD.c ****          /* Temperature above 0 degrees C */
 129:Generated_Source\PSoC5/RTD.c ****         res = res << (RTD_IN_NORMALIZATION - RTD_POS_INPUT_SCALE);
 118              		.loc 1 129 0
 119 0022 6501     		lsls	r5, r4, #5
 120              	.LVL16:
 122:Generated_Source\PSoC5/RTD.c **** 
 121              		.loc 1 122 0
 122 0024 0020     		movs	r0, #0
 130:Generated_Source\PSoC5/RTD.c **** 
 131:Generated_Source\PSoC5/RTD.c ****         for (i = RTD_ORDER_POS - 1u; i > 0u; i--)
 123              		.loc 1 131 0
 124 0026 0224     		movs	r4, #2
 125 0028 0AE0     		b	.L7
 126              	.LVL17:
 127              	.L8:
 132:Generated_Source\PSoC5/RTD.c ****         {
 133:Generated_Source\PSoC5/RTD.c ****             temp = RTD_MultShift24((RTD_coeffPos[i] + temp), res);
 128              		.loc 1 133 0 discriminator 3
 129 002a 06AB     		add	r3, sp, #24
 130 002c 03EB8403 		add	r3, r3, r4, lsl #2
 131 0030 53F80C3C 		ldr	r3, [r3, #-12]
 132 0034 2946     		mov	r1, r5
 133 0036 1844     		add	r0, r0, r3
 134              	.LVL18:
 135 0038 FFF7FEFF 		bl	RTD_MultShift24
 136              	.LVL19:
 131:Generated_Source\PSoC5/RTD.c ****         {
 137              		.loc 1 131 0 discriminator 3
 138 003c 013C     		subs	r4, r4, #1
 139              	.LVL20:
 140 003e E4B2     		uxtb	r4, r4
 141              	.LVL21:
 142              	.L7:
 131:Generated_Source\PSoC5/RTD.c ****         {
 143              		.loc 1 131 0 is_stmt 0 discriminator 1
 144 0040 002C     		cmp	r4, #0
 145 0042 F2D1     		bne	.L8
 134:Generated_Source\PSoC5/RTD.c ****         }
 135:Generated_Source\PSoC5/RTD.c ****         temp = (int32)((uint32)((uint64)(int32)(temp + RTD_coeffPos[RTD_FIRST_EL_MAS]) >> 
 146              		.loc 1 135 0 is_stmt 1
 147 0044 114B     		ldr	r3, .L13+8
ARM GAS  C:\Users\HENRYH~1\AppData\Local\Temp\ccgkLV0P.s 			page 6


 148 0046 0344     		add	r3, r3, r0
 149 0048 D917     		asrs	r1, r3, #31
 150 004a DB0A     		lsrs	r3, r3, #11
 151 004c 43EA4150 		orr	r0, r3, r1, lsl #21
 152              	.LVL22:
 153 0050 16E0     		b	.L9
 154              	.LVL23:
 155              	.L6:
 136:Generated_Source\PSoC5/RTD.c ****                        RTD_POS_COEFF_SCALE));
 137:Generated_Source\PSoC5/RTD.c ****     }
 138:Generated_Source\PSoC5/RTD.c **** 
 139:Generated_Source\PSoC5/RTD.c ****     else
 140:Generated_Source\PSoC5/RTD.c ****     {
 141:Generated_Source\PSoC5/RTD.c ****         /* Temperature below 0 degrees C */
 142:Generated_Source\PSoC5/RTD.c ****         res = res << (RTD_IN_NORMALIZATION - RTD_NEG_INPUT_SCALE);
 156              		.loc 1 142 0
 157 0052 6501     		lsls	r5, r4, #5
 158              	.LVL24:
 122:Generated_Source\PSoC5/RTD.c **** 
 159              		.loc 1 122 0
 160 0054 0020     		movs	r0, #0
 143:Generated_Source\PSoC5/RTD.c **** 
 144:Generated_Source\PSoC5/RTD.c ****         for (i = RTD_ORDER_NEG - 1u; i > 0u; i--)
 161              		.loc 1 144 0
 162 0056 0224     		movs	r4, #2
 163 0058 0AE0     		b	.L10
 164              	.LVL25:
 165              	.L11:
 145:Generated_Source\PSoC5/RTD.c ****         {
 146:Generated_Source\PSoC5/RTD.c ****             temp = RTD_MultShift24((RTD_coeffNeg[i] + temp), res);
 166              		.loc 1 146 0 discriminator 3
 167 005a 06AB     		add	r3, sp, #24
 168 005c 03EB8403 		add	r3, r3, r4, lsl #2
 169 0060 53F8183C 		ldr	r3, [r3, #-24]
 170 0064 2946     		mov	r1, r5
 171 0066 1844     		add	r0, r0, r3
 172              	.LVL26:
 173 0068 FFF7FEFF 		bl	RTD_MultShift24
 174              	.LVL27:
 144:Generated_Source\PSoC5/RTD.c ****         {
 175              		.loc 1 144 0 discriminator 3
 176 006c 013C     		subs	r4, r4, #1
 177              	.LVL28:
 178 006e E4B2     		uxtb	r4, r4
 179              	.LVL29:
 180              	.L10:
 144:Generated_Source\PSoC5/RTD.c ****         {
 181              		.loc 1 144 0 is_stmt 0 discriminator 1
 182 0070 002C     		cmp	r4, #0
 183 0072 F2D1     		bne	.L11
 147:Generated_Source\PSoC5/RTD.c ****         }
 148:Generated_Source\PSoC5/RTD.c **** 
 149:Generated_Source\PSoC5/RTD.c ****         temp = (int32)((uint32)((uint64)(int32)(temp + RTD_coeffNeg[RTD_FIRST_EL_MAS]) >> 
 184              		.loc 1 149 0 is_stmt 1
 185 0074 064B     		ldr	r3, .L13+12
 186 0076 0344     		add	r3, r3, r0
 187 0078 D917     		asrs	r1, r3, #31
ARM GAS  C:\Users\HENRYH~1\AppData\Local\Temp\ccgkLV0P.s 			page 7


 188 007a DB0A     		lsrs	r3, r3, #11
 189 007c 43EA4150 		orr	r0, r3, r1, lsl #21
 190              	.LVL30:
 191              	.L9:
 150:Generated_Source\PSoC5/RTD.c ****                        RTD_NEG_COEFF_SCALE));
 151:Generated_Source\PSoC5/RTD.c ****     }
 152:Generated_Source\PSoC5/RTD.c ****     return (temp);
 153:Generated_Source\PSoC5/RTD.c **** }
 192              		.loc 1 153 0
 193 0080 07B0     		add	sp, sp, #28
 194              		.cfi_def_cfa_offset 12
 195              		@ sp needed
 196 0082 30BD     		pop	{r4, r5, pc}
 197              	.LVL31:
 198              	.L14:
 199              		.align	2
 200              	.L13:
 201 0084 00000000 		.word	.LANCHOR0
 202 0088 A0860100 		.word	100000
 203 008c 153E01FD 		.word	-50250219
 204 0090 605B00FD 		.word	-50308256
 205              		.cfi_endproc
 206              	.LFE1:
 207              		.size	RTD_GetTemperature, .-RTD_GetTemperature
 208              		.section	.rodata
 209              		.align	2
 210              		.set	.LANCHOR0,. + 0
 211              	.LC0:
 212 0000 153E01FD 		.word	-50250219
 213 0004 B1B60A0F 		.word	252360369
 214 0008 63457803 		.word	58213731
 215              	.LC1:
 216 000c 605B00FD 		.word	-50308256
 217 0010 EA54100F 		.word	252728554
 218 0014 129E7203 		.word	57843218
 219              		.text
 220              	.Letext0:
 221              		.file 2 "Generated_Source\\PSoC5\\cytypes.h"
 222              		.section	.debug_info,"",%progbits
 223              	.Ldebug_info0:
 224 0000 B2010000 		.4byte	0x1b2
 225 0004 0400     		.2byte	0x4
 226 0006 00000000 		.4byte	.Ldebug_abbrev0
 227 000a 04       		.byte	0x4
 228 000b 01       		.uleb128 0x1
 229 000c 2E000000 		.4byte	.LASF25
 230 0010 0C       		.byte	0xc
 231 0011 9C010000 		.4byte	.LASF26
 232 0015 B9010000 		.4byte	.LASF27
 233 0019 00000000 		.4byte	.Ldebug_ranges0+0
 234 001d 00000000 		.4byte	0
 235 0021 00000000 		.4byte	.Ldebug_line0
 236 0025 02       		.uleb128 0x2
 237 0026 08       		.byte	0x8
 238 0027 07       		.byte	0x7
 239 0028 04010000 		.4byte	.LASF0
 240 002c 02       		.uleb128 0x2
ARM GAS  C:\Users\HENRYH~1\AppData\Local\Temp\ccgkLV0P.s 			page 8


 241 002d 04       		.byte	0x4
 242 002e 07       		.byte	0x7
 243 002f F7000000 		.4byte	.LASF1
 244 0033 03       		.uleb128 0x3
 245 0034 04       		.byte	0x4
 246 0035 05       		.byte	0x5
 247 0036 696E7400 		.ascii	"int\000"
 248 003a 02       		.uleb128 0x2
 249 003b 08       		.byte	0x8
 250 003c 05       		.byte	0x5
 251 003d 38010000 		.4byte	.LASF2
 252 0041 02       		.uleb128 0x2
 253 0042 08       		.byte	0x8
 254 0043 04       		.byte	0x4
 255 0044 84010000 		.4byte	.LASF3
 256 0048 02       		.uleb128 0x2
 257 0049 01       		.byte	0x1
 258 004a 06       		.byte	0x6
 259 004b 90010000 		.4byte	.LASF4
 260 004f 02       		.uleb128 0x2
 261 0050 01       		.byte	0x1
 262 0051 08       		.byte	0x8
 263 0052 20000000 		.4byte	.LASF5
 264 0056 02       		.uleb128 0x2
 265 0057 02       		.byte	0x2
 266 0058 05       		.byte	0x5
 267 0059 58010000 		.4byte	.LASF6
 268 005d 02       		.uleb128 0x2
 269 005e 02       		.byte	0x2
 270 005f 07       		.byte	0x7
 271 0060 07000000 		.4byte	.LASF7
 272 0064 02       		.uleb128 0x2
 273 0065 04       		.byte	0x4
 274 0066 05       		.byte	0x5
 275 0067 7B010000 		.4byte	.LASF8
 276 006b 02       		.uleb128 0x2
 277 006c 04       		.byte	0x4
 278 006d 07       		.byte	0x7
 279 006e BC000000 		.4byte	.LASF9
 280 0072 02       		.uleb128 0x2
 281 0073 04       		.byte	0x4
 282 0074 07       		.byte	0x7
 283 0075 2F010000 		.4byte	.LASF10
 284 0079 02       		.uleb128 0x2
 285 007a 01       		.byte	0x1
 286 007b 08       		.byte	0x8
 287 007c 53010000 		.4byte	.LASF11
 288 0080 04       		.uleb128 0x4
 289 0081 62010000 		.4byte	.LASF12
 290 0085 02       		.byte	0x2
 291 0086 E801     		.2byte	0x1e8
 292 0088 4F000000 		.4byte	0x4f
 293 008c 04       		.uleb128 0x4
 294 008d F0000000 		.4byte	.LASF13
 295 0091 02       		.byte	0x2
 296 0092 EA01     		.2byte	0x1ea
 297 0094 6B000000 		.4byte	0x6b
ARM GAS  C:\Users\HENRYH~1\AppData\Local\Temp\ccgkLV0P.s 			page 9


 298 0098 04       		.uleb128 0x4
 299 0099 D3000000 		.4byte	.LASF14
 300 009d 02       		.byte	0x2
 301 009e ED01     		.2byte	0x1ed
 302 00a0 64000000 		.4byte	0x64
 303 00a4 02       		.uleb128 0x2
 304 00a5 04       		.byte	0x4
 305 00a6 04       		.byte	0x4
 306 00a7 1A000000 		.4byte	.LASF15
 307 00ab 02       		.uleb128 0x2
 308 00ac 08       		.byte	0x8
 309 00ad 04       		.byte	0x4
 310 00ae D9000000 		.4byte	.LASF16
 311 00b2 04       		.uleb128 0x4
 312 00b3 08020000 		.4byte	.LASF17
 313 00b7 02       		.byte	0x2
 314 00b8 F301     		.2byte	0x1f3
 315 00ba 3A000000 		.4byte	0x3a
 316 00be 04       		.uleb128 0x4
 317 00bf 00000000 		.4byte	.LASF18
 318 00c3 02       		.byte	0x2
 319 00c4 F401     		.2byte	0x1f4
 320 00c6 25000000 		.4byte	0x25
 321 00ca 05       		.uleb128 0x5
 322 00cb E0000000 		.4byte	.LASF19
 323 00cf 01       		.byte	0x1
 324 00d0 27       		.byte	0x27
 325 00d1 98000000 		.4byte	0x98
 326 00d5 00000000 		.4byte	.LFB0
 327 00d9 30000000 		.4byte	.LFE0-.LFB0
 328 00dd 01       		.uleb128 0x1
 329 00de 9C       		.byte	0x9c
 330 00df 11010000 		.4byte	0x111
 331 00e3 06       		.uleb128 0x6
 332 00e4 6F703100 		.ascii	"op1\000"
 333 00e8 01       		.byte	0x1
 334 00e9 27       		.byte	0x27
 335 00ea 98000000 		.4byte	0x98
 336 00ee 00000000 		.4byte	.LLST0
 337 00f2 06       		.uleb128 0x6
 338 00f3 6F703200 		.ascii	"op2\000"
 339 00f7 01       		.byte	0x1
 340 00f8 27       		.byte	0x27
 341 00f9 8C000000 		.4byte	0x8c
 342 00fd 21000000 		.4byte	.LLST1
 343 0101 07       		.uleb128 0x7
 344 0102 1B010000 		.4byte	.LASF21
 345 0106 01       		.byte	0x1
 346 0107 29       		.byte	0x29
 347 0108 B2000000 		.4byte	0xb2
 348 010c 4D000000 		.4byte	.LLST2
 349 0110 00       		.byte	0
 350 0111 05       		.uleb128 0x5
 351 0112 68010000 		.4byte	.LASF20
 352 0116 01       		.byte	0x1
 353 0117 4A       		.byte	0x4a
 354 0118 98000000 		.4byte	0x98
ARM GAS  C:\Users\HENRYH~1\AppData\Local\Temp\ccgkLV0P.s 			page 10


 355 011c 00000000 		.4byte	.LFB1
 356 0120 94000000 		.4byte	.LFE1-.LFB1
 357 0124 01       		.uleb128 0x1
 358 0125 9C       		.byte	0x9c
 359 0126 96010000 		.4byte	0x196
 360 012a 06       		.uleb128 0x6
 361 012b 72657300 		.ascii	"res\000"
 362 012f 01       		.byte	0x1
 363 0130 4A       		.byte	0x4a
 364 0131 8C000000 		.4byte	0x8c
 365 0135 DE000000 		.4byte	.LLST3
 366 0139 08       		.uleb128 0x8
 367 013a 46010000 		.4byte	.LASF22
 368 013e 01       		.byte	0x1
 369 013f 76       		.byte	0x76
 370 0140 AB010000 		.4byte	0x1ab
 371 0144 02       		.uleb128 0x2
 372 0145 91       		.byte	0x91
 373 0146 64       		.sleb128 -28
 374 0147 08       		.uleb128 0x8
 375 0148 22010000 		.4byte	.LASF23
 376 014c 01       		.byte	0x1
 377 014d 77       		.byte	0x77
 378 014e B0010000 		.4byte	0x1b0
 379 0152 02       		.uleb128 0x2
 380 0153 91       		.byte	0x91
 381 0154 58       		.sleb128 -40
 382 0155 09       		.uleb128 0x9
 383 0156 6900     		.ascii	"i\000"
 384 0158 01       		.byte	0x1
 385 0159 79       		.byte	0x79
 386 015a 80000000 		.4byte	0x80
 387 015e 1D010000 		.4byte	.LLST4
 388 0162 07       		.uleb128 0x7
 389 0163 CE000000 		.4byte	.LASF24
 390 0167 01       		.byte	0x1
 391 0168 7A       		.byte	0x7a
 392 0169 98000000 		.4byte	0x98
 393 016d 69010000 		.4byte	.LLST5
 394 0171 0A       		.uleb128 0xa
 395 0172 3C000000 		.4byte	.LVL19
 396 0176 CA000000 		.4byte	0xca
 397 017a 85010000 		.4byte	0x185
 398 017e 0B       		.uleb128 0xb
 399 017f 01       		.uleb128 0x1
 400 0180 51       		.byte	0x51
 401 0181 02       		.uleb128 0x2
 402 0182 75       		.byte	0x75
 403 0183 00       		.sleb128 0
 404 0184 00       		.byte	0
 405 0185 0C       		.uleb128 0xc
 406 0186 6C000000 		.4byte	.LVL27
 407 018a CA000000 		.4byte	0xca
 408 018e 0B       		.uleb128 0xb
 409 018f 01       		.uleb128 0x1
 410 0190 51       		.byte	0x51
 411 0191 02       		.uleb128 0x2
ARM GAS  C:\Users\HENRYH~1\AppData\Local\Temp\ccgkLV0P.s 			page 11


 412 0192 75       		.byte	0x75
 413 0193 00       		.sleb128 0
 414 0194 00       		.byte	0
 415 0195 00       		.byte	0
 416 0196 0D       		.uleb128 0xd
 417 0197 A6010000 		.4byte	0x1a6
 418 019b A6010000 		.4byte	0x1a6
 419 019f 0E       		.uleb128 0xe
 420 01a0 72000000 		.4byte	0x72
 421 01a4 02       		.byte	0x2
 422 01a5 00       		.byte	0
 423 01a6 0F       		.uleb128 0xf
 424 01a7 98000000 		.4byte	0x98
 425 01ab 0F       		.uleb128 0xf
 426 01ac 96010000 		.4byte	0x196
 427 01b0 0F       		.uleb128 0xf
 428 01b1 96010000 		.4byte	0x196
 429 01b5 00       		.byte	0
 430              		.section	.debug_abbrev,"",%progbits
 431              	.Ldebug_abbrev0:
 432 0000 01       		.uleb128 0x1
 433 0001 11       		.uleb128 0x11
 434 0002 01       		.byte	0x1
 435 0003 25       		.uleb128 0x25
 436 0004 0E       		.uleb128 0xe
 437 0005 13       		.uleb128 0x13
 438 0006 0B       		.uleb128 0xb
 439 0007 03       		.uleb128 0x3
 440 0008 0E       		.uleb128 0xe
 441 0009 1B       		.uleb128 0x1b
 442 000a 0E       		.uleb128 0xe
 443 000b 55       		.uleb128 0x55
 444 000c 17       		.uleb128 0x17
 445 000d 11       		.uleb128 0x11
 446 000e 01       		.uleb128 0x1
 447 000f 10       		.uleb128 0x10
 448 0010 17       		.uleb128 0x17
 449 0011 00       		.byte	0
 450 0012 00       		.byte	0
 451 0013 02       		.uleb128 0x2
 452 0014 24       		.uleb128 0x24
 453 0015 00       		.byte	0
 454 0016 0B       		.uleb128 0xb
 455 0017 0B       		.uleb128 0xb
 456 0018 3E       		.uleb128 0x3e
 457 0019 0B       		.uleb128 0xb
 458 001a 03       		.uleb128 0x3
 459 001b 0E       		.uleb128 0xe
 460 001c 00       		.byte	0
 461 001d 00       		.byte	0
 462 001e 03       		.uleb128 0x3
 463 001f 24       		.uleb128 0x24
 464 0020 00       		.byte	0
 465 0021 0B       		.uleb128 0xb
 466 0022 0B       		.uleb128 0xb
 467 0023 3E       		.uleb128 0x3e
 468 0024 0B       		.uleb128 0xb
ARM GAS  C:\Users\HENRYH~1\AppData\Local\Temp\ccgkLV0P.s 			page 12


 469 0025 03       		.uleb128 0x3
 470 0026 08       		.uleb128 0x8
 471 0027 00       		.byte	0
 472 0028 00       		.byte	0
 473 0029 04       		.uleb128 0x4
 474 002a 16       		.uleb128 0x16
 475 002b 00       		.byte	0
 476 002c 03       		.uleb128 0x3
 477 002d 0E       		.uleb128 0xe
 478 002e 3A       		.uleb128 0x3a
 479 002f 0B       		.uleb128 0xb
 480 0030 3B       		.uleb128 0x3b
 481 0031 05       		.uleb128 0x5
 482 0032 49       		.uleb128 0x49
 483 0033 13       		.uleb128 0x13
 484 0034 00       		.byte	0
 485 0035 00       		.byte	0
 486 0036 05       		.uleb128 0x5
 487 0037 2E       		.uleb128 0x2e
 488 0038 01       		.byte	0x1
 489 0039 3F       		.uleb128 0x3f
 490 003a 19       		.uleb128 0x19
 491 003b 03       		.uleb128 0x3
 492 003c 0E       		.uleb128 0xe
 493 003d 3A       		.uleb128 0x3a
 494 003e 0B       		.uleb128 0xb
 495 003f 3B       		.uleb128 0x3b
 496 0040 0B       		.uleb128 0xb
 497 0041 27       		.uleb128 0x27
 498 0042 19       		.uleb128 0x19
 499 0043 49       		.uleb128 0x49
 500 0044 13       		.uleb128 0x13
 501 0045 11       		.uleb128 0x11
 502 0046 01       		.uleb128 0x1
 503 0047 12       		.uleb128 0x12
 504 0048 06       		.uleb128 0x6
 505 0049 40       		.uleb128 0x40
 506 004a 18       		.uleb128 0x18
 507 004b 9742     		.uleb128 0x2117
 508 004d 19       		.uleb128 0x19
 509 004e 01       		.uleb128 0x1
 510 004f 13       		.uleb128 0x13
 511 0050 00       		.byte	0
 512 0051 00       		.byte	0
 513 0052 06       		.uleb128 0x6
 514 0053 05       		.uleb128 0x5
 515 0054 00       		.byte	0
 516 0055 03       		.uleb128 0x3
 517 0056 08       		.uleb128 0x8
 518 0057 3A       		.uleb128 0x3a
 519 0058 0B       		.uleb128 0xb
 520 0059 3B       		.uleb128 0x3b
 521 005a 0B       		.uleb128 0xb
 522 005b 49       		.uleb128 0x49
 523 005c 13       		.uleb128 0x13
 524 005d 02       		.uleb128 0x2
 525 005e 17       		.uleb128 0x17
ARM GAS  C:\Users\HENRYH~1\AppData\Local\Temp\ccgkLV0P.s 			page 13


 526 005f 00       		.byte	0
 527 0060 00       		.byte	0
 528 0061 07       		.uleb128 0x7
 529 0062 34       		.uleb128 0x34
 530 0063 00       		.byte	0
 531 0064 03       		.uleb128 0x3
 532 0065 0E       		.uleb128 0xe
 533 0066 3A       		.uleb128 0x3a
 534 0067 0B       		.uleb128 0xb
 535 0068 3B       		.uleb128 0x3b
 536 0069 0B       		.uleb128 0xb
 537 006a 49       		.uleb128 0x49
 538 006b 13       		.uleb128 0x13
 539 006c 02       		.uleb128 0x2
 540 006d 17       		.uleb128 0x17
 541 006e 00       		.byte	0
 542 006f 00       		.byte	0
 543 0070 08       		.uleb128 0x8
 544 0071 34       		.uleb128 0x34
 545 0072 00       		.byte	0
 546 0073 03       		.uleb128 0x3
 547 0074 0E       		.uleb128 0xe
 548 0075 3A       		.uleb128 0x3a
 549 0076 0B       		.uleb128 0xb
 550 0077 3B       		.uleb128 0x3b
 551 0078 0B       		.uleb128 0xb
 552 0079 49       		.uleb128 0x49
 553 007a 13       		.uleb128 0x13
 554 007b 02       		.uleb128 0x2
 555 007c 18       		.uleb128 0x18
 556 007d 00       		.byte	0
 557 007e 00       		.byte	0
 558 007f 09       		.uleb128 0x9
 559 0080 34       		.uleb128 0x34
 560 0081 00       		.byte	0
 561 0082 03       		.uleb128 0x3
 562 0083 08       		.uleb128 0x8
 563 0084 3A       		.uleb128 0x3a
 564 0085 0B       		.uleb128 0xb
 565 0086 3B       		.uleb128 0x3b
 566 0087 0B       		.uleb128 0xb
 567 0088 49       		.uleb128 0x49
 568 0089 13       		.uleb128 0x13
 569 008a 02       		.uleb128 0x2
 570 008b 17       		.uleb128 0x17
 571 008c 00       		.byte	0
 572 008d 00       		.byte	0
 573 008e 0A       		.uleb128 0xa
 574 008f 898201   		.uleb128 0x4109
 575 0092 01       		.byte	0x1
 576 0093 11       		.uleb128 0x11
 577 0094 01       		.uleb128 0x1
 578 0095 31       		.uleb128 0x31
 579 0096 13       		.uleb128 0x13
 580 0097 01       		.uleb128 0x1
 581 0098 13       		.uleb128 0x13
 582 0099 00       		.byte	0
ARM GAS  C:\Users\HENRYH~1\AppData\Local\Temp\ccgkLV0P.s 			page 14


 583 009a 00       		.byte	0
 584 009b 0B       		.uleb128 0xb
 585 009c 8A8201   		.uleb128 0x410a
 586 009f 00       		.byte	0
 587 00a0 02       		.uleb128 0x2
 588 00a1 18       		.uleb128 0x18
 589 00a2 9142     		.uleb128 0x2111
 590 00a4 18       		.uleb128 0x18
 591 00a5 00       		.byte	0
 592 00a6 00       		.byte	0
 593 00a7 0C       		.uleb128 0xc
 594 00a8 898201   		.uleb128 0x4109
 595 00ab 01       		.byte	0x1
 596 00ac 11       		.uleb128 0x11
 597 00ad 01       		.uleb128 0x1
 598 00ae 31       		.uleb128 0x31
 599 00af 13       		.uleb128 0x13
 600 00b0 00       		.byte	0
 601 00b1 00       		.byte	0
 602 00b2 0D       		.uleb128 0xd
 603 00b3 01       		.uleb128 0x1
 604 00b4 01       		.byte	0x1
 605 00b5 49       		.uleb128 0x49
 606 00b6 13       		.uleb128 0x13
 607 00b7 01       		.uleb128 0x1
 608 00b8 13       		.uleb128 0x13
 609 00b9 00       		.byte	0
 610 00ba 00       		.byte	0
 611 00bb 0E       		.uleb128 0xe
 612 00bc 21       		.uleb128 0x21
 613 00bd 00       		.byte	0
 614 00be 49       		.uleb128 0x49
 615 00bf 13       		.uleb128 0x13
 616 00c0 2F       		.uleb128 0x2f
 617 00c1 0B       		.uleb128 0xb
 618 00c2 00       		.byte	0
 619 00c3 00       		.byte	0
 620 00c4 0F       		.uleb128 0xf
 621 00c5 26       		.uleb128 0x26
 622 00c6 00       		.byte	0
 623 00c7 49       		.uleb128 0x49
 624 00c8 13       		.uleb128 0x13
 625 00c9 00       		.byte	0
 626 00ca 00       		.byte	0
 627 00cb 00       		.byte	0
 628              		.section	.debug_loc,"",%progbits
 629              	.Ldebug_loc0:
 630              	.LLST0:
 631 0000 00000000 		.4byte	.LVL0
 632 0004 0A000000 		.4byte	.LVL2
 633 0008 0100     		.2byte	0x1
 634 000a 50       		.byte	0x50
 635 000b 0A000000 		.4byte	.LVL2
 636 000f 30000000 		.4byte	.LFE0
 637 0013 0400     		.2byte	0x4
 638 0015 F3       		.byte	0xf3
 639 0016 01       		.uleb128 0x1
ARM GAS  C:\Users\HENRYH~1\AppData\Local\Temp\ccgkLV0P.s 			page 15


 640 0017 50       		.byte	0x50
 641 0018 9F       		.byte	0x9f
 642 0019 00000000 		.4byte	0
 643 001d 00000000 		.4byte	0
 644              	.LLST1:
 645 0021 00000000 		.4byte	.LVL0
 646 0025 0E000000 		.4byte	.LVL3
 647 0029 0100     		.2byte	0x1
 648 002b 51       		.byte	0x51
 649 002c 0E000000 		.4byte	.LVL3
 650 0030 14000000 		.4byte	.LVL4
 651 0034 0100     		.2byte	0x1
 652 0036 53       		.byte	0x53
 653 0037 14000000 		.4byte	.LVL4
 654 003b 30000000 		.4byte	.LFE0
 655 003f 0400     		.2byte	0x4
 656 0041 F3       		.byte	0xf3
 657 0042 01       		.uleb128 0x1
 658 0043 51       		.byte	0x51
 659 0044 9F       		.byte	0x9f
 660 0045 00000000 		.4byte	0
 661 0049 00000000 		.4byte	0
 662              	.LLST2:
 663 004d 04000000 		.4byte	.LVL1
 664 0051 0E000000 		.4byte	.LVL3
 665 0055 0A00     		.2byte	0xa
 666 0057 9E       		.byte	0x9e
 667 0058 08       		.uleb128 0x8
 668 0059 00000000 		.8byte	0
 668      00000000 
 669 0061 0E000000 		.4byte	.LVL3
 670 0065 18000000 		.4byte	.LVL5
 671 0069 0600     		.2byte	0x6
 672 006b 50       		.byte	0x50
 673 006c 93       		.byte	0x93
 674 006d 04       		.uleb128 0x4
 675 006e 51       		.byte	0x51
 676 006f 93       		.byte	0x93
 677 0070 04       		.uleb128 0x4
 678 0071 18000000 		.4byte	.LVL5
 679 0075 1C000000 		.4byte	.LVL6
 680 0079 1000     		.2byte	0x10
 681 007b F3       		.byte	0xf3
 682 007c 01       		.uleb128 0x1
 683 007d 50       		.byte	0x50
 684 007e F7       		.byte	0xf7
 685 007f 2C       		.uleb128 0x2c
 686 0080 F7       		.byte	0xf7
 687 0081 25       		.uleb128 0x25
 688 0082 F3       		.byte	0xf3
 689 0083 01       		.uleb128 0x1
 690 0084 51       		.byte	0x51
 691 0085 F7       		.byte	0xf7
 692 0086 2C       		.uleb128 0x2c
 693 0087 F7       		.byte	0xf7
 694 0088 25       		.uleb128 0x25
 695 0089 1E       		.byte	0x1e
ARM GAS  C:\Users\HENRYH~1\AppData\Local\Temp\ccgkLV0P.s 			page 16


 696 008a 9F       		.byte	0x9f
 697 008b 1C000000 		.4byte	.LVL6
 698 008f 1E000000 		.4byte	.LVL7
 699 0093 0600     		.2byte	0x6
 700 0095 50       		.byte	0x50
 701 0096 93       		.byte	0x93
 702 0097 04       		.uleb128 0x4
 703 0098 51       		.byte	0x51
 704 0099 93       		.byte	0x93
 705 009a 04       		.uleb128 0x4
 706 009b 22000000 		.4byte	.LVL8
 707 009f 24000000 		.4byte	.LVL9
 708 00a3 0700     		.2byte	0x7
 709 00a5 70       		.byte	0x70
 710 00a6 00       		.sleb128 0
 711 00a7 F7       		.byte	0xf7
 712 00a8 33       		.uleb128 0x33
 713 00a9 F7       		.byte	0xf7
 714 00aa 25       		.uleb128 0x25
 715 00ab 9F       		.byte	0x9f
 716 00ac 26000000 		.4byte	.LVL10
 717 00b0 28000000 		.4byte	.LVL11
 718 00b4 0600     		.2byte	0x6
 719 00b6 50       		.byte	0x50
 720 00b7 93       		.byte	0x93
 721 00b8 04       		.uleb128 0x4
 722 00b9 51       		.byte	0x51
 723 00ba 93       		.byte	0x93
 724 00bb 04       		.uleb128 0x4
 725 00bc 28000000 		.4byte	.LVL11
 726 00c0 2C000000 		.4byte	.LVL12
 727 00c4 1000     		.2byte	0x10
 728 00c6 F3       		.byte	0xf3
 729 00c7 01       		.uleb128 0x1
 730 00c8 50       		.byte	0x50
 731 00c9 F7       		.byte	0xf7
 732 00ca 2C       		.uleb128 0x2c
 733 00cb F7       		.byte	0xf7
 734 00cc 25       		.uleb128 0x25
 735 00cd F3       		.byte	0xf3
 736 00ce 01       		.uleb128 0x1
 737 00cf 51       		.byte	0x51
 738 00d0 F7       		.byte	0xf7
 739 00d1 2C       		.uleb128 0x2c
 740 00d2 F7       		.byte	0xf7
 741 00d3 25       		.uleb128 0x25
 742 00d4 1E       		.byte	0x1e
 743 00d5 9F       		.byte	0x9f
 744 00d6 00000000 		.4byte	0
 745 00da 00000000 		.4byte	0
 746              	.LLST3:
 747 00de 00000000 		.4byte	.LVL13
 748 00e2 0C000000 		.4byte	.LVL14
 749 00e6 0100     		.2byte	0x1
 750 00e8 50       		.byte	0x50
 751 00e9 0C000000 		.4byte	.LVL14
 752 00ed 24000000 		.4byte	.LVL16
ARM GAS  C:\Users\HENRYH~1\AppData\Local\Temp\ccgkLV0P.s 			page 17


 753 00f1 0100     		.2byte	0x1
 754 00f3 54       		.byte	0x54
 755 00f4 24000000 		.4byte	.LVL16
 756 00f8 52000000 		.4byte	.LVL23
 757 00fc 0100     		.2byte	0x1
 758 00fe 55       		.byte	0x55
 759 00ff 52000000 		.4byte	.LVL23
 760 0103 54000000 		.4byte	.LVL24
 761 0107 0100     		.2byte	0x1
 762 0109 54       		.byte	0x54
 763 010a 54000000 		.4byte	.LVL24
 764 010e 84000000 		.4byte	.LVL31
 765 0112 0100     		.2byte	0x1
 766 0114 55       		.byte	0x55
 767 0115 00000000 		.4byte	0
 768 0119 00000000 		.4byte	0
 769              	.LLST4:
 770 011d 24000000 		.4byte	.LVL16
 771 0121 2A000000 		.4byte	.LVL17
 772 0125 0200     		.2byte	0x2
 773 0127 32       		.byte	0x32
 774 0128 9F       		.byte	0x9f
 775 0129 2A000000 		.4byte	.LVL17
 776 012d 3E000000 		.4byte	.LVL20
 777 0131 0100     		.2byte	0x1
 778 0133 54       		.byte	0x54
 779 0134 40000000 		.4byte	.LVL21
 780 0138 52000000 		.4byte	.LVL23
 781 013c 0100     		.2byte	0x1
 782 013e 54       		.byte	0x54
 783 013f 54000000 		.4byte	.LVL24
 784 0143 5A000000 		.4byte	.LVL25
 785 0147 0200     		.2byte	0x2
 786 0149 32       		.byte	0x32
 787 014a 9F       		.byte	0x9f
 788 014b 5A000000 		.4byte	.LVL25
 789 014f 6E000000 		.4byte	.LVL28
 790 0153 0100     		.2byte	0x1
 791 0155 54       		.byte	0x54
 792 0156 70000000 		.4byte	.LVL29
 793 015a 84000000 		.4byte	.LVL31
 794 015e 0100     		.2byte	0x1
 795 0160 54       		.byte	0x54
 796 0161 00000000 		.4byte	0
 797 0165 00000000 		.4byte	0
 798              	.LLST5:
 799 0169 1C000000 		.4byte	.LVL15
 800 016d 2A000000 		.4byte	.LVL17
 801 0171 0200     		.2byte	0x2
 802 0173 30       		.byte	0x30
 803 0174 9F       		.byte	0x9f
 804 0175 2A000000 		.4byte	.LVL17
 805 0179 38000000 		.4byte	.LVL18
 806 017d 0100     		.2byte	0x1
 807 017f 50       		.byte	0x50
 808 0180 3C000000 		.4byte	.LVL19
 809 0184 52000000 		.4byte	.LVL23
ARM GAS  C:\Users\HENRYH~1\AppData\Local\Temp\ccgkLV0P.s 			page 18


 810 0188 0100     		.2byte	0x1
 811 018a 50       		.byte	0x50
 812 018b 52000000 		.4byte	.LVL23
 813 018f 5A000000 		.4byte	.LVL25
 814 0193 0200     		.2byte	0x2
 815 0195 30       		.byte	0x30
 816 0196 9F       		.byte	0x9f
 817 0197 5A000000 		.4byte	.LVL25
 818 019b 68000000 		.4byte	.LVL26
 819 019f 0100     		.2byte	0x1
 820 01a1 50       		.byte	0x50
 821 01a2 6C000000 		.4byte	.LVL27
 822 01a6 94000000 		.4byte	.LFE1
 823 01aa 0100     		.2byte	0x1
 824 01ac 50       		.byte	0x50
 825 01ad 00000000 		.4byte	0
 826 01b1 00000000 		.4byte	0
 827              		.section	.debug_aranges,"",%progbits
 828 0000 24000000 		.4byte	0x24
 829 0004 0200     		.2byte	0x2
 830 0006 00000000 		.4byte	.Ldebug_info0
 831 000a 04       		.byte	0x4
 832 000b 00       		.byte	0
 833 000c 0000     		.2byte	0
 834 000e 0000     		.2byte	0
 835 0010 00000000 		.4byte	.LFB0
 836 0014 30000000 		.4byte	.LFE0-.LFB0
 837 0018 00000000 		.4byte	.LFB1
 838 001c 94000000 		.4byte	.LFE1-.LFB1
 839 0020 00000000 		.4byte	0
 840 0024 00000000 		.4byte	0
 841              		.section	.debug_ranges,"",%progbits
 842              	.Ldebug_ranges0:
 843 0000 00000000 		.4byte	.LFB0
 844 0004 30000000 		.4byte	.LFE0
 845 0008 00000000 		.4byte	.LFB1
 846 000c 94000000 		.4byte	.LFE1
 847 0010 00000000 		.4byte	0
 848 0014 00000000 		.4byte	0
 849              		.section	.debug_line,"",%progbits
 850              	.Ldebug_line0:
 851 0000 A2000000 		.section	.debug_str,"MS",%progbits,1
 851      02004000 
 851      00000201 
 851      FB0E0D00 
 851      01010101 
 852              	.LASF18:
 853 0000 75696E74 		.ascii	"uint64\000"
 853      363400
 854              	.LASF7:
 855 0007 73686F72 		.ascii	"short unsigned int\000"
 855      7420756E 
 855      7369676E 
 855      65642069 
 855      6E7400
 856              	.LASF15:
 857 001a 666C6F61 		.ascii	"float\000"
ARM GAS  C:\Users\HENRYH~1\AppData\Local\Temp\ccgkLV0P.s 			page 19


 857      7400
 858              	.LASF5:
 859 0020 756E7369 		.ascii	"unsigned char\000"
 859      676E6564 
 859      20636861 
 859      7200
 860              	.LASF25:
 861 002e 474E5520 		.ascii	"GNU C11 5.4.1 20160609 (release) [ARM/embedded-5-br"
 861      43313120 
 861      352E342E 
 861      31203230 
 861      31363036 
 862 0061 616E6368 		.ascii	"anch revision 237715] -mcpu=cortex-m3 -mthumb -g -O"
 862      20726576 
 862      6973696F 
 862      6E203233 
 862      37373135 
 863 0094 67202D66 		.ascii	"g -ffunction-sections -ffat-lto-objects\000"
 863      66756E63 
 863      74696F6E 
 863      2D736563 
 863      74696F6E 
 864              	.LASF9:
 865 00bc 6C6F6E67 		.ascii	"long unsigned int\000"
 865      20756E73 
 865      69676E65 
 865      6420696E 
 865      7400
 866              	.LASF24:
 867 00ce 74656D70 		.ascii	"temp\000"
 867      00
 868              	.LASF14:
 869 00d3 696E7433 		.ascii	"int32\000"
 869      3200
 870              	.LASF16:
 871 00d9 646F7562 		.ascii	"double\000"
 871      6C6500
 872              	.LASF19:
 873 00e0 5254445F 		.ascii	"RTD_MultShift24\000"
 873      4D756C74 
 873      53686966 
 873      74323400 
 874              	.LASF13:
 875 00f0 75696E74 		.ascii	"uint32\000"
 875      333200
 876              	.LASF1:
 877 00f7 756E7369 		.ascii	"unsigned int\000"
 877      676E6564 
 877      20696E74 
 877      00
 878              	.LASF0:
 879 0104 6C6F6E67 		.ascii	"long long unsigned int\000"
 879      206C6F6E 
 879      6720756E 
 879      7369676E 
 879      65642069 
 880              	.LASF21:
ARM GAS  C:\Users\HENRYH~1\AppData\Local\Temp\ccgkLV0P.s 			page 20


 881 011b 72657375 		.ascii	"result\000"
 881      6C7400
 882              	.LASF23:
 883 0122 5254445F 		.ascii	"RTD_coeffNeg\000"
 883      636F6566 
 883      664E6567 
 883      00
 884              	.LASF10:
 885 012f 73697A65 		.ascii	"sizetype\000"
 885      74797065 
 885      00
 886              	.LASF2:
 887 0138 6C6F6E67 		.ascii	"long long int\000"
 887      206C6F6E 
 887      6720696E 
 887      7400
 888              	.LASF22:
 889 0146 5254445F 		.ascii	"RTD_coeffPos\000"
 889      636F6566 
 889      66506F73 
 889      00
 890              	.LASF11:
 891 0153 63686172 		.ascii	"char\000"
 891      00
 892              	.LASF6:
 893 0158 73686F72 		.ascii	"short int\000"
 893      7420696E 
 893      7400
 894              	.LASF12:
 895 0162 75696E74 		.ascii	"uint8\000"
 895      3800
 896              	.LASF20:
 897 0168 5254445F 		.ascii	"RTD_GetTemperature\000"
 897      47657454 
 897      656D7065 
 897      72617475 
 897      726500
 898              	.LASF8:
 899 017b 6C6F6E67 		.ascii	"long int\000"
 899      20696E74 
 899      00
 900              	.LASF3:
 901 0184 6C6F6E67 		.ascii	"long double\000"
 901      20646F75 
 901      626C6500 
 902              	.LASF4:
 903 0190 7369676E 		.ascii	"signed char\000"
 903      65642063 
 903      68617200 
 904              	.LASF26:
 905 019c 47656E65 		.ascii	"Generated_Source\\PSoC5\\RTD.c\000"
 905      72617465 
 905      645F536F 
 905      75726365 
 905      5C50536F 
 906              	.LASF27:
 907 01b9 443A5C47 		.ascii	"D:\\GitHub\\Alumnos\\Sensores-actuadores\\Clase_4_T"
ARM GAS  C:\Users\HENRYH~1\AppData\Local\Temp\ccgkLV0P.s 			page 21


 907      69744875 
 907      625C416C 
 907      756D6E6F 
 907      735C5365 
 908 01e8 7261736D 		.ascii	"rasmisores\\1_Termopar\\RTD.cydsn\000"
 908      69736F72 
 908      65735C31 
 908      5F546572 
 908      6D6F7061 
 909              	.LASF17:
 910 0208 696E7436 		.ascii	"int64\000"
 910      3400
 911              		.ident	"GCC: (GNU Tools for ARM Embedded Processors) 5.4.1 20160609 (release) [ARM/embedded-5-bran
