ARM GAS  C:\Users\HENRYH~1\AppData\Local\Temp\ccgR0E5L.s 			page 1


   1              		.syntax unified
   2              		.cpu cortex-m3
   3              		.fpu softvfp
   4              		.eabi_attribute 20, 1
   5              		.eabi_attribute 21, 1
   6              		.eabi_attribute 23, 3
   7              		.eabi_attribute 24, 1
   8              		.eabi_attribute 25, 1
   9              		.eabi_attribute 26, 1
  10              		.eabi_attribute 30, 1
  11              		.eabi_attribute 34, 1
  12              		.eabi_attribute 18, 4
  13              		.thumb
  14              		.syntax unified
  15              		.file	"ADC_SAR_INT.c"
  16              		.text
  17              	.Ltext0:
  18              		.cfi_sections	.debug_frame
  19              		.section	.text.ADC_SAR_ISR,"ax",%progbits
  20              		.align	2
  21              		.global	ADC_SAR_ISR
  22              		.thumb
  23              		.thumb_func
  24              		.type	ADC_SAR_ISR, %function
  25              	ADC_SAR_ISR:
  26              	.LFB0:
  27              		.file 1 "Generated_Source\\PSoC5\\ADC_SAR_INT.c"
   1:Generated_Source\PSoC5/ADC_SAR_INT.c **** /*******************************************************************************
   2:Generated_Source\PSoC5/ADC_SAR_INT.c **** * File Name: ADC_SAR_INT.c
   3:Generated_Source\PSoC5/ADC_SAR_INT.c **** * Version 3.10
   4:Generated_Source\PSoC5/ADC_SAR_INT.c **** *
   5:Generated_Source\PSoC5/ADC_SAR_INT.c **** *  Description:
   6:Generated_Source\PSoC5/ADC_SAR_INT.c **** *    This file contains the code that operates during the ADC_SAR interrupt
   7:Generated_Source\PSoC5/ADC_SAR_INT.c **** *    service routine.
   8:Generated_Source\PSoC5/ADC_SAR_INT.c **** *
   9:Generated_Source\PSoC5/ADC_SAR_INT.c **** *   Note:
  10:Generated_Source\PSoC5/ADC_SAR_INT.c **** *
  11:Generated_Source\PSoC5/ADC_SAR_INT.c **** ********************************************************************************
  12:Generated_Source\PSoC5/ADC_SAR_INT.c **** * Copyright 2008-2015, Cypress Semiconductor Corporation.  All rights reserved.
  13:Generated_Source\PSoC5/ADC_SAR_INT.c **** * You may use this file only in accordance with the license, terms, conditions,
  14:Generated_Source\PSoC5/ADC_SAR_INT.c **** * disclaimers, and limitations in the end user license agreement accompanying
  15:Generated_Source\PSoC5/ADC_SAR_INT.c **** * the software package with which this file was provided.
  16:Generated_Source\PSoC5/ADC_SAR_INT.c **** *******************************************************************************/
  17:Generated_Source\PSoC5/ADC_SAR_INT.c **** 
  18:Generated_Source\PSoC5/ADC_SAR_INT.c **** #include "ADC_SAR.h"
  19:Generated_Source\PSoC5/ADC_SAR_INT.c **** #include "cyapicallbacks.h"
  20:Generated_Source\PSoC5/ADC_SAR_INT.c **** 
  21:Generated_Source\PSoC5/ADC_SAR_INT.c **** 
  22:Generated_Source\PSoC5/ADC_SAR_INT.c **** /******************************************************************************
  23:Generated_Source\PSoC5/ADC_SAR_INT.c **** * Custom Declarations and Variables
  24:Generated_Source\PSoC5/ADC_SAR_INT.c **** * - add user inlcude files, prototypes and variables between the following
  25:Generated_Source\PSoC5/ADC_SAR_INT.c **** *   #START and #END tags
  26:Generated_Source\PSoC5/ADC_SAR_INT.c **** ******************************************************************************/
  27:Generated_Source\PSoC5/ADC_SAR_INT.c **** /* `#START ADC_SYS_VAR`  */
  28:Generated_Source\PSoC5/ADC_SAR_INT.c **** 
  29:Generated_Source\PSoC5/ADC_SAR_INT.c **** /* `#END`  */
  30:Generated_Source\PSoC5/ADC_SAR_INT.c **** 
ARM GAS  C:\Users\HENRYH~1\AppData\Local\Temp\ccgR0E5L.s 			page 2


  31:Generated_Source\PSoC5/ADC_SAR_INT.c **** #if(ADC_SAR_IRQ_REMOVE == 0u)
  32:Generated_Source\PSoC5/ADC_SAR_INT.c **** 
  33:Generated_Source\PSoC5/ADC_SAR_INT.c **** 
  34:Generated_Source\PSoC5/ADC_SAR_INT.c ****     /******************************************************************************
  35:Generated_Source\PSoC5/ADC_SAR_INT.c ****     * Function Name: ADC_SAR_ISR
  36:Generated_Source\PSoC5/ADC_SAR_INT.c ****     *******************************************************************************
  37:Generated_Source\PSoC5/ADC_SAR_INT.c ****     *
  38:Generated_Source\PSoC5/ADC_SAR_INT.c ****     * Summary:
  39:Generated_Source\PSoC5/ADC_SAR_INT.c ****     *  Handle Interrupt Service Routine.
  40:Generated_Source\PSoC5/ADC_SAR_INT.c ****     *
  41:Generated_Source\PSoC5/ADC_SAR_INT.c ****     * Parameters:
  42:Generated_Source\PSoC5/ADC_SAR_INT.c ****     *  None.
  43:Generated_Source\PSoC5/ADC_SAR_INT.c ****     *
  44:Generated_Source\PSoC5/ADC_SAR_INT.c ****     * Return:
  45:Generated_Source\PSoC5/ADC_SAR_INT.c ****     *  None.
  46:Generated_Source\PSoC5/ADC_SAR_INT.c ****     *
  47:Generated_Source\PSoC5/ADC_SAR_INT.c ****     * Reentrant:
  48:Generated_Source\PSoC5/ADC_SAR_INT.c ****     *  No.
  49:Generated_Source\PSoC5/ADC_SAR_INT.c ****     *
  50:Generated_Source\PSoC5/ADC_SAR_INT.c ****     ******************************************************************************/
  51:Generated_Source\PSoC5/ADC_SAR_INT.c ****     CY_ISR( ADC_SAR_ISR )
  52:Generated_Source\PSoC5/ADC_SAR_INT.c ****     {
  28              		.loc 1 52 0
  29              		.cfi_startproc
  30              		@ args = 0, pretend = 0, frame = 0
  31              		@ frame_needed = 0, uses_anonymous_args = 0
  32              		@ link register save eliminated.
  33 0000 7047     		bx	lr
  34              		.cfi_endproc
  35              	.LFE0:
  36              		.size	ADC_SAR_ISR, .-ADC_SAR_ISR
  37 0002 00BF     		.text
  38              	.Letext0:
  39              		.section	.debug_info,"",%progbits
  40              	.Ldebug_info0:
  41 0000 8E000000 		.4byte	0x8e
  42 0004 0400     		.2byte	0x4
  43 0006 00000000 		.4byte	.Ldebug_abbrev0
  44 000a 04       		.byte	0x4
  45 000b 01       		.uleb128 0x1
  46 000c 22000000 		.4byte	.LASF12
  47 0010 0C       		.byte	0xc
  48 0011 5B010000 		.4byte	.LASF13
  49 0015 0C010000 		.4byte	.LASF14
  50 0019 00000000 		.4byte	.Ldebug_ranges0+0
  51 001d 00000000 		.4byte	0
  52 0021 00000000 		.4byte	.Ldebug_line0
  53 0025 02       		.uleb128 0x2
  54 0026 01       		.byte	0x1
  55 0027 06       		.byte	0x6
  56 0028 93010000 		.4byte	.LASF0
  57 002c 02       		.uleb128 0x2
  58 002d 01       		.byte	0x1
  59 002e 08       		.byte	0x8
  60 002f 14000000 		.4byte	.LASF1
  61 0033 02       		.uleb128 0x2
  62 0034 02       		.byte	0x2
ARM GAS  C:\Users\HENRYH~1\AppData\Local\Temp\ccgR0E5L.s 			page 3


  63 0035 05       		.byte	0x5
  64 0036 80010000 		.4byte	.LASF2
  65 003a 02       		.uleb128 0x2
  66 003b 02       		.byte	0x2
  67 003c 07       		.byte	0x7
  68 003d C2000000 		.4byte	.LASF3
  69 0041 02       		.uleb128 0x2
  70 0042 04       		.byte	0x4
  71 0043 05       		.byte	0x5
  72 0044 8A010000 		.4byte	.LASF4
  73 0048 02       		.uleb128 0x2
  74 0049 04       		.byte	0x4
  75 004a 07       		.byte	0x7
  76 004b B0000000 		.4byte	.LASF5
  77 004f 02       		.uleb128 0x2
  78 0050 08       		.byte	0x8
  79 0051 05       		.byte	0x5
  80 0052 00000000 		.4byte	.LASF6
  81 0056 02       		.uleb128 0x2
  82 0057 08       		.byte	0x8
  83 0058 07       		.byte	0x7
  84 0059 E9000000 		.4byte	.LASF7
  85 005d 03       		.uleb128 0x3
  86 005e 04       		.byte	0x4
  87 005f 05       		.byte	0x5
  88 0060 696E7400 		.ascii	"int\000"
  89 0064 02       		.uleb128 0x2
  90 0065 04       		.byte	0x4
  91 0066 07       		.byte	0x7
  92 0067 DC000000 		.4byte	.LASF8
  93 006b 02       		.uleb128 0x2
  94 006c 04       		.byte	0x4
  95 006d 04       		.byte	0x4
  96 006e 0E000000 		.4byte	.LASF9
  97 0072 02       		.uleb128 0x2
  98 0073 08       		.byte	0x8
  99 0074 04       		.byte	0x4
 100 0075 D5000000 		.4byte	.LASF10
 101 0079 02       		.uleb128 0x2
 102 007a 01       		.byte	0x1
 103 007b 08       		.byte	0x8
 104 007c 56010000 		.4byte	.LASF11
 105 0080 04       		.uleb128 0x4
 106 0081 00010000 		.4byte	.LASF15
 107 0085 01       		.byte	0x1
 108 0086 33       		.byte	0x33
 109 0087 00000000 		.4byte	.LFB0
 110 008b 02000000 		.4byte	.LFE0-.LFB0
 111 008f 01       		.uleb128 0x1
 112 0090 9C       		.byte	0x9c
 113 0091 00       		.byte	0
 114              		.section	.debug_abbrev,"",%progbits
 115              	.Ldebug_abbrev0:
 116 0000 01       		.uleb128 0x1
 117 0001 11       		.uleb128 0x11
 118 0002 01       		.byte	0x1
 119 0003 25       		.uleb128 0x25
ARM GAS  C:\Users\HENRYH~1\AppData\Local\Temp\ccgR0E5L.s 			page 4


 120 0004 0E       		.uleb128 0xe
 121 0005 13       		.uleb128 0x13
 122 0006 0B       		.uleb128 0xb
 123 0007 03       		.uleb128 0x3
 124 0008 0E       		.uleb128 0xe
 125 0009 1B       		.uleb128 0x1b
 126 000a 0E       		.uleb128 0xe
 127 000b 55       		.uleb128 0x55
 128 000c 17       		.uleb128 0x17
 129 000d 11       		.uleb128 0x11
 130 000e 01       		.uleb128 0x1
 131 000f 10       		.uleb128 0x10
 132 0010 17       		.uleb128 0x17
 133 0011 00       		.byte	0
 134 0012 00       		.byte	0
 135 0013 02       		.uleb128 0x2
 136 0014 24       		.uleb128 0x24
 137 0015 00       		.byte	0
 138 0016 0B       		.uleb128 0xb
 139 0017 0B       		.uleb128 0xb
 140 0018 3E       		.uleb128 0x3e
 141 0019 0B       		.uleb128 0xb
 142 001a 03       		.uleb128 0x3
 143 001b 0E       		.uleb128 0xe
 144 001c 00       		.byte	0
 145 001d 00       		.byte	0
 146 001e 03       		.uleb128 0x3
 147 001f 24       		.uleb128 0x24
 148 0020 00       		.byte	0
 149 0021 0B       		.uleb128 0xb
 150 0022 0B       		.uleb128 0xb
 151 0023 3E       		.uleb128 0x3e
 152 0024 0B       		.uleb128 0xb
 153 0025 03       		.uleb128 0x3
 154 0026 08       		.uleb128 0x8
 155 0027 00       		.byte	0
 156 0028 00       		.byte	0
 157 0029 04       		.uleb128 0x4
 158 002a 2E       		.uleb128 0x2e
 159 002b 00       		.byte	0
 160 002c 3F       		.uleb128 0x3f
 161 002d 19       		.uleb128 0x19
 162 002e 03       		.uleb128 0x3
 163 002f 0E       		.uleb128 0xe
 164 0030 3A       		.uleb128 0x3a
 165 0031 0B       		.uleb128 0xb
 166 0032 3B       		.uleb128 0x3b
 167 0033 0B       		.uleb128 0xb
 168 0034 27       		.uleb128 0x27
 169 0035 19       		.uleb128 0x19
 170 0036 11       		.uleb128 0x11
 171 0037 01       		.uleb128 0x1
 172 0038 12       		.uleb128 0x12
 173 0039 06       		.uleb128 0x6
 174 003a 40       		.uleb128 0x40
 175 003b 18       		.uleb128 0x18
 176 003c 9742     		.uleb128 0x2117
ARM GAS  C:\Users\HENRYH~1\AppData\Local\Temp\ccgR0E5L.s 			page 5


 177 003e 19       		.uleb128 0x19
 178 003f 00       		.byte	0
 179 0040 00       		.byte	0
 180 0041 00       		.byte	0
 181              		.section	.debug_aranges,"",%progbits
 182 0000 1C000000 		.4byte	0x1c
 183 0004 0200     		.2byte	0x2
 184 0006 00000000 		.4byte	.Ldebug_info0
 185 000a 04       		.byte	0x4
 186 000b 00       		.byte	0
 187 000c 0000     		.2byte	0
 188 000e 0000     		.2byte	0
 189 0010 00000000 		.4byte	.LFB0
 190 0014 02000000 		.4byte	.LFE0-.LFB0
 191 0018 00000000 		.4byte	0
 192 001c 00000000 		.4byte	0
 193              		.section	.debug_ranges,"",%progbits
 194              	.Ldebug_ranges0:
 195 0000 00000000 		.4byte	.LFB0
 196 0004 02000000 		.4byte	.LFE0
 197 0008 00000000 		.4byte	0
 198 000c 00000000 		.4byte	0
 199              		.section	.debug_line,"",%progbits
 200              	.Ldebug_line0:
 201 0000 50000000 		.section	.debug_str,"MS",%progbits,1
 201      02003B00 
 201      00000201 
 201      FB0E0D00 
 201      01010101 
 202              	.LASF6:
 203 0000 6C6F6E67 		.ascii	"long long int\000"
 203      206C6F6E 
 203      6720696E 
 203      7400
 204              	.LASF9:
 205 000e 666C6F61 		.ascii	"float\000"
 205      7400
 206              	.LASF1:
 207 0014 756E7369 		.ascii	"unsigned char\000"
 207      676E6564 
 207      20636861 
 207      7200
 208              	.LASF12:
 209 0022 474E5520 		.ascii	"GNU C11 5.4.1 20160609 (release) [ARM/embedded-5-br"
 209      43313120 
 209      352E342E 
 209      31203230 
 209      31363036 
 210 0055 616E6368 		.ascii	"anch revision 237715] -mcpu=cortex-m3 -mthumb -g -O"
 210      20726576 
 210      6973696F 
 210      6E203233 
 210      37373135 
 211 0088 67202D66 		.ascii	"g -ffunction-sections -ffat-lto-objects\000"
 211      66756E63 
 211      74696F6E 
 211      2D736563 
ARM GAS  C:\Users\HENRYH~1\AppData\Local\Temp\ccgR0E5L.s 			page 6


 211      74696F6E 
 212              	.LASF5:
 213 00b0 6C6F6E67 		.ascii	"long unsigned int\000"
 213      20756E73 
 213      69676E65 
 213      6420696E 
 213      7400
 214              	.LASF3:
 215 00c2 73686F72 		.ascii	"short unsigned int\000"
 215      7420756E 
 215      7369676E 
 215      65642069 
 215      6E7400
 216              	.LASF10:
 217 00d5 646F7562 		.ascii	"double\000"
 217      6C6500
 218              	.LASF8:
 219 00dc 756E7369 		.ascii	"unsigned int\000"
 219      676E6564 
 219      20696E74 
 219      00
 220              	.LASF7:
 221 00e9 6C6F6E67 		.ascii	"long long unsigned int\000"
 221      206C6F6E 
 221      6720756E 
 221      7369676E 
 221      65642069 
 222              	.LASF15:
 223 0100 4144435F 		.ascii	"ADC_SAR_ISR\000"
 223      5341525F 
 223      49535200 
 224              	.LASF14:
 225 010c 433A5C55 		.ascii	"C:\\Users\\Henry Hernandez\\Documents\\PSoC Creator"
 225      73657273 
 225      5C48656E 
 225      72792048 
 225      65726E61 
 226 013b 5C456A65 		.ascii	"\\Ejemplo_3\\Ejemplo_3.cydsn\000"
 226      6D706C6F 
 226      5F335C45 
 226      6A656D70 
 226      6C6F5F33 
 227              	.LASF11:
 228 0156 63686172 		.ascii	"char\000"
 228      00
 229              	.LASF13:
 230 015b 47656E65 		.ascii	"Generated_Source\\PSoC5\\ADC_SAR_INT.c\000"
 230      72617465 
 230      645F536F 
 230      75726365 
 230      5C50536F 
 231              	.LASF2:
 232 0180 73686F72 		.ascii	"short int\000"
 232      7420696E 
 232      7400
 233              	.LASF4:
 234 018a 6C6F6E67 		.ascii	"long int\000"
ARM GAS  C:\Users\HENRYH~1\AppData\Local\Temp\ccgR0E5L.s 			page 7


 234      20696E74 
 234      00
 235              	.LASF0:
 236 0193 7369676E 		.ascii	"signed char\000"
 236      65642063 
 236      68617200 
 237              		.ident	"GCC: (GNU Tools for ARM Embedded Processors) 5.4.1 20160609 (release) [ARM/embedded-5-bran
