ARM GAS  C:\Users\HENRYH~1\AppData\Local\Temp\cc00HJau.s 			page 1


   1              		.syntax unified
   2              		.cpu cortex-m3
   3              		.fpu softvfp
   4              		.eabi_attribute 20, 1
   5              		.eabi_attribute 21, 1
   6              		.eabi_attribute 23, 3
   7              		.eabi_attribute 24, 1
   8              		.eabi_attribute 25, 1
   9              		.eabi_attribute 26, 1
  10              		.eabi_attribute 30, 1
  11              		.eabi_attribute 34, 1
  12              		.eabi_attribute 18, 4
  13              		.thumb
  14              		.syntax unified
  15              		.file	"cymetadata.c"
  16              		.text
  17              	.Ltext0:
  18              		.cfi_sections	.debug_frame
  19              		.global	cy_metadata
  20              		.global	cy_meta_flashprotect
  21              		.global	cy_meta_wonvl
  22              		.global	cy_meta_custnvl
  23              		.global	cy_meta_configecc
  24              		.section	.cyconfigecc,"a",%progbits
  25              		.align	2
  26              		.type	cy_meta_configecc, %object
  27              		.size	cy_meta_configecc, 96
  28              	cy_meta_configecc:
  29 0000 01       		.byte	1
  30 0001 07       		.byte	7
  31 0002 01       		.byte	1
  32 0003 40       		.byte	64
  33 0004 01       		.byte	1
  34 0005 09       		.byte	9
  35 0006 01       		.byte	1
  36 0007 40       		.byte	64
  37 0008 02       		.byte	2
  38 0009 40       		.byte	64
  39 000a 01       		.byte	1
  40 000b 40       		.byte	64
  41 000c 01       		.byte	1
  42 000d 41       		.byte	65
  43 000e 01       		.byte	1
  44 000f 40       		.byte	64
  45 0010 01       		.byte	1
  46 0011 42       		.byte	66
  47 0012 01       		.byte	1
  48 0013 40       		.byte	64
  49 0014 02       		.byte	2
  50 0015 43       		.byte	67
  51 0016 01       		.byte	1
  52 0017 40       		.byte	64
  53 0018 02       		.byte	2
  54 0019 46       		.byte	70
  55 001a 01       		.byte	1
  56 001b 40       		.byte	64
  57 001c 01       		.byte	1
ARM GAS  C:\Users\HENRYH~1\AppData\Local\Temp\cc00HJau.s 			page 2


  58 001d 47       		.byte	71
  59 001e 01       		.byte	1
  60 001f 40       		.byte	64
  61 0020 01       		.byte	1
  62 0021 51       		.byte	81
  63 0022 01       		.byte	1
  64 0023 40       		.byte	64
  65 0024 EE       		.byte	-18
  66 0025 04       		.byte	4
  67 0026 EE       		.byte	-18
  68 0027 04       		.byte	4
  69 0028 33       		.byte	51
  70 0029 20       		.byte	32
  71 002a CC       		.byte	-52
  72 002b 10       		.byte	16
  73 002c A7       		.byte	-89
  74 002d 20       		.byte	32
  75 002e A7       		.byte	-89
  76 002f 20       		.byte	32
  77 0030 AB       		.byte	-85
  78 0031 20       		.byte	32
  79 0032 EE       		.byte	-18
  80 0033 20       		.byte	32
  81 0034 1B       		.byte	27
  82 0035 04       		.byte	4
  83 0036 C6       		.byte	-58
  84 0037 08       		.byte	8
  85 0038 AB       		.byte	-85
  86 0039 04       		.byte	4
  87 003a 00       		.byte	0
  88 003b 03       		.byte	3
  89 003c 00       		.byte	0
  90 003d 0B       		.byte	11
  91 003e 0B       		.byte	11
  92 003f 00       		.byte	0
  93 0040 00       		.byte	0
  94 0041 00       		.byte	0
  95 0042 00       		.byte	0
  96 0043 00       		.byte	0
  97 0044 00       		.byte	0
  98 0045 7F       		.byte	127
  99 0046 7F       		.byte	127
 100 0047 00       		.byte	0
 101 0048 00       		.byte	0
 102 0049 00       		.byte	0
 103 004a 00       		.byte	0
 104 004b 00       		.byte	0
 105 004c 00       		.byte	0
 106 004d 00       		.byte	0
 107 004e 00       		.byte	0
 108 004f 00       		.byte	0
 109 0050 00       		.byte	0
 110 0051 00       		.byte	0
 111 0052 20       		.byte	32
 112 0053 00       		.byte	0
 113 0054 00       		.byte	0
 114 0055 00       		.byte	0
ARM GAS  C:\Users\HENRYH~1\AppData\Local\Temp\cc00HJau.s 			page 3


 115 0056 00       		.byte	0
 116 0057 00       		.byte	0
 117 0058 00       		.byte	0
 118 0059 00       		.byte	0
 119 005a 20       		.byte	32
 120 005b 00       		.byte	0
 121 005c 0E       		.byte	14
 122 005d 00       		.byte	0
 123 005e 18       		.byte	24
 124 005f 01       		.byte	1
 125              		.section	.cywolatch,"a",%progbits
 126              		.align	2
 127              		.type	cy_meta_wonvl, %object
 128              		.size	cy_meta_wonvl, 4
 129              	cy_meta_wonvl:
 130 0000 BC       		.byte	-68
 131 0001 90       		.byte	-112
 132 0002 AC       		.byte	-84
 133 0003 AF       		.byte	-81
 134              		.section	.cycustnvl,"a",%progbits
 135              		.align	2
 136              		.type	cy_meta_custnvl, %object
 137              		.size	cy_meta_custnvl, 4
 138              	cy_meta_custnvl:
 139 0000 00       		.byte	0
 140 0001 00       		.byte	0
 141 0002 40       		.byte	64
 142 0003 05       		.byte	5
 143              		.section	.cymeta,"a",%progbits
 144              		.align	2
 145              		.type	cy_metadata, %object
 146              		.size	cy_metadata, 12
 147              	cy_metadata:
 148 0000 00       		.byte	0
 149 0001 01       		.byte	1
 150 0002 2E       		.byte	46
 151 0003 12       		.byte	18
 152 0004 30       		.byte	48
 153 0005 69       		.byte	105
 154 0006 00       		.byte	0
 155 0007 01       		.byte	1
 156 0008 00       		.byte	0
 157 0009 00       		.byte	0
 158 000a 00       		.byte	0
 159 000b 00       		.byte	0
 160              		.section	.cyflashprotect,"a",%progbits
 161              		.align	2
 162              		.type	cy_meta_flashprotect, %object
 163              		.size	cy_meta_flashprotect, 256
 164              	cy_meta_flashprotect:
 165 0000 00000000 		.space	256
 165      00000000 
 165      00000000 
 165      00000000 
 165      00000000 
 166              		.text
 167              	.Letext0:
ARM GAS  C:\Users\HENRYH~1\AppData\Local\Temp\cc00HJau.s 			page 4


 168              		.file 1 "c:\\program files (x86)\\cypress\\psoc creator\\4.4\\psoc creator\\import\\gnu\\arm\\5.4.
 169              		.file 2 "c:\\program files (x86)\\cypress\\psoc creator\\4.4\\psoc creator\\import\\gnu\\arm\\5.4.
 170              		.file 3 "Generated_Source\\PSoC5\\cymetadata.c"
 171              		.section	.debug_info,"",%progbits
 172              	.Ldebug_info0:
 173 0000 30010000 		.4byte	0x130
 174 0004 0400     		.2byte	0x4
 175 0006 00000000 		.4byte	.Ldebug_abbrev0
 176 000a 04       		.byte	0x4
 177 000b 01       		.uleb128 0x1
 178 000c 32000000 		.4byte	.LASF17
 179 0010 0C       		.byte	0xc
 180 0011 C8010000 		.4byte	.LASF18
 181 0015 5F010000 		.4byte	.LASF19
 182 0019 00000000 		.4byte	.Ldebug_line0
 183 001d 02       		.uleb128 0x2
 184 001e 01       		.byte	0x1
 185 001f 06       		.byte	0x6
 186 0020 BC010000 		.4byte	.LASF0
 187 0024 03       		.uleb128 0x3
 188 0025 0E000000 		.4byte	.LASF9
 189 0029 01       		.byte	0x1
 190 002a 1D       		.byte	0x1d
 191 002b 2F000000 		.4byte	0x2f
 192 002f 02       		.uleb128 0x2
 193 0030 01       		.byte	0x1
 194 0031 08       		.byte	0x8
 195 0032 24000000 		.4byte	.LASF1
 196 0036 02       		.uleb128 0x2
 197 0037 02       		.byte	0x2
 198 0038 05       		.byte	0x5
 199 0039 A9010000 		.4byte	.LASF2
 200 003d 02       		.uleb128 0x2
 201 003e 02       		.byte	0x2
 202 003f 07       		.byte	0x7
 203 0040 D2000000 		.4byte	.LASF3
 204 0044 02       		.uleb128 0x2
 205 0045 04       		.byte	0x4
 206 0046 05       		.byte	0x5
 207 0047 B3010000 		.4byte	.LASF4
 208 004b 02       		.uleb128 0x2
 209 004c 04       		.byte	0x4
 210 004d 07       		.byte	0x7
 211 004e C0000000 		.4byte	.LASF5
 212 0052 02       		.uleb128 0x2
 213 0053 08       		.byte	0x8
 214 0054 05       		.byte	0x5
 215 0055 00000000 		.4byte	.LASF6
 216 0059 02       		.uleb128 0x2
 217 005a 08       		.byte	0x8
 218 005b 07       		.byte	0x7
 219 005c 14010000 		.4byte	.LASF7
 220 0060 04       		.uleb128 0x4
 221 0061 04       		.byte	0x4
 222 0062 05       		.byte	0x5
 223 0063 696E7400 		.ascii	"int\000"
 224 0067 02       		.uleb128 0x2
ARM GAS  C:\Users\HENRYH~1\AppData\Local\Temp\cc00HJau.s 			page 5


 225 0068 04       		.byte	0x4
 226 0069 07       		.byte	0x7
 227 006a 07010000 		.4byte	.LASF8
 228 006e 03       		.uleb128 0x3
 229 006f 2B010000 		.4byte	.LASF10
 230 0073 02       		.byte	0x2
 231 0074 18       		.byte	0x18
 232 0075 24000000 		.4byte	0x24
 233 0079 05       		.uleb128 0x5
 234 007a 90000000 		.4byte	0x90
 235 007e 89000000 		.4byte	0x89
 236 0082 06       		.uleb128 0x6
 237 0083 89000000 		.4byte	0x89
 238 0087 5F       		.byte	0x5f
 239 0088 00       		.byte	0
 240 0089 02       		.uleb128 0x2
 241 008a 04       		.byte	0x4
 242 008b 07       		.byte	0x7
 243 008c 56010000 		.4byte	.LASF11
 244 0090 07       		.uleb128 0x7
 245 0091 6E000000 		.4byte	0x6e
 246 0095 08       		.uleb128 0x8
 247 0096 F5000000 		.4byte	.LASF12
 248 009a 03       		.byte	0x3
 249 009b 1F       		.byte	0x1f
 250 009c A6000000 		.4byte	0xa6
 251 00a0 05       		.uleb128 0x5
 252 00a1 03       		.byte	0x3
 253 00a2 00000000 		.4byte	cy_meta_configecc
 254 00a6 07       		.uleb128 0x7
 255 00a7 79000000 		.4byte	0x79
 256 00ab 05       		.uleb128 0x5
 257 00ac 90000000 		.4byte	0x90
 258 00b0 BB000000 		.4byte	0xbb
 259 00b4 06       		.uleb128 0x6
 260 00b5 89000000 		.4byte	0x89
 261 00b9 03       		.byte	0x3
 262 00ba 00       		.byte	0
 263 00bb 08       		.uleb128 0x8
 264 00bc E5000000 		.4byte	.LASF13
 265 00c0 03       		.byte	0x3
 266 00c1 38       		.byte	0x38
 267 00c2 CC000000 		.4byte	0xcc
 268 00c6 05       		.uleb128 0x5
 269 00c7 03       		.byte	0x3
 270 00c8 00000000 		.4byte	cy_meta_custnvl
 271 00cc 07       		.uleb128 0x7
 272 00cd AB000000 		.4byte	0xab
 273 00d1 08       		.uleb128 0x8
 274 00d2 48010000 		.4byte	.LASF14
 275 00d6 03       		.byte	0x3
 276 00d7 46       		.byte	0x46
 277 00d8 E2000000 		.4byte	0xe2
 278 00dc 05       		.uleb128 0x5
 279 00dd 03       		.byte	0x3
 280 00de 00000000 		.4byte	cy_meta_wonvl
 281 00e2 07       		.uleb128 0x7
ARM GAS  C:\Users\HENRYH~1\AppData\Local\Temp\cc00HJau.s 			page 6


 282 00e3 AB000000 		.4byte	0xab
 283 00e7 05       		.uleb128 0x5
 284 00e8 90000000 		.4byte	0x90
 285 00ec F7000000 		.4byte	0xf7
 286 00f0 06       		.uleb128 0x6
 287 00f1 89000000 		.4byte	0x89
 288 00f5 FF       		.byte	0xff
 289 00f6 00       		.byte	0
 290 00f7 08       		.uleb128 0x8
 291 00f8 33010000 		.4byte	.LASF15
 292 00fc 03       		.byte	0x3
 293 00fd 54       		.byte	0x54
 294 00fe 08010000 		.4byte	0x108
 295 0102 05       		.uleb128 0x5
 296 0103 03       		.byte	0x3
 297 0104 00000000 		.4byte	cy_meta_flashprotect
 298 0108 07       		.uleb128 0x7
 299 0109 E7000000 		.4byte	0xe7
 300 010d 05       		.uleb128 0x5
 301 010e 90000000 		.4byte	0x90
 302 0112 1D010000 		.4byte	0x11d
 303 0116 06       		.uleb128 0x6
 304 0117 89000000 		.4byte	0x89
 305 011b 0B       		.byte	0xb
 306 011c 00       		.byte	0
 307 011d 08       		.uleb128 0x8
 308 011e 18000000 		.4byte	.LASF16
 309 0122 03       		.byte	0x3
 310 0123 81       		.byte	0x81
 311 0124 2E010000 		.4byte	0x12e
 312 0128 05       		.uleb128 0x5
 313 0129 03       		.byte	0x3
 314 012a 00000000 		.4byte	cy_metadata
 315 012e 07       		.uleb128 0x7
 316 012f 0D010000 		.4byte	0x10d
 317 0133 00       		.byte	0
 318              		.section	.debug_abbrev,"",%progbits
 319              	.Ldebug_abbrev0:
 320 0000 01       		.uleb128 0x1
 321 0001 11       		.uleb128 0x11
 322 0002 01       		.byte	0x1
 323 0003 25       		.uleb128 0x25
 324 0004 0E       		.uleb128 0xe
 325 0005 13       		.uleb128 0x13
 326 0006 0B       		.uleb128 0xb
 327 0007 03       		.uleb128 0x3
 328 0008 0E       		.uleb128 0xe
 329 0009 1B       		.uleb128 0x1b
 330 000a 0E       		.uleb128 0xe
 331 000b 10       		.uleb128 0x10
 332 000c 17       		.uleb128 0x17
 333 000d 00       		.byte	0
 334 000e 00       		.byte	0
 335 000f 02       		.uleb128 0x2
 336 0010 24       		.uleb128 0x24
 337 0011 00       		.byte	0
 338 0012 0B       		.uleb128 0xb
ARM GAS  C:\Users\HENRYH~1\AppData\Local\Temp\cc00HJau.s 			page 7


 339 0013 0B       		.uleb128 0xb
 340 0014 3E       		.uleb128 0x3e
 341 0015 0B       		.uleb128 0xb
 342 0016 03       		.uleb128 0x3
 343 0017 0E       		.uleb128 0xe
 344 0018 00       		.byte	0
 345 0019 00       		.byte	0
 346 001a 03       		.uleb128 0x3
 347 001b 16       		.uleb128 0x16
 348 001c 00       		.byte	0
 349 001d 03       		.uleb128 0x3
 350 001e 0E       		.uleb128 0xe
 351 001f 3A       		.uleb128 0x3a
 352 0020 0B       		.uleb128 0xb
 353 0021 3B       		.uleb128 0x3b
 354 0022 0B       		.uleb128 0xb
 355 0023 49       		.uleb128 0x49
 356 0024 13       		.uleb128 0x13
 357 0025 00       		.byte	0
 358 0026 00       		.byte	0
 359 0027 04       		.uleb128 0x4
 360 0028 24       		.uleb128 0x24
 361 0029 00       		.byte	0
 362 002a 0B       		.uleb128 0xb
 363 002b 0B       		.uleb128 0xb
 364 002c 3E       		.uleb128 0x3e
 365 002d 0B       		.uleb128 0xb
 366 002e 03       		.uleb128 0x3
 367 002f 08       		.uleb128 0x8
 368 0030 00       		.byte	0
 369 0031 00       		.byte	0
 370 0032 05       		.uleb128 0x5
 371 0033 01       		.uleb128 0x1
 372 0034 01       		.byte	0x1
 373 0035 49       		.uleb128 0x49
 374 0036 13       		.uleb128 0x13
 375 0037 01       		.uleb128 0x1
 376 0038 13       		.uleb128 0x13
 377 0039 00       		.byte	0
 378 003a 00       		.byte	0
 379 003b 06       		.uleb128 0x6
 380 003c 21       		.uleb128 0x21
 381 003d 00       		.byte	0
 382 003e 49       		.uleb128 0x49
 383 003f 13       		.uleb128 0x13
 384 0040 2F       		.uleb128 0x2f
 385 0041 0B       		.uleb128 0xb
 386 0042 00       		.byte	0
 387 0043 00       		.byte	0
 388 0044 07       		.uleb128 0x7
 389 0045 26       		.uleb128 0x26
 390 0046 00       		.byte	0
 391 0047 49       		.uleb128 0x49
 392 0048 13       		.uleb128 0x13
 393 0049 00       		.byte	0
 394 004a 00       		.byte	0
 395 004b 08       		.uleb128 0x8
ARM GAS  C:\Users\HENRYH~1\AppData\Local\Temp\cc00HJau.s 			page 8


 396 004c 34       		.uleb128 0x34
 397 004d 00       		.byte	0
 398 004e 03       		.uleb128 0x3
 399 004f 0E       		.uleb128 0xe
 400 0050 3A       		.uleb128 0x3a
 401 0051 0B       		.uleb128 0xb
 402 0052 3B       		.uleb128 0x3b
 403 0053 0B       		.uleb128 0xb
 404 0054 49       		.uleb128 0x49
 405 0055 13       		.uleb128 0x13
 406 0056 3F       		.uleb128 0x3f
 407 0057 19       		.uleb128 0x19
 408 0058 02       		.uleb128 0x2
 409 0059 18       		.uleb128 0x18
 410 005a 00       		.byte	0
 411 005b 00       		.byte	0
 412 005c 00       		.byte	0
 413              		.section	.debug_aranges,"",%progbits
 414 0000 14000000 		.4byte	0x14
 415 0004 0200     		.2byte	0x2
 416 0006 00000000 		.4byte	.Ldebug_info0
 417 000a 04       		.byte	0x4
 418 000b 00       		.byte	0
 419 000c 0000     		.2byte	0
 420 000e 0000     		.2byte	0
 421 0010 00000000 		.4byte	0
 422 0014 00000000 		.4byte	0
 423              		.section	.debug_line,"",%progbits
 424              	.Ldebug_line0:
 425 0000 3D010000 		.section	.debug_str,"MS",%progbits,1
 425      02003701 
 425      00000201 
 425      FB0E0D00 
 425      01010101 
 426              	.LASF6:
 427 0000 6C6F6E67 		.ascii	"long long int\000"
 427      206C6F6E 
 427      6720696E 
 427      7400
 428              	.LASF9:
 429 000e 5F5F7569 		.ascii	"__uint8_t\000"
 429      6E74385F 
 429      7400
 430              	.LASF16:
 431 0018 63795F6D 		.ascii	"cy_metadata\000"
 431      65746164 
 431      61746100 
 432              	.LASF1:
 433 0024 756E7369 		.ascii	"unsigned char\000"
 433      676E6564 
 433      20636861 
 433      7200
 434              	.LASF17:
 435 0032 474E5520 		.ascii	"GNU C11 5.4.1 20160609 (release) [ARM/embedded-5-br"
 435      43313120 
 435      352E342E 
 435      31203230 
ARM GAS  C:\Users\HENRYH~1\AppData\Local\Temp\cc00HJau.s 			page 9


 435      31363036 
 436 0065 616E6368 		.ascii	"anch revision 237715] -mcpu=cortex-m3 -mthumb -g -O"
 436      20726576 
 436      6973696F 
 436      6E203233 
 436      37373135 
 437 0098 67202D66 		.ascii	"g -ffunction-sections -ffat-lto-objects\000"
 437      66756E63 
 437      74696F6E 
 437      2D736563 
 437      74696F6E 
 438              	.LASF5:
 439 00c0 6C6F6E67 		.ascii	"long unsigned int\000"
 439      20756E73 
 439      69676E65 
 439      6420696E 
 439      7400
 440              	.LASF3:
 441 00d2 73686F72 		.ascii	"short unsigned int\000"
 441      7420756E 
 441      7369676E 
 441      65642069 
 441      6E7400
 442              	.LASF13:
 443 00e5 63795F6D 		.ascii	"cy_meta_custnvl\000"
 443      6574615F 
 443      63757374 
 443      6E766C00 
 444              	.LASF12:
 445 00f5 63795F6D 		.ascii	"cy_meta_configecc\000"
 445      6574615F 
 445      636F6E66 
 445      69676563 
 445      6300
 446              	.LASF8:
 447 0107 756E7369 		.ascii	"unsigned int\000"
 447      676E6564 
 447      20696E74 
 447      00
 448              	.LASF7:
 449 0114 6C6F6E67 		.ascii	"long long unsigned int\000"
 449      206C6F6E 
 449      6720756E 
 449      7369676E 
 449      65642069 
 450              	.LASF10:
 451 012b 75696E74 		.ascii	"uint8_t\000"
 451      385F7400 
 452              	.LASF15:
 453 0133 63795F6D 		.ascii	"cy_meta_flashprotect\000"
 453      6574615F 
 453      666C6173 
 453      6870726F 
 453      74656374 
 454              	.LASF14:
 455 0148 63795F6D 		.ascii	"cy_meta_wonvl\000"
 455      6574615F 
ARM GAS  C:\Users\HENRYH~1\AppData\Local\Temp\cc00HJau.s 			page 10


 455      776F6E76 
 455      6C00
 456              	.LASF11:
 457 0156 73697A65 		.ascii	"sizetype\000"
 457      74797065 
 457      00
 458              	.LASF19:
 459 015f 433A5C55 		.ascii	"C:\\Users\\Henry Hernandez\\Documents\\PSoC Creator"
 459      73657273 
 459      5C48656E 
 459      72792048 
 459      65726E61 
 460 018e 5C456A65 		.ascii	"\\Ejemplo_3\\Ejemplo_3.cydsn\000"
 460      6D706C6F 
 460      5F335C45 
 460      6A656D70 
 460      6C6F5F33 
 461              	.LASF2:
 462 01a9 73686F72 		.ascii	"short int\000"
 462      7420696E 
 462      7400
 463              	.LASF4:
 464 01b3 6C6F6E67 		.ascii	"long int\000"
 464      20696E74 
 464      00
 465              	.LASF0:
 466 01bc 7369676E 		.ascii	"signed char\000"
 466      65642063 
 466      68617200 
 467              	.LASF18:
 468 01c8 47656E65 		.ascii	"Generated_Source\\PSoC5\\cymetadata.c\000"
 468      72617465 
 468      645F536F 
 468      75726365 
 468      5C50536F 
 469              		.ident	"GCC: (GNU Tools for ARM Embedded Processors) 5.4.1 20160609 (release) [ARM/embedded-5-bran
