ARM GAS  C:\Users\HENRYH~1\AppData\Local\Temp\cchNcsHW.s 			page 1


   1              		.syntax unified
   2              		.cpu cortex-m3
   3              		.fpu softvfp
   4              		.eabi_attribute 20, 1
   5              		.eabi_attribute 21, 1
   6              		.eabi_attribute 23, 3
   7              		.eabi_attribute 24, 1
   8              		.eabi_attribute 25, 1
   9              		.eabi_attribute 26, 1
  10              		.eabi_attribute 30, 1
  11              		.eabi_attribute 34, 1
  12              		.eabi_attribute 18, 4
  13              		.thumb
  14              		.syntax unified
  15              		.file	"main.c"
  16              		.text
  17              	.Ltext0:
  18              		.cfi_sections	.debug_frame
  19              		.global	__aeabi_i2d
  20              		.global	__aeabi_dmul
  21              		.global	__aeabi_d2f
  22              		.global	__aeabi_f2d
  23              		.section	.text.main,"ax",%progbits
  24              		.align	2
  25              		.global	main
  26              		.thumb
  27              		.thumb_func
  28              		.type	main, %function
  29              	main:
  30              	.LFB64:
  31              		.file 1 "main.c"
   1:main.c        **** /* ========================================
   2:main.c        ****  *
   3:main.c        ****  * Copyright YOUR COMPANY, THE YEAR
   4:main.c        ****  * All Rights Reserved
   5:main.c        ****  * UNPUBLISHED, LICENSED SOFTWARE.
   6:main.c        ****  *
   7:main.c        ****  * CONFIDENTIAL AND PROPRIETARY INFORMATION
   8:main.c        ****  * WHICH IS THE PROPERTY OF your company.
   9:main.c        ****  *
  10:main.c        ****  * ========================================
  11:main.c        **** */
  12:main.c        **** #include "project.h"
  13:main.c        **** //Importar librería
  14:main.c        **** #include "stdio.h"
  15:main.c        **** 
  16:main.c        **** int main(void)
  17:main.c        **** {
  32              		.loc 1 17 0
  33              		.cfi_startproc
  34              		@ args = 0, pretend = 0, frame = 16
  35              		@ frame_needed = 0, uses_anonymous_args = 0
  36 0000 10B5     		push	{r4, lr}
  37              		.cfi_def_cfa_offset 8
  38              		.cfi_offset 4, -8
  39              		.cfi_offset 14, -4
  40 0002 84B0     		sub	sp, sp, #16
ARM GAS  C:\Users\HENRYH~1\AppData\Local\Temp\cchNcsHW.s 			page 2


  41              		.cfi_def_cfa_offset 24
  18:main.c        ****     CyGlobalIntEnable; /* Enable global interrupts. */
  42              		.loc 1 18 0
  43              		.syntax unified
  44              	@ 18 "main.c" 1
  45 0004 62B6     		CPSIE   i
  46              	@ 0 "" 2
  47              	.LVL0:
  19:main.c        **** 
  20:main.c        ****     /* Place your initialization/startup code here (e.g. MyInst_Start()) */
  21:main.c        ****     int Var_Entera=0;
  22:main.c        ****     float Var_flotante=0.0;
  23:main.c        ****     char Caracter='a';
  24:main.c        ****     char Cadena[15]="Hola Mundo";
  25:main.c        ****     CyDelay(100); //Retardo en milisegundos
  48              		.loc 1 25 0
  49              		.thumb
  50              		.syntax unified
  51 0006 6420     		movs	r0, #100
  52 0008 FFF7FEFF 		bl	CyDelay
  53              	.LVL1:
  26:main.c        ****     CyDelayUs(100); //Retardo en microsegundos
  54              		.loc 1 26 0
  55 000c 6420     		movs	r0, #100
  56 000e FFF7FEFF 		bl	CyDelayUs
  57              	.LVL2:
  27:main.c        ****     
  28:main.c        ****     //Inicializar componentes
  29:main.c        ****     LCD_Start();
  58              		.loc 1 29 0
  59 0012 FFF7FEFF 		bl	LCD_Start
  60              	.LVL3:
  30:main.c        ****     ADC_SAR_Start();
  61              		.loc 1 30 0
  62 0016 FFF7FEFF 		bl	ADC_SAR_Start
  63              	.LVL4:
  31:main.c        ****     ADC_SAR_StartConvert();
  64              		.loc 1 31 0
  65 001a FFF7FEFF 		bl	ADC_SAR_StartConvert
  66              	.LVL5:
  32:main.c        ****     //Fila,Columna
  33:main.c        ****     LCD_Position(0,0);
  67              		.loc 1 33 0
  68 001e 0021     		movs	r1, #0
  69 0020 0846     		mov	r0, r1
  70 0022 FFF7FEFF 		bl	LCD_Position
  71              	.LVL6:
  34:main.c        ****     LCD_PrintString("Hola Mundo");
  72              		.loc 1 34 0
  73 0026 2748     		ldr	r0, .L4
  74 0028 FFF7FEFF 		bl	LCD_PrintString
  75              	.LVL7:
  35:main.c        ****     CyDelay(1000);
  76              		.loc 1 35 0
  77 002c 4FF47A70 		mov	r0, #1000
  78 0030 FFF7FEFF 		bl	CyDelay
  79              	.LVL8:
ARM GAS  C:\Users\HENRYH~1\AppData\Local\Temp\cchNcsHW.s 			page 3


  36:main.c        ****     //Borrar
  37:main.c        ****     LCD_ClearDisplay();
  80              		.loc 1 37 0
  81 0034 0120     		movs	r0, #1
  82 0036 FFF7FEFF 		bl	LCD_WriteControl
  83              	.LVL9:
  84              	.L2:
  85              	.LBB2:
  38:main.c        ****     for(;;)
  39:main.c        ****     {
  40:main.c        ****         //ADC
  41:main.c        ****         //Leer pin 6_5 que es el potenciometro
  42:main.c        ****         ADC_SAR_IsEndConversion(ADC_SAR_WAIT_FOR_RESULT);
  86              		.loc 1 42 0 discriminator 1
  87 003a 0020     		movs	r0, #0
  88 003c FFF7FEFF 		bl	ADC_SAR_IsEndConversion
  89              	.LVL10:
  43:main.c        ****         Var_Entera = ADC_SAR_GetResult16(); 
  90              		.loc 1 43 0 discriminator 1
  91 0040 FFF7FEFF 		bl	ADC_SAR_GetResult16
  92              	.LVL11:
  93 0044 0446     		mov	r4, r0
  94              	.LVL12:
  44:main.c        ****         //Print entero
  45:main.c        ****         LCD_Position(0,0);
  95              		.loc 1 45 0 discriminator 1
  96 0046 0021     		movs	r1, #0
  97 0048 0846     		mov	r0, r1
  98 004a FFF7FEFF 		bl	LCD_Position
  99              	.LVL13:
  46:main.c        ****         LCD_PrintString("INT: ");
 100              		.loc 1 46 0 discriminator 1
 101 004e 1E48     		ldr	r0, .L4+4
 102 0050 FFF7FEFF 		bl	LCD_PrintString
 103              	.LVL14:
  47:main.c        ****         LCD_Position(0,6);
 104              		.loc 1 47 0 discriminator 1
 105 0054 0621     		movs	r1, #6
 106 0056 0020     		movs	r0, #0
 107 0058 FFF7FEFF 		bl	LCD_Position
 108              	.LVL15:
  48:main.c        ****         LCD_PrintNumber(Var_Entera);
 109              		.loc 1 48 0 discriminator 1
 110 005c A0B2     		uxth	r0, r4
 111 005e FFF7FEFF 		bl	LCD_PrintU32Number
 112              	.LVL16:
  49:main.c        ****         //Print flotante
  50:main.c        ****         //Project>> Build Settings>>ARM XX>>Linker>>Command Line
  51:main.c        ****         //Digite: -u_printf_float
  52:main.c        ****         //Modifique Design Wide Resources>>System 
  53:main.c        ****         //Head Size = 0X0400
  54:main.c        ****         //Stack Size = 0X1000
  55:main.c        ****         Var_flotante=(Var_Entera/4096.0)*5;
 113              		.loc 1 55 0 discriminator 1
 114 0062 2046     		mov	r0, r4
 115 0064 FFF7FEFF 		bl	__aeabi_i2d
 116              	.LVL17:
ARM GAS  C:\Users\HENRYH~1\AppData\Local\Temp\cchNcsHW.s 			page 4


 117 0068 0022     		movs	r2, #0
 118 006a 184B     		ldr	r3, .L4+8
 119 006c FFF7FEFF 		bl	__aeabi_dmul
 120              	.LVL18:
 121 0070 0022     		movs	r2, #0
 122 0072 174B     		ldr	r3, .L4+12
 123 0074 FFF7FEFF 		bl	__aeabi_dmul
 124              	.LVL19:
 125 0078 FFF7FEFF 		bl	__aeabi_d2f
 126              	.LVL20:
  56:main.c        ****         char Letrero[15] = {'\0'};
 127              		.loc 1 56 0 discriminator 1
 128 007c 0024     		movs	r4, #0
 129              	.LVL21:
 130 007e 0094     		str	r4, [sp]
 131 0080 0194     		str	r4, [sp, #4]
 132 0082 0294     		str	r4, [sp, #8]
 133 0084 CDF80B40 		str	r4, [sp, #11]	@ unaligned
  57:main.c        ****         sprintf(Letrero,"%0.3f",Var_flotante); 
 134              		.loc 1 57 0 discriminator 1
 135 0088 FFF7FEFF 		bl	__aeabi_f2d
 136              	.LVL22:
 137 008c 0246     		mov	r2, r0
 138 008e 0B46     		mov	r3, r1
 139 0090 1049     		ldr	r1, .L4+16
 140 0092 6846     		mov	r0, sp
 141 0094 FFF7FEFF 		bl	sprintf
 142              	.LVL23:
  58:main.c        ****         LCD_Position(1,0);
 143              		.loc 1 58 0 discriminator 1
 144 0098 2146     		mov	r1, r4
 145 009a 0120     		movs	r0, #1
 146 009c FFF7FEFF 		bl	LCD_Position
 147              	.LVL24:
  59:main.c        ****         LCD_PrintString("FLO: ");
 148              		.loc 1 59 0 discriminator 1
 149 00a0 0D48     		ldr	r0, .L4+20
 150 00a2 FFF7FEFF 		bl	LCD_PrintString
 151              	.LVL25:
  60:main.c        ****         LCD_Position(1,6);
 152              		.loc 1 60 0 discriminator 1
 153 00a6 0621     		movs	r1, #6
 154 00a8 0120     		movs	r0, #1
 155 00aa FFF7FEFF 		bl	LCD_Position
 156              	.LVL26:
  61:main.c        ****         LCD_PrintString(Letrero);
 157              		.loc 1 61 0 discriminator 1
 158 00ae 6846     		mov	r0, sp
 159 00b0 FFF7FEFF 		bl	LCD_PrintString
 160              	.LVL27:
  62:main.c        ****         
  63:main.c        ****         //DAC 0-4Vdc
  64:main.c        ****         //Minimo
  65:main.c        ****         VDAC_SetValue(0);
 161              		.loc 1 65 0 discriminator 1
 162 00b4 2046     		mov	r0, r4
 163 00b6 FFF7FEFF 		bl	VDAC_SetValue
ARM GAS  C:\Users\HENRYH~1\AppData\Local\Temp\cchNcsHW.s 			page 5


 164              	.LVL28:
  66:main.c        ****         //Maximo
  67:main.c        ****         VDAC_SetValue(255); 
 165              		.loc 1 67 0 discriminator 1
 166 00ba FF20     		movs	r0, #255
 167 00bc FFF7FEFF 		bl	VDAC_SetValue
 168              	.LVL29:
 169 00c0 BBE7     		b	.L2
 170              	.L5:
 171 00c2 00BF     		.align	2
 172              	.L4:
 173 00c4 00000000 		.word	.LC0
 174 00c8 0C000000 		.word	.LC1
 175 00cc 0000303F 		.word	1060110336
 176 00d0 00001440 		.word	1075052544
 177 00d4 14000000 		.word	.LC2
 178 00d8 1C000000 		.word	.LC3
 179              	.LBE2:
 180              		.cfi_endproc
 181              	.LFE64:
 182              		.size	main, .-main
 183              		.section	.rodata.str1.4,"aMS",%progbits,1
 184              		.align	2
 185              	.LC0:
 186 0000 486F6C61 		.ascii	"Hola Mundo\000"
 186      204D756E 
 186      646F00
 187 000b 00       		.space	1
 188              	.LC1:
 189 000c 494E543A 		.ascii	"INT: \000"
 189      2000
 190 0012 0000     		.space	2
 191              	.LC2:
 192 0014 25302E33 		.ascii	"%0.3f\000"
 192      6600
 193 001a 0000     		.space	2
 194              	.LC3:
 195 001c 464C4F3A 		.ascii	"FLO: \000"
 195      2000
 196              		.text
 197              	.Letext0:
 198              		.file 2 "c:\\program files (x86)\\cypress\\psoc creator\\4.4\\psoc creator\\import\\gnu\\arm\\5.4.
 199              		.file 3 "c:\\program files (x86)\\cypress\\psoc creator\\4.4\\psoc creator\\import\\gnu\\arm\\5.4.
 200              		.file 4 "Generated_Source\\PSoC5/cytypes.h"
 201              		.file 5 "Generated_Source\\PSoC5/ADC_SAR.h"
 202              		.file 6 "Generated_Source\\PSoC5/LCD.h"
 203              		.file 7 "c:\\program files (x86)\\cypress\\psoc creator\\4.4\\psoc creator\\import\\gnu\\arm\\5.4.
 204              		.file 8 "Generated_Source\\PSoC5/VDAC.h"
 205              		.file 9 "Generated_Source\\PSoC5/CyLib.h"
 206              		.file 10 "Generated_Source\\PSoC5/core_cm3.h"
 207              		.section	.debug_info,"",%progbits
 208              	.Ldebug_info0:
 209 0000 76030000 		.4byte	0x376
 210 0004 0400     		.2byte	0x4
 211 0006 00000000 		.4byte	.Ldebug_abbrev0
 212 000a 04       		.byte	0x4
 213 000b 01       		.uleb128 0x1
ARM GAS  C:\Users\HENRYH~1\AppData\Local\Temp\cchNcsHW.s 			page 6


 214 000c 4B000000 		.4byte	.LASF34
 215 0010 0C       		.byte	0xc
 216 0011 30020000 		.4byte	.LASF35
 217 0015 A2010000 		.4byte	.LASF36
 218 0019 00000000 		.4byte	.Ldebug_ranges0+0
 219 001d 00000000 		.4byte	0
 220 0021 00000000 		.4byte	.Ldebug_line0
 221 0025 02       		.uleb128 0x2
 222 0026 01       		.byte	0x1
 223 0027 06       		.byte	0x6
 224 0028 77020000 		.4byte	.LASF0
 225 002c 02       		.uleb128 0x2
 226 002d 01       		.byte	0x1
 227 002e 08       		.byte	0x8
 228 002f 3D000000 		.4byte	.LASF1
 229 0033 02       		.uleb128 0x2
 230 0034 02       		.byte	0x2
 231 0035 05       		.byte	0x5
 232 0036 4A020000 		.4byte	.LASF2
 233 003a 02       		.uleb128 0x2
 234 003b 02       		.byte	0x2
 235 003c 07       		.byte	0x7
 236 003d 00010000 		.4byte	.LASF3
 237 0041 03       		.uleb128 0x3
 238 0042 18000000 		.4byte	.LASF9
 239 0046 02       		.byte	0x2
 240 0047 3F       		.byte	0x3f
 241 0048 4C000000 		.4byte	0x4c
 242 004c 02       		.uleb128 0x2
 243 004d 04       		.byte	0x4
 244 004e 05       		.byte	0x5
 245 004f 62020000 		.4byte	.LASF4
 246 0053 02       		.uleb128 0x2
 247 0054 04       		.byte	0x4
 248 0055 07       		.byte	0x7
 249 0056 D9000000 		.4byte	.LASF5
 250 005a 02       		.uleb128 0x2
 251 005b 08       		.byte	0x8
 252 005c 05       		.byte	0x5
 253 005d 22020000 		.4byte	.LASF6
 254 0061 02       		.uleb128 0x2
 255 0062 08       		.byte	0x8
 256 0063 07       		.byte	0x7
 257 0064 6B010000 		.4byte	.LASF7
 258 0068 04       		.uleb128 0x4
 259 0069 04       		.byte	0x4
 260 006a 05       		.byte	0x5
 261 006b 696E7400 		.ascii	"int\000"
 262 006f 02       		.uleb128 0x2
 263 0070 04       		.byte	0x4
 264 0071 07       		.byte	0x7
 265 0072 5E010000 		.4byte	.LASF8
 266 0076 03       		.uleb128 0x3
 267 0077 F9010000 		.4byte	.LASF10
 268 007b 03       		.byte	0x3
 269 007c 2C       		.byte	0x2c
 270 007d 41000000 		.4byte	0x41
ARM GAS  C:\Users\HENRYH~1\AppData\Local\Temp\cchNcsHW.s 			page 7


 271 0081 05       		.uleb128 0x5
 272 0082 2F010000 		.4byte	.LASF11
 273 0086 04       		.byte	0x4
 274 0087 E901     		.2byte	0x1e9
 275 0089 3A000000 		.4byte	0x3a
 276 008d 02       		.uleb128 0x2
 277 008e 04       		.byte	0x4
 278 008f 04       		.byte	0x4
 279 0090 2D000000 		.4byte	.LASF12
 280 0094 02       		.uleb128 0x2
 281 0095 08       		.byte	0x8
 282 0096 04       		.byte	0x4
 283 0097 28010000 		.4byte	.LASF13
 284 009b 02       		.uleb128 0x2
 285 009c 01       		.byte	0x1
 286 009d 08       		.byte	0x8
 287 009e 37020000 		.4byte	.LASF14
 288 00a2 02       		.uleb128 0x2
 289 00a3 04       		.byte	0x4
 290 00a4 07       		.byte	0x7
 291 00a5 01020000 		.4byte	.LASF15
 292 00a9 02       		.uleb128 0x2
 293 00aa 08       		.byte	0x8
 294 00ab 04       		.byte	0x4
 295 00ac 6B020000 		.4byte	.LASF16
 296 00b0 06       		.uleb128 0x6
 297 00b1 36010000 		.4byte	.LASF37
 298 00b5 01       		.byte	0x1
 299 00b6 10       		.byte	0x10
 300 00b7 68000000 		.4byte	0x68
 301 00bb 00000000 		.4byte	.LFB64
 302 00bf DC000000 		.4byte	.LFE64-.LFB64
 303 00c3 01       		.uleb128 0x1
 304 00c4 9C       		.byte	0x9c
 305 00c5 C9020000 		.4byte	0x2c9
 306 00c9 07       		.uleb128 0x7
 307 00ca 22000000 		.4byte	.LASF17
 308 00ce 01       		.byte	0x1
 309 00cf 15       		.byte	0x15
 310 00d0 68000000 		.4byte	0x68
 311 00d4 00000000 		.4byte	.LLST0
 312 00d8 07       		.uleb128 0x7
 313 00d9 EC010000 		.4byte	.LASF18
 314 00dd 01       		.byte	0x1
 315 00de 16       		.byte	0x16
 316 00df 8D000000 		.4byte	0x8d
 317 00e3 25000000 		.4byte	.LLST1
 318 00e7 08       		.uleb128 0x8
 319 00e8 55010000 		.4byte	.LASF19
 320 00ec 01       		.byte	0x1
 321 00ed 17       		.byte	0x17
 322 00ee 9B000000 		.4byte	0x9b
 323 00f2 61       		.byte	0x61
 324 00f3 09       		.uleb128 0x9
 325 00f4 00000000 		.4byte	.LASF38
 326 00f8 01       		.byte	0x1
 327 00f9 18       		.byte	0x18
ARM GAS  C:\Users\HENRYH~1\AppData\Local\Temp\cchNcsHW.s 			page 8


 328 00fa C9020000 		.4byte	0x2c9
 329 00fe 0A       		.uleb128 0xa
 330 00ff 3A000000 		.4byte	.LBB2
 331 0103 A2000000 		.4byte	.LBE2-.LBB2
 332 0107 32020000 		.4byte	0x232
 333 010b 0B       		.uleb128 0xb
 334 010c 20010000 		.4byte	.LASF20
 335 0110 01       		.byte	0x1
 336 0111 38       		.byte	0x38
 337 0112 C9020000 		.4byte	0x2c9
 338 0116 02       		.uleb128 0x2
 339 0117 91       		.byte	0x91
 340 0118 68       		.sleb128 -24
 341 0119 0C       		.uleb128 0xc
 342 011a 40000000 		.4byte	.LVL10
 343 011e EA020000 		.4byte	0x2ea
 344 0122 2C010000 		.4byte	0x12c
 345 0126 0D       		.uleb128 0xd
 346 0127 01       		.uleb128 0x1
 347 0128 50       		.byte	0x50
 348 0129 01       		.uleb128 0x1
 349 012a 30       		.byte	0x30
 350 012b 00       		.byte	0
 351 012c 0E       		.uleb128 0xe
 352 012d 44000000 		.4byte	.LVL11
 353 0131 F5020000 		.4byte	0x2f5
 354 0135 0C       		.uleb128 0xc
 355 0136 4E000000 		.4byte	.LVL13
 356 013a 00030000 		.4byte	0x300
 357 013e 4D010000 		.4byte	0x14d
 358 0142 0D       		.uleb128 0xd
 359 0143 01       		.uleb128 0x1
 360 0144 50       		.byte	0x50
 361 0145 01       		.uleb128 0x1
 362 0146 30       		.byte	0x30
 363 0147 0D       		.uleb128 0xd
 364 0148 01       		.uleb128 0x1
 365 0149 51       		.byte	0x51
 366 014a 01       		.uleb128 0x1
 367 014b 30       		.byte	0x30
 368 014c 00       		.byte	0
 369 014d 0C       		.uleb128 0xc
 370 014e 54000000 		.4byte	.LVL14
 371 0152 0B030000 		.4byte	0x30b
 372 0156 64010000 		.4byte	0x164
 373 015a 0D       		.uleb128 0xd
 374 015b 01       		.uleb128 0x1
 375 015c 50       		.byte	0x50
 376 015d 05       		.uleb128 0x5
 377 015e 03       		.byte	0x3
 378 015f 0C000000 		.4byte	.LC1
 379 0163 00       		.byte	0
 380 0164 0C       		.uleb128 0xc
 381 0165 5C000000 		.4byte	.LVL15
 382 0169 00030000 		.4byte	0x300
 383 016d 7C010000 		.4byte	0x17c
 384 0171 0D       		.uleb128 0xd
ARM GAS  C:\Users\HENRYH~1\AppData\Local\Temp\cchNcsHW.s 			page 9


 385 0172 01       		.uleb128 0x1
 386 0173 50       		.byte	0x50
 387 0174 01       		.uleb128 0x1
 388 0175 30       		.byte	0x30
 389 0176 0D       		.uleb128 0xd
 390 0177 01       		.uleb128 0x1
 391 0178 51       		.byte	0x51
 392 0179 01       		.uleb128 0x1
 393 017a 36       		.byte	0x36
 394 017b 00       		.byte	0
 395 017c 0C       		.uleb128 0xc
 396 017d 62000000 		.4byte	.LVL16
 397 0181 16030000 		.4byte	0x316
 398 0185 94010000 		.4byte	0x194
 399 0189 0D       		.uleb128 0xd
 400 018a 01       		.uleb128 0x1
 401 018b 50       		.byte	0x50
 402 018c 06       		.uleb128 0x6
 403 018d 74       		.byte	0x74
 404 018e 00       		.sleb128 0
 405 018f 0A       		.byte	0xa
 406 0190 FFFF     		.2byte	0xffff
 407 0192 1A       		.byte	0x1a
 408 0193 00       		.byte	0
 409 0194 0C       		.uleb128 0xc
 410 0195 98000000 		.4byte	.LVL23
 411 0199 21030000 		.4byte	0x321
 412 019d B1010000 		.4byte	0x1b1
 413 01a1 0D       		.uleb128 0xd
 414 01a2 01       		.uleb128 0x1
 415 01a3 50       		.byte	0x50
 416 01a4 02       		.uleb128 0x2
 417 01a5 7D       		.byte	0x7d
 418 01a6 00       		.sleb128 0
 419 01a7 0D       		.uleb128 0xd
 420 01a8 01       		.uleb128 0x1
 421 01a9 51       		.byte	0x51
 422 01aa 05       		.uleb128 0x5
 423 01ab 03       		.byte	0x3
 424 01ac 14000000 		.4byte	.LC2
 425 01b0 00       		.byte	0
 426 01b1 0C       		.uleb128 0xc
 427 01b2 A0000000 		.4byte	.LVL24
 428 01b6 00030000 		.4byte	0x300
 429 01ba CA010000 		.4byte	0x1ca
 430 01be 0D       		.uleb128 0xd
 431 01bf 01       		.uleb128 0x1
 432 01c0 50       		.byte	0x50
 433 01c1 01       		.uleb128 0x1
 434 01c2 31       		.byte	0x31
 435 01c3 0D       		.uleb128 0xd
 436 01c4 01       		.uleb128 0x1
 437 01c5 51       		.byte	0x51
 438 01c6 02       		.uleb128 0x2
 439 01c7 74       		.byte	0x74
 440 01c8 00       		.sleb128 0
 441 01c9 00       		.byte	0
ARM GAS  C:\Users\HENRYH~1\AppData\Local\Temp\cchNcsHW.s 			page 10


 442 01ca 0C       		.uleb128 0xc
 443 01cb A6000000 		.4byte	.LVL25
 444 01cf 0B030000 		.4byte	0x30b
 445 01d3 E1010000 		.4byte	0x1e1
 446 01d7 0D       		.uleb128 0xd
 447 01d8 01       		.uleb128 0x1
 448 01d9 50       		.byte	0x50
 449 01da 05       		.uleb128 0x5
 450 01db 03       		.byte	0x3
 451 01dc 1C000000 		.4byte	.LC3
 452 01e0 00       		.byte	0
 453 01e1 0C       		.uleb128 0xc
 454 01e2 AE000000 		.4byte	.LVL26
 455 01e6 00030000 		.4byte	0x300
 456 01ea F9010000 		.4byte	0x1f9
 457 01ee 0D       		.uleb128 0xd
 458 01ef 01       		.uleb128 0x1
 459 01f0 50       		.byte	0x50
 460 01f1 01       		.uleb128 0x1
 461 01f2 31       		.byte	0x31
 462 01f3 0D       		.uleb128 0xd
 463 01f4 01       		.uleb128 0x1
 464 01f5 51       		.byte	0x51
 465 01f6 01       		.uleb128 0x1
 466 01f7 36       		.byte	0x36
 467 01f8 00       		.byte	0
 468 01f9 0C       		.uleb128 0xc
 469 01fa B4000000 		.4byte	.LVL27
 470 01fe 0B030000 		.4byte	0x30b
 471 0202 0D020000 		.4byte	0x20d
 472 0206 0D       		.uleb128 0xd
 473 0207 01       		.uleb128 0x1
 474 0208 50       		.byte	0x50
 475 0209 02       		.uleb128 0x2
 476 020a 7D       		.byte	0x7d
 477 020b 00       		.sleb128 0
 478 020c 00       		.byte	0
 479 020d 0C       		.uleb128 0xc
 480 020e BA000000 		.4byte	.LVL28
 481 0212 2C030000 		.4byte	0x32c
 482 0216 21020000 		.4byte	0x221
 483 021a 0D       		.uleb128 0xd
 484 021b 01       		.uleb128 0x1
 485 021c 50       		.byte	0x50
 486 021d 02       		.uleb128 0x2
 487 021e 74       		.byte	0x74
 488 021f 00       		.sleb128 0
 489 0220 00       		.byte	0
 490 0221 0F       		.uleb128 0xf
 491 0222 C0000000 		.4byte	.LVL29
 492 0226 2C030000 		.4byte	0x32c
 493 022a 0D       		.uleb128 0xd
 494 022b 01       		.uleb128 0x1
 495 022c 50       		.byte	0x50
 496 022d 02       		.uleb128 0x2
 497 022e 09       		.byte	0x9
 498 022f FF       		.byte	0xff
ARM GAS  C:\Users\HENRYH~1\AppData\Local\Temp\cchNcsHW.s 			page 11


 499 0230 00       		.byte	0
 500 0231 00       		.byte	0
 501 0232 0C       		.uleb128 0xc
 502 0233 0C000000 		.4byte	.LVL1
 503 0237 37030000 		.4byte	0x337
 504 023b 46020000 		.4byte	0x246
 505 023f 0D       		.uleb128 0xd
 506 0240 01       		.uleb128 0x1
 507 0241 50       		.byte	0x50
 508 0242 02       		.uleb128 0x2
 509 0243 08       		.byte	0x8
 510 0244 64       		.byte	0x64
 511 0245 00       		.byte	0
 512 0246 0C       		.uleb128 0xc
 513 0247 12000000 		.4byte	.LVL2
 514 024b 42030000 		.4byte	0x342
 515 024f 5A020000 		.4byte	0x25a
 516 0253 0D       		.uleb128 0xd
 517 0254 01       		.uleb128 0x1
 518 0255 50       		.byte	0x50
 519 0256 02       		.uleb128 0x2
 520 0257 08       		.byte	0x8
 521 0258 64       		.byte	0x64
 522 0259 00       		.byte	0
 523 025a 0E       		.uleb128 0xe
 524 025b 16000000 		.4byte	.LVL3
 525 025f 4D030000 		.4byte	0x34d
 526 0263 0E       		.uleb128 0xe
 527 0264 1A000000 		.4byte	.LVL4
 528 0268 58030000 		.4byte	0x358
 529 026c 0E       		.uleb128 0xe
 530 026d 1E000000 		.4byte	.LVL5
 531 0271 63030000 		.4byte	0x363
 532 0275 0C       		.uleb128 0xc
 533 0276 26000000 		.4byte	.LVL6
 534 027a 00030000 		.4byte	0x300
 535 027e 8D020000 		.4byte	0x28d
 536 0282 0D       		.uleb128 0xd
 537 0283 01       		.uleb128 0x1
 538 0284 50       		.byte	0x50
 539 0285 01       		.uleb128 0x1
 540 0286 30       		.byte	0x30
 541 0287 0D       		.uleb128 0xd
 542 0288 01       		.uleb128 0x1
 543 0289 51       		.byte	0x51
 544 028a 01       		.uleb128 0x1
 545 028b 30       		.byte	0x30
 546 028c 00       		.byte	0
 547 028d 0C       		.uleb128 0xc
 548 028e 2C000000 		.4byte	.LVL7
 549 0292 0B030000 		.4byte	0x30b
 550 0296 A4020000 		.4byte	0x2a4
 551 029a 0D       		.uleb128 0xd
 552 029b 01       		.uleb128 0x1
 553 029c 50       		.byte	0x50
 554 029d 05       		.uleb128 0x5
 555 029e 03       		.byte	0x3
ARM GAS  C:\Users\HENRYH~1\AppData\Local\Temp\cchNcsHW.s 			page 12


 556 029f 00000000 		.4byte	.LC0
 557 02a3 00       		.byte	0
 558 02a4 0C       		.uleb128 0xc
 559 02a5 34000000 		.4byte	.LVL8
 560 02a9 37030000 		.4byte	0x337
 561 02ad B9020000 		.4byte	0x2b9
 562 02b1 0D       		.uleb128 0xd
 563 02b2 01       		.uleb128 0x1
 564 02b3 50       		.byte	0x50
 565 02b4 03       		.uleb128 0x3
 566 02b5 0A       		.byte	0xa
 567 02b6 E803     		.2byte	0x3e8
 568 02b8 00       		.byte	0
 569 02b9 0F       		.uleb128 0xf
 570 02ba 3A000000 		.4byte	.LVL9
 571 02be 6E030000 		.4byte	0x36e
 572 02c2 0D       		.uleb128 0xd
 573 02c3 01       		.uleb128 0x1
 574 02c4 50       		.byte	0x50
 575 02c5 01       		.uleb128 0x1
 576 02c6 31       		.byte	0x31
 577 02c7 00       		.byte	0
 578 02c8 00       		.byte	0
 579 02c9 10       		.uleb128 0x10
 580 02ca 9B000000 		.4byte	0x9b
 581 02ce D9020000 		.4byte	0x2d9
 582 02d2 11       		.uleb128 0x11
 583 02d3 A2000000 		.4byte	0xa2
 584 02d7 0E       		.byte	0xe
 585 02d8 00       		.byte	0
 586 02d9 12       		.uleb128 0x12
 587 02da 13010000 		.4byte	.LASF39
 588 02de 0A       		.byte	0xa
 589 02df 1207     		.2byte	0x712
 590 02e1 E5020000 		.4byte	0x2e5
 591 02e5 13       		.uleb128 0x13
 592 02e6 76000000 		.4byte	0x76
 593 02ea 14       		.uleb128 0x14
 594 02eb 0A020000 		.4byte	.LASF21
 595 02ef 0A020000 		.4byte	.LASF21
 596 02f3 05       		.byte	0x5
 597 02f4 39       		.byte	0x39
 598 02f5 14       		.uleb128 0x14
 599 02f6 83020000 		.4byte	.LASF22
 600 02fa 83020000 		.4byte	.LASF22
 601 02fe 05       		.byte	0x5
 602 02ff 3B       		.byte	0x3b
 603 0300 14       		.uleb128 0x14
 604 0301 82010000 		.4byte	.LASF23
 605 0305 82010000 		.4byte	.LASF23
 606 0309 06       		.byte	0x6
 607 030a 3D       		.byte	0x3d
 608 030b 14       		.uleb128 0x14
 609 030c 3B010000 		.4byte	.LASF24
 610 0310 3B010000 		.4byte	.LASF24
 611 0314 06       		.byte	0x6
 612 0315 3C       		.byte	0x3c
ARM GAS  C:\Users\HENRYH~1\AppData\Local\Temp\cchNcsHW.s 			page 13


 613 0316 14       		.uleb128 0x14
 614 0317 8F010000 		.4byte	.LASF25
 615 031b 8F010000 		.4byte	.LASF25
 616 031f 06       		.byte	0x6
 617 0320 61       		.byte	0x61
 618 0321 14       		.uleb128 0x14
 619 0322 97020000 		.4byte	.LASF26
 620 0326 97020000 		.4byte	.LASF26
 621 032a 07       		.byte	0x7
 622 032b E7       		.byte	0xe7
 623 032c 14       		.uleb128 0x14
 624 032d 3C020000 		.4byte	.LASF27
 625 0331 3C020000 		.4byte	.LASF27
 626 0335 08       		.byte	0x8
 627 0336 37       		.byte	0x37
 628 0337 14       		.uleb128 0x14
 629 0338 9F020000 		.4byte	.LASF28
 630 033c 9F020000 		.4byte	.LASF28
 631 0340 09       		.byte	0x9
 632 0341 76       		.byte	0x76
 633 0342 14       		.uleb128 0x14
 634 0343 4B010000 		.4byte	.LASF29
 635 0347 4B010000 		.4byte	.LASF29
 636 034b 09       		.byte	0x9
 637 034c 77       		.byte	0x77
 638 034d 14       		.uleb128 0x14
 639 034e 33000000 		.4byte	.LASF30
 640 0352 33000000 		.4byte	.LASF30
 641 0356 06       		.byte	0x6
 642 0357 38       		.byte	0x38
 643 0358 14       		.uleb128 0x14
 644 0359 54020000 		.4byte	.LASF31
 645 035d 54020000 		.4byte	.LASF31
 646 0361 05       		.byte	0x5
 647 0362 34       		.byte	0x34
 648 0363 14       		.uleb128 0x14
 649 0364 EB000000 		.4byte	.LASF32
 650 0368 EB000000 		.4byte	.LASF32
 651 036c 05       		.byte	0x5
 652 036d D1       		.byte	0xd1
 653 036e 14       		.uleb128 0x14
 654 036f 07000000 		.4byte	.LASF33
 655 0373 07000000 		.4byte	.LASF33
 656 0377 06       		.byte	0x6
 657 0378 3A       		.byte	0x3a
 658 0379 00       		.byte	0
 659              		.section	.debug_abbrev,"",%progbits
 660              	.Ldebug_abbrev0:
 661 0000 01       		.uleb128 0x1
 662 0001 11       		.uleb128 0x11
 663 0002 01       		.byte	0x1
 664 0003 25       		.uleb128 0x25
 665 0004 0E       		.uleb128 0xe
 666 0005 13       		.uleb128 0x13
 667 0006 0B       		.uleb128 0xb
 668 0007 03       		.uleb128 0x3
 669 0008 0E       		.uleb128 0xe
ARM GAS  C:\Users\HENRYH~1\AppData\Local\Temp\cchNcsHW.s 			page 14


 670 0009 1B       		.uleb128 0x1b
 671 000a 0E       		.uleb128 0xe
 672 000b 55       		.uleb128 0x55
 673 000c 17       		.uleb128 0x17
 674 000d 11       		.uleb128 0x11
 675 000e 01       		.uleb128 0x1
 676 000f 10       		.uleb128 0x10
 677 0010 17       		.uleb128 0x17
 678 0011 00       		.byte	0
 679 0012 00       		.byte	0
 680 0013 02       		.uleb128 0x2
 681 0014 24       		.uleb128 0x24
 682 0015 00       		.byte	0
 683 0016 0B       		.uleb128 0xb
 684 0017 0B       		.uleb128 0xb
 685 0018 3E       		.uleb128 0x3e
 686 0019 0B       		.uleb128 0xb
 687 001a 03       		.uleb128 0x3
 688 001b 0E       		.uleb128 0xe
 689 001c 00       		.byte	0
 690 001d 00       		.byte	0
 691 001e 03       		.uleb128 0x3
 692 001f 16       		.uleb128 0x16
 693 0020 00       		.byte	0
 694 0021 03       		.uleb128 0x3
 695 0022 0E       		.uleb128 0xe
 696 0023 3A       		.uleb128 0x3a
 697 0024 0B       		.uleb128 0xb
 698 0025 3B       		.uleb128 0x3b
 699 0026 0B       		.uleb128 0xb
 700 0027 49       		.uleb128 0x49
 701 0028 13       		.uleb128 0x13
 702 0029 00       		.byte	0
 703 002a 00       		.byte	0
 704 002b 04       		.uleb128 0x4
 705 002c 24       		.uleb128 0x24
 706 002d 00       		.byte	0
 707 002e 0B       		.uleb128 0xb
 708 002f 0B       		.uleb128 0xb
 709 0030 3E       		.uleb128 0x3e
 710 0031 0B       		.uleb128 0xb
 711 0032 03       		.uleb128 0x3
 712 0033 08       		.uleb128 0x8
 713 0034 00       		.byte	0
 714 0035 00       		.byte	0
 715 0036 05       		.uleb128 0x5
 716 0037 16       		.uleb128 0x16
 717 0038 00       		.byte	0
 718 0039 03       		.uleb128 0x3
 719 003a 0E       		.uleb128 0xe
 720 003b 3A       		.uleb128 0x3a
 721 003c 0B       		.uleb128 0xb
 722 003d 3B       		.uleb128 0x3b
 723 003e 05       		.uleb128 0x5
 724 003f 49       		.uleb128 0x49
 725 0040 13       		.uleb128 0x13
 726 0041 00       		.byte	0
ARM GAS  C:\Users\HENRYH~1\AppData\Local\Temp\cchNcsHW.s 			page 15


 727 0042 00       		.byte	0
 728 0043 06       		.uleb128 0x6
 729 0044 2E       		.uleb128 0x2e
 730 0045 01       		.byte	0x1
 731 0046 3F       		.uleb128 0x3f
 732 0047 19       		.uleb128 0x19
 733 0048 03       		.uleb128 0x3
 734 0049 0E       		.uleb128 0xe
 735 004a 3A       		.uleb128 0x3a
 736 004b 0B       		.uleb128 0xb
 737 004c 3B       		.uleb128 0x3b
 738 004d 0B       		.uleb128 0xb
 739 004e 27       		.uleb128 0x27
 740 004f 19       		.uleb128 0x19
 741 0050 49       		.uleb128 0x49
 742 0051 13       		.uleb128 0x13
 743 0052 8701     		.uleb128 0x87
 744 0054 19       		.uleb128 0x19
 745 0055 11       		.uleb128 0x11
 746 0056 01       		.uleb128 0x1
 747 0057 12       		.uleb128 0x12
 748 0058 06       		.uleb128 0x6
 749 0059 40       		.uleb128 0x40
 750 005a 18       		.uleb128 0x18
 751 005b 9642     		.uleb128 0x2116
 752 005d 19       		.uleb128 0x19
 753 005e 01       		.uleb128 0x1
 754 005f 13       		.uleb128 0x13
 755 0060 00       		.byte	0
 756 0061 00       		.byte	0
 757 0062 07       		.uleb128 0x7
 758 0063 34       		.uleb128 0x34
 759 0064 00       		.byte	0
 760 0065 03       		.uleb128 0x3
 761 0066 0E       		.uleb128 0xe
 762 0067 3A       		.uleb128 0x3a
 763 0068 0B       		.uleb128 0xb
 764 0069 3B       		.uleb128 0x3b
 765 006a 0B       		.uleb128 0xb
 766 006b 49       		.uleb128 0x49
 767 006c 13       		.uleb128 0x13
 768 006d 02       		.uleb128 0x2
 769 006e 17       		.uleb128 0x17
 770 006f 00       		.byte	0
 771 0070 00       		.byte	0
 772 0071 08       		.uleb128 0x8
 773 0072 34       		.uleb128 0x34
 774 0073 00       		.byte	0
 775 0074 03       		.uleb128 0x3
 776 0075 0E       		.uleb128 0xe
 777 0076 3A       		.uleb128 0x3a
 778 0077 0B       		.uleb128 0xb
 779 0078 3B       		.uleb128 0x3b
 780 0079 0B       		.uleb128 0xb
 781 007a 49       		.uleb128 0x49
 782 007b 13       		.uleb128 0x13
 783 007c 1C       		.uleb128 0x1c
ARM GAS  C:\Users\HENRYH~1\AppData\Local\Temp\cchNcsHW.s 			page 16


 784 007d 0B       		.uleb128 0xb
 785 007e 00       		.byte	0
 786 007f 00       		.byte	0
 787 0080 09       		.uleb128 0x9
 788 0081 34       		.uleb128 0x34
 789 0082 00       		.byte	0
 790 0083 03       		.uleb128 0x3
 791 0084 0E       		.uleb128 0xe
 792 0085 3A       		.uleb128 0x3a
 793 0086 0B       		.uleb128 0xb
 794 0087 3B       		.uleb128 0x3b
 795 0088 0B       		.uleb128 0xb
 796 0089 49       		.uleb128 0x49
 797 008a 13       		.uleb128 0x13
 798 008b 00       		.byte	0
 799 008c 00       		.byte	0
 800 008d 0A       		.uleb128 0xa
 801 008e 0B       		.uleb128 0xb
 802 008f 01       		.byte	0x1
 803 0090 11       		.uleb128 0x11
 804 0091 01       		.uleb128 0x1
 805 0092 12       		.uleb128 0x12
 806 0093 06       		.uleb128 0x6
 807 0094 01       		.uleb128 0x1
 808 0095 13       		.uleb128 0x13
 809 0096 00       		.byte	0
 810 0097 00       		.byte	0
 811 0098 0B       		.uleb128 0xb
 812 0099 34       		.uleb128 0x34
 813 009a 00       		.byte	0
 814 009b 03       		.uleb128 0x3
 815 009c 0E       		.uleb128 0xe
 816 009d 3A       		.uleb128 0x3a
 817 009e 0B       		.uleb128 0xb
 818 009f 3B       		.uleb128 0x3b
 819 00a0 0B       		.uleb128 0xb
 820 00a1 49       		.uleb128 0x49
 821 00a2 13       		.uleb128 0x13
 822 00a3 02       		.uleb128 0x2
 823 00a4 18       		.uleb128 0x18
 824 00a5 00       		.byte	0
 825 00a6 00       		.byte	0
 826 00a7 0C       		.uleb128 0xc
 827 00a8 898201   		.uleb128 0x4109
 828 00ab 01       		.byte	0x1
 829 00ac 11       		.uleb128 0x11
 830 00ad 01       		.uleb128 0x1
 831 00ae 31       		.uleb128 0x31
 832 00af 13       		.uleb128 0x13
 833 00b0 01       		.uleb128 0x1
 834 00b1 13       		.uleb128 0x13
 835 00b2 00       		.byte	0
 836 00b3 00       		.byte	0
 837 00b4 0D       		.uleb128 0xd
 838 00b5 8A8201   		.uleb128 0x410a
 839 00b8 00       		.byte	0
 840 00b9 02       		.uleb128 0x2
ARM GAS  C:\Users\HENRYH~1\AppData\Local\Temp\cchNcsHW.s 			page 17


 841 00ba 18       		.uleb128 0x18
 842 00bb 9142     		.uleb128 0x2111
 843 00bd 18       		.uleb128 0x18
 844 00be 00       		.byte	0
 845 00bf 00       		.byte	0
 846 00c0 0E       		.uleb128 0xe
 847 00c1 898201   		.uleb128 0x4109
 848 00c4 00       		.byte	0
 849 00c5 11       		.uleb128 0x11
 850 00c6 01       		.uleb128 0x1
 851 00c7 31       		.uleb128 0x31
 852 00c8 13       		.uleb128 0x13
 853 00c9 00       		.byte	0
 854 00ca 00       		.byte	0
 855 00cb 0F       		.uleb128 0xf
 856 00cc 898201   		.uleb128 0x4109
 857 00cf 01       		.byte	0x1
 858 00d0 11       		.uleb128 0x11
 859 00d1 01       		.uleb128 0x1
 860 00d2 31       		.uleb128 0x31
 861 00d3 13       		.uleb128 0x13
 862 00d4 00       		.byte	0
 863 00d5 00       		.byte	0
 864 00d6 10       		.uleb128 0x10
 865 00d7 01       		.uleb128 0x1
 866 00d8 01       		.byte	0x1
 867 00d9 49       		.uleb128 0x49
 868 00da 13       		.uleb128 0x13
 869 00db 01       		.uleb128 0x1
 870 00dc 13       		.uleb128 0x13
 871 00dd 00       		.byte	0
 872 00de 00       		.byte	0
 873 00df 11       		.uleb128 0x11
 874 00e0 21       		.uleb128 0x21
 875 00e1 00       		.byte	0
 876 00e2 49       		.uleb128 0x49
 877 00e3 13       		.uleb128 0x13
 878 00e4 2F       		.uleb128 0x2f
 879 00e5 0B       		.uleb128 0xb
 880 00e6 00       		.byte	0
 881 00e7 00       		.byte	0
 882 00e8 12       		.uleb128 0x12
 883 00e9 34       		.uleb128 0x34
 884 00ea 00       		.byte	0
 885 00eb 03       		.uleb128 0x3
 886 00ec 0E       		.uleb128 0xe
 887 00ed 3A       		.uleb128 0x3a
 888 00ee 0B       		.uleb128 0xb
 889 00ef 3B       		.uleb128 0x3b
 890 00f0 05       		.uleb128 0x5
 891 00f1 49       		.uleb128 0x49
 892 00f2 13       		.uleb128 0x13
 893 00f3 3F       		.uleb128 0x3f
 894 00f4 19       		.uleb128 0x19
 895 00f5 3C       		.uleb128 0x3c
 896 00f6 19       		.uleb128 0x19
 897 00f7 00       		.byte	0
ARM GAS  C:\Users\HENRYH~1\AppData\Local\Temp\cchNcsHW.s 			page 18


 898 00f8 00       		.byte	0
 899 00f9 13       		.uleb128 0x13
 900 00fa 35       		.uleb128 0x35
 901 00fb 00       		.byte	0
 902 00fc 49       		.uleb128 0x49
 903 00fd 13       		.uleb128 0x13
 904 00fe 00       		.byte	0
 905 00ff 00       		.byte	0
 906 0100 14       		.uleb128 0x14
 907 0101 2E       		.uleb128 0x2e
 908 0102 00       		.byte	0
 909 0103 3F       		.uleb128 0x3f
 910 0104 19       		.uleb128 0x19
 911 0105 3C       		.uleb128 0x3c
 912 0106 19       		.uleb128 0x19
 913 0107 6E       		.uleb128 0x6e
 914 0108 0E       		.uleb128 0xe
 915 0109 03       		.uleb128 0x3
 916 010a 0E       		.uleb128 0xe
 917 010b 3A       		.uleb128 0x3a
 918 010c 0B       		.uleb128 0xb
 919 010d 3B       		.uleb128 0x3b
 920 010e 0B       		.uleb128 0xb
 921 010f 00       		.byte	0
 922 0110 00       		.byte	0
 923 0111 00       		.byte	0
 924              		.section	.debug_loc,"",%progbits
 925              	.Ldebug_loc0:
 926              	.LLST0:
 927 0000 06000000 		.4byte	.LVL0
 928 0004 3A000000 		.4byte	.LVL9
 929 0008 0200     		.2byte	0x2
 930 000a 30       		.byte	0x30
 931 000b 9F       		.byte	0x9f
 932 000c 46000000 		.4byte	.LVL12
 933 0010 7E000000 		.4byte	.LVL21
 934 0014 0700     		.2byte	0x7
 935 0016 74       		.byte	0x74
 936 0017 00       		.sleb128 0
 937 0018 40       		.byte	0x40
 938 0019 24       		.byte	0x24
 939 001a 40       		.byte	0x40
 940 001b 26       		.byte	0x26
 941 001c 9F       		.byte	0x9f
 942 001d 00000000 		.4byte	0
 943 0021 00000000 		.4byte	0
 944              	.LLST1:
 945 0025 06000000 		.4byte	.LVL0
 946 0029 3A000000 		.4byte	.LVL9
 947 002d 0600     		.2byte	0x6
 948 002f 9E       		.byte	0x9e
 949 0030 04       		.uleb128 0x4
 950 0031 00000000 		.4byte	0
 951 0035 7C000000 		.4byte	.LVL20
 952 0039 8B000000 		.4byte	.LVL22-1
 953 003d 0100     		.2byte	0x1
 954 003f 50       		.byte	0x50
ARM GAS  C:\Users\HENRYH~1\AppData\Local\Temp\cchNcsHW.s 			page 19


 955 0040 00000000 		.4byte	0
 956 0044 00000000 		.4byte	0
 957              		.section	.debug_aranges,"",%progbits
 958 0000 1C000000 		.4byte	0x1c
 959 0004 0200     		.2byte	0x2
 960 0006 00000000 		.4byte	.Ldebug_info0
 961 000a 04       		.byte	0x4
 962 000b 00       		.byte	0
 963 000c 0000     		.2byte	0
 964 000e 0000     		.2byte	0
 965 0010 00000000 		.4byte	.LFB64
 966 0014 DC000000 		.4byte	.LFE64-.LFB64
 967 0018 00000000 		.4byte	0
 968 001c 00000000 		.4byte	0
 969              		.section	.debug_ranges,"",%progbits
 970              	.Ldebug_ranges0:
 971 0000 00000000 		.4byte	.LFB64
 972 0004 DC000000 		.4byte	.LFE64
 973 0008 00000000 		.4byte	0
 974 000c 00000000 		.4byte	0
 975              		.section	.debug_line,"",%progbits
 976              	.Ldebug_line0:
 977 0000 53020000 		.section	.debug_str,"MS",%progbits,1
 977      0200EA01 
 977      00000201 
 977      FB0E0D00 
 977      01010101 
 978              	.LASF38:
 979 0000 43616465 		.ascii	"Cadena\000"
 979      6E6100
 980              	.LASF33:
 981 0007 4C43445F 		.ascii	"LCD_WriteControl\000"
 981      57726974 
 981      65436F6E 
 981      74726F6C 
 981      00
 982              	.LASF9:
 983 0018 5F5F696E 		.ascii	"__int32_t\000"
 983      7433325F 
 983      7400
 984              	.LASF17:
 985 0022 5661725F 		.ascii	"Var_Entera\000"
 985      456E7465 
 985      726100
 986              	.LASF12:
 987 002d 666C6F61 		.ascii	"float\000"
 987      7400
 988              	.LASF30:
 989 0033 4C43445F 		.ascii	"LCD_Start\000"
 989      53746172 
 989      7400
 990              	.LASF1:
 991 003d 756E7369 		.ascii	"unsigned char\000"
 991      676E6564 
 991      20636861 
 991      7200
 992              	.LASF34:
ARM GAS  C:\Users\HENRYH~1\AppData\Local\Temp\cchNcsHW.s 			page 20


 993 004b 474E5520 		.ascii	"GNU C11 5.4.1 20160609 (release) [ARM/embedded-5-br"
 993      43313120 
 993      352E342E 
 993      31203230 
 993      31363036 
 994 007e 616E6368 		.ascii	"anch revision 237715] -mcpu=cortex-m3 -mthumb -g -O"
 994      20726576 
 994      6973696F 
 994      6E203233 
 994      37373135 
 995 00b1 67202D66 		.ascii	"g -ffunction-sections -ffat-lto-objects\000"
 995      66756E63 
 995      74696F6E 
 995      2D736563 
 995      74696F6E 
 996              	.LASF5:
 997 00d9 6C6F6E67 		.ascii	"long unsigned int\000"
 997      20756E73 
 997      69676E65 
 997      6420696E 
 997      7400
 998              	.LASF32:
 999 00eb 4144435F 		.ascii	"ADC_SAR_StartConvert\000"
 999      5341525F 
 999      53746172 
 999      74436F6E 
 999      76657274 
 1000              	.LASF3:
 1001 0100 73686F72 		.ascii	"short unsigned int\000"
 1001      7420756E 
 1001      7369676E 
 1001      65642069 
 1001      6E7400
 1002              	.LASF39:
 1003 0113 49544D5F 		.ascii	"ITM_RxBuffer\000"
 1003      52784275 
 1003      66666572 
 1003      00
 1004              	.LASF20:
 1005 0120 4C657472 		.ascii	"Letrero\000"
 1005      65726F00 
 1006              	.LASF13:
 1007 0128 646F7562 		.ascii	"double\000"
 1007      6C6500
 1008              	.LASF11:
 1009 012f 75696E74 		.ascii	"uint16\000"
 1009      313600
 1010              	.LASF37:
 1011 0136 6D61696E 		.ascii	"main\000"
 1011      00
 1012              	.LASF24:
 1013 013b 4C43445F 		.ascii	"LCD_PrintString\000"
 1013      5072696E 
 1013      74537472 
 1013      696E6700 
 1014              	.LASF29:
 1015 014b 43794465 		.ascii	"CyDelayUs\000"
ARM GAS  C:\Users\HENRYH~1\AppData\Local\Temp\cchNcsHW.s 			page 21


 1015      6C617955 
 1015      7300
 1016              	.LASF19:
 1017 0155 43617261 		.ascii	"Caracter\000"
 1017      63746572 
 1017      00
 1018              	.LASF8:
 1019 015e 756E7369 		.ascii	"unsigned int\000"
 1019      676E6564 
 1019      20696E74 
 1019      00
 1020              	.LASF7:
 1021 016b 6C6F6E67 		.ascii	"long long unsigned int\000"
 1021      206C6F6E 
 1021      6720756E 
 1021      7369676E 
 1021      65642069 
 1022              	.LASF23:
 1023 0182 4C43445F 		.ascii	"LCD_Position\000"
 1023      506F7369 
 1023      74696F6E 
 1023      00
 1024              	.LASF25:
 1025 018f 4C43445F 		.ascii	"LCD_PrintU32Number\000"
 1025      5072696E 
 1025      74553332 
 1025      4E756D62 
 1025      657200
 1026              	.LASF36:
 1027 01a2 433A5C55 		.ascii	"C:\\Users\\Henry Hernandez\\Documents\\PSoC Creator"
 1027      73657273 
 1027      5C48656E 
 1027      72792048 
 1027      65726E61 
 1028 01d1 5C456A65 		.ascii	"\\Ejemplo_3\\Ejemplo_3.cydsn\000"
 1028      6D706C6F 
 1028      5F335C45 
 1028      6A656D70 
 1028      6C6F5F33 
 1029              	.LASF18:
 1030 01ec 5661725F 		.ascii	"Var_flotante\000"
 1030      666C6F74 
 1030      616E7465 
 1030      00
 1031              	.LASF10:
 1032 01f9 696E7433 		.ascii	"int32_t\000"
 1032      325F7400 
 1033              	.LASF15:
 1034 0201 73697A65 		.ascii	"sizetype\000"
 1034      74797065 
 1034      00
 1035              	.LASF21:
 1036 020a 4144435F 		.ascii	"ADC_SAR_IsEndConversion\000"
 1036      5341525F 
 1036      4973456E 
 1036      64436F6E 
 1036      76657273 
ARM GAS  C:\Users\HENRYH~1\AppData\Local\Temp\cchNcsHW.s 			page 22


 1037              	.LASF6:
 1038 0222 6C6F6E67 		.ascii	"long long int\000"
 1038      206C6F6E 
 1038      6720696E 
 1038      7400
 1039              	.LASF35:
 1040 0230 6D61696E 		.ascii	"main.c\000"
 1040      2E6300
 1041              	.LASF14:
 1042 0237 63686172 		.ascii	"char\000"
 1042      00
 1043              	.LASF27:
 1044 023c 56444143 		.ascii	"VDAC_SetValue\000"
 1044      5F536574 
 1044      56616C75 
 1044      6500
 1045              	.LASF2:
 1046 024a 73686F72 		.ascii	"short int\000"
 1046      7420696E 
 1046      7400
 1047              	.LASF31:
 1048 0254 4144435F 		.ascii	"ADC_SAR_Start\000"
 1048      5341525F 
 1048      53746172 
 1048      7400
 1049              	.LASF4:
 1050 0262 6C6F6E67 		.ascii	"long int\000"
 1050      20696E74 
 1050      00
 1051              	.LASF16:
 1052 026b 6C6F6E67 		.ascii	"long double\000"
 1052      20646F75 
 1052      626C6500 
 1053              	.LASF0:
 1054 0277 7369676E 		.ascii	"signed char\000"
 1054      65642063 
 1054      68617200 
 1055              	.LASF22:
 1056 0283 4144435F 		.ascii	"ADC_SAR_GetResult16\000"
 1056      5341525F 
 1056      47657452 
 1056      6573756C 
 1056      74313600 
 1057              	.LASF26:
 1058 0297 73707269 		.ascii	"sprintf\000"
 1058      6E746600 
 1059              	.LASF28:
 1060 029f 43794465 		.ascii	"CyDelay\000"
 1060      6C617900 
 1061              		.ident	"GCC: (GNU Tools for ARM Embedded Processors) 5.4.1 20160609 (release) [ARM/embedded-5-bran
