ARM GAS  C:\Users\HENRYH~1\AppData\Local\Temp\ccCmmijW.s 			page 1


   1              		.syntax unified
   2              		.cpu cortex-m3
   3              		.fpu softvfp
   4              		.eabi_attribute 20, 1
   5              		.eabi_attribute 21, 1
   6              		.eabi_attribute 23, 3
   7              		.eabi_attribute 24, 1
   8              		.eabi_attribute 25, 1
   9              		.eabi_attribute 26, 1
  10              		.eabi_attribute 30, 1
  11              		.eabi_attribute 34, 1
  12              		.eabi_attribute 18, 4
  13              		.thumb
  14              		.syntax unified
  15              		.file	"main.c"
  16              		.text
  17              	.Ltext0:
  18              		.cfi_sections	.debug_frame
  19              		.section	.text.main,"ax",%progbits
  20              		.align	2
  21              		.global	main
  22              		.thumb
  23              		.thumb_func
  24              		.type	main, %function
  25              	main:
  26              	.LFB63:
  27              		.file 1 "main.c"
   1:main.c        **** /* ========================================
   2:main.c        ****  *
   3:main.c        ****  * Copyright YOUR COMPANY, THE YEAR
   4:main.c        ****  * All Rights Reserved
   5:main.c        ****  * UNPUBLISHED, LICENSED SOFTWARE.
   6:main.c        ****  *
   7:main.c        ****  * CONFIDENTIAL AND PROPRIETARY INFORMATION
   8:main.c        ****  * WHICH IS THE PROPERTY OF your company.
   9:main.c        ****  *
  10:main.c        ****  * ========================================
  11:main.c        **** */
  12:main.c        **** #include "project.h"
  13:main.c        **** 
  14:main.c        **** int main(void)
  15:main.c        **** {
  28              		.loc 1 15 0
  29              		.cfi_startproc
  30              		@ args = 0, pretend = 0, frame = 0
  31              		@ frame_needed = 0, uses_anonymous_args = 0
  32 0000 08B5     		push	{r3, lr}
  33              		.cfi_def_cfa_offset 8
  34              		.cfi_offset 3, -8
  35              		.cfi_offset 14, -4
  16:main.c        ****     CyGlobalIntEnable; /* Enable global interrupts. */
  36              		.loc 1 16 0
  37              		.syntax unified
  38              	@ 16 "main.c" 1
  39 0002 62B6     		CPSIE   i
  40              	@ 0 "" 2
  17:main.c        **** 
ARM GAS  C:\Users\HENRYH~1\AppData\Local\Temp\ccCmmijW.s 			page 2


  18:main.c        ****     /* Place your initialization/startup code here (e.g. MyInst_Start()) */
  19:main.c        ****     //Variables del PWM
  20:main.c        ****     // Iniciar PWM
  21:main.c        ****     PWM_Start(); 
  41              		.loc 1 21 0
  42              		.thumb
  43              		.syntax unified
  44 0004 FFF7FEFF 		bl	PWM_Start
  45              	.LVL0:
  46              	.L2:
  47 0008 FEE7     		b	.L2
  48              		.cfi_endproc
  49              	.LFE63:
  50              		.size	main, .-main
  51 000a 00BF     		.text
  52              	.Letext0:
  53              		.file 2 "c:\\program files (x86)\\cypress\\psoc creator\\4.4\\psoc creator\\import\\gnu\\arm\\5.4.
  54              		.file 3 "c:\\program files (x86)\\cypress\\psoc creator\\4.4\\psoc creator\\import\\gnu\\arm\\5.4.
  55              		.file 4 "Generated_Source\\PSoC5/cytypes.h"
  56              		.file 5 "Generated_Source\\PSoC5/core_cm3.h"
  57              		.file 6 "Generated_Source\\PSoC5/PWM.h"
  58              		.section	.debug_info,"",%progbits
  59              	.Ldebug_info0:
  60 0000 04010000 		.4byte	0x104
  61 0004 0400     		.2byte	0x4
  62 0006 00000000 		.4byte	.Ldebug_abbrev0
  63 000a 04       		.byte	0x4
  64 000b 01       		.uleb128 0x1
  65 000c 51000000 		.4byte	.LASF19
  66 0010 0C       		.byte	0xc
  67 0011 3C000000 		.4byte	.LASF20
  68 0015 6F010000 		.4byte	.LASF21
  69 0019 00000000 		.4byte	.Ldebug_ranges0+0
  70 001d 00000000 		.4byte	0
  71 0021 00000000 		.4byte	.Ldebug_line0
  72 0025 02       		.uleb128 0x2
  73 0026 01       		.byte	0x1
  74 0027 06       		.byte	0x6
  75 0028 43010000 		.4byte	.LASF0
  76 002c 02       		.uleb128 0x2
  77 002d 01       		.byte	0x1
  78 002e 08       		.byte	0x8
  79 002f 2E000000 		.4byte	.LASF1
  80 0033 02       		.uleb128 0x2
  81 0034 02       		.byte	0x2
  82 0035 05       		.byte	0x5
  83 0036 B7010000 		.4byte	.LASF2
  84 003a 02       		.uleb128 0x2
  85 003b 02       		.byte	0x2
  86 003c 07       		.byte	0x7
  87 003d 0E000000 		.4byte	.LASF3
  88 0041 03       		.uleb128 0x3
  89 0042 5B010000 		.4byte	.LASF9
  90 0046 02       		.byte	0x2
  91 0047 3F       		.byte	0x3f
  92 0048 4C000000 		.4byte	0x4c
  93 004c 02       		.uleb128 0x2
ARM GAS  C:\Users\HENRYH~1\AppData\Local\Temp\ccCmmijW.s 			page 3


  94 004d 04       		.byte	0x4
  95 004e 05       		.byte	0x5
  96 004f 26010000 		.4byte	.LASF4
  97 0053 02       		.uleb128 0x2
  98 0054 04       		.byte	0x4
  99 0055 07       		.byte	0x7
 100 0056 E5000000 		.4byte	.LASF5
 101 005a 02       		.uleb128 0x2
 102 005b 08       		.byte	0x8
 103 005c 05       		.byte	0x5
 104 005d 00000000 		.4byte	.LASF6
 105 0061 02       		.uleb128 0x2
 106 0062 08       		.byte	0x8
 107 0063 07       		.byte	0x7
 108 0064 F7000000 		.4byte	.LASF7
 109 0068 04       		.uleb128 0x4
 110 0069 04       		.byte	0x4
 111 006a 05       		.byte	0x5
 112 006b 696E7400 		.ascii	"int\000"
 113 006f 02       		.uleb128 0x2
 114 0070 04       		.byte	0x4
 115 0071 07       		.byte	0x7
 116 0072 21000000 		.4byte	.LASF8
 117 0076 03       		.uleb128 0x3
 118 0077 C1010000 		.4byte	.LASF10
 119 007b 03       		.byte	0x3
 120 007c 2C       		.byte	0x2c
 121 007d 41000000 		.4byte	0x41
 122 0081 05       		.uleb128 0x5
 123 0082 DF000000 		.4byte	.LASF11
 124 0086 04       		.byte	0x4
 125 0087 E801     		.2byte	0x1e8
 126 0089 2C000000 		.4byte	0x2c
 127 008d 02       		.uleb128 0x2
 128 008e 04       		.byte	0x4
 129 008f 04       		.byte	0x4
 130 0090 0E010000 		.4byte	.LASF12
 131 0094 02       		.uleb128 0x2
 132 0095 08       		.byte	0x8
 133 0096 04       		.byte	0x4
 134 0097 2F010000 		.4byte	.LASF13
 135 009b 02       		.uleb128 0x2
 136 009c 01       		.byte	0x1
 137 009d 08       		.byte	0x8
 138 009e 21010000 		.4byte	.LASF14
 139 00a2 02       		.uleb128 0x2
 140 00a3 08       		.byte	0x8
 141 00a4 04       		.byte	0x4
 142 00a5 4F010000 		.4byte	.LASF15
 143 00a9 02       		.uleb128 0x2
 144 00aa 04       		.byte	0x4
 145 00ab 07       		.byte	0x7
 146 00ac C9010000 		.4byte	.LASF16
 147 00b0 06       		.uleb128 0x6
 148 00b1 43000000 		.4byte	.LASF22
 149 00b5 01       		.byte	0x1
 150 00b6 0E       		.byte	0xe
ARM GAS  C:\Users\HENRYH~1\AppData\Local\Temp\ccCmmijW.s 			page 4


 151 00b7 68000000 		.4byte	0x68
 152 00bb 00000000 		.4byte	.LFB63
 153 00bf 0A000000 		.4byte	.LFE63-.LFB63
 154 00c3 01       		.uleb128 0x1
 155 00c4 9C       		.byte	0x9c
 156 00c5 EB000000 		.4byte	0xeb
 157 00c9 07       		.uleb128 0x7
 158 00ca 14010000 		.4byte	.LASF17
 159 00ce 01       		.byte	0x1
 160 00cf 16       		.byte	0x16
 161 00d0 81000000 		.4byte	0x81
 162 00d4 00       		.byte	0
 163 00d5 07       		.uleb128 0x7
 164 00d6 48000000 		.4byte	.LASF18
 165 00da 01       		.byte	0x1
 166 00db 19       		.byte	0x19
 167 00dc 81000000 		.4byte	0x81
 168 00e0 00       		.byte	0
 169 00e1 08       		.uleb128 0x8
 170 00e2 08000000 		.4byte	.LVL0
 171 00e6 FC000000 		.4byte	0xfc
 172 00ea 00       		.byte	0
 173 00eb 09       		.uleb128 0x9
 174 00ec 36010000 		.4byte	.LASF23
 175 00f0 05       		.byte	0x5
 176 00f1 1207     		.2byte	0x712
 177 00f3 F7000000 		.4byte	0xf7
 178 00f7 0A       		.uleb128 0xa
 179 00f8 76000000 		.4byte	0x76
 180 00fc 0B       		.uleb128 0xb
 181 00fd 65010000 		.4byte	.LASF24
 182 0101 65010000 		.4byte	.LASF24
 183 0105 06       		.byte	0x6
 184 0106 92       		.byte	0x92
 185 0107 00       		.byte	0
 186              		.section	.debug_abbrev,"",%progbits
 187              	.Ldebug_abbrev0:
 188 0000 01       		.uleb128 0x1
 189 0001 11       		.uleb128 0x11
 190 0002 01       		.byte	0x1
 191 0003 25       		.uleb128 0x25
 192 0004 0E       		.uleb128 0xe
 193 0005 13       		.uleb128 0x13
 194 0006 0B       		.uleb128 0xb
 195 0007 03       		.uleb128 0x3
 196 0008 0E       		.uleb128 0xe
 197 0009 1B       		.uleb128 0x1b
 198 000a 0E       		.uleb128 0xe
 199 000b 55       		.uleb128 0x55
 200 000c 17       		.uleb128 0x17
 201 000d 11       		.uleb128 0x11
 202 000e 01       		.uleb128 0x1
 203 000f 10       		.uleb128 0x10
 204 0010 17       		.uleb128 0x17
 205 0011 00       		.byte	0
 206 0012 00       		.byte	0
 207 0013 02       		.uleb128 0x2
ARM GAS  C:\Users\HENRYH~1\AppData\Local\Temp\ccCmmijW.s 			page 5


 208 0014 24       		.uleb128 0x24
 209 0015 00       		.byte	0
 210 0016 0B       		.uleb128 0xb
 211 0017 0B       		.uleb128 0xb
 212 0018 3E       		.uleb128 0x3e
 213 0019 0B       		.uleb128 0xb
 214 001a 03       		.uleb128 0x3
 215 001b 0E       		.uleb128 0xe
 216 001c 00       		.byte	0
 217 001d 00       		.byte	0
 218 001e 03       		.uleb128 0x3
 219 001f 16       		.uleb128 0x16
 220 0020 00       		.byte	0
 221 0021 03       		.uleb128 0x3
 222 0022 0E       		.uleb128 0xe
 223 0023 3A       		.uleb128 0x3a
 224 0024 0B       		.uleb128 0xb
 225 0025 3B       		.uleb128 0x3b
 226 0026 0B       		.uleb128 0xb
 227 0027 49       		.uleb128 0x49
 228 0028 13       		.uleb128 0x13
 229 0029 00       		.byte	0
 230 002a 00       		.byte	0
 231 002b 04       		.uleb128 0x4
 232 002c 24       		.uleb128 0x24
 233 002d 00       		.byte	0
 234 002e 0B       		.uleb128 0xb
 235 002f 0B       		.uleb128 0xb
 236 0030 3E       		.uleb128 0x3e
 237 0031 0B       		.uleb128 0xb
 238 0032 03       		.uleb128 0x3
 239 0033 08       		.uleb128 0x8
 240 0034 00       		.byte	0
 241 0035 00       		.byte	0
 242 0036 05       		.uleb128 0x5
 243 0037 16       		.uleb128 0x16
 244 0038 00       		.byte	0
 245 0039 03       		.uleb128 0x3
 246 003a 0E       		.uleb128 0xe
 247 003b 3A       		.uleb128 0x3a
 248 003c 0B       		.uleb128 0xb
 249 003d 3B       		.uleb128 0x3b
 250 003e 05       		.uleb128 0x5
 251 003f 49       		.uleb128 0x49
 252 0040 13       		.uleb128 0x13
 253 0041 00       		.byte	0
 254 0042 00       		.byte	0
 255 0043 06       		.uleb128 0x6
 256 0044 2E       		.uleb128 0x2e
 257 0045 01       		.byte	0x1
 258 0046 3F       		.uleb128 0x3f
 259 0047 19       		.uleb128 0x19
 260 0048 03       		.uleb128 0x3
 261 0049 0E       		.uleb128 0xe
 262 004a 3A       		.uleb128 0x3a
 263 004b 0B       		.uleb128 0xb
 264 004c 3B       		.uleb128 0x3b
ARM GAS  C:\Users\HENRYH~1\AppData\Local\Temp\ccCmmijW.s 			page 6


 265 004d 0B       		.uleb128 0xb
 266 004e 27       		.uleb128 0x27
 267 004f 19       		.uleb128 0x19
 268 0050 49       		.uleb128 0x49
 269 0051 13       		.uleb128 0x13
 270 0052 8701     		.uleb128 0x87
 271 0054 19       		.uleb128 0x19
 272 0055 11       		.uleb128 0x11
 273 0056 01       		.uleb128 0x1
 274 0057 12       		.uleb128 0x12
 275 0058 06       		.uleb128 0x6
 276 0059 40       		.uleb128 0x40
 277 005a 18       		.uleb128 0x18
 278 005b 9742     		.uleb128 0x2117
 279 005d 19       		.uleb128 0x19
 280 005e 01       		.uleb128 0x1
 281 005f 13       		.uleb128 0x13
 282 0060 00       		.byte	0
 283 0061 00       		.byte	0
 284 0062 07       		.uleb128 0x7
 285 0063 34       		.uleb128 0x34
 286 0064 00       		.byte	0
 287 0065 03       		.uleb128 0x3
 288 0066 0E       		.uleb128 0xe
 289 0067 3A       		.uleb128 0x3a
 290 0068 0B       		.uleb128 0xb
 291 0069 3B       		.uleb128 0x3b
 292 006a 0B       		.uleb128 0xb
 293 006b 49       		.uleb128 0x49
 294 006c 13       		.uleb128 0x13
 295 006d 1C       		.uleb128 0x1c
 296 006e 0B       		.uleb128 0xb
 297 006f 00       		.byte	0
 298 0070 00       		.byte	0
 299 0071 08       		.uleb128 0x8
 300 0072 898201   		.uleb128 0x4109
 301 0075 00       		.byte	0
 302 0076 11       		.uleb128 0x11
 303 0077 01       		.uleb128 0x1
 304 0078 31       		.uleb128 0x31
 305 0079 13       		.uleb128 0x13
 306 007a 00       		.byte	0
 307 007b 00       		.byte	0
 308 007c 09       		.uleb128 0x9
 309 007d 34       		.uleb128 0x34
 310 007e 00       		.byte	0
 311 007f 03       		.uleb128 0x3
 312 0080 0E       		.uleb128 0xe
 313 0081 3A       		.uleb128 0x3a
 314 0082 0B       		.uleb128 0xb
 315 0083 3B       		.uleb128 0x3b
 316 0084 05       		.uleb128 0x5
 317 0085 49       		.uleb128 0x49
 318 0086 13       		.uleb128 0x13
 319 0087 3F       		.uleb128 0x3f
 320 0088 19       		.uleb128 0x19
 321 0089 3C       		.uleb128 0x3c
ARM GAS  C:\Users\HENRYH~1\AppData\Local\Temp\ccCmmijW.s 			page 7


 322 008a 19       		.uleb128 0x19
 323 008b 00       		.byte	0
 324 008c 00       		.byte	0
 325 008d 0A       		.uleb128 0xa
 326 008e 35       		.uleb128 0x35
 327 008f 00       		.byte	0
 328 0090 49       		.uleb128 0x49
 329 0091 13       		.uleb128 0x13
 330 0092 00       		.byte	0
 331 0093 00       		.byte	0
 332 0094 0B       		.uleb128 0xb
 333 0095 2E       		.uleb128 0x2e
 334 0096 00       		.byte	0
 335 0097 3F       		.uleb128 0x3f
 336 0098 19       		.uleb128 0x19
 337 0099 3C       		.uleb128 0x3c
 338 009a 19       		.uleb128 0x19
 339 009b 6E       		.uleb128 0x6e
 340 009c 0E       		.uleb128 0xe
 341 009d 03       		.uleb128 0x3
 342 009e 0E       		.uleb128 0xe
 343 009f 3A       		.uleb128 0x3a
 344 00a0 0B       		.uleb128 0xb
 345 00a1 3B       		.uleb128 0x3b
 346 00a2 0B       		.uleb128 0xb
 347 00a3 00       		.byte	0
 348 00a4 00       		.byte	0
 349 00a5 00       		.byte	0
 350              		.section	.debug_aranges,"",%progbits
 351 0000 1C000000 		.4byte	0x1c
 352 0004 0200     		.2byte	0x2
 353 0006 00000000 		.4byte	.Ldebug_info0
 354 000a 04       		.byte	0x4
 355 000b 00       		.byte	0
 356 000c 0000     		.2byte	0
 357 000e 0000     		.2byte	0
 358 0010 00000000 		.4byte	.LFB63
 359 0014 0A000000 		.4byte	.LFE63-.LFB63
 360 0018 00000000 		.4byte	0
 361 001c 00000000 		.4byte	0
 362              		.section	.debug_ranges,"",%progbits
 363              	.Ldebug_ranges0:
 364 0000 00000000 		.4byte	.LFB63
 365 0004 0A000000 		.4byte	.LFE63
 366 0008 00000000 		.4byte	0
 367 000c 00000000 		.4byte	0
 368              		.section	.debug_line,"",%progbits
 369              	.Ldebug_line0:
 370 0000 6C010000 		.section	.debug_str,"MS",%progbits,1
 370      02005501 
 370      00000201 
 370      FB0E0D00 
 370      01010101 
 371              	.LASF6:
 372 0000 6C6F6E67 		.ascii	"long long int\000"
 372      206C6F6E 
 372      6720696E 
ARM GAS  C:\Users\HENRYH~1\AppData\Local\Temp\ccCmmijW.s 			page 8


 372      7400
 373              	.LASF3:
 374 000e 73686F72 		.ascii	"short unsigned int\000"
 374      7420756E 
 374      7369676E 
 374      65642069 
 374      6E7400
 375              	.LASF8:
 376 0021 756E7369 		.ascii	"unsigned int\000"
 376      676E6564 
 376      20696E74 
 376      00
 377              	.LASF1:
 378 002e 756E7369 		.ascii	"unsigned char\000"
 378      676E6564 
 378      20636861 
 378      7200
 379              	.LASF20:
 380 003c 6D61696E 		.ascii	"main.c\000"
 380      2E6300
 381              	.LASF22:
 382 0043 6D61696E 		.ascii	"main\000"
 382      00
 383              	.LASF18:
 384 0048 636F6E74 		.ascii	"contador\000"
 384      61646F72 
 384      00
 385              	.LASF19:
 386 0051 474E5520 		.ascii	"GNU C11 5.4.1 20160609 (release) [ARM/embedded-5-br"
 386      43313120 
 386      352E342E 
 386      31203230 
 386      31363036 
 387 0084 616E6368 		.ascii	"anch revision 237715] -mcpu=cortex-m3 -mthumb -g -O"
 387      20726576 
 387      6973696F 
 387      6E203233 
 387      37373135 
 388 00b7 67202D66 		.ascii	"g -ffunction-sections -ffat-lto-objects\000"
 388      66756E63 
 388      74696F6E 
 388      2D736563 
 388      74696F6E 
 389              	.LASF11:
 390 00df 75696E74 		.ascii	"uint8\000"
 390      3800
 391              	.LASF5:
 392 00e5 6C6F6E67 		.ascii	"long unsigned int\000"
 392      20756E73 
 392      69676E65 
 392      6420696E 
 392      7400
 393              	.LASF7:
 394 00f7 6C6F6E67 		.ascii	"long long unsigned int\000"
 394      206C6F6E 
 394      6720756E 
 394      7369676E 
ARM GAS  C:\Users\HENRYH~1\AppData\Local\Temp\ccCmmijW.s 			page 9


 394      65642069 
 395              	.LASF12:
 396 010e 666C6F61 		.ascii	"float\000"
 396      7400
 397              	.LASF17:
 398 0114 6E697665 		.ascii	"niveldebillo\000"
 398      6C646562 
 398      696C6C6F 
 398      00
 399              	.LASF14:
 400 0121 63686172 		.ascii	"char\000"
 400      00
 401              	.LASF4:
 402 0126 6C6F6E67 		.ascii	"long int\000"
 402      20696E74 
 402      00
 403              	.LASF13:
 404 012f 646F7562 		.ascii	"double\000"
 404      6C6500
 405              	.LASF23:
 406 0136 49544D5F 		.ascii	"ITM_RxBuffer\000"
 406      52784275 
 406      66666572 
 406      00
 407              	.LASF0:
 408 0143 7369676E 		.ascii	"signed char\000"
 408      65642063 
 408      68617200 
 409              	.LASF15:
 410 014f 6C6F6E67 		.ascii	"long double\000"
 410      20646F75 
 410      626C6500 
 411              	.LASF9:
 412 015b 5F5F696E 		.ascii	"__int32_t\000"
 412      7433325F 
 412      7400
 413              	.LASF24:
 414 0165 50574D5F 		.ascii	"PWM_Start\000"
 414      53746172 
 414      7400
 415              	.LASF21:
 416 016f 443A5C47 		.ascii	"D:\\GitHub\\Alumnos\\Sensores-actuadores\\Clase_3\\"
 416      69744875 
 416      625C416C 
 416      756D6E6F 
 416      735C5365 
 417 019d 456A656D 		.ascii	"Ejemplo_2\\Ejemplo_2.cydsn\000"
 417      706C6F5F 
 417      325C456A 
 417      656D706C 
 417      6F5F322E 
 418              	.LASF2:
 419 01b7 73686F72 		.ascii	"short int\000"
 419      7420696E 
 419      7400
 420              	.LASF10:
 421 01c1 696E7433 		.ascii	"int32_t\000"
ARM GAS  C:\Users\HENRYH~1\AppData\Local\Temp\ccCmmijW.s 			page 10


 421      325F7400 
 422              	.LASF16:
 423 01c9 73697A65 		.ascii	"sizetype\000"
 423      74797065 
 423      00
 424              		.ident	"GCC: (GNU Tools for ARM Embedded Processors) 5.4.1 20160609 (release) [ARM/embedded-5-bran
