ARM GAS  C:\Users\HENRYH~1\AppData\Local\Temp\ccmnPdlK.s 			page 1


   1              		.syntax unified
   2              		.cpu cortex-m3
   3              		.fpu softvfp
   4              		.eabi_attribute 20, 1
   5              		.eabi_attribute 21, 1
   6              		.eabi_attribute 23, 3
   7              		.eabi_attribute 24, 1
   8              		.eabi_attribute 25, 1
   9              		.eabi_attribute 26, 1
  10              		.eabi_attribute 30, 1
  11              		.eabi_attribute 34, 1
  12              		.eabi_attribute 18, 4
  13              		.thumb
  14              		.syntax unified
  15              		.file	"cymetadata.c"
  16              		.text
  17              	.Ltext0:
  18              		.cfi_sections	.debug_frame
  19              		.global	cy_metadata
  20              		.global	cy_meta_flashprotect
  21              		.global	cy_meta_wonvl
  22              		.global	cy_meta_custnvl
  23              		.global	cy_meta_configecc
  24              		.section	.cyconfigecc,"a",%progbits
  25              		.align	2
  26              		.type	cy_meta_configecc, %object
  27              		.size	cy_meta_configecc, 80
  28              	cy_meta_configecc:
  29 0000 02       		.byte	2
  30 0001 52       		.byte	82
  31 0002 00       		.byte	0
  32 0003 40       		.byte	64
  33 0004 02       		.byte	2
  34 0005 44       		.byte	68
  35 0006 01       		.byte	1
  36 0007 40       		.byte	64
  37 0008 01       		.byte	1
  38 0009 45       		.byte	69
  39 000a 01       		.byte	1
  40 000b 40       		.byte	64
  41 000c 01       		.byte	1
  42 000d 46       		.byte	70
  43 000e 01       		.byte	1
  44 000f 40       		.byte	64
  45 0010 01       		.byte	1
  46 0011 47       		.byte	71
  47 0012 01       		.byte	1
  48 0013 40       		.byte	64
  49 0014 01       		.byte	1
  50 0015 4C       		.byte	76
  51 0016 01       		.byte	1
  52 0017 40       		.byte	64
  53 0018 06       		.byte	6
  54 0019 4D       		.byte	77
  55 001a 01       		.byte	1
  56 001b 40       		.byte	64
  57 001c 60       		.byte	96
ARM GAS  C:\Users\HENRYH~1\AppData\Local\Temp\ccmnPdlK.s 			page 2


  58 001d 20       		.byte	32
  59 001e 61       		.byte	97
  60 001f 20       		.byte	32
  61 0020 10       		.byte	16
  62 0021 10       		.byte	16
  63 0022 C4       		.byte	-60
  64 0023 08       		.byte	8
  65 0024 98       		.byte	-104
  66 0025 10       		.byte	16
  67 0026 98       		.byte	-104
  68 0027 10       		.byte	16
  69 0028 98       		.byte	-104
  70 0029 10       		.byte	16
  71 002a 98       		.byte	-104
  72 002b 10       		.byte	16
  73 002c 18       		.byte	24
  74 002d 40       		.byte	64
  75 002e 78       		.byte	120
  76 002f 10       		.byte	16
  77 0030 7C       		.byte	124
  78 0031 40       		.byte	64
  79 0032 98       		.byte	-104
  80 0033 10       		.byte	16
  81 0034 C6       		.byte	-58
  82 0035 08       		.byte	8
  83 0036 DE       		.byte	-34
  84 0037 06       		.byte	6
  85 0038 10       		.byte	16
  86 0039 20       		.byte	32
  87 003a 20       		.byte	32
  88 003b 00       		.byte	0
  89 003c 20       		.byte	32
  90 003d 00       		.byte	0
  91 003e 00       		.byte	0
  92 003f 00       		.byte	0
  93 0040 00       		.byte	0
  94 0041 0B       		.byte	11
  95 0042 0B       		.byte	11
  96 0043 00       		.byte	0
  97 0044 00       		.byte	0
  98 0045 00       		.byte	0
  99 0046 00       		.byte	0
 100 0047 00       		.byte	0
 101 0048 00       		.byte	0
 102 0049 7F       		.byte	127
 103 004a 7F       		.byte	127
 104 004b 00       		.byte	0
 105 004c 00       		.byte	0
 106 004d 00       		.byte	0
 107 004e 00       		.byte	0
 108 004f 00       		.byte	0
 109              		.section	.cywolatch,"a",%progbits
 110              		.align	2
 111              		.type	cy_meta_wonvl, %object
 112              		.size	cy_meta_wonvl, 4
 113              	cy_meta_wonvl:
 114 0000 BC       		.byte	-68
ARM GAS  C:\Users\HENRYH~1\AppData\Local\Temp\ccmnPdlK.s 			page 3


 115 0001 90       		.byte	-112
 116 0002 AC       		.byte	-84
 117 0003 AF       		.byte	-81
 118              		.section	.cycustnvl,"a",%progbits
 119              		.align	2
 120              		.type	cy_meta_custnvl, %object
 121              		.size	cy_meta_custnvl, 4
 122              	cy_meta_custnvl:
 123 0000 00       		.byte	0
 124 0001 00       		.byte	0
 125 0002 40       		.byte	64
 126 0003 05       		.byte	5
 127              		.section	.cymeta,"a",%progbits
 128              		.align	2
 129              		.type	cy_metadata, %object
 130              		.size	cy_metadata, 12
 131              	cy_metadata:
 132 0000 00       		.byte	0
 133 0001 01       		.byte	1
 134 0002 2E       		.byte	46
 135 0003 12       		.byte	18
 136 0004 30       		.byte	48
 137 0005 69       		.byte	105
 138 0006 00       		.byte	0
 139 0007 01       		.byte	1
 140 0008 00       		.byte	0
 141 0009 00       		.byte	0
 142 000a 00       		.byte	0
 143 000b 00       		.byte	0
 144              		.section	.cyflashprotect,"a",%progbits
 145              		.align	2
 146              		.type	cy_meta_flashprotect, %object
 147              		.size	cy_meta_flashprotect, 256
 148              	cy_meta_flashprotect:
 149 0000 00000000 		.space	256
 149      00000000 
 149      00000000 
 149      00000000 
 149      00000000 
 150              		.text
 151              	.Letext0:
 152              		.file 1 "c:\\program files (x86)\\cypress\\psoc creator\\4.4\\psoc creator\\import\\gnu\\arm\\5.4.
 153              		.file 2 "c:\\program files (x86)\\cypress\\psoc creator\\4.4\\psoc creator\\import\\gnu\\arm\\5.4.
 154              		.file 3 "Generated_Source\\PSoC5\\cymetadata.c"
 155              		.section	.debug_info,"",%progbits
 156              	.Ldebug_info0:
 157 0000 30010000 		.4byte	0x130
 158 0004 0400     		.2byte	0x4
 159 0006 00000000 		.4byte	.Ldebug_abbrev0
 160 000a 04       		.byte	0x4
 161 000b 01       		.uleb128 0x1
 162 000c 37000000 		.4byte	.LASF17
 163 0010 0C       		.byte	0xc
 164 0011 B0010000 		.4byte	.LASF18
 165 0015 D7000000 		.4byte	.LASF19
 166 0019 00000000 		.4byte	.Ldebug_line0
 167 001d 02       		.uleb128 0x2
ARM GAS  C:\Users\HENRYH~1\AppData\Local\Temp\ccmnPdlK.s 			page 4


 168 001e 01       		.byte	0x1
 169 001f 06       		.byte	0x6
 170 0020 A4010000 		.4byte	.LASF0
 171 0024 03       		.uleb128 0x3
 172 0025 00000000 		.4byte	.LASF9
 173 0029 01       		.byte	0x1
 174 002a 1D       		.byte	0x1d
 175 002b 2F000000 		.4byte	0x2f
 176 002f 02       		.uleb128 0x2
 177 0030 01       		.byte	0x1
 178 0031 08       		.byte	0x8
 179 0032 29000000 		.4byte	.LASF1
 180 0036 02       		.uleb128 0x2
 181 0037 02       		.byte	0x2
 182 0038 05       		.byte	0x5
 183 0039 91010000 		.4byte	.LASF2
 184 003d 02       		.uleb128 0x2
 185 003e 02       		.byte	0x2
 186 003f 07       		.byte	0x7
 187 0040 0A000000 		.4byte	.LASF3
 188 0044 02       		.uleb128 0x2
 189 0045 04       		.byte	0x4
 190 0046 05       		.byte	0x5
 191 0047 9B010000 		.4byte	.LASF4
 192 004b 02       		.uleb128 0x2
 193 004c 04       		.byte	0x4
 194 004d 07       		.byte	0x7
 195 004e C5000000 		.4byte	.LASF5
 196 0052 02       		.uleb128 0x2
 197 0053 08       		.byte	0x8
 198 0054 05       		.byte	0x5
 199 0055 83010000 		.4byte	.LASF6
 200 0059 02       		.uleb128 0x2
 201 005a 08       		.byte	0x8
 202 005b 07       		.byte	0x7
 203 005c 38010000 		.4byte	.LASF7
 204 0060 04       		.uleb128 0x4
 205 0061 04       		.byte	0x4
 206 0062 05       		.byte	0x5
 207 0063 696E7400 		.ascii	"int\000"
 208 0067 02       		.uleb128 0x2
 209 0068 04       		.byte	0x4
 210 0069 07       		.byte	0x7
 211 006a 2B010000 		.4byte	.LASF8
 212 006e 03       		.uleb128 0x3
 213 006f 4F010000 		.4byte	.LASF10
 214 0073 02       		.byte	0x2
 215 0074 18       		.byte	0x18
 216 0075 24000000 		.4byte	0x24
 217 0079 05       		.uleb128 0x5
 218 007a 90000000 		.4byte	0x90
 219 007e 89000000 		.4byte	0x89
 220 0082 06       		.uleb128 0x6
 221 0083 89000000 		.4byte	0x89
 222 0087 4F       		.byte	0x4f
 223 0088 00       		.byte	0
 224 0089 02       		.uleb128 0x2
ARM GAS  C:\Users\HENRYH~1\AppData\Local\Temp\ccmnPdlK.s 			page 5


 225 008a 04       		.byte	0x4
 226 008b 07       		.byte	0x7
 227 008c 7A010000 		.4byte	.LASF11
 228 0090 07       		.uleb128 0x7
 229 0091 6E000000 		.4byte	0x6e
 230 0095 08       		.uleb128 0x8
 231 0096 19010000 		.4byte	.LASF12
 232 009a 03       		.byte	0x3
 233 009b 1F       		.byte	0x1f
 234 009c A6000000 		.4byte	0xa6
 235 00a0 05       		.uleb128 0x5
 236 00a1 03       		.byte	0x3
 237 00a2 00000000 		.4byte	cy_meta_configecc
 238 00a6 07       		.uleb128 0x7
 239 00a7 79000000 		.4byte	0x79
 240 00ab 05       		.uleb128 0x5
 241 00ac 90000000 		.4byte	0x90
 242 00b0 BB000000 		.4byte	0xbb
 243 00b4 06       		.uleb128 0x6
 244 00b5 89000000 		.4byte	0x89
 245 00b9 03       		.byte	0x3
 246 00ba 00       		.byte	0
 247 00bb 08       		.uleb128 0x8
 248 00bc 09010000 		.4byte	.LASF13
 249 00c0 03       		.byte	0x3
 250 00c1 36       		.byte	0x36
 251 00c2 CC000000 		.4byte	0xcc
 252 00c6 05       		.uleb128 0x5
 253 00c7 03       		.byte	0x3
 254 00c8 00000000 		.4byte	cy_meta_custnvl
 255 00cc 07       		.uleb128 0x7
 256 00cd AB000000 		.4byte	0xab
 257 00d1 08       		.uleb128 0x8
 258 00d2 6C010000 		.4byte	.LASF14
 259 00d6 03       		.byte	0x3
 260 00d7 44       		.byte	0x44
 261 00d8 E2000000 		.4byte	0xe2
 262 00dc 05       		.uleb128 0x5
 263 00dd 03       		.byte	0x3
 264 00de 00000000 		.4byte	cy_meta_wonvl
 265 00e2 07       		.uleb128 0x7
 266 00e3 AB000000 		.4byte	0xab
 267 00e7 05       		.uleb128 0x5
 268 00e8 90000000 		.4byte	0x90
 269 00ec F7000000 		.4byte	0xf7
 270 00f0 06       		.uleb128 0x6
 271 00f1 89000000 		.4byte	0x89
 272 00f5 FF       		.byte	0xff
 273 00f6 00       		.byte	0
 274 00f7 08       		.uleb128 0x8
 275 00f8 57010000 		.4byte	.LASF15
 276 00fc 03       		.byte	0x3
 277 00fd 52       		.byte	0x52
 278 00fe 08010000 		.4byte	0x108
 279 0102 05       		.uleb128 0x5
 280 0103 03       		.byte	0x3
 281 0104 00000000 		.4byte	cy_meta_flashprotect
ARM GAS  C:\Users\HENRYH~1\AppData\Local\Temp\ccmnPdlK.s 			page 6


 282 0108 07       		.uleb128 0x7
 283 0109 E7000000 		.4byte	0xe7
 284 010d 05       		.uleb128 0x5
 285 010e 90000000 		.4byte	0x90
 286 0112 1D010000 		.4byte	0x11d
 287 0116 06       		.uleb128 0x6
 288 0117 89000000 		.4byte	0x89
 289 011b 0B       		.byte	0xb
 290 011c 00       		.byte	0
 291 011d 08       		.uleb128 0x8
 292 011e 1D000000 		.4byte	.LASF16
 293 0122 03       		.byte	0x3
 294 0123 7F       		.byte	0x7f
 295 0124 2E010000 		.4byte	0x12e
 296 0128 05       		.uleb128 0x5
 297 0129 03       		.byte	0x3
 298 012a 00000000 		.4byte	cy_metadata
 299 012e 07       		.uleb128 0x7
 300 012f 0D010000 		.4byte	0x10d
 301 0133 00       		.byte	0
 302              		.section	.debug_abbrev,"",%progbits
 303              	.Ldebug_abbrev0:
 304 0000 01       		.uleb128 0x1
 305 0001 11       		.uleb128 0x11
 306 0002 01       		.byte	0x1
 307 0003 25       		.uleb128 0x25
 308 0004 0E       		.uleb128 0xe
 309 0005 13       		.uleb128 0x13
 310 0006 0B       		.uleb128 0xb
 311 0007 03       		.uleb128 0x3
 312 0008 0E       		.uleb128 0xe
 313 0009 1B       		.uleb128 0x1b
 314 000a 0E       		.uleb128 0xe
 315 000b 10       		.uleb128 0x10
 316 000c 17       		.uleb128 0x17
 317 000d 00       		.byte	0
 318 000e 00       		.byte	0
 319 000f 02       		.uleb128 0x2
 320 0010 24       		.uleb128 0x24
 321 0011 00       		.byte	0
 322 0012 0B       		.uleb128 0xb
 323 0013 0B       		.uleb128 0xb
 324 0014 3E       		.uleb128 0x3e
 325 0015 0B       		.uleb128 0xb
 326 0016 03       		.uleb128 0x3
 327 0017 0E       		.uleb128 0xe
 328 0018 00       		.byte	0
 329 0019 00       		.byte	0
 330 001a 03       		.uleb128 0x3
 331 001b 16       		.uleb128 0x16
 332 001c 00       		.byte	0
 333 001d 03       		.uleb128 0x3
 334 001e 0E       		.uleb128 0xe
 335 001f 3A       		.uleb128 0x3a
 336 0020 0B       		.uleb128 0xb
 337 0021 3B       		.uleb128 0x3b
 338 0022 0B       		.uleb128 0xb
ARM GAS  C:\Users\HENRYH~1\AppData\Local\Temp\ccmnPdlK.s 			page 7


 339 0023 49       		.uleb128 0x49
 340 0024 13       		.uleb128 0x13
 341 0025 00       		.byte	0
 342 0026 00       		.byte	0
 343 0027 04       		.uleb128 0x4
 344 0028 24       		.uleb128 0x24
 345 0029 00       		.byte	0
 346 002a 0B       		.uleb128 0xb
 347 002b 0B       		.uleb128 0xb
 348 002c 3E       		.uleb128 0x3e
 349 002d 0B       		.uleb128 0xb
 350 002e 03       		.uleb128 0x3
 351 002f 08       		.uleb128 0x8
 352 0030 00       		.byte	0
 353 0031 00       		.byte	0
 354 0032 05       		.uleb128 0x5
 355 0033 01       		.uleb128 0x1
 356 0034 01       		.byte	0x1
 357 0035 49       		.uleb128 0x49
 358 0036 13       		.uleb128 0x13
 359 0037 01       		.uleb128 0x1
 360 0038 13       		.uleb128 0x13
 361 0039 00       		.byte	0
 362 003a 00       		.byte	0
 363 003b 06       		.uleb128 0x6
 364 003c 21       		.uleb128 0x21
 365 003d 00       		.byte	0
 366 003e 49       		.uleb128 0x49
 367 003f 13       		.uleb128 0x13
 368 0040 2F       		.uleb128 0x2f
 369 0041 0B       		.uleb128 0xb
 370 0042 00       		.byte	0
 371 0043 00       		.byte	0
 372 0044 07       		.uleb128 0x7
 373 0045 26       		.uleb128 0x26
 374 0046 00       		.byte	0
 375 0047 49       		.uleb128 0x49
 376 0048 13       		.uleb128 0x13
 377 0049 00       		.byte	0
 378 004a 00       		.byte	0
 379 004b 08       		.uleb128 0x8
 380 004c 34       		.uleb128 0x34
 381 004d 00       		.byte	0
 382 004e 03       		.uleb128 0x3
 383 004f 0E       		.uleb128 0xe
 384 0050 3A       		.uleb128 0x3a
 385 0051 0B       		.uleb128 0xb
 386 0052 3B       		.uleb128 0x3b
 387 0053 0B       		.uleb128 0xb
 388 0054 49       		.uleb128 0x49
 389 0055 13       		.uleb128 0x13
 390 0056 3F       		.uleb128 0x3f
 391 0057 19       		.uleb128 0x19
 392 0058 02       		.uleb128 0x2
 393 0059 18       		.uleb128 0x18
 394 005a 00       		.byte	0
 395 005b 00       		.byte	0
ARM GAS  C:\Users\HENRYH~1\AppData\Local\Temp\ccmnPdlK.s 			page 8


 396 005c 00       		.byte	0
 397              		.section	.debug_aranges,"",%progbits
 398 0000 14000000 		.4byte	0x14
 399 0004 0200     		.2byte	0x2
 400 0006 00000000 		.4byte	.Ldebug_info0
 401 000a 04       		.byte	0x4
 402 000b 00       		.byte	0
 403 000c 0000     		.2byte	0
 404 000e 0000     		.2byte	0
 405 0010 00000000 		.4byte	0
 406 0014 00000000 		.4byte	0
 407              		.section	.debug_line,"",%progbits
 408              	.Ldebug_line0:
 409 0000 3D010000 		.section	.debug_str,"MS",%progbits,1
 409      02003701 
 409      00000201 
 409      FB0E0D00 
 409      01010101 
 410              	.LASF9:
 411 0000 5F5F7569 		.ascii	"__uint8_t\000"
 411      6E74385F 
 411      7400
 412              	.LASF3:
 413 000a 73686F72 		.ascii	"short unsigned int\000"
 413      7420756E 
 413      7369676E 
 413      65642069 
 413      6E7400
 414              	.LASF16:
 415 001d 63795F6D 		.ascii	"cy_metadata\000"
 415      65746164 
 415      61746100 
 416              	.LASF1:
 417 0029 756E7369 		.ascii	"unsigned char\000"
 417      676E6564 
 417      20636861 
 417      7200
 418              	.LASF17:
 419 0037 474E5520 		.ascii	"GNU C11 5.4.1 20160609 (release) [ARM/embedded-5-br"
 419      43313120 
 419      352E342E 
 419      31203230 
 419      31363036 
 420 006a 616E6368 		.ascii	"anch revision 237715] -mcpu=cortex-m3 -mthumb -g -O"
 420      20726576 
 420      6973696F 
 420      6E203233 
 420      37373135 
 421 009d 67202D66 		.ascii	"g -ffunction-sections -ffat-lto-objects\000"
 421      66756E63 
 421      74696F6E 
 421      2D736563 
 421      74696F6E 
 422              	.LASF5:
 423 00c5 6C6F6E67 		.ascii	"long unsigned int\000"
 423      20756E73 
 423      69676E65 
ARM GAS  C:\Users\HENRYH~1\AppData\Local\Temp\ccmnPdlK.s 			page 9


 423      6420696E 
 423      7400
 424              	.LASF19:
 425 00d7 433A5C55 		.ascii	"C:\\Users\\Henry Hernandez\\Desktop\\CAN\\NODO_1.cy"
 425      73657273 
 425      5C48656E 
 425      72792048 
 425      65726E61 
 426 0105 64736E00 		.ascii	"dsn\000"
 427              	.LASF13:
 428 0109 63795F6D 		.ascii	"cy_meta_custnvl\000"
 428      6574615F 
 428      63757374 
 428      6E766C00 
 429              	.LASF12:
 430 0119 63795F6D 		.ascii	"cy_meta_configecc\000"
 430      6574615F 
 430      636F6E66 
 430      69676563 
 430      6300
 431              	.LASF8:
 432 012b 756E7369 		.ascii	"unsigned int\000"
 432      676E6564 
 432      20696E74 
 432      00
 433              	.LASF7:
 434 0138 6C6F6E67 		.ascii	"long long unsigned int\000"
 434      206C6F6E 
 434      6720756E 
 434      7369676E 
 434      65642069 
 435              	.LASF10:
 436 014f 75696E74 		.ascii	"uint8_t\000"
 436      385F7400 
 437              	.LASF15:
 438 0157 63795F6D 		.ascii	"cy_meta_flashprotect\000"
 438      6574615F 
 438      666C6173 
 438      6870726F 
 438      74656374 
 439              	.LASF14:
 440 016c 63795F6D 		.ascii	"cy_meta_wonvl\000"
 440      6574615F 
 440      776F6E76 
 440      6C00
 441              	.LASF11:
 442 017a 73697A65 		.ascii	"sizetype\000"
 442      74797065 
 442      00
 443              	.LASF6:
 444 0183 6C6F6E67 		.ascii	"long long int\000"
 444      206C6F6E 
 444      6720696E 
 444      7400
 445              	.LASF2:
 446 0191 73686F72 		.ascii	"short int\000"
 446      7420696E 
ARM GAS  C:\Users\HENRYH~1\AppData\Local\Temp\ccmnPdlK.s 			page 10


 446      7400
 447              	.LASF4:
 448 019b 6C6F6E67 		.ascii	"long int\000"
 448      20696E74 
 448      00
 449              	.LASF0:
 450 01a4 7369676E 		.ascii	"signed char\000"
 450      65642063 
 450      68617200 
 451              	.LASF18:
 452 01b0 47656E65 		.ascii	"Generated_Source\\PSoC5\\cymetadata.c\000"
 452      72617465 
 452      645F536F 
 452      75726365 
 452      5C50536F 
 453              		.ident	"GCC: (GNU Tools for ARM Embedded Processors) 5.4.1 20160609 (release) [ARM/embedded-5-bran
