ARM GAS  C:\Users\HENRYA~1\AppData\Local\Temp\cc8DOJUR.s 			page 1


   1              		.syntax unified
   2              		.cpu cortex-m3
   3              		.fpu softvfp
   4              		.eabi_attribute 20, 1
   5              		.eabi_attribute 21, 1
   6              		.eabi_attribute 23, 3
   7              		.eabi_attribute 24, 1
   8              		.eabi_attribute 25, 1
   9              		.eabi_attribute 26, 1
  10              		.eabi_attribute 30, 1
  11              		.eabi_attribute 34, 1
  12              		.eabi_attribute 18, 4
  13              		.thumb
  14              		.syntax unified
  15              		.file	"PUERTO_CAN_1_INT.c"
  16              		.text
  17              	.Ltext0:
  18              		.cfi_sections	.debug_frame
  19              		.section	.text.PUERTO_CAN_1_BusOffIsr,"ax",%progbits
  20              		.align	2
  21              		.global	PUERTO_CAN_1_BusOffIsr
  22              		.thumb
  23              		.thumb_func
  24              		.type	PUERTO_CAN_1_BusOffIsr, %function
  25              	PUERTO_CAN_1_BusOffIsr:
  26              	.LFB0:
  27              		.file 1 "Generated_Source\\PSoC5\\PUERTO_CAN_1_INT.c"
   1:Generated_Source\PSoC5/PUERTO_CAN_1_INT.c **** /*******************************************************************************
   2:Generated_Source\PSoC5/PUERTO_CAN_1_INT.c **** * File Name: PUERTO_CAN_1_INT.c
   3:Generated_Source\PSoC5/PUERTO_CAN_1_INT.c **** * Version 3.0
   4:Generated_Source\PSoC5/PUERTO_CAN_1_INT.c **** *
   5:Generated_Source\PSoC5/PUERTO_CAN_1_INT.c **** * Description:
   6:Generated_Source\PSoC5/PUERTO_CAN_1_INT.c **** *  This file contains Interrupt Service Routine (ISR) for CAN Component.
   7:Generated_Source\PSoC5/PUERTO_CAN_1_INT.c **** *  The Interrupt handlers functions are generated accordingly to the PSoC
   8:Generated_Source\PSoC5/PUERTO_CAN_1_INT.c **** *  Creator Customizer inputs.
   9:Generated_Source\PSoC5/PUERTO_CAN_1_INT.c **** *
  10:Generated_Source\PSoC5/PUERTO_CAN_1_INT.c **** * Note:
  11:Generated_Source\PSoC5/PUERTO_CAN_1_INT.c **** *  None
  12:Generated_Source\PSoC5/PUERTO_CAN_1_INT.c **** *
  13:Generated_Source\PSoC5/PUERTO_CAN_1_INT.c **** ********************************************************************************
  14:Generated_Source\PSoC5/PUERTO_CAN_1_INT.c **** * Copyright 2008-2015, Cypress Semiconductor Corporation.  All rights reserved.
  15:Generated_Source\PSoC5/PUERTO_CAN_1_INT.c **** * You may use this file only in accordance with the license, terms, conditions,
  16:Generated_Source\PSoC5/PUERTO_CAN_1_INT.c **** * disclaimers, and limitations in the end user license agreement accompanying
  17:Generated_Source\PSoC5/PUERTO_CAN_1_INT.c **** * the software package with which this file was provided.
  18:Generated_Source\PSoC5/PUERTO_CAN_1_INT.c **** *******************************************************************************/
  19:Generated_Source\PSoC5/PUERTO_CAN_1_INT.c **** 
  20:Generated_Source\PSoC5/PUERTO_CAN_1_INT.c **** #include "PUERTO_CAN_1.h"
  21:Generated_Source\PSoC5/PUERTO_CAN_1_INT.c **** #include "cyapicallbacks.h"
  22:Generated_Source\PSoC5/PUERTO_CAN_1_INT.c **** 
  23:Generated_Source\PSoC5/PUERTO_CAN_1_INT.c **** /* `#START CAN_INT_C_CODE_DEFINITION` */
  24:Generated_Source\PSoC5/PUERTO_CAN_1_INT.c **** 
  25:Generated_Source\PSoC5/PUERTO_CAN_1_INT.c **** /* `#END` */
  26:Generated_Source\PSoC5/PUERTO_CAN_1_INT.c **** 
  27:Generated_Source\PSoC5/PUERTO_CAN_1_INT.c **** #if (PUERTO_CAN_1_ARB_LOST)
  28:Generated_Source\PSoC5/PUERTO_CAN_1_INT.c ****     /*******************************************************************************
  29:Generated_Source\PSoC5/PUERTO_CAN_1_INT.c ****     * FUNCTION NAME:   PUERTO_CAN_1_ArbLostIsr
  30:Generated_Source\PSoC5/PUERTO_CAN_1_INT.c ****     ********************************************************************************
ARM GAS  C:\Users\HENRYA~1\AppData\Local\Temp\cc8DOJUR.s 			page 2


  31:Generated_Source\PSoC5/PUERTO_CAN_1_INT.c ****     *
  32:Generated_Source\PSoC5/PUERTO_CAN_1_INT.c ****     * Summary:
  33:Generated_Source\PSoC5/PUERTO_CAN_1_INT.c ****     *  This function is entry point to Arbitration Lost Interrupt. Clears
  34:Generated_Source\PSoC5/PUERTO_CAN_1_INT.c ****     *  Arbitration Lost interrupt flag. Only generated if Arbitration Lost
  35:Generated_Source\PSoC5/PUERTO_CAN_1_INT.c ****     *  Interrupt enable in Customizer.
  36:Generated_Source\PSoC5/PUERTO_CAN_1_INT.c ****     *
  37:Generated_Source\PSoC5/PUERTO_CAN_1_INT.c ****     * Parameters:
  38:Generated_Source\PSoC5/PUERTO_CAN_1_INT.c ****     *  None.
  39:Generated_Source\PSoC5/PUERTO_CAN_1_INT.c ****     *
  40:Generated_Source\PSoC5/PUERTO_CAN_1_INT.c ****     * Return:
  41:Generated_Source\PSoC5/PUERTO_CAN_1_INT.c ****     *  None.
  42:Generated_Source\PSoC5/PUERTO_CAN_1_INT.c ****     *
  43:Generated_Source\PSoC5/PUERTO_CAN_1_INT.c ****     * Reentrant:
  44:Generated_Source\PSoC5/PUERTO_CAN_1_INT.c ****     *  Depends on Customer code.
  45:Generated_Source\PSoC5/PUERTO_CAN_1_INT.c ****     *
  46:Generated_Source\PSoC5/PUERTO_CAN_1_INT.c ****     *******************************************************************************/
  47:Generated_Source\PSoC5/PUERTO_CAN_1_INT.c ****     void PUERTO_CAN_1_ArbLostIsr(void) 
  48:Generated_Source\PSoC5/PUERTO_CAN_1_INT.c ****     {
  49:Generated_Source\PSoC5/PUERTO_CAN_1_INT.c ****         /* Clear Arbitration Lost flag */
  50:Generated_Source\PSoC5/PUERTO_CAN_1_INT.c ****         PUERTO_CAN_1_INT_SR_REG.byte[0u] = PUERTO_CAN_1_ARBITRATION_LOST_MASK;
  51:Generated_Source\PSoC5/PUERTO_CAN_1_INT.c **** 
  52:Generated_Source\PSoC5/PUERTO_CAN_1_INT.c ****         /* `#START ARBITRATION_LOST_ISR` */
  53:Generated_Source\PSoC5/PUERTO_CAN_1_INT.c **** 
  54:Generated_Source\PSoC5/PUERTO_CAN_1_INT.c ****         /* `#END` */
  55:Generated_Source\PSoC5/PUERTO_CAN_1_INT.c **** 
  56:Generated_Source\PSoC5/PUERTO_CAN_1_INT.c ****         #ifdef PUERTO_CAN_1_ARB_LOST_ISR_CALLBACK
  57:Generated_Source\PSoC5/PUERTO_CAN_1_INT.c ****             PUERTO_CAN_1_ArbLostIsr_Callback();
  58:Generated_Source\PSoC5/PUERTO_CAN_1_INT.c ****         #endif /* PUERTO_CAN_1_ARB_LOST_ISR_CALLBACK */
  59:Generated_Source\PSoC5/PUERTO_CAN_1_INT.c ****     }
  60:Generated_Source\PSoC5/PUERTO_CAN_1_INT.c **** #endif /* PUERTO_CAN_1_ARB_LOST */
  61:Generated_Source\PSoC5/PUERTO_CAN_1_INT.c **** 
  62:Generated_Source\PSoC5/PUERTO_CAN_1_INT.c **** 
  63:Generated_Source\PSoC5/PUERTO_CAN_1_INT.c **** #if (PUERTO_CAN_1_OVERLOAD)
  64:Generated_Source\PSoC5/PUERTO_CAN_1_INT.c ****     /*******************************************************************************
  65:Generated_Source\PSoC5/PUERTO_CAN_1_INT.c ****     * FUNCTION NAME:   PUERTO_CAN_1_OvrLdErrorIsr
  66:Generated_Source\PSoC5/PUERTO_CAN_1_INT.c ****     ********************************************************************************
  67:Generated_Source\PSoC5/PUERTO_CAN_1_INT.c ****     *
  68:Generated_Source\PSoC5/PUERTO_CAN_1_INT.c ****     * Summary:
  69:Generated_Source\PSoC5/PUERTO_CAN_1_INT.c ****     *  This function is entry point to Overload Error Interrupt. Clears Overload
  70:Generated_Source\PSoC5/PUERTO_CAN_1_INT.c ****     *  Error interrupt flag. Only generated if Overload Error Interrupt enable
  71:Generated_Source\PSoC5/PUERTO_CAN_1_INT.c ****     *  in Customizer.
  72:Generated_Source\PSoC5/PUERTO_CAN_1_INT.c ****     *
  73:Generated_Source\PSoC5/PUERTO_CAN_1_INT.c ****     * Parameters:
  74:Generated_Source\PSoC5/PUERTO_CAN_1_INT.c ****     *  None.
  75:Generated_Source\PSoC5/PUERTO_CAN_1_INT.c ****     *
  76:Generated_Source\PSoC5/PUERTO_CAN_1_INT.c ****     * Return:
  77:Generated_Source\PSoC5/PUERTO_CAN_1_INT.c ****     *  None.
  78:Generated_Source\PSoC5/PUERTO_CAN_1_INT.c ****     *
  79:Generated_Source\PSoC5/PUERTO_CAN_1_INT.c ****     * Reentrant:
  80:Generated_Source\PSoC5/PUERTO_CAN_1_INT.c ****     *  Depends on Customer code.
  81:Generated_Source\PSoC5/PUERTO_CAN_1_INT.c ****     *
  82:Generated_Source\PSoC5/PUERTO_CAN_1_INT.c ****     *******************************************************************************/
  83:Generated_Source\PSoC5/PUERTO_CAN_1_INT.c ****     void PUERTO_CAN_1_OvrLdErrorIsr(void) 
  84:Generated_Source\PSoC5/PUERTO_CAN_1_INT.c ****     {
  85:Generated_Source\PSoC5/PUERTO_CAN_1_INT.c ****         /* Clear Overload Error flag */
  86:Generated_Source\PSoC5/PUERTO_CAN_1_INT.c ****         PUERTO_CAN_1_INT_SR_REG.byte[0u] = PUERTO_CAN_1_OVERLOAD_ERROR_MASK;
  87:Generated_Source\PSoC5/PUERTO_CAN_1_INT.c **** 
ARM GAS  C:\Users\HENRYA~1\AppData\Local\Temp\cc8DOJUR.s 			page 3


  88:Generated_Source\PSoC5/PUERTO_CAN_1_INT.c ****         /* `#START OVER_LOAD_ERROR_ISR` */
  89:Generated_Source\PSoC5/PUERTO_CAN_1_INT.c **** 
  90:Generated_Source\PSoC5/PUERTO_CAN_1_INT.c ****         /* `#END` */
  91:Generated_Source\PSoC5/PUERTO_CAN_1_INT.c **** 
  92:Generated_Source\PSoC5/PUERTO_CAN_1_INT.c ****         #ifdef PUERTO_CAN_1_OVR_LD_ERROR_ISR_CALLBACK
  93:Generated_Source\PSoC5/PUERTO_CAN_1_INT.c ****             PUERTO_CAN_1_OvrLdErrorIsr_Callback();
  94:Generated_Source\PSoC5/PUERTO_CAN_1_INT.c ****         #endif /* PUERTO_CAN_1_OVR_LD_ERROR_ISR_CALLBACK */
  95:Generated_Source\PSoC5/PUERTO_CAN_1_INT.c ****     }
  96:Generated_Source\PSoC5/PUERTO_CAN_1_INT.c **** #endif /* PUERTO_CAN_1_OVERLOAD */
  97:Generated_Source\PSoC5/PUERTO_CAN_1_INT.c **** 
  98:Generated_Source\PSoC5/PUERTO_CAN_1_INT.c **** 
  99:Generated_Source\PSoC5/PUERTO_CAN_1_INT.c **** #if (PUERTO_CAN_1_BIT_ERR)
 100:Generated_Source\PSoC5/PUERTO_CAN_1_INT.c ****     /*******************************************************************************
 101:Generated_Source\PSoC5/PUERTO_CAN_1_INT.c ****     * FUNCTION NAME:   PUERTO_CAN_1_BitErrorIsr
 102:Generated_Source\PSoC5/PUERTO_CAN_1_INT.c ****     ********************************************************************************
 103:Generated_Source\PSoC5/PUERTO_CAN_1_INT.c ****     *
 104:Generated_Source\PSoC5/PUERTO_CAN_1_INT.c ****     * Summary:
 105:Generated_Source\PSoC5/PUERTO_CAN_1_INT.c ****     *  This function is entry point to Bit Error Interrupt. Clears Bit Error
 106:Generated_Source\PSoC5/PUERTO_CAN_1_INT.c ****     *  interrupt flag. Only generated if Bit Error Interrupt enable in Customizer.
 107:Generated_Source\PSoC5/PUERTO_CAN_1_INT.c ****     *
 108:Generated_Source\PSoC5/PUERTO_CAN_1_INT.c ****     * Parameters:
 109:Generated_Source\PSoC5/PUERTO_CAN_1_INT.c ****     *  None.
 110:Generated_Source\PSoC5/PUERTO_CAN_1_INT.c ****     *
 111:Generated_Source\PSoC5/PUERTO_CAN_1_INT.c ****     * Return:
 112:Generated_Source\PSoC5/PUERTO_CAN_1_INT.c ****     *  None.
 113:Generated_Source\PSoC5/PUERTO_CAN_1_INT.c ****     *
 114:Generated_Source\PSoC5/PUERTO_CAN_1_INT.c ****     * Reentrant:
 115:Generated_Source\PSoC5/PUERTO_CAN_1_INT.c ****     *  Depends on Customer code.
 116:Generated_Source\PSoC5/PUERTO_CAN_1_INT.c ****     *
 117:Generated_Source\PSoC5/PUERTO_CAN_1_INT.c ****     *******************************************************************************/
 118:Generated_Source\PSoC5/PUERTO_CAN_1_INT.c ****     void PUERTO_CAN_1_BitErrorIsr(void) 
 119:Generated_Source\PSoC5/PUERTO_CAN_1_INT.c ****     {
 120:Generated_Source\PSoC5/PUERTO_CAN_1_INT.c ****         /* Clear Bit Error flag */
 121:Generated_Source\PSoC5/PUERTO_CAN_1_INT.c ****         PUERTO_CAN_1_INT_SR_REG.byte[0u] = PUERTO_CAN_1_BIT_ERROR_MASK;
 122:Generated_Source\PSoC5/PUERTO_CAN_1_INT.c **** 
 123:Generated_Source\PSoC5/PUERTO_CAN_1_INT.c ****         /* `#START BIT_ERROR_ISR` */
 124:Generated_Source\PSoC5/PUERTO_CAN_1_INT.c **** 
 125:Generated_Source\PSoC5/PUERTO_CAN_1_INT.c ****         /* `#END` */
 126:Generated_Source\PSoC5/PUERTO_CAN_1_INT.c **** 
 127:Generated_Source\PSoC5/PUERTO_CAN_1_INT.c ****         #ifdef PUERTO_CAN_1_BIT_ERROR_ISR_CALLBACK
 128:Generated_Source\PSoC5/PUERTO_CAN_1_INT.c ****             PUERTO_CAN_1_BitErrorIsr_Callback();
 129:Generated_Source\PSoC5/PUERTO_CAN_1_INT.c ****         #endif /* PUERTO_CAN_1_BIT_ERROR_ISR_CALLBACK */
 130:Generated_Source\PSoC5/PUERTO_CAN_1_INT.c ****     }
 131:Generated_Source\PSoC5/PUERTO_CAN_1_INT.c **** #endif /* PUERTO_CAN_1_BIT_ERR */
 132:Generated_Source\PSoC5/PUERTO_CAN_1_INT.c **** 
 133:Generated_Source\PSoC5/PUERTO_CAN_1_INT.c **** 
 134:Generated_Source\PSoC5/PUERTO_CAN_1_INT.c **** #if (PUERTO_CAN_1_STUFF_ERR)
 135:Generated_Source\PSoC5/PUERTO_CAN_1_INT.c ****     /*******************************************************************************
 136:Generated_Source\PSoC5/PUERTO_CAN_1_INT.c ****     * FUNCTION NAME:   PUERTO_CAN_1_BitStuffErrorIsr
 137:Generated_Source\PSoC5/PUERTO_CAN_1_INT.c ****     ********************************************************************************
 138:Generated_Source\PSoC5/PUERTO_CAN_1_INT.c ****     *
 139:Generated_Source\PSoC5/PUERTO_CAN_1_INT.c ****     * Summary:
 140:Generated_Source\PSoC5/PUERTO_CAN_1_INT.c ****     *  This function is entry point to Bit Stuff Error Interrupt. Clears Bit Stuff
 141:Generated_Source\PSoC5/PUERTO_CAN_1_INT.c ****     *  Error interrupt flag. Only generated if Bit Stuff Error Interrupt enable
 142:Generated_Source\PSoC5/PUERTO_CAN_1_INT.c ****     *  in Customizer.
 143:Generated_Source\PSoC5/PUERTO_CAN_1_INT.c ****     *
 144:Generated_Source\PSoC5/PUERTO_CAN_1_INT.c ****     * Parameters:
ARM GAS  C:\Users\HENRYA~1\AppData\Local\Temp\cc8DOJUR.s 			page 4


 145:Generated_Source\PSoC5/PUERTO_CAN_1_INT.c ****     *  None.
 146:Generated_Source\PSoC5/PUERTO_CAN_1_INT.c ****     *
 147:Generated_Source\PSoC5/PUERTO_CAN_1_INT.c ****     * Return:
 148:Generated_Source\PSoC5/PUERTO_CAN_1_INT.c ****     *  None.
 149:Generated_Source\PSoC5/PUERTO_CAN_1_INT.c ****     *
 150:Generated_Source\PSoC5/PUERTO_CAN_1_INT.c ****     * Reentrant:
 151:Generated_Source\PSoC5/PUERTO_CAN_1_INT.c ****     *  Depends on Customer code.
 152:Generated_Source\PSoC5/PUERTO_CAN_1_INT.c ****     *
 153:Generated_Source\PSoC5/PUERTO_CAN_1_INT.c ****     *******************************************************************************/
 154:Generated_Source\PSoC5/PUERTO_CAN_1_INT.c ****     void PUERTO_CAN_1_BitStuffErrorIsr(void) 
 155:Generated_Source\PSoC5/PUERTO_CAN_1_INT.c ****     {
 156:Generated_Source\PSoC5/PUERTO_CAN_1_INT.c ****         /* Clear Stuff Error flag */
 157:Generated_Source\PSoC5/PUERTO_CAN_1_INT.c ****         PUERTO_CAN_1_INT_SR_REG.byte[0u] = PUERTO_CAN_1_STUFF_ERROR_MASK;
 158:Generated_Source\PSoC5/PUERTO_CAN_1_INT.c **** 
 159:Generated_Source\PSoC5/PUERTO_CAN_1_INT.c ****         /* `#START BIT_STUFF_ERROR_ISR` */
 160:Generated_Source\PSoC5/PUERTO_CAN_1_INT.c **** 
 161:Generated_Source\PSoC5/PUERTO_CAN_1_INT.c ****         /* `#END` */
 162:Generated_Source\PSoC5/PUERTO_CAN_1_INT.c **** 
 163:Generated_Source\PSoC5/PUERTO_CAN_1_INT.c ****         #ifdef PUERTO_CAN_1_BIT_STUFF_ERROR_ISR_CALLBACK
 164:Generated_Source\PSoC5/PUERTO_CAN_1_INT.c ****             PUERTO_CAN_1_BitStuffErrorIsr_Callback();
 165:Generated_Source\PSoC5/PUERTO_CAN_1_INT.c ****         #endif /* PUERTO_CAN_1_BIT_STUFF_ERROR_ISR_CALLBACK */
 166:Generated_Source\PSoC5/PUERTO_CAN_1_INT.c ****     }
 167:Generated_Source\PSoC5/PUERTO_CAN_1_INT.c **** #endif /* PUERTO_CAN_1_STUFF_ERR */
 168:Generated_Source\PSoC5/PUERTO_CAN_1_INT.c **** 
 169:Generated_Source\PSoC5/PUERTO_CAN_1_INT.c **** 
 170:Generated_Source\PSoC5/PUERTO_CAN_1_INT.c **** #if (PUERTO_CAN_1_ACK_ERR)
 171:Generated_Source\PSoC5/PUERTO_CAN_1_INT.c ****     /*******************************************************************************
 172:Generated_Source\PSoC5/PUERTO_CAN_1_INT.c ****     * FUNCTION NAME:   PUERTO_CAN_1_AckErrorIsr
 173:Generated_Source\PSoC5/PUERTO_CAN_1_INT.c ****     ********************************************************************************
 174:Generated_Source\PSoC5/PUERTO_CAN_1_INT.c ****     *
 175:Generated_Source\PSoC5/PUERTO_CAN_1_INT.c ****     * Summary:
 176:Generated_Source\PSoC5/PUERTO_CAN_1_INT.c ****     *  This function is entry point to Acknowledge Error Interrupt. Clears
 177:Generated_Source\PSoC5/PUERTO_CAN_1_INT.c ****     *  Acknowledge Error interrupt flag. Only generated if Acknowledge Error
 178:Generated_Source\PSoC5/PUERTO_CAN_1_INT.c ****     *  Interrupt enable in Customizer.
 179:Generated_Source\PSoC5/PUERTO_CAN_1_INT.c ****     *
 180:Generated_Source\PSoC5/PUERTO_CAN_1_INT.c ****     * Parameters:
 181:Generated_Source\PSoC5/PUERTO_CAN_1_INT.c ****     *  None.
 182:Generated_Source\PSoC5/PUERTO_CAN_1_INT.c ****     *
 183:Generated_Source\PSoC5/PUERTO_CAN_1_INT.c ****     * Return:
 184:Generated_Source\PSoC5/PUERTO_CAN_1_INT.c ****     *  None.
 185:Generated_Source\PSoC5/PUERTO_CAN_1_INT.c ****     *
 186:Generated_Source\PSoC5/PUERTO_CAN_1_INT.c ****     * Reentrant:
 187:Generated_Source\PSoC5/PUERTO_CAN_1_INT.c ****     *  Depends on Customer code.
 188:Generated_Source\PSoC5/PUERTO_CAN_1_INT.c ****     *
 189:Generated_Source\PSoC5/PUERTO_CAN_1_INT.c ****     *******************************************************************************/
 190:Generated_Source\PSoC5/PUERTO_CAN_1_INT.c ****     void PUERTO_CAN_1_AckErrorIsr(void) 
 191:Generated_Source\PSoC5/PUERTO_CAN_1_INT.c ****     {
 192:Generated_Source\PSoC5/PUERTO_CAN_1_INT.c ****         /* Clear Acknoledge Error flag */
 193:Generated_Source\PSoC5/PUERTO_CAN_1_INT.c ****         PUERTO_CAN_1_INT_SR_REG.byte[0u] = PUERTO_CAN_1_ACK_ERROR_MASK;
 194:Generated_Source\PSoC5/PUERTO_CAN_1_INT.c **** 
 195:Generated_Source\PSoC5/PUERTO_CAN_1_INT.c ****         /* `#START ACKNOWLEDGE_ERROR_ISR` */
 196:Generated_Source\PSoC5/PUERTO_CAN_1_INT.c **** 
 197:Generated_Source\PSoC5/PUERTO_CAN_1_INT.c ****         /* `#END` */
 198:Generated_Source\PSoC5/PUERTO_CAN_1_INT.c **** 
 199:Generated_Source\PSoC5/PUERTO_CAN_1_INT.c ****         #ifdef PUERTO_CAN_1_ACK_ERROR_ISR_CALLBACK
 200:Generated_Source\PSoC5/PUERTO_CAN_1_INT.c ****             PUERTO_CAN_1_AckErrorIsr_Callback();
 201:Generated_Source\PSoC5/PUERTO_CAN_1_INT.c ****         #endif /* PUERTO_CAN_1_ACK_ERROR_ISR_CALLBACK */
ARM GAS  C:\Users\HENRYA~1\AppData\Local\Temp\cc8DOJUR.s 			page 5


 202:Generated_Source\PSoC5/PUERTO_CAN_1_INT.c ****     }
 203:Generated_Source\PSoC5/PUERTO_CAN_1_INT.c **** #endif /* PUERTO_CAN_1_ACK_ERR */
 204:Generated_Source\PSoC5/PUERTO_CAN_1_INT.c **** 
 205:Generated_Source\PSoC5/PUERTO_CAN_1_INT.c **** 
 206:Generated_Source\PSoC5/PUERTO_CAN_1_INT.c **** #if (PUERTO_CAN_1_FORM_ERR)
 207:Generated_Source\PSoC5/PUERTO_CAN_1_INT.c ****     /*******************************************************************************
 208:Generated_Source\PSoC5/PUERTO_CAN_1_INT.c ****     * FUNCTION NAME:   PUERTO_CAN_1_MsgErrorIsr
 209:Generated_Source\PSoC5/PUERTO_CAN_1_INT.c ****     ********************************************************************************
 210:Generated_Source\PSoC5/PUERTO_CAN_1_INT.c ****     *
 211:Generated_Source\PSoC5/PUERTO_CAN_1_INT.c ****     * Summary:
 212:Generated_Source\PSoC5/PUERTO_CAN_1_INT.c ****     *  This function is entry point to Form Error Interrupt. Clears Form Error
 213:Generated_Source\PSoC5/PUERTO_CAN_1_INT.c ****     *  interrupt flag. Only generated if Form Error Interrupt enable in Customizer.
 214:Generated_Source\PSoC5/PUERTO_CAN_1_INT.c ****     *
 215:Generated_Source\PSoC5/PUERTO_CAN_1_INT.c ****     * Parameters:
 216:Generated_Source\PSoC5/PUERTO_CAN_1_INT.c ****     *  None.
 217:Generated_Source\PSoC5/PUERTO_CAN_1_INT.c ****     *
 218:Generated_Source\PSoC5/PUERTO_CAN_1_INT.c ****     * Return:
 219:Generated_Source\PSoC5/PUERTO_CAN_1_INT.c ****     *  None.
 220:Generated_Source\PSoC5/PUERTO_CAN_1_INT.c ****     *
 221:Generated_Source\PSoC5/PUERTO_CAN_1_INT.c ****     * Reentrant:
 222:Generated_Source\PSoC5/PUERTO_CAN_1_INT.c ****     *  Depends on Customer code.
 223:Generated_Source\PSoC5/PUERTO_CAN_1_INT.c ****     *
 224:Generated_Source\PSoC5/PUERTO_CAN_1_INT.c ****     *******************************************************************************/
 225:Generated_Source\PSoC5/PUERTO_CAN_1_INT.c ****     void PUERTO_CAN_1_MsgErrorIsr(void) 
 226:Generated_Source\PSoC5/PUERTO_CAN_1_INT.c ****     {
 227:Generated_Source\PSoC5/PUERTO_CAN_1_INT.c ****         /* Clear Form Error flag */
 228:Generated_Source\PSoC5/PUERTO_CAN_1_INT.c ****         PUERTO_CAN_1_INT_SR_REG.byte[0u] = PUERTO_CAN_1_FORM_ERROR_MASK;
 229:Generated_Source\PSoC5/PUERTO_CAN_1_INT.c **** 
 230:Generated_Source\PSoC5/PUERTO_CAN_1_INT.c ****         /* `#START MESSAGE_ERROR_ISR` */
 231:Generated_Source\PSoC5/PUERTO_CAN_1_INT.c **** 
 232:Generated_Source\PSoC5/PUERTO_CAN_1_INT.c ****         /* `#END` */
 233:Generated_Source\PSoC5/PUERTO_CAN_1_INT.c **** 
 234:Generated_Source\PSoC5/PUERTO_CAN_1_INT.c ****         #ifdef PUERTO_CAN_1_MSG_ERROR_ISR_CALLBACK
 235:Generated_Source\PSoC5/PUERTO_CAN_1_INT.c ****             PUERTO_CAN_1_MsgErrorIsr_Callback();
 236:Generated_Source\PSoC5/PUERTO_CAN_1_INT.c ****         #endif /* PUERTO_CAN_1_MSG_ERROR_ISR_CALLBACK */
 237:Generated_Source\PSoC5/PUERTO_CAN_1_INT.c ****     }
 238:Generated_Source\PSoC5/PUERTO_CAN_1_INT.c **** #endif /* PUERTO_CAN_1_FORM_ERR */
 239:Generated_Source\PSoC5/PUERTO_CAN_1_INT.c **** 
 240:Generated_Source\PSoC5/PUERTO_CAN_1_INT.c **** 
 241:Generated_Source\PSoC5/PUERTO_CAN_1_INT.c **** #if (PUERTO_CAN_1_CRC_ERR)
 242:Generated_Source\PSoC5/PUERTO_CAN_1_INT.c ****     /*******************************************************************************
 243:Generated_Source\PSoC5/PUERTO_CAN_1_INT.c ****     * FUNCTION NAME:   PUERTO_CAN_1_CrcErrorIsr
 244:Generated_Source\PSoC5/PUERTO_CAN_1_INT.c ****     ********************************************************************************
 245:Generated_Source\PSoC5/PUERTO_CAN_1_INT.c ****     *
 246:Generated_Source\PSoC5/PUERTO_CAN_1_INT.c ****     * Summary:
 247:Generated_Source\PSoC5/PUERTO_CAN_1_INT.c ****     *  This function is entry point to CRC Error Interrupt. Clears CRC Error
 248:Generated_Source\PSoC5/PUERTO_CAN_1_INT.c ****     *  interrupt flag. Only generated if CRC Error Interrupt enable in Customizer.
 249:Generated_Source\PSoC5/PUERTO_CAN_1_INT.c ****     *
 250:Generated_Source\PSoC5/PUERTO_CAN_1_INT.c ****     * Parameters:
 251:Generated_Source\PSoC5/PUERTO_CAN_1_INT.c ****     *  None.
 252:Generated_Source\PSoC5/PUERTO_CAN_1_INT.c ****     *
 253:Generated_Source\PSoC5/PUERTO_CAN_1_INT.c ****     * Return:
 254:Generated_Source\PSoC5/PUERTO_CAN_1_INT.c ****     *  None.
 255:Generated_Source\PSoC5/PUERTO_CAN_1_INT.c ****     *
 256:Generated_Source\PSoC5/PUERTO_CAN_1_INT.c ****     * Reentrant:
 257:Generated_Source\PSoC5/PUERTO_CAN_1_INT.c ****     *  Depends on Customer code.
 258:Generated_Source\PSoC5/PUERTO_CAN_1_INT.c ****     *
ARM GAS  C:\Users\HENRYA~1\AppData\Local\Temp\cc8DOJUR.s 			page 6


 259:Generated_Source\PSoC5/PUERTO_CAN_1_INT.c ****     *******************************************************************************/
 260:Generated_Source\PSoC5/PUERTO_CAN_1_INT.c ****     void PUERTO_CAN_1_CrcErrorIsr(void) 
 261:Generated_Source\PSoC5/PUERTO_CAN_1_INT.c ****     {
 262:Generated_Source\PSoC5/PUERTO_CAN_1_INT.c ****         /* Clear CRC Error flag */
 263:Generated_Source\PSoC5/PUERTO_CAN_1_INT.c ****         PUERTO_CAN_1_INT_SR_REG.byte[1u] = PUERTO_CAN_1_CRC_ERROR_MASK;
 264:Generated_Source\PSoC5/PUERTO_CAN_1_INT.c **** 
 265:Generated_Source\PSoC5/PUERTO_CAN_1_INT.c ****         /* `#START CRC_ERROR_ISR` */
 266:Generated_Source\PSoC5/PUERTO_CAN_1_INT.c **** 
 267:Generated_Source\PSoC5/PUERTO_CAN_1_INT.c ****         /* `#END` */
 268:Generated_Source\PSoC5/PUERTO_CAN_1_INT.c **** 
 269:Generated_Source\PSoC5/PUERTO_CAN_1_INT.c ****         #ifdef PUERTO_CAN_1_CRC_ERROR_ISR_CALLBACK
 270:Generated_Source\PSoC5/PUERTO_CAN_1_INT.c ****             PUERTO_CAN_1_CrcErrorIsr_Callback();
 271:Generated_Source\PSoC5/PUERTO_CAN_1_INT.c ****         #endif /* PUERTO_CAN_1_CRC_ERROR_ISR_CALLBACK */
 272:Generated_Source\PSoC5/PUERTO_CAN_1_INT.c ****     }
 273:Generated_Source\PSoC5/PUERTO_CAN_1_INT.c **** #endif /* PUERTO_CAN_1_CRC_ERR */
 274:Generated_Source\PSoC5/PUERTO_CAN_1_INT.c **** 
 275:Generated_Source\PSoC5/PUERTO_CAN_1_INT.c **** 
 276:Generated_Source\PSoC5/PUERTO_CAN_1_INT.c **** #if (PUERTO_CAN_1_BUS_OFF)
 277:Generated_Source\PSoC5/PUERTO_CAN_1_INT.c ****     /*******************************************************************************
 278:Generated_Source\PSoC5/PUERTO_CAN_1_INT.c ****     * FUNCTION NAME:   PUERTO_CAN_1_BusOffIsr
 279:Generated_Source\PSoC5/PUERTO_CAN_1_INT.c ****     ********************************************************************************
 280:Generated_Source\PSoC5/PUERTO_CAN_1_INT.c ****     *
 281:Generated_Source\PSoC5/PUERTO_CAN_1_INT.c ****     * Summary:
 282:Generated_Source\PSoC5/PUERTO_CAN_1_INT.c ****     *  This function is entry point to Bus Off Interrupt. Places CAN Component
 283:Generated_Source\PSoC5/PUERTO_CAN_1_INT.c ****     *  to Stop mode. Only generated if Bus Off Interrupt enable in Customizer.
 284:Generated_Source\PSoC5/PUERTO_CAN_1_INT.c ****     *  Recommended setting to enable this interrupt.
 285:Generated_Source\PSoC5/PUERTO_CAN_1_INT.c ****     *
 286:Generated_Source\PSoC5/PUERTO_CAN_1_INT.c ****     * Parameters:
 287:Generated_Source\PSoC5/PUERTO_CAN_1_INT.c ****     *  None.
 288:Generated_Source\PSoC5/PUERTO_CAN_1_INT.c ****     *
 289:Generated_Source\PSoC5/PUERTO_CAN_1_INT.c ****     * Return:
 290:Generated_Source\PSoC5/PUERTO_CAN_1_INT.c ****     *  None.
 291:Generated_Source\PSoC5/PUERTO_CAN_1_INT.c ****     *
 292:Generated_Source\PSoC5/PUERTO_CAN_1_INT.c ****     * Side Effects:
 293:Generated_Source\PSoC5/PUERTO_CAN_1_INT.c ****     *  Stops CAN component operation.
 294:Generated_Source\PSoC5/PUERTO_CAN_1_INT.c ****     *
 295:Generated_Source\PSoC5/PUERTO_CAN_1_INT.c ****     *******************************************************************************/
 296:Generated_Source\PSoC5/PUERTO_CAN_1_INT.c ****     void PUERTO_CAN_1_BusOffIsr(void) 
 297:Generated_Source\PSoC5/PUERTO_CAN_1_INT.c ****     {
  28              		.loc 1 297 0
  29              		.cfi_startproc
  30              		@ args = 0, pretend = 0, frame = 0
  31              		@ frame_needed = 0, uses_anonymous_args = 0
  32 0000 08B5     		push	{r3, lr}
  33              		.cfi_def_cfa_offset 8
  34              		.cfi_offset 3, -8
  35              		.cfi_offset 14, -4
 298:Generated_Source\PSoC5/PUERTO_CAN_1_INT.c ****         /* Clear Bus Off flag */
 299:Generated_Source\PSoC5/PUERTO_CAN_1_INT.c ****         PUERTO_CAN_1_INT_SR_REG.byte[1u] = PUERTO_CAN_1_BUS_OFF_MASK;
  36              		.loc 1 299 0
  37 0002 0222     		movs	r2, #2
  38 0004 034B     		ldr	r3, .L3
  39 0006 5A70     		strb	r2, [r3, #1]
 300:Generated_Source\PSoC5/PUERTO_CAN_1_INT.c ****         (void) PUERTO_CAN_1_GlobalIntDisable();
  40              		.loc 1 300 0
  41 0008 FFF7FEFF 		bl	PUERTO_CAN_1_GlobalIntDisable
  42              	.LVL0:
ARM GAS  C:\Users\HENRYA~1\AppData\Local\Temp\cc8DOJUR.s 			page 7


 301:Generated_Source\PSoC5/PUERTO_CAN_1_INT.c **** 
 302:Generated_Source\PSoC5/PUERTO_CAN_1_INT.c ****         /* `#START BUS_OFF_ISR` */
 303:Generated_Source\PSoC5/PUERTO_CAN_1_INT.c **** 
 304:Generated_Source\PSoC5/PUERTO_CAN_1_INT.c ****         /* `#END` */
 305:Generated_Source\PSoC5/PUERTO_CAN_1_INT.c **** 
 306:Generated_Source\PSoC5/PUERTO_CAN_1_INT.c ****         #ifdef PUERTO_CAN_1_BUS_OFF_ISR_CALLBACK
 307:Generated_Source\PSoC5/PUERTO_CAN_1_INT.c ****             PUERTO_CAN_1_BusOffIsr_Callback();
 308:Generated_Source\PSoC5/PUERTO_CAN_1_INT.c ****         #endif /* PUERTO_CAN_1_BUS_OFF_ISR_CALLBACK */
 309:Generated_Source\PSoC5/PUERTO_CAN_1_INT.c **** 
 310:Generated_Source\PSoC5/PUERTO_CAN_1_INT.c ****         (void) PUERTO_CAN_1_Stop();
  43              		.loc 1 310 0
  44 000c FFF7FEFF 		bl	PUERTO_CAN_1_Stop
  45              	.LVL1:
  46 0010 08BD     		pop	{r3, pc}
  47              	.L4:
  48 0012 00BF     		.align	2
  49              	.L3:
  50 0014 00A00040 		.word	1073782784
  51              		.cfi_endproc
  52              	.LFE0:
  53              		.size	PUERTO_CAN_1_BusOffIsr, .-PUERTO_CAN_1_BusOffIsr
  54              		.section	.text.PUERTO_CAN_1_MsgRXIsr,"ax",%progbits
  55              		.align	2
  56              		.global	PUERTO_CAN_1_MsgRXIsr
  57              		.thumb
  58              		.thumb_func
  59              		.type	PUERTO_CAN_1_MsgRXIsr, %function
  60              	PUERTO_CAN_1_MsgRXIsr:
  61              	.LFB1:
 311:Generated_Source\PSoC5/PUERTO_CAN_1_INT.c ****     }
 312:Generated_Source\PSoC5/PUERTO_CAN_1_INT.c **** #endif /* PUERTO_CAN_1_BUS_OFF */
 313:Generated_Source\PSoC5/PUERTO_CAN_1_INT.c **** 
 314:Generated_Source\PSoC5/PUERTO_CAN_1_INT.c **** 
 315:Generated_Source\PSoC5/PUERTO_CAN_1_INT.c **** #if (PUERTO_CAN_1_RX_MSG_LOST)
 316:Generated_Source\PSoC5/PUERTO_CAN_1_INT.c ****     /*******************************************************************************
 317:Generated_Source\PSoC5/PUERTO_CAN_1_INT.c ****     * FUNCTION NAME:   PUERTO_CAN_1_MsgLostIsr
 318:Generated_Source\PSoC5/PUERTO_CAN_1_INT.c ****     ********************************************************************************
 319:Generated_Source\PSoC5/PUERTO_CAN_1_INT.c ****     *
 320:Generated_Source\PSoC5/PUERTO_CAN_1_INT.c ****     * Summary:
 321:Generated_Source\PSoC5/PUERTO_CAN_1_INT.c ****     *  This function is entry point to Message Lost Interrupt. Clears Message Lost
 322:Generated_Source\PSoC5/PUERTO_CAN_1_INT.c ****     *  interrupt flag. Only generated if Message Lost Interrupt enable in Customizer
 323:Generated_Source\PSoC5/PUERTO_CAN_1_INT.c ****     *
 324:Generated_Source\PSoC5/PUERTO_CAN_1_INT.c ****     * Parameters:
 325:Generated_Source\PSoC5/PUERTO_CAN_1_INT.c ****     *  None.
 326:Generated_Source\PSoC5/PUERTO_CAN_1_INT.c ****     *
 327:Generated_Source\PSoC5/PUERTO_CAN_1_INT.c ****     * Return:
 328:Generated_Source\PSoC5/PUERTO_CAN_1_INT.c ****     *  None.
 329:Generated_Source\PSoC5/PUERTO_CAN_1_INT.c ****     *
 330:Generated_Source\PSoC5/PUERTO_CAN_1_INT.c ****     * Reentrant:
 331:Generated_Source\PSoC5/PUERTO_CAN_1_INT.c ****     *  Depends on Customer code.
 332:Generated_Source\PSoC5/PUERTO_CAN_1_INT.c ****     *
 333:Generated_Source\PSoC5/PUERTO_CAN_1_INT.c ****     *******************************************************************************/
 334:Generated_Source\PSoC5/PUERTO_CAN_1_INT.c ****     void PUERTO_CAN_1_MsgLostIsr(void) 
 335:Generated_Source\PSoC5/PUERTO_CAN_1_INT.c ****     {
 336:Generated_Source\PSoC5/PUERTO_CAN_1_INT.c ****         /* Clear Receive Message Lost flag */
 337:Generated_Source\PSoC5/PUERTO_CAN_1_INT.c ****         PUERTO_CAN_1_INT_SR_REG.byte[1u] = PUERTO_CAN_1_RX_MSG_LOST_MASK;
 338:Generated_Source\PSoC5/PUERTO_CAN_1_INT.c **** 
ARM GAS  C:\Users\HENRYA~1\AppData\Local\Temp\cc8DOJUR.s 			page 8


 339:Generated_Source\PSoC5/PUERTO_CAN_1_INT.c ****         /* `#START MESSAGE_LOST_ISR` */
 340:Generated_Source\PSoC5/PUERTO_CAN_1_INT.c **** 
 341:Generated_Source\PSoC5/PUERTO_CAN_1_INT.c ****         /* `#END` */
 342:Generated_Source\PSoC5/PUERTO_CAN_1_INT.c **** 
 343:Generated_Source\PSoC5/PUERTO_CAN_1_INT.c ****         #ifdef PUERTO_CAN_1_MSG_LOST_ISR_CALLBACK
 344:Generated_Source\PSoC5/PUERTO_CAN_1_INT.c ****             PUERTO_CAN_1_MsgLostIsr_Callback();
 345:Generated_Source\PSoC5/PUERTO_CAN_1_INT.c ****         #endif /* PUERTO_CAN_1_MSG_LOST_ISR_CALLBACK */
 346:Generated_Source\PSoC5/PUERTO_CAN_1_INT.c ****     }
 347:Generated_Source\PSoC5/PUERTO_CAN_1_INT.c **** #endif /* PUERTO_CAN_1_RX_MSG_LOST */
 348:Generated_Source\PSoC5/PUERTO_CAN_1_INT.c **** 
 349:Generated_Source\PSoC5/PUERTO_CAN_1_INT.c **** 
 350:Generated_Source\PSoC5/PUERTO_CAN_1_INT.c **** #if (PUERTO_CAN_1_TX_MESSAGE)
 351:Generated_Source\PSoC5/PUERTO_CAN_1_INT.c ****     /*******************************************************************************
 352:Generated_Source\PSoC5/PUERTO_CAN_1_INT.c ****     * FUNCTION NAME:   PUERTO_CAN_1_MsgTXIsr
 353:Generated_Source\PSoC5/PUERTO_CAN_1_INT.c ****     ********************************************************************************
 354:Generated_Source\PSoC5/PUERTO_CAN_1_INT.c ****     *
 355:Generated_Source\PSoC5/PUERTO_CAN_1_INT.c ****     * Summary:
 356:Generated_Source\PSoC5/PUERTO_CAN_1_INT.c ****     *  This function is entry point to Transmit Message Interrupt. Clears Transmit
 357:Generated_Source\PSoC5/PUERTO_CAN_1_INT.c ****     *  Message interrupt flag. Only generated if Transmit Message Interrupt enable
 358:Generated_Source\PSoC5/PUERTO_CAN_1_INT.c ****     *  in Customizer.
 359:Generated_Source\PSoC5/PUERTO_CAN_1_INT.c ****     *
 360:Generated_Source\PSoC5/PUERTO_CAN_1_INT.c ****     * Parameters:
 361:Generated_Source\PSoC5/PUERTO_CAN_1_INT.c ****     *  None.
 362:Generated_Source\PSoC5/PUERTO_CAN_1_INT.c ****     *
 363:Generated_Source\PSoC5/PUERTO_CAN_1_INT.c ****     * Return:
 364:Generated_Source\PSoC5/PUERTO_CAN_1_INT.c ****     *  None.
 365:Generated_Source\PSoC5/PUERTO_CAN_1_INT.c ****     *
 366:Generated_Source\PSoC5/PUERTO_CAN_1_INT.c ****     * Reentrant:
 367:Generated_Source\PSoC5/PUERTO_CAN_1_INT.c ****     *  Depends on Customer code.
 368:Generated_Source\PSoC5/PUERTO_CAN_1_INT.c ****     *
 369:Generated_Source\PSoC5/PUERTO_CAN_1_INT.c ****     *******************************************************************************/
 370:Generated_Source\PSoC5/PUERTO_CAN_1_INT.c ****     void PUERTO_CAN_1_MsgTXIsr(void) 
 371:Generated_Source\PSoC5/PUERTO_CAN_1_INT.c ****     {
 372:Generated_Source\PSoC5/PUERTO_CAN_1_INT.c ****         /* Clear Transmit Message flag */
 373:Generated_Source\PSoC5/PUERTO_CAN_1_INT.c ****         PUERTO_CAN_1_INT_SR_REG.byte[1u] = PUERTO_CAN_1_TX_MESSAGE_MASK;
 374:Generated_Source\PSoC5/PUERTO_CAN_1_INT.c **** 
 375:Generated_Source\PSoC5/PUERTO_CAN_1_INT.c ****         /* `#START MESSAGE_TRANSMITTED_ISR` */
 376:Generated_Source\PSoC5/PUERTO_CAN_1_INT.c **** 
 377:Generated_Source\PSoC5/PUERTO_CAN_1_INT.c ****         /* `#END` */
 378:Generated_Source\PSoC5/PUERTO_CAN_1_INT.c **** 
 379:Generated_Source\PSoC5/PUERTO_CAN_1_INT.c ****         #ifdef PUERTO_CAN_1_MSG_TX_ISR_CALLBACK
 380:Generated_Source\PSoC5/PUERTO_CAN_1_INT.c ****             PUERTO_CAN_1_MsgTXIsr_Callback();
 381:Generated_Source\PSoC5/PUERTO_CAN_1_INT.c ****         #endif /* PUERTO_CAN_1_MSG_TX_ISR_CALLBACK */
 382:Generated_Source\PSoC5/PUERTO_CAN_1_INT.c ****     }
 383:Generated_Source\PSoC5/PUERTO_CAN_1_INT.c **** #endif /* PUERTO_CAN_1_TX_MESSAGE */
 384:Generated_Source\PSoC5/PUERTO_CAN_1_INT.c **** 
 385:Generated_Source\PSoC5/PUERTO_CAN_1_INT.c **** 
 386:Generated_Source\PSoC5/PUERTO_CAN_1_INT.c **** #if (PUERTO_CAN_1_RX_MESSAGE)
 387:Generated_Source\PSoC5/PUERTO_CAN_1_INT.c ****     /*******************************************************************************
 388:Generated_Source\PSoC5/PUERTO_CAN_1_INT.c ****     * FUNCTION NAME:   PUERTO_CAN_1_MsgRXIsr
 389:Generated_Source\PSoC5/PUERTO_CAN_1_INT.c ****     ********************************************************************************
 390:Generated_Source\PSoC5/PUERTO_CAN_1_INT.c ****     *
 391:Generated_Source\PSoC5/PUERTO_CAN_1_INT.c ****     * Summary:
 392:Generated_Source\PSoC5/PUERTO_CAN_1_INT.c ****     *  This function is entry point to Receive Message Interrupt. Clears Receive
 393:Generated_Source\PSoC5/PUERTO_CAN_1_INT.c ****     *  Message interrupt flag and call appropriate handlers for Basic and Full
 394:Generated_Source\PSoC5/PUERTO_CAN_1_INT.c ****     *  interrupt based mailboxes. Only generated if Receive Message Interrupt
 395:Generated_Source\PSoC5/PUERTO_CAN_1_INT.c ****     *  enable in Customizer. Recommended setting to enable this interrupt.
ARM GAS  C:\Users\HENRYA~1\AppData\Local\Temp\cc8DOJUR.s 			page 9


 396:Generated_Source\PSoC5/PUERTO_CAN_1_INT.c ****     *
 397:Generated_Source\PSoC5/PUERTO_CAN_1_INT.c ****     * Parameters:
 398:Generated_Source\PSoC5/PUERTO_CAN_1_INT.c ****     *  None.
 399:Generated_Source\PSoC5/PUERTO_CAN_1_INT.c ****     *
 400:Generated_Source\PSoC5/PUERTO_CAN_1_INT.c ****     * Return:
 401:Generated_Source\PSoC5/PUERTO_CAN_1_INT.c ****     *  None.
 402:Generated_Source\PSoC5/PUERTO_CAN_1_INT.c ****     *
 403:Generated_Source\PSoC5/PUERTO_CAN_1_INT.c ****     *******************************************************************************/
 404:Generated_Source\PSoC5/PUERTO_CAN_1_INT.c ****     void PUERTO_CAN_1_MsgRXIsr(void) 
 405:Generated_Source\PSoC5/PUERTO_CAN_1_INT.c ****     {
  62              		.loc 1 405 0
  63              		.cfi_startproc
  64              		@ args = 0, pretend = 0, frame = 0
  65              		@ frame_needed = 0, uses_anonymous_args = 0
  66 0000 38B5     		push	{r3, r4, r5, lr}
  67              		.cfi_def_cfa_offset 16
  68              		.cfi_offset 3, -16
  69              		.cfi_offset 4, -12
  70              		.cfi_offset 5, -8
  71              		.cfi_offset 14, -4
  72              	.LVL2:
 406:Generated_Source\PSoC5/PUERTO_CAN_1_INT.c ****         uint8 mailboxNumber;
 407:Generated_Source\PSoC5/PUERTO_CAN_1_INT.c ****         uint16 shift = 0x01u;
 408:Generated_Source\PSoC5/PUERTO_CAN_1_INT.c **** 
 409:Generated_Source\PSoC5/PUERTO_CAN_1_INT.c ****         /* Clear Receive Message flag */
 410:Generated_Source\PSoC5/PUERTO_CAN_1_INT.c ****         PUERTO_CAN_1_INT_SR_REG.byte[1u] = PUERTO_CAN_1_RX_MESSAGE_MASK;
  73              		.loc 1 410 0
  74 0002 1022     		movs	r2, #16
  75 0004 0F4B     		ldr	r3, .L12
  76 0006 5A70     		strb	r2, [r3, #1]
  77              	.LVL3:
 407:Generated_Source\PSoC5/PUERTO_CAN_1_INT.c **** 
  78              		.loc 1 407 0
  79 0008 0125     		movs	r5, #1
 411:Generated_Source\PSoC5/PUERTO_CAN_1_INT.c **** 
 412:Generated_Source\PSoC5/PUERTO_CAN_1_INT.c ****         /* `#START MESSAGE_RECEIVE_ISR` */
 413:Generated_Source\PSoC5/PUERTO_CAN_1_INT.c **** 
 414:Generated_Source\PSoC5/PUERTO_CAN_1_INT.c ****         /* `#END` */
 415:Generated_Source\PSoC5/PUERTO_CAN_1_INT.c **** 
 416:Generated_Source\PSoC5/PUERTO_CAN_1_INT.c ****         #ifdef PUERTO_CAN_1_MSG_RX_ISR_CALLBACK
 417:Generated_Source\PSoC5/PUERTO_CAN_1_INT.c ****             PUERTO_CAN_1_MsgRXIsr_Callback();
 418:Generated_Source\PSoC5/PUERTO_CAN_1_INT.c ****         #endif /* PUERTO_CAN_1_MSG_RX_ISR_CALLBACK */
 419:Generated_Source\PSoC5/PUERTO_CAN_1_INT.c **** 
 420:Generated_Source\PSoC5/PUERTO_CAN_1_INT.c ****         for (mailboxNumber = 0u; mailboxNumber < PUERTO_CAN_1_NUMBER_OF_RX_MAILBOXES; mailboxNumber
  80              		.loc 1 420 0
  81 000a 0024     		movs	r4, #0
  82 000c 17E0     		b	.L6
  83              	.LVL4:
  84              	.L10:
 421:Generated_Source\PSoC5/PUERTO_CAN_1_INT.c ****         {
 422:Generated_Source\PSoC5/PUERTO_CAN_1_INT.c ****             if ((CY_GET_REG16((reg16 *) &PUERTO_CAN_1_BUF_SR_REG.byte[0u]) & shift) != 0u)
  85              		.loc 1 422 0
  86 000e 0E4B     		ldr	r3, .L12+4
  87 0010 1B88     		ldrh	r3, [r3]
  88 0012 1D42     		tst	r5, r3
  89 0014 0FD0     		beq	.L7
 423:Generated_Source\PSoC5/PUERTO_CAN_1_INT.c ****             {
ARM GAS  C:\Users\HENRYA~1\AppData\Local\Temp\cc8DOJUR.s 			page 10


 424:Generated_Source\PSoC5/PUERTO_CAN_1_INT.c ****                 if ((PUERTO_CAN_1_RX[mailboxNumber].rxcmd.byte[0u] & PUERTO_CAN_1_RX_INT_ENABLE_MAS
  90              		.loc 1 424 0
  91 0016 6301     		lsls	r3, r4, #5
  92 0018 0C4A     		ldr	r2, .L12+8
  93 001a 9B5C     		ldrb	r3, [r3, r2]	@ zero_extendqisi2
  94 001c 13F0200F 		tst	r3, #32
  95 0020 09D0     		beq	.L7
 425:Generated_Source\PSoC5/PUERTO_CAN_1_INT.c ****                 {
 426:Generated_Source\PSoC5/PUERTO_CAN_1_INT.c ****                     if ((PUERTO_CAN_1_RX_MAILBOX_TYPE & shift) != 0u)
  96              		.loc 1 426 0
  97 0022 15F0010F 		tst	r5, #1
  98 0026 03D0     		beq	.L8
 427:Generated_Source\PSoC5/PUERTO_CAN_1_INT.c ****                     {
 428:Generated_Source\PSoC5/PUERTO_CAN_1_INT.c ****                         /* RX Full mailboxes handler */
 429:Generated_Source\PSoC5/PUERTO_CAN_1_INT.c ****                         switch(mailboxNumber)
  99              		.loc 1 429 0
 100 0028 2CB9     		cbnz	r4, .L7
 430:Generated_Source\PSoC5/PUERTO_CAN_1_INT.c ****                         {
 431:Generated_Source\PSoC5/PUERTO_CAN_1_INT.c ****                             case 0u : PUERTO_CAN_1_ReceiveMsg0();
 101              		.loc 1 431 0
 102 002a FFF7FEFF 		bl	PUERTO_CAN_1_ReceiveMsg0
 103              	.LVL5:
 432:Generated_Source\PSoC5/PUERTO_CAN_1_INT.c ****                             break;
 104              		.loc 1 432 0
 105 002e 02E0     		b	.L7
 106              	.L8:
 433:Generated_Source\PSoC5/PUERTO_CAN_1_INT.c ****                             default:
 434:Generated_Source\PSoC5/PUERTO_CAN_1_INT.c ****                             break;
 435:Generated_Source\PSoC5/PUERTO_CAN_1_INT.c ****                         }
 436:Generated_Source\PSoC5/PUERTO_CAN_1_INT.c ****                     }
 437:Generated_Source\PSoC5/PUERTO_CAN_1_INT.c ****                     else
 438:Generated_Source\PSoC5/PUERTO_CAN_1_INT.c ****                     {
 439:Generated_Source\PSoC5/PUERTO_CAN_1_INT.c ****                         /* RX Basic mailbox handler */
 440:Generated_Source\PSoC5/PUERTO_CAN_1_INT.c ****                         PUERTO_CAN_1_ReceiveMsg(mailboxNumber);
 107              		.loc 1 440 0
 108 0030 2046     		mov	r0, r4
 109 0032 FFF7FEFF 		bl	PUERTO_CAN_1_ReceiveMsg
 110              	.LVL6:
 111              	.L7:
 441:Generated_Source\PSoC5/PUERTO_CAN_1_INT.c ****                     }
 442:Generated_Source\PSoC5/PUERTO_CAN_1_INT.c ****                 }
 443:Generated_Source\PSoC5/PUERTO_CAN_1_INT.c ****             }
 444:Generated_Source\PSoC5/PUERTO_CAN_1_INT.c ****             shift <<= 1u;
 112              		.loc 1 444 0 discriminator 2
 113 0036 6D00     		lsls	r5, r5, #1
 114              	.LVL7:
 115 0038 ADB2     		uxth	r5, r5
 116              	.LVL8:
 420:Generated_Source\PSoC5/PUERTO_CAN_1_INT.c ****         {
 117              		.loc 1 420 0 discriminator 2
 118 003a 0134     		adds	r4, r4, #1
 119              	.LVL9:
 120 003c E4B2     		uxtb	r4, r4
 121              	.LVL10:
 122              	.L6:
 420:Generated_Source\PSoC5/PUERTO_CAN_1_INT.c ****         {
 123              		.loc 1 420 0 is_stmt 0 discriminator 1
ARM GAS  C:\Users\HENRYA~1\AppData\Local\Temp\cc8DOJUR.s 			page 11


 124 003e 0F2C     		cmp	r4, #15
 125 0040 E5D9     		bls	.L10
 445:Generated_Source\PSoC5/PUERTO_CAN_1_INT.c ****         }
 446:Generated_Source\PSoC5/PUERTO_CAN_1_INT.c ****     }
 126              		.loc 1 446 0 is_stmt 1
 127 0042 38BD     		pop	{r3, r4, r5, pc}
 128              	.LVL11:
 129              	.L13:
 130              		.align	2
 131              	.L12:
 132 0044 00A00040 		.word	1073782784
 133 0048 08A00040 		.word	1073782792
 134 004c A0A00040 		.word	1073782944
 135              		.cfi_endproc
 136              	.LFE1:
 137              		.size	PUERTO_CAN_1_MsgRXIsr, .-PUERTO_CAN_1_MsgRXIsr
 138              		.section	.text.PUERTO_CAN_1_ISR,"ax",%progbits
 139              		.align	2
 140              		.global	PUERTO_CAN_1_ISR
 141              		.thumb
 142              		.thumb_func
 143              		.type	PUERTO_CAN_1_ISR, %function
 144              	PUERTO_CAN_1_ISR:
 145              	.LFB2:
 447:Generated_Source\PSoC5/PUERTO_CAN_1_INT.c **** #endif /* PUERTO_CAN_1_RX_MESSAGE */
 448:Generated_Source\PSoC5/PUERTO_CAN_1_INT.c **** 
 449:Generated_Source\PSoC5/PUERTO_CAN_1_INT.c **** 
 450:Generated_Source\PSoC5/PUERTO_CAN_1_INT.c **** /*******************************************************************************
 451:Generated_Source\PSoC5/PUERTO_CAN_1_INT.c **** * Function Name: PUERTO_CAN_1_ISR
 452:Generated_Source\PSoC5/PUERTO_CAN_1_INT.c **** ********************************************************************************
 453:Generated_Source\PSoC5/PUERTO_CAN_1_INT.c **** *
 454:Generated_Source\PSoC5/PUERTO_CAN_1_INT.c **** * Summary:
 455:Generated_Source\PSoC5/PUERTO_CAN_1_INT.c **** *  This ISR is executed when CAN Core generates and interrupt on one of events:
 456:Generated_Source\PSoC5/PUERTO_CAN_1_INT.c **** *  Arb_lost, Overload, Bit_err, Stuff_err, Ack_err, Form_err, Crc_err,
 457:Generated_Source\PSoC5/PUERTO_CAN_1_INT.c **** *  Buss_off, Rx_msg_lost, Tx_msg or Rx_msg. The interrupt sources depends
 458:Generated_Source\PSoC5/PUERTO_CAN_1_INT.c **** *  on the Customizer inputs.
 459:Generated_Source\PSoC5/PUERTO_CAN_1_INT.c **** *
 460:Generated_Source\PSoC5/PUERTO_CAN_1_INT.c **** * Parameters:
 461:Generated_Source\PSoC5/PUERTO_CAN_1_INT.c **** *  None.
 462:Generated_Source\PSoC5/PUERTO_CAN_1_INT.c **** *
 463:Generated_Source\PSoC5/PUERTO_CAN_1_INT.c **** * Return:
 464:Generated_Source\PSoC5/PUERTO_CAN_1_INT.c **** *  None.
 465:Generated_Source\PSoC5/PUERTO_CAN_1_INT.c **** *
 466:Generated_Source\PSoC5/PUERTO_CAN_1_INT.c **** *******************************************************************************/
 467:Generated_Source\PSoC5/PUERTO_CAN_1_INT.c **** CY_ISR(PUERTO_CAN_1_ISR)
 468:Generated_Source\PSoC5/PUERTO_CAN_1_INT.c **** {
 146              		.loc 1 468 0
 147              		.cfi_startproc
 148              		@ args = 0, pretend = 0, frame = 0
 149              		@ frame_needed = 0, uses_anonymous_args = 0
 150 0000 08B5     		push	{r3, lr}
 151              		.cfi_def_cfa_offset 8
 152              		.cfi_offset 3, -8
 153              		.cfi_offset 14, -4
 469:Generated_Source\PSoC5/PUERTO_CAN_1_INT.c ****     #ifdef PUERTO_CAN_1_ISR_INTERRUPT_CALLBACK
 470:Generated_Source\PSoC5/PUERTO_CAN_1_INT.c ****         PUERTO_CAN_1_ISR_InterruptCallback();
 471:Generated_Source\PSoC5/PUERTO_CAN_1_INT.c ****     #endif /* PUERTO_CAN_1_ISR_INTERRUPT_CALLBACK */
ARM GAS  C:\Users\HENRYA~1\AppData\Local\Temp\cc8DOJUR.s 			page 12


 472:Generated_Source\PSoC5/PUERTO_CAN_1_INT.c ****     
 473:Generated_Source\PSoC5/PUERTO_CAN_1_INT.c ****     /* Place your Interrupt code here. */
 474:Generated_Source\PSoC5/PUERTO_CAN_1_INT.c ****     /* `#START CAN_ISR` */
 475:Generated_Source\PSoC5/PUERTO_CAN_1_INT.c **** 
 476:Generated_Source\PSoC5/PUERTO_CAN_1_INT.c ****     /* `#END` */
 477:Generated_Source\PSoC5/PUERTO_CAN_1_INT.c ****     
 478:Generated_Source\PSoC5/PUERTO_CAN_1_INT.c ****     /* Arbitration */
 479:Generated_Source\PSoC5/PUERTO_CAN_1_INT.c ****     #if (PUERTO_CAN_1_ARB_LOST && (PUERTO_CAN_1_ARB_LOST_USE_HELPER || \
 480:Generated_Source\PSoC5/PUERTO_CAN_1_INT.c ****         (!PUERTO_CAN_1_ADVANCED_INTERRUPT_CFG)))
 481:Generated_Source\PSoC5/PUERTO_CAN_1_INT.c ****         if ((PUERTO_CAN_1_INT_SR_REG.byte[0u] & PUERTO_CAN_1_ARBITRATION_LOST_MASK) != 0u)
 482:Generated_Source\PSoC5/PUERTO_CAN_1_INT.c ****         {
 483:Generated_Source\PSoC5/PUERTO_CAN_1_INT.c ****             PUERTO_CAN_1_ArbLostIsr();
 484:Generated_Source\PSoC5/PUERTO_CAN_1_INT.c ****         }
 485:Generated_Source\PSoC5/PUERTO_CAN_1_INT.c ****     #endif /* PUERTO_CAN_1_ARB_LOST && PUERTO_CAN_1_ARB_LOST_USE_HELPER */
 486:Generated_Source\PSoC5/PUERTO_CAN_1_INT.c **** 
 487:Generated_Source\PSoC5/PUERTO_CAN_1_INT.c ****     /* Overload Error */
 488:Generated_Source\PSoC5/PUERTO_CAN_1_INT.c ****     #if (PUERTO_CAN_1_OVERLOAD && (PUERTO_CAN_1_OVERLOAD_USE_HELPER || \
 489:Generated_Source\PSoC5/PUERTO_CAN_1_INT.c ****         (!PUERTO_CAN_1_ADVANCED_INTERRUPT_CFG)))
 490:Generated_Source\PSoC5/PUERTO_CAN_1_INT.c ****         if ((PUERTO_CAN_1_INT_SR_REG.byte[0u] & PUERTO_CAN_1_OVERLOAD_ERROR_MASK) != 0u)
 491:Generated_Source\PSoC5/PUERTO_CAN_1_INT.c ****         {
 492:Generated_Source\PSoC5/PUERTO_CAN_1_INT.c ****             PUERTO_CAN_1_OvrLdErrorIsr();
 493:Generated_Source\PSoC5/PUERTO_CAN_1_INT.c ****         }
 494:Generated_Source\PSoC5/PUERTO_CAN_1_INT.c ****     #endif /* PUERTO_CAN_1_OVERLOAD && PUERTO_CAN_1_OVERLOAD_USE_HELPER */
 495:Generated_Source\PSoC5/PUERTO_CAN_1_INT.c **** 
 496:Generated_Source\PSoC5/PUERTO_CAN_1_INT.c ****     /* Bit Error */
 497:Generated_Source\PSoC5/PUERTO_CAN_1_INT.c ****     #if (PUERTO_CAN_1_BIT_ERR && (PUERTO_CAN_1_BIT_ERR_USE_HELPER || \
 498:Generated_Source\PSoC5/PUERTO_CAN_1_INT.c ****         (!PUERTO_CAN_1_ADVANCED_INTERRUPT_CFG)))
 499:Generated_Source\PSoC5/PUERTO_CAN_1_INT.c ****         if ((PUERTO_CAN_1_INT_SR_REG.byte[0u] & PUERTO_CAN_1_BIT_ERROR_MASK) != 0u)
 500:Generated_Source\PSoC5/PUERTO_CAN_1_INT.c ****         {
 501:Generated_Source\PSoC5/PUERTO_CAN_1_INT.c ****             PUERTO_CAN_1_BitErrorIsr();
 502:Generated_Source\PSoC5/PUERTO_CAN_1_INT.c ****         }
 503:Generated_Source\PSoC5/PUERTO_CAN_1_INT.c ****     #endif /* PUERTO_CAN_1_BIT_ERR && PUERTO_CAN_1_BIT_ERR_USE_HELPER */
 504:Generated_Source\PSoC5/PUERTO_CAN_1_INT.c **** 
 505:Generated_Source\PSoC5/PUERTO_CAN_1_INT.c ****     /* Bit Staff Error */
 506:Generated_Source\PSoC5/PUERTO_CAN_1_INT.c ****     #if (PUERTO_CAN_1_STUFF_ERR && (PUERTO_CAN_1_STUFF_ERR_USE_HELPER || \
 507:Generated_Source\PSoC5/PUERTO_CAN_1_INT.c ****         (!PUERTO_CAN_1_ADVANCED_INTERRUPT_CFG)))
 508:Generated_Source\PSoC5/PUERTO_CAN_1_INT.c ****         if ((PUERTO_CAN_1_INT_SR_REG.byte[0u] & PUERTO_CAN_1_STUFF_ERROR_MASK) != 0u)
 509:Generated_Source\PSoC5/PUERTO_CAN_1_INT.c ****         {
 510:Generated_Source\PSoC5/PUERTO_CAN_1_INT.c ****             PUERTO_CAN_1_BitStuffErrorIsr();
 511:Generated_Source\PSoC5/PUERTO_CAN_1_INT.c ****         }
 512:Generated_Source\PSoC5/PUERTO_CAN_1_INT.c ****     #endif /* PUERTO_CAN_1_STUFF_ERR && PUERTO_CAN_1_STUFF_ERR_USE_HELPER */
 513:Generated_Source\PSoC5/PUERTO_CAN_1_INT.c **** 
 514:Generated_Source\PSoC5/PUERTO_CAN_1_INT.c ****     /* ACK Error */
 515:Generated_Source\PSoC5/PUERTO_CAN_1_INT.c ****     #if (PUERTO_CAN_1_ACK_ERR && (PUERTO_CAN_1_ACK_ERR_USE_HELPER || \
 516:Generated_Source\PSoC5/PUERTO_CAN_1_INT.c ****         (!PUERTO_CAN_1_ADVANCED_INTERRUPT_CFG)))
 517:Generated_Source\PSoC5/PUERTO_CAN_1_INT.c ****         if ((PUERTO_CAN_1_INT_SR_REG.byte[0u] & PUERTO_CAN_1_ACK_ERROR_MASK) != 0u)
 518:Generated_Source\PSoC5/PUERTO_CAN_1_INT.c ****         {
 519:Generated_Source\PSoC5/PUERTO_CAN_1_INT.c ****             PUERTO_CAN_1_AckErrorIsr();
 520:Generated_Source\PSoC5/PUERTO_CAN_1_INT.c ****         }
 521:Generated_Source\PSoC5/PUERTO_CAN_1_INT.c ****     #endif /* PUERTO_CAN_1_ACK_ERR && PUERTO_CAN_1_ACK_ERR_USE_HELPER */
 522:Generated_Source\PSoC5/PUERTO_CAN_1_INT.c **** 
 523:Generated_Source\PSoC5/PUERTO_CAN_1_INT.c ****     /* Form(msg) Error */
 524:Generated_Source\PSoC5/PUERTO_CAN_1_INT.c ****     #if (PUERTO_CAN_1_FORM_ERR && (PUERTO_CAN_1_FORM_ERR_USE_HELPER || \
 525:Generated_Source\PSoC5/PUERTO_CAN_1_INT.c ****         (!PUERTO_CAN_1_ADVANCED_INTERRUPT_CFG)))
 526:Generated_Source\PSoC5/PUERTO_CAN_1_INT.c ****         if ((PUERTO_CAN_1_INT_SR_REG.byte[0u] & PUERTO_CAN_1_FORM_ERROR_MASK) != 0u)
 527:Generated_Source\PSoC5/PUERTO_CAN_1_INT.c ****         {
 528:Generated_Source\PSoC5/PUERTO_CAN_1_INT.c ****             PUERTO_CAN_1_MsgErrorIsr();
ARM GAS  C:\Users\HENRYA~1\AppData\Local\Temp\cc8DOJUR.s 			page 13


 529:Generated_Source\PSoC5/PUERTO_CAN_1_INT.c ****         }
 530:Generated_Source\PSoC5/PUERTO_CAN_1_INT.c ****     #endif /* PUERTO_CAN_1_FORM_ERR && PUERTO_CAN_1_FORM_ERR_USE_HELPER */
 531:Generated_Source\PSoC5/PUERTO_CAN_1_INT.c **** 
 532:Generated_Source\PSoC5/PUERTO_CAN_1_INT.c ****     /* CRC Error */
 533:Generated_Source\PSoC5/PUERTO_CAN_1_INT.c ****     #if (PUERTO_CAN_1_CRC_ERR && (PUERTO_CAN_1_CRC_ERR_USE_HELPER || \
 534:Generated_Source\PSoC5/PUERTO_CAN_1_INT.c ****         (!PUERTO_CAN_1_ADVANCED_INTERRUPT_CFG)))
 535:Generated_Source\PSoC5/PUERTO_CAN_1_INT.c ****         if ((PUERTO_CAN_1_INT_SR_REG.byte[1u] & PUERTO_CAN_1_CRC_ERROR_MASK) != 0u)
 536:Generated_Source\PSoC5/PUERTO_CAN_1_INT.c ****         {
 537:Generated_Source\PSoC5/PUERTO_CAN_1_INT.c ****             PUERTO_CAN_1_CrcErrorIsr();
 538:Generated_Source\PSoC5/PUERTO_CAN_1_INT.c ****         }
 539:Generated_Source\PSoC5/PUERTO_CAN_1_INT.c ****     #endif /* PUERTO_CAN_1_CRC_ERR && PUERTO_CAN_1_CRC_ERR_USE_HELPER */
 540:Generated_Source\PSoC5/PUERTO_CAN_1_INT.c **** 
 541:Generated_Source\PSoC5/PUERTO_CAN_1_INT.c ****     /* Bus Off state */
 542:Generated_Source\PSoC5/PUERTO_CAN_1_INT.c ****     #if (PUERTO_CAN_1_BUS_OFF && (PUERTO_CAN_1_BUS_OFF_USE_HELPER || \
 543:Generated_Source\PSoC5/PUERTO_CAN_1_INT.c ****         (!PUERTO_CAN_1_ADVANCED_INTERRUPT_CFG)))
 544:Generated_Source\PSoC5/PUERTO_CAN_1_INT.c ****         if ((PUERTO_CAN_1_INT_SR_REG.byte[1u] & PUERTO_CAN_1_BUS_OFF_MASK) != 0u)
 154              		.loc 1 544 0
 155 0002 074B     		ldr	r3, .L18
 156 0004 5B78     		ldrb	r3, [r3, #1]	@ zero_extendqisi2
 157 0006 13F0020F 		tst	r3, #2
 158 000a 01D0     		beq	.L15
 545:Generated_Source\PSoC5/PUERTO_CAN_1_INT.c ****         {
 546:Generated_Source\PSoC5/PUERTO_CAN_1_INT.c ****             PUERTO_CAN_1_BusOffIsr();
 159              		.loc 1 546 0
 160 000c FFF7FEFF 		bl	PUERTO_CAN_1_BusOffIsr
 161              	.LVL12:
 162              	.L15:
 547:Generated_Source\PSoC5/PUERTO_CAN_1_INT.c ****         }
 548:Generated_Source\PSoC5/PUERTO_CAN_1_INT.c ****     #endif /* PUERTO_CAN_1_BUS_OFF && PUERTO_CAN_1_BUS_OFF_USE_HELPER */
 549:Generated_Source\PSoC5/PUERTO_CAN_1_INT.c **** 
 550:Generated_Source\PSoC5/PUERTO_CAN_1_INT.c ****     /* Message Lost */
 551:Generated_Source\PSoC5/PUERTO_CAN_1_INT.c ****     #if (PUERTO_CAN_1_RX_MSG_LOST && (PUERTO_CAN_1_RX_MSG_LOST_USE_HELPER || \
 552:Generated_Source\PSoC5/PUERTO_CAN_1_INT.c ****         (!PUERTO_CAN_1_ADVANCED_INTERRUPT_CFG)))
 553:Generated_Source\PSoC5/PUERTO_CAN_1_INT.c ****         if ((PUERTO_CAN_1_INT_SR_REG.byte[1u] & PUERTO_CAN_1_RX_MSG_LOST_MASK) != 0u)
 554:Generated_Source\PSoC5/PUERTO_CAN_1_INT.c ****         {
 555:Generated_Source\PSoC5/PUERTO_CAN_1_INT.c ****             PUERTO_CAN_1_MsgLostIsr();
 556:Generated_Source\PSoC5/PUERTO_CAN_1_INT.c ****         }
 557:Generated_Source\PSoC5/PUERTO_CAN_1_INT.c ****     #endif /* PUERTO_CAN_1_RX_MSG_LOST && PUERTO_CAN_1_RX_MSG_LOST_USE_HELPER */
 558:Generated_Source\PSoC5/PUERTO_CAN_1_INT.c **** 
 559:Generated_Source\PSoC5/PUERTO_CAN_1_INT.c ****     /* TX Message Send */
 560:Generated_Source\PSoC5/PUERTO_CAN_1_INT.c ****     #if (PUERTO_CAN_1_TX_MESSAGE && (PUERTO_CAN_1_TX_MESSAGE_USE_HELPER || \
 561:Generated_Source\PSoC5/PUERTO_CAN_1_INT.c ****         (!PUERTO_CAN_1_ADVANCED_INTERRUPT_CFG)))
 562:Generated_Source\PSoC5/PUERTO_CAN_1_INT.c ****         if ((PUERTO_CAN_1_INT_SR_REG.byte[1u] & PUERTO_CAN_1_TX_MESSAGE_MASK) != 0u)
 563:Generated_Source\PSoC5/PUERTO_CAN_1_INT.c ****         {
 564:Generated_Source\PSoC5/PUERTO_CAN_1_INT.c ****             PUERTO_CAN_1_MsgTXIsr();
 565:Generated_Source\PSoC5/PUERTO_CAN_1_INT.c ****         }
 566:Generated_Source\PSoC5/PUERTO_CAN_1_INT.c ****     #endif /* PUERTO_CAN_1_TX_MESSAGE && PUERTO_CAN_1_TX_MESSAGE_USE_HELPER */
 567:Generated_Source\PSoC5/PUERTO_CAN_1_INT.c **** 
 568:Generated_Source\PSoC5/PUERTO_CAN_1_INT.c ****     /* RX Message Available */
 569:Generated_Source\PSoC5/PUERTO_CAN_1_INT.c ****     #if (PUERTO_CAN_1_RX_MESSAGE && (PUERTO_CAN_1_RX_MESSAGE_USE_HELPER || \
 570:Generated_Source\PSoC5/PUERTO_CAN_1_INT.c ****         (!PUERTO_CAN_1_ADVANCED_INTERRUPT_CFG)))
 571:Generated_Source\PSoC5/PUERTO_CAN_1_INT.c ****         if ((PUERTO_CAN_1_INT_SR_REG.byte[1u] & PUERTO_CAN_1_RX_MESSAGE_MASK) != 0u)
 163              		.loc 1 571 0
 164 0010 034B     		ldr	r3, .L18
 165 0012 5B78     		ldrb	r3, [r3, #1]	@ zero_extendqisi2
 166 0014 13F0100F 		tst	r3, #16
 167 0018 01D0     		beq	.L14
ARM GAS  C:\Users\HENRYA~1\AppData\Local\Temp\cc8DOJUR.s 			page 14


 572:Generated_Source\PSoC5/PUERTO_CAN_1_INT.c ****         {
 573:Generated_Source\PSoC5/PUERTO_CAN_1_INT.c ****             PUERTO_CAN_1_MsgRXIsr();
 168              		.loc 1 573 0
 169 001a FFF7FEFF 		bl	PUERTO_CAN_1_MsgRXIsr
 170              	.LVL13:
 171              	.L14:
 172 001e 08BD     		pop	{r3, pc}
 173              	.L19:
 174              		.align	2
 175              	.L18:
 176 0020 00A00040 		.word	1073782784
 177              		.cfi_endproc
 178              	.LFE2:
 179              		.size	PUERTO_CAN_1_ISR, .-PUERTO_CAN_1_ISR
 180              		.text
 181              	.Letext0:
 182              		.file 2 "Generated_Source\\PSoC5\\cytypes.h"
 183              		.file 3 "Generated_Source\\PSoC5\\PUERTO_CAN_1.h"
 184              		.section	.debug_info,"",%progbits
 185              	.Ldebug_info0:
 186 0000 67020000 		.4byte	0x267
 187 0004 0400     		.2byte	0x4
 188 0006 00000000 		.4byte	.Ldebug_abbrev0
 189 000a 04       		.byte	0x4
 190 000b 01       		.uleb128 0x1
 191 000c 66010000 		.4byte	.LASF38
 192 0010 0C       		.byte	0xc
 193 0011 17020000 		.4byte	.LASF39
 194 0015 C4000000 		.4byte	.LASF40
 195 0019 00000000 		.4byte	.Ldebug_ranges0+0
 196 001d 00000000 		.4byte	0
 197 0021 00000000 		.4byte	.Ldebug_line0
 198 0025 02       		.uleb128 0x2
 199 0026 01       		.byte	0x1
 200 0027 06       		.byte	0x6
 201 0028 95020000 		.4byte	.LASF0
 202 002c 02       		.uleb128 0x2
 203 002d 01       		.byte	0x1
 204 002e 08       		.byte	0x8
 205 002f 8D000000 		.4byte	.LASF1
 206 0033 02       		.uleb128 0x2
 207 0034 02       		.byte	0x2
 208 0035 05       		.byte	0x5
 209 0036 41020000 		.4byte	.LASF2
 210 003a 02       		.uleb128 0x2
 211 003b 02       		.byte	0x2
 212 003c 07       		.byte	0x7
 213 003d 4B000000 		.4byte	.LASF3
 214 0041 02       		.uleb128 0x2
 215 0042 04       		.byte	0x4
 216 0043 05       		.byte	0x5
 217 0044 80020000 		.4byte	.LASF4
 218 0048 02       		.uleb128 0x2
 219 0049 04       		.byte	0x4
 220 004a 07       		.byte	0x7
 221 004b A5000000 		.4byte	.LASF5
 222 004f 02       		.uleb128 0x2
ARM GAS  C:\Users\HENRYA~1\AppData\Local\Temp\cc8DOJUR.s 			page 15


 223 0050 08       		.byte	0x8
 224 0051 05       		.byte	0x5
 225 0052 04020000 		.4byte	.LASF6
 226 0056 02       		.uleb128 0x2
 227 0057 08       		.byte	0x8
 228 0058 07       		.byte	0x7
 229 0059 31010000 		.4byte	.LASF7
 230 005d 03       		.uleb128 0x3
 231 005e 04       		.byte	0x4
 232 005f 05       		.byte	0x5
 233 0060 696E7400 		.ascii	"int\000"
 234 0064 02       		.uleb128 0x2
 235 0065 04       		.byte	0x4
 236 0066 07       		.byte	0x7
 237 0067 12010000 		.4byte	.LASF8
 238 006b 04       		.uleb128 0x4
 239 006c B7000000 		.4byte	.LASF9
 240 0070 02       		.byte	0x2
 241 0071 E401     		.2byte	0x1e4
 242 0073 2C000000 		.4byte	0x2c
 243 0077 04       		.uleb128 0x4
 244 0078 0B010000 		.4byte	.LASF10
 245 007c 02       		.byte	0x2
 246 007d E501     		.2byte	0x1e5
 247 007f 3A000000 		.4byte	0x3a
 248 0083 02       		.uleb128 0x2
 249 0084 04       		.byte	0x4
 250 0085 04       		.byte	0x4
 251 0086 87000000 		.4byte	.LASF11
 252 008a 02       		.uleb128 0x2
 253 008b 08       		.byte	0x8
 254 008c 04       		.byte	0x4
 255 008d BD000000 		.4byte	.LASF12
 256 0091 02       		.uleb128 0x2
 257 0092 01       		.byte	0x1
 258 0093 08       		.byte	0x8
 259 0094 12020000 		.4byte	.LASF13
 260 0098 04       		.uleb128 0x4
 261 0099 A0000000 		.4byte	.LASF14
 262 009d 02       		.byte	0x2
 263 009e 8E02     		.2byte	0x28e
 264 00a0 A4000000 		.4byte	0xa4
 265 00a4 05       		.uleb128 0x5
 266 00a5 6B000000 		.4byte	0x6b
 267 00a9 04       		.uleb128 0x4
 268 00aa 00000000 		.4byte	.LASF15
 269 00ae 02       		.byte	0x2
 270 00af 8F02     		.2byte	0x28f
 271 00b1 B5000000 		.4byte	0xb5
 272 00b5 05       		.uleb128 0x5
 273 00b6 77000000 		.4byte	0x77
 274 00ba 02       		.uleb128 0x2
 275 00bb 08       		.byte	0x8
 276 00bc 04       		.byte	0x4
 277 00bd 89020000 		.4byte	.LASF16
 278 00c1 02       		.uleb128 0x2
 279 00c2 04       		.byte	0x4
ARM GAS  C:\Users\HENRYA~1\AppData\Local\Temp\cc8DOJUR.s 			page 16


 280 00c3 07       		.byte	0x7
 281 00c4 F4010000 		.4byte	.LASF17
 282 00c8 06       		.uleb128 0x6
 283 00c9 08       		.byte	0x8
 284 00ca 03       		.byte	0x3
 285 00cb 75       		.byte	0x75
 286 00cc DD000000 		.4byte	0xdd
 287 00d0 07       		.uleb128 0x7
 288 00d1 74000000 		.4byte	.LASF19
 289 00d5 03       		.byte	0x3
 290 00d6 77       		.byte	0x77
 291 00d7 ED000000 		.4byte	0xed
 292 00db 00       		.byte	0
 293 00dc 00       		.byte	0
 294 00dd 08       		.uleb128 0x8
 295 00de 98000000 		.4byte	0x98
 296 00e2 ED000000 		.4byte	0xed
 297 00e6 09       		.uleb128 0x9
 298 00e7 C1000000 		.4byte	0xc1
 299 00eb 07       		.byte	0x7
 300 00ec 00       		.byte	0
 301 00ed 05       		.uleb128 0x5
 302 00ee DD000000 		.4byte	0xdd
 303 00f2 0A       		.uleb128 0xa
 304 00f3 A1020000 		.4byte	.LASF18
 305 00f7 03       		.byte	0x3
 306 00f8 78       		.byte	0x78
 307 00f9 C8000000 		.4byte	0xc8
 308 00fd 06       		.uleb128 0x6
 309 00fe 04       		.byte	0x4
 310 00ff 03       		.byte	0x3
 311 0100 7B       		.byte	0x7b
 312 0101 12010000 		.4byte	0x112
 313 0105 07       		.uleb128 0x7
 314 0106 74000000 		.4byte	.LASF19
 315 010a 03       		.byte	0x3
 316 010b 7D       		.byte	0x7d
 317 010c 22010000 		.4byte	0x122
 318 0110 00       		.byte	0
 319 0111 00       		.byte	0
 320 0112 08       		.uleb128 0x8
 321 0113 98000000 		.4byte	0x98
 322 0117 22010000 		.4byte	0x122
 323 011b 09       		.uleb128 0x9
 324 011c C1000000 		.4byte	0xc1
 325 0120 03       		.byte	0x3
 326 0121 00       		.byte	0
 327 0122 05       		.uleb128 0x5
 328 0123 12010000 		.4byte	0x112
 329 0127 0A       		.uleb128 0xa
 330 0128 0C000000 		.4byte	.LASF20
 331 012c 03       		.byte	0x3
 332 012d 7E       		.byte	0x7e
 333 012e FD000000 		.4byte	0xfd
 334 0132 06       		.uleb128 0x6
 335 0133 20       		.byte	0x20
 336 0134 03       		.byte	0x3
ARM GAS  C:\Users\HENRYA~1\AppData\Local\Temp\cc8DOJUR.s 			page 17


 337 0135 A0       		.byte	0xa0
 338 0136 8F010000 		.4byte	0x18f
 339 013a 07       		.uleb128 0x7
 340 013b 60010000 		.4byte	.LASF21
 341 013f 03       		.byte	0x3
 342 0140 A2       		.byte	0xa2
 343 0141 27010000 		.4byte	0x127
 344 0145 00       		.byte	0
 345 0146 07       		.uleb128 0x7
 346 0147 9B000000 		.4byte	.LASF22
 347 014b 03       		.byte	0x3
 348 014c A3       		.byte	0xa3
 349 014d 27010000 		.4byte	0x127
 350 0151 04       		.byte	0x4
 351 0152 07       		.uleb128 0x7
 352 0153 79000000 		.4byte	.LASF23
 353 0157 03       		.byte	0x3
 354 0158 A4       		.byte	0xa4
 355 0159 F2000000 		.4byte	0xf2
 356 015d 08       		.byte	0x8
 357 015e 07       		.uleb128 0x7
 358 015f 20000000 		.4byte	.LASF24
 359 0163 03       		.byte	0x3
 360 0164 A5       		.byte	0xa5
 361 0165 27010000 		.4byte	0x127
 362 0169 10       		.byte	0x10
 363 016a 07       		.uleb128 0x7
 364 016b 4B020000 		.4byte	.LASF25
 365 016f 03       		.byte	0x3
 366 0170 A6       		.byte	0xa6
 367 0171 27010000 		.4byte	0x127
 368 0175 14       		.byte	0x14
 369 0176 07       		.uleb128 0x7
 370 0177 FD010000 		.4byte	.LASF26
 371 017b 03       		.byte	0x3
 372 017c A7       		.byte	0xa7
 373 017d 27010000 		.4byte	0x127
 374 0181 18       		.byte	0x18
 375 0182 07       		.uleb128 0x7
 376 0183 80000000 		.4byte	.LASF27
 377 0187 03       		.byte	0x3
 378 0188 A8       		.byte	0xa8
 379 0189 27010000 		.4byte	0x127
 380 018d 1C       		.byte	0x1c
 381 018e 00       		.byte	0
 382 018f 0A       		.uleb128 0xa
 383 0190 26000000 		.4byte	.LASF28
 384 0194 03       		.byte	0x3
 385 0195 A9       		.byte	0xa9
 386 0196 32010000 		.4byte	0x132
 387 019a 0B       		.uleb128 0xb
 388 019b B9020000 		.4byte	.LASF29
 389 019f 01       		.byte	0x1
 390 01a0 2801     		.2byte	0x128
 391 01a2 00000000 		.4byte	.LFB0
 392 01a6 18000000 		.4byte	.LFE0-.LFB0
 393 01aa 01       		.uleb128 0x1
ARM GAS  C:\Users\HENRYA~1\AppData\Local\Temp\cc8DOJUR.s 			page 18


 394 01ab 9C       		.byte	0x9c
 395 01ac C3010000 		.4byte	0x1c3
 396 01b0 0C       		.uleb128 0xc
 397 01b1 0C000000 		.4byte	.LVL0
 398 01b5 3C020000 		.4byte	0x23c
 399 01b9 0C       		.uleb128 0xc
 400 01ba 10000000 		.4byte	.LVL1
 401 01be 47020000 		.4byte	0x247
 402 01c2 00       		.byte	0
 403 01c3 0B       		.uleb128 0xb
 404 01c4 5E000000 		.4byte	.LASF30
 405 01c8 01       		.byte	0x1
 406 01c9 9401     		.2byte	0x194
 407 01cb 00000000 		.4byte	.LFB1
 408 01cf 50000000 		.4byte	.LFE1-.LFB1
 409 01d3 01       		.uleb128 0x1
 410 01d4 9C       		.byte	0x9c
 411 01d5 13020000 		.4byte	0x213
 412 01d9 0D       		.uleb128 0xd
 413 01da 3D000000 		.4byte	.LASF31
 414 01de 01       		.byte	0x1
 415 01df 9601     		.2byte	0x196
 416 01e1 6B000000 		.4byte	0x6b
 417 01e5 00000000 		.4byte	.LLST0
 418 01e9 0D       		.uleb128 0xd
 419 01ea 06000000 		.4byte	.LASF32
 420 01ee 01       		.byte	0x1
 421 01ef 9701     		.2byte	0x197
 422 01f1 77000000 		.4byte	0x77
 423 01f5 2A000000 		.4byte	.LLST1
 424 01f9 0C       		.uleb128 0xc
 425 01fa 2E000000 		.4byte	.LVL5
 426 01fe 52020000 		.4byte	0x252
 427 0202 0E       		.uleb128 0xe
 428 0203 36000000 		.4byte	.LVL6
 429 0207 5E020000 		.4byte	0x25e
 430 020b 0F       		.uleb128 0xf
 431 020c 01       		.uleb128 0x1
 432 020d 50       		.byte	0x50
 433 020e 02       		.uleb128 0x2
 434 020f 74       		.byte	0x74
 435 0210 00       		.sleb128 0
 436 0211 00       		.byte	0
 437 0212 00       		.byte	0
 438 0213 0B       		.uleb128 0xb
 439 0214 6F020000 		.4byte	.LASF33
 440 0218 01       		.byte	0x1
 441 0219 D301     		.2byte	0x1d3
 442 021b 00000000 		.4byte	.LFB2
 443 021f 24000000 		.4byte	.LFE2-.LFB2
 444 0223 01       		.uleb128 0x1
 445 0224 9C       		.byte	0x9c
 446 0225 3C020000 		.4byte	0x23c
 447 0229 0C       		.uleb128 0xc
 448 022a 10000000 		.4byte	.LVL12
 449 022e 9A010000 		.4byte	0x19a
 450 0232 0C       		.uleb128 0xc
ARM GAS  C:\Users\HENRYA~1\AppData\Local\Temp\cc8DOJUR.s 			page 19


 451 0233 1E000000 		.4byte	.LVL13
 452 0237 C3010000 		.4byte	0x1c3
 453 023b 00       		.byte	0
 454 023c 10       		.uleb128 0x10
 455 023d 51020000 		.4byte	.LASF34
 456 0241 51020000 		.4byte	.LASF34
 457 0245 03       		.byte	0x3
 458 0246 C9       		.byte	0xc9
 459 0247 10       		.uleb128 0x10
 460 0248 1F010000 		.4byte	.LASF35
 461 024c 1F010000 		.4byte	.LASF35
 462 0250 03       		.byte	0x3
 463 0251 C6       		.byte	0xc6
 464 0252 11       		.uleb128 0x11
 465 0253 D0020000 		.4byte	.LASF36
 466 0257 D0020000 		.4byte	.LASF36
 467 025b 03       		.byte	0x3
 468 025c 3501     		.2byte	0x135
 469 025e 11       		.uleb128 0x11
 470 025f 48010000 		.4byte	.LASF37
 471 0263 48010000 		.4byte	.LASF37
 472 0267 03       		.byte	0x3
 473 0268 1A01     		.2byte	0x11a
 474 026a 00       		.byte	0
 475              		.section	.debug_abbrev,"",%progbits
 476              	.Ldebug_abbrev0:
 477 0000 01       		.uleb128 0x1
 478 0001 11       		.uleb128 0x11
 479 0002 01       		.byte	0x1
 480 0003 25       		.uleb128 0x25
 481 0004 0E       		.uleb128 0xe
 482 0005 13       		.uleb128 0x13
 483 0006 0B       		.uleb128 0xb
 484 0007 03       		.uleb128 0x3
 485 0008 0E       		.uleb128 0xe
 486 0009 1B       		.uleb128 0x1b
 487 000a 0E       		.uleb128 0xe
 488 000b 55       		.uleb128 0x55
 489 000c 17       		.uleb128 0x17
 490 000d 11       		.uleb128 0x11
 491 000e 01       		.uleb128 0x1
 492 000f 10       		.uleb128 0x10
 493 0010 17       		.uleb128 0x17
 494 0011 00       		.byte	0
 495 0012 00       		.byte	0
 496 0013 02       		.uleb128 0x2
 497 0014 24       		.uleb128 0x24
 498 0015 00       		.byte	0
 499 0016 0B       		.uleb128 0xb
 500 0017 0B       		.uleb128 0xb
 501 0018 3E       		.uleb128 0x3e
 502 0019 0B       		.uleb128 0xb
 503 001a 03       		.uleb128 0x3
 504 001b 0E       		.uleb128 0xe
 505 001c 00       		.byte	0
 506 001d 00       		.byte	0
 507 001e 03       		.uleb128 0x3
ARM GAS  C:\Users\HENRYA~1\AppData\Local\Temp\cc8DOJUR.s 			page 20


 508 001f 24       		.uleb128 0x24
 509 0020 00       		.byte	0
 510 0021 0B       		.uleb128 0xb
 511 0022 0B       		.uleb128 0xb
 512 0023 3E       		.uleb128 0x3e
 513 0024 0B       		.uleb128 0xb
 514 0025 03       		.uleb128 0x3
 515 0026 08       		.uleb128 0x8
 516 0027 00       		.byte	0
 517 0028 00       		.byte	0
 518 0029 04       		.uleb128 0x4
 519 002a 16       		.uleb128 0x16
 520 002b 00       		.byte	0
 521 002c 03       		.uleb128 0x3
 522 002d 0E       		.uleb128 0xe
 523 002e 3A       		.uleb128 0x3a
 524 002f 0B       		.uleb128 0xb
 525 0030 3B       		.uleb128 0x3b
 526 0031 05       		.uleb128 0x5
 527 0032 49       		.uleb128 0x49
 528 0033 13       		.uleb128 0x13
 529 0034 00       		.byte	0
 530 0035 00       		.byte	0
 531 0036 05       		.uleb128 0x5
 532 0037 35       		.uleb128 0x35
 533 0038 00       		.byte	0
 534 0039 49       		.uleb128 0x49
 535 003a 13       		.uleb128 0x13
 536 003b 00       		.byte	0
 537 003c 00       		.byte	0
 538 003d 06       		.uleb128 0x6
 539 003e 13       		.uleb128 0x13
 540 003f 01       		.byte	0x1
 541 0040 0B       		.uleb128 0xb
 542 0041 0B       		.uleb128 0xb
 543 0042 3A       		.uleb128 0x3a
 544 0043 0B       		.uleb128 0xb
 545 0044 3B       		.uleb128 0x3b
 546 0045 0B       		.uleb128 0xb
 547 0046 01       		.uleb128 0x1
 548 0047 13       		.uleb128 0x13
 549 0048 00       		.byte	0
 550 0049 00       		.byte	0
 551 004a 07       		.uleb128 0x7
 552 004b 0D       		.uleb128 0xd
 553 004c 00       		.byte	0
 554 004d 03       		.uleb128 0x3
 555 004e 0E       		.uleb128 0xe
 556 004f 3A       		.uleb128 0x3a
 557 0050 0B       		.uleb128 0xb
 558 0051 3B       		.uleb128 0x3b
 559 0052 0B       		.uleb128 0xb
 560 0053 49       		.uleb128 0x49
 561 0054 13       		.uleb128 0x13
 562 0055 38       		.uleb128 0x38
 563 0056 0B       		.uleb128 0xb
 564 0057 00       		.byte	0
ARM GAS  C:\Users\HENRYA~1\AppData\Local\Temp\cc8DOJUR.s 			page 21


 565 0058 00       		.byte	0
 566 0059 08       		.uleb128 0x8
 567 005a 01       		.uleb128 0x1
 568 005b 01       		.byte	0x1
 569 005c 49       		.uleb128 0x49
 570 005d 13       		.uleb128 0x13
 571 005e 01       		.uleb128 0x1
 572 005f 13       		.uleb128 0x13
 573 0060 00       		.byte	0
 574 0061 00       		.byte	0
 575 0062 09       		.uleb128 0x9
 576 0063 21       		.uleb128 0x21
 577 0064 00       		.byte	0
 578 0065 49       		.uleb128 0x49
 579 0066 13       		.uleb128 0x13
 580 0067 2F       		.uleb128 0x2f
 581 0068 0B       		.uleb128 0xb
 582 0069 00       		.byte	0
 583 006a 00       		.byte	0
 584 006b 0A       		.uleb128 0xa
 585 006c 16       		.uleb128 0x16
 586 006d 00       		.byte	0
 587 006e 03       		.uleb128 0x3
 588 006f 0E       		.uleb128 0xe
 589 0070 3A       		.uleb128 0x3a
 590 0071 0B       		.uleb128 0xb
 591 0072 3B       		.uleb128 0x3b
 592 0073 0B       		.uleb128 0xb
 593 0074 49       		.uleb128 0x49
 594 0075 13       		.uleb128 0x13
 595 0076 00       		.byte	0
 596 0077 00       		.byte	0
 597 0078 0B       		.uleb128 0xb
 598 0079 2E       		.uleb128 0x2e
 599 007a 01       		.byte	0x1
 600 007b 3F       		.uleb128 0x3f
 601 007c 19       		.uleb128 0x19
 602 007d 03       		.uleb128 0x3
 603 007e 0E       		.uleb128 0xe
 604 007f 3A       		.uleb128 0x3a
 605 0080 0B       		.uleb128 0xb
 606 0081 3B       		.uleb128 0x3b
 607 0082 05       		.uleb128 0x5
 608 0083 27       		.uleb128 0x27
 609 0084 19       		.uleb128 0x19
 610 0085 11       		.uleb128 0x11
 611 0086 01       		.uleb128 0x1
 612 0087 12       		.uleb128 0x12
 613 0088 06       		.uleb128 0x6
 614 0089 40       		.uleb128 0x40
 615 008a 18       		.uleb128 0x18
 616 008b 9742     		.uleb128 0x2117
 617 008d 19       		.uleb128 0x19
 618 008e 01       		.uleb128 0x1
 619 008f 13       		.uleb128 0x13
 620 0090 00       		.byte	0
 621 0091 00       		.byte	0
ARM GAS  C:\Users\HENRYA~1\AppData\Local\Temp\cc8DOJUR.s 			page 22


 622 0092 0C       		.uleb128 0xc
 623 0093 898201   		.uleb128 0x4109
 624 0096 00       		.byte	0
 625 0097 11       		.uleb128 0x11
 626 0098 01       		.uleb128 0x1
 627 0099 31       		.uleb128 0x31
 628 009a 13       		.uleb128 0x13
 629 009b 00       		.byte	0
 630 009c 00       		.byte	0
 631 009d 0D       		.uleb128 0xd
 632 009e 34       		.uleb128 0x34
 633 009f 00       		.byte	0
 634 00a0 03       		.uleb128 0x3
 635 00a1 0E       		.uleb128 0xe
 636 00a2 3A       		.uleb128 0x3a
 637 00a3 0B       		.uleb128 0xb
 638 00a4 3B       		.uleb128 0x3b
 639 00a5 05       		.uleb128 0x5
 640 00a6 49       		.uleb128 0x49
 641 00a7 13       		.uleb128 0x13
 642 00a8 02       		.uleb128 0x2
 643 00a9 17       		.uleb128 0x17
 644 00aa 00       		.byte	0
 645 00ab 00       		.byte	0
 646 00ac 0E       		.uleb128 0xe
 647 00ad 898201   		.uleb128 0x4109
 648 00b0 01       		.byte	0x1
 649 00b1 11       		.uleb128 0x11
 650 00b2 01       		.uleb128 0x1
 651 00b3 31       		.uleb128 0x31
 652 00b4 13       		.uleb128 0x13
 653 00b5 00       		.byte	0
 654 00b6 00       		.byte	0
 655 00b7 0F       		.uleb128 0xf
 656 00b8 8A8201   		.uleb128 0x410a
 657 00bb 00       		.byte	0
 658 00bc 02       		.uleb128 0x2
 659 00bd 18       		.uleb128 0x18
 660 00be 9142     		.uleb128 0x2111
 661 00c0 18       		.uleb128 0x18
 662 00c1 00       		.byte	0
 663 00c2 00       		.byte	0
 664 00c3 10       		.uleb128 0x10
 665 00c4 2E       		.uleb128 0x2e
 666 00c5 00       		.byte	0
 667 00c6 3F       		.uleb128 0x3f
 668 00c7 19       		.uleb128 0x19
 669 00c8 3C       		.uleb128 0x3c
 670 00c9 19       		.uleb128 0x19
 671 00ca 6E       		.uleb128 0x6e
 672 00cb 0E       		.uleb128 0xe
 673 00cc 03       		.uleb128 0x3
 674 00cd 0E       		.uleb128 0xe
 675 00ce 3A       		.uleb128 0x3a
 676 00cf 0B       		.uleb128 0xb
 677 00d0 3B       		.uleb128 0x3b
 678 00d1 0B       		.uleb128 0xb
ARM GAS  C:\Users\HENRYA~1\AppData\Local\Temp\cc8DOJUR.s 			page 23


 679 00d2 00       		.byte	0
 680 00d3 00       		.byte	0
 681 00d4 11       		.uleb128 0x11
 682 00d5 2E       		.uleb128 0x2e
 683 00d6 00       		.byte	0
 684 00d7 3F       		.uleb128 0x3f
 685 00d8 19       		.uleb128 0x19
 686 00d9 3C       		.uleb128 0x3c
 687 00da 19       		.uleb128 0x19
 688 00db 6E       		.uleb128 0x6e
 689 00dc 0E       		.uleb128 0xe
 690 00dd 03       		.uleb128 0x3
 691 00de 0E       		.uleb128 0xe
 692 00df 3A       		.uleb128 0x3a
 693 00e0 0B       		.uleb128 0xb
 694 00e1 3B       		.uleb128 0x3b
 695 00e2 05       		.uleb128 0x5
 696 00e3 00       		.byte	0
 697 00e4 00       		.byte	0
 698 00e5 00       		.byte	0
 699              		.section	.debug_loc,"",%progbits
 700              	.Ldebug_loc0:
 701              	.LLST0:
 702 0000 08000000 		.4byte	.LVL3
 703 0004 0E000000 		.4byte	.LVL4
 704 0008 0200     		.2byte	0x2
 705 000a 30       		.byte	0x30
 706 000b 9F       		.byte	0x9f
 707 000c 0E000000 		.4byte	.LVL4
 708 0010 3C000000 		.4byte	.LVL9
 709 0014 0100     		.2byte	0x1
 710 0016 54       		.byte	0x54
 711 0017 3E000000 		.4byte	.LVL10
 712 001b 44000000 		.4byte	.LVL11
 713 001f 0100     		.2byte	0x1
 714 0021 54       		.byte	0x54
 715 0022 00000000 		.4byte	0
 716 0026 00000000 		.4byte	0
 717              	.LLST1:
 718 002a 02000000 		.4byte	.LVL2
 719 002e 0E000000 		.4byte	.LVL4
 720 0032 0200     		.2byte	0x2
 721 0034 31       		.byte	0x31
 722 0035 9F       		.byte	0x9f
 723 0036 0E000000 		.4byte	.LVL4
 724 003a 38000000 		.4byte	.LVL7
 725 003e 0100     		.2byte	0x1
 726 0040 55       		.byte	0x55
 727 0041 3A000000 		.4byte	.LVL8
 728 0045 44000000 		.4byte	.LVL11
 729 0049 0100     		.2byte	0x1
 730 004b 55       		.byte	0x55
 731 004c 00000000 		.4byte	0
 732 0050 00000000 		.4byte	0
 733              		.section	.debug_aranges,"",%progbits
 734 0000 2C000000 		.4byte	0x2c
 735 0004 0200     		.2byte	0x2
ARM GAS  C:\Users\HENRYA~1\AppData\Local\Temp\cc8DOJUR.s 			page 24


 736 0006 00000000 		.4byte	.Ldebug_info0
 737 000a 04       		.byte	0x4
 738 000b 00       		.byte	0
 739 000c 0000     		.2byte	0
 740 000e 0000     		.2byte	0
 741 0010 00000000 		.4byte	.LFB0
 742 0014 18000000 		.4byte	.LFE0-.LFB0
 743 0018 00000000 		.4byte	.LFB1
 744 001c 50000000 		.4byte	.LFE1-.LFB1
 745 0020 00000000 		.4byte	.LFB2
 746 0024 24000000 		.4byte	.LFE2-.LFB2
 747 0028 00000000 		.4byte	0
 748 002c 00000000 		.4byte	0
 749              		.section	.debug_ranges,"",%progbits
 750              	.Ldebug_ranges0:
 751 0000 00000000 		.4byte	.LFB0
 752 0004 18000000 		.4byte	.LFE0
 753 0008 00000000 		.4byte	.LFB1
 754 000c 50000000 		.4byte	.LFE1
 755 0010 00000000 		.4byte	.LFB2
 756 0014 24000000 		.4byte	.LFE2
 757 0018 00000000 		.4byte	0
 758 001c 00000000 		.4byte	0
 759              		.section	.debug_line,"",%progbits
 760              	.Ldebug_line0:
 761 0000 C5000000 		.section	.debug_str,"MS",%progbits,1
 761      02005F00 
 761      00000201 
 761      FB0E0D00 
 761      01010101 
 762              	.LASF15:
 763 0000 72656731 		.ascii	"reg16\000"
 763      3600
 764              	.LASF32:
 765 0006 73686966 		.ascii	"shift\000"
 765      7400
 766              	.LASF20:
 767 000c 50554552 		.ascii	"PUERTO_CAN_1_REG_32\000"
 767      544F5F43 
 767      414E5F31 
 767      5F524547 
 767      5F333200 
 768              	.LASF24:
 769 0020 7278616D 		.ascii	"rxamr\000"
 769      7200
 770              	.LASF28:
 771 0026 50554552 		.ascii	"PUERTO_CAN_1_RX_STRUCT\000"
 771      544F5F43 
 771      414E5F31 
 771      5F52585F 
 771      53545255 
 772              	.LASF31:
 773 003d 6D61696C 		.ascii	"mailboxNumber\000"
 773      626F784E 
 773      756D6265 
 773      7200
 774              	.LASF3:
ARM GAS  C:\Users\HENRYA~1\AppData\Local\Temp\cc8DOJUR.s 			page 25


 775 004b 73686F72 		.ascii	"short unsigned int\000"
 775      7420756E 
 775      7369676E 
 775      65642069 
 775      6E7400
 776              	.LASF30:
 777 005e 50554552 		.ascii	"PUERTO_CAN_1_MsgRXIsr\000"
 777      544F5F43 
 777      414E5F31 
 777      5F4D7367 
 777      52584973 
 778              	.LASF19:
 779 0074 62797465 		.ascii	"byte\000"
 779      00
 780              	.LASF23:
 781 0079 72786461 		.ascii	"rxdata\000"
 781      746100
 782              	.LASF27:
 783 0080 72786163 		.ascii	"rxacrd\000"
 783      726400
 784              	.LASF11:
 785 0087 666C6F61 		.ascii	"float\000"
 785      7400
 786              	.LASF1:
 787 008d 756E7369 		.ascii	"unsigned char\000"
 787      676E6564 
 787      20636861 
 787      7200
 788              	.LASF22:
 789 009b 72786964 		.ascii	"rxid\000"
 789      00
 790              	.LASF14:
 791 00a0 72656738 		.ascii	"reg8\000"
 791      00
 792              	.LASF5:
 793 00a5 6C6F6E67 		.ascii	"long unsigned int\000"
 793      20756E73 
 793      69676E65 
 793      6420696E 
 793      7400
 794              	.LASF9:
 795 00b7 75696E74 		.ascii	"uint8\000"
 795      3800
 796              	.LASF12:
 797 00bd 646F7562 		.ascii	"double\000"
 797      6C6500
 798              	.LASF40:
 799 00c4 433A5C55 		.ascii	"C:\\Users\\Henry Alberto\\Documents\\PSoC Creator\\"
 799      73657273 
 799      5C48656E 
 799      72792041 
 799      6C626572 
 800 00f2 456A656D 		.ascii	"Ejemplo_CAN\\NODO_1.cydsn\000"
 800      706C6F5F 
 800      43414E5C 
 800      4E4F444F 
 800      5F312E63 
ARM GAS  C:\Users\HENRYA~1\AppData\Local\Temp\cc8DOJUR.s 			page 26


 801              	.LASF10:
 802 010b 75696E74 		.ascii	"uint16\000"
 802      313600
 803              	.LASF8:
 804 0112 756E7369 		.ascii	"unsigned int\000"
 804      676E6564 
 804      20696E74 
 804      00
 805              	.LASF35:
 806 011f 50554552 		.ascii	"PUERTO_CAN_1_Stop\000"
 806      544F5F43 
 806      414E5F31 
 806      5F53746F 
 806      7000
 807              	.LASF7:
 808 0131 6C6F6E67 		.ascii	"long long unsigned int\000"
 808      206C6F6E 
 808      6720756E 
 808      7369676E 
 808      65642069 
 809              	.LASF37:
 810 0148 50554552 		.ascii	"PUERTO_CAN_1_ReceiveMsg\000"
 810      544F5F43 
 810      414E5F31 
 810      5F526563 
 810      65697665 
 811              	.LASF21:
 812 0160 7278636D 		.ascii	"rxcmd\000"
 812      6400
 813              	.LASF38:
 814 0166 474E5520 		.ascii	"GNU C11 5.4.1 20160609 (release) [ARM/embedded-5-br"
 814      43313120 
 814      352E342E 
 814      31203230 
 814      31363036 
 815 0199 616E6368 		.ascii	"anch revision 237715] -mcpu=cortex-m3 -mthumb -g -O"
 815      20726576 
 815      6973696F 
 815      6E203233 
 815      37373135 
 816 01cc 67202D66 		.ascii	"g -ffunction-sections -ffat-lto-objects\000"
 816      66756E63 
 816      74696F6E 
 816      2D736563 
 816      74696F6E 
 817              	.LASF17:
 818 01f4 73697A65 		.ascii	"sizetype\000"
 818      74797065 
 818      00
 819              	.LASF26:
 820 01fd 7278616D 		.ascii	"rxamrd\000"
 820      726400
 821              	.LASF6:
 822 0204 6C6F6E67 		.ascii	"long long int\000"
 822      206C6F6E 
 822      6720696E 
 822      7400
ARM GAS  C:\Users\HENRYA~1\AppData\Local\Temp\cc8DOJUR.s 			page 27


 823              	.LASF13:
 824 0212 63686172 		.ascii	"char\000"
 824      00
 825              	.LASF39:
 826 0217 47656E65 		.ascii	"Generated_Source\\PSoC5\\PUERTO_CAN_1_INT.c\000"
 826      72617465 
 826      645F536F 
 826      75726365 
 826      5C50536F 
 827              	.LASF2:
 828 0241 73686F72 		.ascii	"short int\000"
 828      7420696E 
 828      7400
 829              	.LASF25:
 830 024b 72786163 		.ascii	"rxacr\000"
 830      7200
 831              	.LASF34:
 832 0251 50554552 		.ascii	"PUERTO_CAN_1_GlobalIntDisable\000"
 832      544F5F43 
 832      414E5F31 
 832      5F476C6F 
 832      62616C49 
 833              	.LASF33:
 834 026f 50554552 		.ascii	"PUERTO_CAN_1_ISR\000"
 834      544F5F43 
 834      414E5F31 
 834      5F495352 
 834      00
 835              	.LASF4:
 836 0280 6C6F6E67 		.ascii	"long int\000"
 836      20696E74 
 836      00
 837              	.LASF16:
 838 0289 6C6F6E67 		.ascii	"long double\000"
 838      20646F75 
 838      626C6500 
 839              	.LASF0:
 840 0295 7369676E 		.ascii	"signed char\000"
 840      65642063 
 840      68617200 
 841              	.LASF18:
 842 02a1 50554552 		.ascii	"PUERTO_CAN_1_DATA_BYTES\000"
 842      544F5F43 
 842      414E5F31 
 842      5F444154 
 842      415F4259 
 843              	.LASF29:
 844 02b9 50554552 		.ascii	"PUERTO_CAN_1_BusOffIsr\000"
 844      544F5F43 
 844      414E5F31 
 844      5F427573 
 844      4F666649 
 845              	.LASF36:
 846 02d0 50554552 		.ascii	"PUERTO_CAN_1_ReceiveMsg0\000"
 846      544F5F43 
 846      414E5F31 
 846      5F526563 
ARM GAS  C:\Users\HENRYA~1\AppData\Local\Temp\cc8DOJUR.s 			page 28


 846      65697665 
 847              		.ident	"GCC: (GNU Tools for ARM Embedded Processors) 5.4.1 20160609 (release) [ARM/embedded-5-bran
